#
# There is insufficient memory for the Java Runtime Environment to continue.
# Native memory allocation (mmap) failed to map 65011712 bytes for committing reserved memory.
# Possible reasons:
#   The system is out of physical RAM or swap space
#   In 32 bit mode, the process size limit was hit
# Possible solutions:
#   Reduce memory load on the system
#   Increase physical memory or swap space
#   Check if swap backing store is full
#   Use 64 bit Java on a 64 bit OS
#   Decrease Java heap size (-Xmx/-Xms)
#   Decrease number of Java threads
#   Decrease Java thread stack sizes (-Xss)
#   Set larger code cache with -XX:ReservedCodeCacheSize=
# This output file may be truncated or incomplete.
#
#  Out of Memory Error (os_linux.cpp:2627), pid=19219, tid=0x00007fcf9cbf3700
#
# JRE version: Java(TM) SE Runtime Environment (8.0_102-b14) (build 1.8.0_102-b14)
# Java VM: Java HotSpot(TM) 64-Bit Server VM (25.102-b14 mixed mode linux-amd64 compressed oops)
# Failed to write core dump. Core dumps have been disabled. To enable core dumping, try "ulimit -c unlimited" before starting Java again
#

---------------  T H R E A D  ---------------

Current thread (0x00007fcfb4078000):  VMThread [stack: 0x00007fcf9caf3000,0x00007fcf9cbf4000] [id=19228]

Stack: [0x00007fcf9caf3000,0x00007fcf9cbf4000],  sp=0x00007fcf9cbf1fa0,  free space=1019k
Native frames: (J=compiled Java code, j=interpreted, Vv=VM code, C=native code)
V  [libjvm.so+0xac52aa]  VMError::report_and_die()+0x2ba
V  [libjvm.so+0x4fc29b]  report_vm_out_of_memory(char const*, int, unsigned long, VMErrorType, char const*)+0x8b
V  [libjvm.so+0x922603]  os::Linux::commit_memory_impl(char*, unsigned long, bool)+0x103
V  [libjvm.so+0x922b59]  os::pd_commit_memory(char*, unsigned long, unsigned long, bool)+0x29
V  [libjvm.so+0x91ce5a]  os::commit_memory(char*, unsigned long, unsigned long, bool)+0x2a
V  [libjvm.so+0x9915e3]  PSVirtualSpace::expand_by(unsigned long)+0x53
V  [libjvm.so+0x9929e8]  PSYoungGen::resize_generation(unsigned long, unsigned long)+0xf8
V  [libjvm.so+0x991b42]  PSYoungGen::resize(unsigned long, unsigned long)+0x22
V  [libjvm.so+0x98ee1b]  PSScavenge::invoke_no_policy()+0xf3b
V  [libjvm.so+0x98f5a1]  PSScavenge::invoke()+0x41
V  [libjvm.so+0x9462f0]  ParallelScavengeHeap::failed_mem_allocate(unsigned long)+0x70
V  [libjvm.so+0xac6cc7]  VM_ParallelGCFailedAllocation::doit()+0x97
V  [libjvm.so+0xace7a5]  VM_Operation::evaluate()+0x55
V  [libjvm.so+0xaccb7a]  VMThread::evaluate_operation(VM_Operation*)+0xba
V  [libjvm.so+0xaccefe]  VMThread::loop()+0x1ce
V  [libjvm.so+0xacd370]  VMThread::run()+0x70
V  [libjvm.so+0x9249c8]  java_start(Thread*)+0x108

VM_Operation (0x00007fcfbb2cb4a0): ParallelGCFailedAllocation, mode: safepoint, requested by thread 0x00007fcfb400a000


---------------  P R O C E S S  ---------------

Java Threads: ( => current thread )
  0x00007fcfb413d800 JavaThread "pool-2-thread-4" [_thread_blocked, id=19242, stack(0x00007fcf97bfc000,0x00007fcf97cfd000)]
  0x00007fcfb413b000 JavaThread "pool-2-thread-3" [_thread_blocked, id=19241, stack(0x00007fcf97cfd000,0x00007fcf97dfe000)]
  0x00007fcfb4110800 JavaThread "pool-2-thread-2" [_thread_blocked, id=19240, stack(0x00007fcf97dfe000,0x00007fcf97eff000)]
  0x00007fcfb4138800 JavaThread "pool-3-thread-1" [_thread_blocked, id=19239, stack(0x00007fcf97eff000,0x00007fcf98000000)]
  0x00007fcfb4136000 JavaThread "pool-2-thread-1" [_thread_blocked, id=19238, stack(0x00007fcf9c061000,0x00007fcf9c162000)]
  0x00007fcfb40c0000 JavaThread "Service Thread" daemon [_thread_blocked, id=19235, stack(0x00007fcf9c263000,0x00007fcf9c364000)]
  0x00007fcfb40bd000 JavaThread "C1 CompilerThread2" daemon [_thread_blocked, id=19234, stack(0x00007fcf9c364000,0x00007fcf9c465000)]
  0x00007fcfb40bb800 JavaThread "C2 CompilerThread1" daemon [_thread_in_native, id=19233, stack(0x00007fcf9c465000,0x00007fcf9c566000)]
  0x00007fcfb40b8800 JavaThread "C2 CompilerThread0" daemon [_thread_blocked, id=19232, stack(0x00007fcf9c566000,0x00007fcf9c667000)]
  0x00007fcfb40b7000 JavaThread "Signal Dispatcher" daemon [_thread_blocked, id=19231, stack(0x00007fcf9c667000,0x00007fcf9c768000)]
  0x00007fcfb4084000 JavaThread "Finalizer" daemon [_thread_blocked, id=19230, stack(0x00007fcf9c8f1000,0x00007fcf9c9f2000)]
  0x00007fcfb407f800 JavaThread "Reference Handler" daemon [_thread_blocked, id=19229, stack(0x00007fcf9c9f2000,0x00007fcf9caf3000)]
  0x00007fcfb400a000 JavaThread "main" [_thread_blocked, id=19221, stack(0x00007fcfbb1cd000,0x00007fcfbb2ce000)]

Other Threads:
=>0x00007fcfb4078000 VMThread [stack: 0x00007fcf9caf3000,0x00007fcf9cbf4000] [id=19228]
  0x00007fcfb40c3000 WatcherThread [stack: 0x00007fcf9c162000,0x00007fcf9c263000] [id=19236]

VM state:at safepoint (normal execution)

VM Mutex/Monitor currently owned by a thread:  ([mutex/lock_event])
[0x00007fcfb40064c0] Threads_lock - owner thread: 0x00007fcfb4078000
[0x00007fcfb40069c0] Heap_lock - owner thread: 0x00007fcfb400a000

Heap:
 PSYoungGen      total 68608K, used 5114K [0x00000000eab00000, 0x00000000ef300000, 0x0000000100000000)
  eden space 63488K, 0% used [0x00000000eab00000,0x00000000eab00000,0x00000000ee900000)
  from space 5120K, 99% used [0x00000000ee900000,0x00000000eedfeac8,0x00000000eee00000)
  to   space 5120K, 0% used [0x00000000eee00000,0x00000000eee00000,0x00000000ef300000)
 ParOldGen       total 84992K, used 13381K [0x00000000c0000000, 0x00000000c5300000, 0x00000000eab00000)
  object space 84992K, 15% used [0x00000000c0000000,0x00000000c0d11798,0x00000000c5300000)
 Metaspace       used 5916K, capacity 6896K, committed 7040K, reserved 1056768K
  class space    used 589K, capacity 616K, committed 640K, reserved 1048576K

Card table byte_map: [0x00007fcfb8160000,0x00007fcfb8361000] byte_map_base: 0x00007fcfb7b60000

Marking Bits: (ParMarkBitMap*) 0x00007fcfba6b9c60
 Begin Bits: [0x00007fcf9e000000, 0x00007fcf9f000000)
 End Bits:   [0x00007fcf9f000000, 0x00007fcfa0000000)

Polling page: 0x00007fcfbb2e6000

CodeCache: size=245760Kb used=4292Kb max_used=4292Kb free=241467Kb
 bounds [0x00007fcfa5000000, 0x00007fcfa5440000, 0x00007fcfb4000000]
 total_blobs=1463 nmethods=1196 adapters=181
 compilation: enabled

Compilation events (10 events):
Event: 4,963 Thread 0x00007fcfb40bd000 nmethod 1345 0x00007fcfa5431750 code [0x00007fcfa54318e0, 0x00007fcfa5431b48]
Event: 4,963 Thread 0x00007fcfb40bd000 1339       2       com.android.dx.ssa.SCCP::replaceConstants (209 bytes)
Event: 4,964 Thread 0x00007fcfb40bd000 nmethod 1339 0x00007fcfa5431d10 code [0x00007fcfa5431f80, 0x00007fcfa5432798]
Event: 4,964 Thread 0x00007fcfb40bd000 1350       2       com.android.dx.ssa.SsaConverter::edgeSplitPredecessors (44 bytes)
Event: 4,965 Thread 0x00007fcfb40bd000 nmethod 1350 0x00007fcfa54333d0 code [0x00007fcfa5433580, 0x00007fcfa5433928]
Event: 4,965 Thread 0x00007fcfb40bd000 1342       2       com.android.dx.ssa.back.FirstFitLocalCombiningAllocator::getAlignment (32 bytes)
Event: 4,975 Thread 0x00007fcfb40bd000 nmethod 1342 0x00007fcfa5433dd0 code [0x00007fcfa5433f40, 0x00007fcfa54340f0]
Event: 4,975 Thread 0x00007fcfb40bd000 1312       2       com.android.dx.cf.direct.DirectClassFile::parseToEndIfNecessary (12 bytes)
Event: 4,975 Thread 0x00007fcfb40bd000 nmethod 1312 0x00007fcfa5434190 code [0x00007fcfa5434300, 0x00007fcfa5434488]
Event: 4,975 Thread 0x00007fcfb40bd000 1360   !   2       com.android.dx.cf.direct.AttributeFactory::parse (248 bytes)

GC Heap History (5 events):
Event: 3,215 GC heap before
{Heap before GC invocations=1 (full 0):
 PSYoungGen      total 36864K, used 31744K [0x00000000eab00000, 0x00000000ed400000, 0x0000000100000000)
  eden space 31744K, 100% used [0x00000000eab00000,0x00000000eca00000,0x00000000eca00000)
  from space 5120K, 0% used [0x00000000ecf00000,0x00000000ecf00000,0x00000000ed400000)
  to   space 5120K, 0% used [0x00000000eca00000,0x00000000eca00000,0x00000000ecf00000)
 ParOldGen       total 84992K, used 0K [0x00000000c0000000, 0x00000000c5300000, 0x00000000eab00000)
  object space 84992K, 0% used [0x00000000c0000000,0x00000000c0000000,0x00000000c5300000)
 Metaspace       used 5792K, capacity 6768K, committed 7040K, reserved 1056768K
  class space    used 589K, capacity 616K, committed 640K, reserved 1048576K
Event: 3,262 GC heap after
Heap after GC invocations=1 (full 0):
 PSYoungGen      total 36864K, used 5093K [0x00000000eab00000, 0x00000000ef300000, 0x0000000100000000)
  eden space 31744K, 0% used [0x00000000eab00000,0x00000000eab00000,0x00000000eca00000)
  from space 5120K, 99% used [0x00000000eca00000,0x00000000ecef96d8,0x00000000ecf00000)
  to   space 5120K, 0% used [0x00000000eee00000,0x00000000eee00000,0x00000000ef300000)
 ParOldGen       total 84992K, used 830K [0x00000000c0000000, 0x00000000c5300000, 0x00000000eab00000)
  object space 84992K, 0% used [0x00000000c0000000,0x00000000c00cfb88,0x00000000c5300000)
 Metaspace       used 5792K, capacity 6768K, committed 7040K, reserved 1056768K
  class space    used 589K, capacity 616K, committed 640K, reserved 1048576K
}
Event: 3,993 GC heap before
{Heap before GC invocations=2 (full 0):
 PSYoungGen      total 36864K, used 36837K [0x00000000eab00000, 0x00000000ef300000, 0x0000000100000000)
  eden space 31744K, 100% used [0x00000000eab00000,0x00000000eca00000,0x00000000eca00000)
  from space 5120K, 99% used [0x00000000eca00000,0x00000000ecef96d8,0x00000000ecf00000)
  to   space 5120K, 0% used [0x00000000eee00000,0x00000000eee00000,0x00000000ef300000)
 ParOldGen       total 84992K, used 830K [0x00000000c0000000, 0x00000000c5300000, 0x00000000eab00000)
  object space 84992K, 0% used [0x00000000c0000000,0x00000000c00cfb88,0x00000000c5300000)
 Metaspace       used 5868K, capacity 6832K, committed 7040K, reserved 1056768K
  class space    used 589K, capacity 616K, committed 640K, reserved 1048576K
Event: 4,047 GC heap after
Heap after GC invocations=2 (full 0):
 PSYoungGen      total 68608K, used 5095K [0x00000000eab00000, 0x00000000ef300000, 0x0000000100000000)
  eden space 63488K, 0% used [0x00000000eab00000,0x00000000eab00000,0x00000000ee900000)
  from space 5120K, 99% used [0x00000000eee00000,0x00000000ef2f9c78,0x00000000ef300000)
  to   space 5120K, 0% used [0x00000000ee900000,0x00000000ee900000,0x00000000eee00000)
 ParOldGen       total 84992K, used 4336K [0x00000000c0000000, 0x00000000c5300000, 0x00000000eab00000)
  object space 84992K, 5% used [0x00000000c0000000,0x00000000c043c068,0x00000000c5300000)
 Metaspace       used 5868K, capacity 6832K, committed 7040K, reserved 1056768K
  class space    used 589K, capacity 616K, committed 640K, reserved 1048576K
}
Event: 4,998 GC heap before
{Heap before GC invocations=3 (full 0):
 PSYoungGen      total 68608K, used 68583K [0x00000000eab00000, 0x00000000ef300000, 0x0000000100000000)
  eden space 63488K, 100% used [0x00000000eab00000,0x00000000ee900000,0x00000000ee900000)
  from space 5120K, 99% used [0x00000000eee00000,0x00000000ef2f9c78,0x00000000ef300000)
  to   space 5120K, 0% used [0x00000000ee900000,0x00000000ee900000,0x00000000eee00000)
 ParOldGen       total 84992K, used 4336K [0x00000000c0000000, 0x00000000c5300000, 0x00000000eab00000)
  object space 84992K, 5% used [0x00000000c0000000,0x00000000c043c068,0x00000000c5300000)
 Metaspace       used 5916K, capacity 6896K, committed 7040K, reserved 1056768K
  class space    used 589K, capacity 616K, committed 640K, reserved 1048576K

Deoptimization events (10 events):
Event: 2,942 Thread 0x00007fcfb413d800 Uncommon trap: reason=class_check action=maybe_recompile pc=0x00007fcfa5235610 method=com.android.dx.ssa.NormalSsaInsn.accept(Lcom/android/dx/ssa/SsaInsn$Visitor;)V @ 9
Event: 2,942 Thread 0x00007fcfb413d800 Uncommon trap: reason=class_check action=maybe_recompile pc=0x00007fcfa51fe9d0 method=com.android.dx.ssa.NormalSsaInsn.accept(Lcom/android/dx/ssa/SsaInsn$Visitor;)V @ 9
Event: 2,942 Thread 0x00007fcfb413d800 Uncommon trap: reason=class_check action=maybe_recompile pc=0x00007fcfa51fe9d0 method=com.android.dx.ssa.NormalSsaInsn.accept(Lcom/android/dx/ssa/SsaInsn$Visitor;)V @ 9
Event: 2,967 Thread 0x00007fcfb413d800 Uncommon trap: reason=class_check action=maybe_recompile pc=0x00007fcfa5235610 method=com.android.dx.ssa.NormalSsaInsn.accept(Lcom/android/dx/ssa/SsaInsn$Visitor;)V @ 9
Event: 3,738 Thread 0x00007fcfb4136000 Uncommon trap: reason=unstable_if action=reinterpret pc=0x00007fcfa5326cbc method=com.android.dx.ssa.SsaMethod.updateOneDefinition(Lcom/android/dx/ssa/SsaInsn;Lcom/android/dx/rop/code/RegisterSpec;)V @ 4
Event: 3,844 Thread 0x00007fcfb413b000 Uncommon trap: reason=unstable_if action=reinterpret pc=0x00007fcfa5323844 method=com.android.dx.util.IntList.binarysearch(I)I @ 105
Event: 4,072 Thread 0x00007fcfb413b000 Uncommon trap: reason=bimorphic action=maybe_recompile pc=0x00007fcfa520353c method=java.util.HashMap.getNode(ILjava/lang/Object;)Ljava/util/HashMap$Node; @ 126
Event: 4,076 Thread 0x00007fcfb413d800 Uncommon trap: reason=bimorphic action=maybe_recompile pc=0x00007fcfa520353c method=java.util.HashMap.getNode(ILjava/lang/Object;)Ljava/util/HashMap$Node; @ 126
Event: 4,350 Thread 0x00007fcfb400a000 Uncommon trap: reason=unstable_if action=reinterpret pc=0x00007fcfa52af6d8 method=java.lang.String.<init>([CII)V @ 18
Event: 4,354 Thread 0x00007fcfb400a000 Uncommon trap: reason=unstable_if action=reinterpret pc=0x00007fcfa51e4d1c method=java.lang.String.<init>([CII)V @ 18

Internal exceptions (2 events):
Event: 0,267 Thread 0x00007fcfb400a000 Exception <a 'java/lang/NoSuchMethodError': Method sun.misc.Unsafe.defineClass(Ljava/lang/String;[BII)Ljava/lang/Class; name or signature does not match> (0x00000000eab07c78) thrown at [/HUDSON3/workspace/8-2-build-linux-amd64/jdk8u102/7268/hotspot/src/sh
Event: 0,267 Thread 0x00007fcfb400a000 Exception <a 'java/lang/NoSuchMethodError': Method sun.misc.Unsafe.prefetchRead(Ljava/lang/Object;J)V name or signature does not match> (0x00000000eab07f60) thrown at [/HUDSON3/workspace/8-2-build-linux-amd64/jdk8u102/7268/hotspot/src/share/vm/prims/jni.c

Events (10 events):
Event: 4,350 Thread 0x00007fcfb400a000 DEOPT PACKING pc=0x00007fcfa52af6d8 sp=0x00007fcfbb2cb990
Event: 4,350 Thread 0x00007fcfb400a000 DEOPT UNPACKING pc=0x00007fcfa5005229 sp=0x00007fcfbb2cb8c0 mode 2
Event: 4,354 Thread 0x00007fcfb400a000 Uncommon trap: trap_request=0xffffff65 fr.pc=0x00007fcfa51e4d1c
Event: 4,354 Thread 0x00007fcfb400a000 DEOPT PACKING pc=0x00007fcfa51e4d1c sp=0x00007fcfbb2cb8d0
Event: 4,354 Thread 0x00007fcfb400a000 DEOPT UNPACKING pc=0x00007fcfa5005229 sp=0x00007fcfbb2cb8b8 mode 2
Event: 4,511 Executing VM operation: EnableBiasedLocking
Event: 4,549 Executing VM operation: EnableBiasedLocking done
Event: 4,595 Thread 0x00007fcfb400a000 DEOPT PACKING pc=0x00007fcfa53bbd78 sp=0x00007fcfbb2cb700
Event: 4,595 Thread 0x00007fcfb400a000 DEOPT UNPACKING pc=0x00007fcfa5047633 sp=0x00007fcfbb2cb490 mode 0
Event: 4,997 Executing VM operation: ParallelGCFailedAllocation


Dynamic libraries:
00400000-00401000 r-xp 00000000 08:04 2360749                            /opt/jdk/jdk1.8.0_102/bin/java
00600000-00601000 rw-p 00000000 08:04 2360749                            /opt/jdk/jdk1.8.0_102/bin/java
025b6000-025d7000 rw-p 00000000 00:00 0                                  [heap]
c0000000-c5300000 rw-p 00000000 00:00 0 
c5300000-eab00000 ---p 00000000 00:00 0 
eab00000-ef300000 rw-p 00000000 00:00 0 
f3100000-100000000 ---p 00000000 00:00 0 
100000000-1000a0000 rw-p 00000000 00:00 0 
1000a0000-140000000 ---p 00000000 00:00 0 
7fcf50000000-7fcf50021000 rw-p 00000000 00:00 0 
7fcf50021000-7fcf54000000 ---p 00000000 00:00 0 
7fcf58000000-7fcf5802c000 rw-p 00000000 00:00 0 
7fcf5802c000-7fcf5c000000 ---p 00000000 00:00 0 
7fcf5c000000-7fcf5c021000 rw-p 00000000 00:00 0 
7fcf5c021000-7fcf60000000 ---p 00000000 00:00 0 
7fcf60000000-7fcf60024000 rw-p 00000000 00:00 0 
7fcf60024000-7fcf64000000 ---p 00000000 00:00 0 
7fcf64000000-7fcf64021000 rw-p 00000000 00:00 0 
7fcf64021000-7fcf68000000 ---p 00000000 00:00 0 
7fcf68000000-7fcf68021000 rw-p 00000000 00:00 0 
7fcf68021000-7fcf6c000000 ---p 00000000 00:00 0 
7fcf6c000000-7fcf6c021000 rw-p 00000000 00:00 0 
7fcf6c021000-7fcf70000000 ---p 00000000 00:00 0 
7fcf70000000-7fcf7054b000 rw-p 00000000 00:00 0 
7fcf7054b000-7fcf74000000 ---p 00000000 00:00 0 
7fcf74000000-7fcf747a2000 rw-p 00000000 00:00 0 
7fcf747a2000-7fcf78000000 ---p 00000000 00:00 0 
7fcf78000000-7fcf78021000 rw-p 00000000 00:00 0 
7fcf78021000-7fcf7c000000 ---p 00000000 00:00 0 
7fcf7c000000-7fcf7c477000 rw-p 00000000 00:00 0 
7fcf7c477000-7fcf80000000 ---p 00000000 00:00 0 
7fcf80000000-7fcf80021000 rw-p 00000000 00:00 0 
7fcf80021000-7fcf84000000 ---p 00000000 00:00 0 
7fcf84000000-7fcf84021000 rw-p 00000000 00:00 0 
7fcf84021000-7fcf88000000 ---p 00000000 00:00 0 
7fcf88000000-7fcf88021000 rw-p 00000000 00:00 0 
7fcf88021000-7fcf8c000000 ---p 00000000 00:00 0 
7fcf8c000000-7fcf8c28f000 rw-p 00000000 00:00 0 
7fcf8c28f000-7fcf90000000 ---p 00000000 00:00 0 
7fcf90000000-7fcf90021000 rw-p 00000000 00:00 0 
7fcf90021000-7fcf94000000 ---p 00000000 00:00 0 
7fcf97bfc000-7fcf97bff000 ---p 00000000 00:00 0 
7fcf97bff000-7fcf97cfd000 rw-p 00000000 00:00 0                          [stack:19242]
7fcf97cfd000-7fcf97d00000 ---p 00000000 00:00 0 
7fcf97d00000-7fcf97dfe000 rw-p 00000000 00:00 0                          [stack:19241]
7fcf97dfe000-7fcf97e01000 ---p 00000000 00:00 0 
7fcf97e01000-7fcf97eff000 rw-p 00000000 00:00 0                          [stack:19240]
7fcf97eff000-7fcf97f02000 ---p 00000000 00:00 0 
7fcf97f02000-7fcf98000000 rw-p 00000000 00:00 0                          [stack:19239]
7fcf98000000-7fcf98021000 rw-p 00000000 00:00 0 
7fcf98021000-7fcf9c000000 ---p 00000000 00:00 0 
7fcf9c061000-7fcf9c064000 ---p 00000000 00:00 0 
7fcf9c064000-7fcf9c162000 rw-p 00000000 00:00 0                          [stack:19238]
7fcf9c162000-7fcf9c163000 ---p 00000000 00:00 0 
7fcf9c163000-7fcf9c263000 rw-p 00000000 00:00 0                          [stack:19236]
7fcf9c263000-7fcf9c266000 ---p 00000000 00:00 0 
7fcf9c266000-7fcf9c364000 rw-p 00000000 00:00 0                          [stack:19235]
7fcf9c364000-7fcf9c367000 ---p 00000000 00:00 0 
7fcf9c367000-7fcf9c465000 rw-p 00000000 00:00 0                          [stack:19234]
7fcf9c465000-7fcf9c468000 ---p 00000000 00:00 0 
7fcf9c468000-7fcf9c566000 rw-p 00000000 00:00 0                          [stack:19233]
7fcf9c566000-7fcf9c569000 ---p 00000000 00:00 0 
7fcf9c569000-7fcf9c667000 rw-p 00000000 00:00 0                          [stack:19232]
7fcf9c667000-7fcf9c66a000 ---p 00000000 00:00 0 
7fcf9c66a000-7fcf9c768000 rw-p 00000000 00:00 0                          [stack:19231]
7fcf9c768000-7fcf9c8f1000 r--p 00000000 08:04 924362                     /usr/lib/locale/locale-archive
7fcf9c8f1000-7fcf9c8f4000 ---p 00000000 00:00 0 
7fcf9c8f4000-7fcf9c9f2000 rw-p 00000000 00:00 0                          [stack:19230]
7fcf9c9f2000-7fcf9c9f5000 ---p 00000000 00:00 0 
7fcf9c9f5000-7fcf9caf3000 rw-p 00000000 00:00 0                          [stack:19229]
7fcf9caf3000-7fcf9caf4000 ---p 00000000 00:00 0 
7fcf9caf4000-7fcf9de40000 rw-p 00000000 00:00 0                          [stack:19228]
7fcf9de40000-7fcf9e000000 ---p 00000000 00:00 0 
7fcf9e000000-7fcfa0000000 rw-p 00000000 00:00 0 
7fcfa0000000-7fcfa0021000 rw-p 00000000 00:00 0 
7fcfa0021000-7fcfa4000000 ---p 00000000 00:00 0 
7fcfa4006000-7fcfa402b000 r--p 00000000 08:04 1713356                    /usr/share/locale/es/LC_MESSAGES/libc.mo
7fcfa402b000-7fcfa4039000 r--s 000e0000 08:04 528314                     /home/alexis/Android/Sdk/build-tools/24.0.1/lib/dx.jar
7fcfa4039000-7fcfa43ee000 rw-p 00000000 00:00 0 
7fcfa43ee000-7fcfa45c6000 r--s 03d29000 08:04 2360825                    /opt/jdk/jdk1.8.0_102/jre/lib/rt.jar
7fcfa45c6000-7fcfa483c000 rw-p 00000000 00:00 0 
7fcfa483c000-7fcfa483d000 ---p 00000000 00:00 0 
7fcfa483d000-7fcfa493d000 rw-p 00000000 00:00 0                          [stack:19227]
7fcfa493d000-7fcfa493e000 ---p 00000000 00:00 0 
7fcfa493e000-7fcfa4a3e000 rw-p 00000000 00:00 0                          [stack:19226]
7fcfa4a3e000-7fcfa4a3f000 ---p 00000000 00:00 0 
7fcfa4a3f000-7fcfa4b3f000 rw-p 00000000 00:00 0                          [stack:19225]
7fcfa4b3f000-7fcfa4b40000 ---p 00000000 00:00 0 
7fcfa4b40000-7fcfa4c51000 rw-p 00000000 00:00 0                          [stack:19224]
7fcfa4c51000-7fcfa5000000 ---p 00000000 00:00 0 
7fcfa5000000-7fcfa5440000 rwxp 00000000 00:00 0 
7fcfa5440000-7fcfb4000000 ---p 00000000 00:00 0 
7fcfb4000000-7fcfb4390000 rw-p 00000000 00:00 0 
7fcfb4390000-7fcfb8000000 ---p 00000000 00:00 0 
7fcfb800a000-7fcfb8034000 rw-p 00000000 00:00 0 
7fcfb8034000-7fcfb8160000 ---p 00000000 00:00 0 
7fcfb8160000-7fcfb818a000 rw-p 00000000 00:00 0 
7fcfb818a000-7fcfb82b5000 ---p 00000000 00:00 0 
7fcfb82b5000-7fcfb82da000 rw-p 00000000 00:00 0 
7fcfb82da000-7fcfb8360000 ---p 00000000 00:00 0 
7fcfb8360000-7fcfb8361000 rw-p 00000000 00:00 0 
7fcfb8361000-7fcfb837b000 r-xp 00000000 08:04 2360856                    /opt/jdk/jdk1.8.0_102/jre/lib/amd64/libzip.so
7fcfb837b000-7fcfb857b000 ---p 0001a000 08:04 2360856                    /opt/jdk/jdk1.8.0_102/jre/lib/amd64/libzip.so
7fcfb857b000-7fcfb857c000 rw-p 0001a000 08:04 2360856                    /opt/jdk/jdk1.8.0_102/jre/lib/amd64/libzip.so
7fcfb857c000-7fcfb8587000 r-xp 00000000 08:04 794090                     /lib/x86_64-linux-gnu/libnss_files-2.19.so
7fcfb8587000-7fcfb8786000 ---p 0000b000 08:04 794090                     /lib/x86_64-linux-gnu/libnss_files-2.19.so
7fcfb8786000-7fcfb8787000 r--p 0000a000 08:04 794090                     /lib/x86_64-linux-gnu/libnss_files-2.19.so
7fcfb8787000-7fcfb8788000 rw-p 0000b000 08:04 794090                     /lib/x86_64-linux-gnu/libnss_files-2.19.so
7fcfb8788000-7fcfb8792000 r-xp 00000000 08:04 795042                     /lib/x86_64-linux-gnu/libnss_nis-2.19.so
7fcfb8792000-7fcfb8991000 ---p 0000a000 08:04 795042                     /lib/x86_64-linux-gnu/libnss_nis-2.19.so
7fcfb8991000-7fcfb8992000 r--p 00009000 08:04 795042                     /lib/x86_64-linux-gnu/libnss_nis-2.19.so
7fcfb8992000-7fcfb8993000 rw-p 0000a000 08:04 795042                     /lib/x86_64-linux-gnu/libnss_nis-2.19.so
7fcfb8993000-7fcfb89a8000 r-xp 00000000 08:04 794087                     /lib/x86_64-linux-gnu/libnsl-2.19.so
7fcfb89a8000-7fcfb8ba7000 ---p 00015000 08:04 794087                     /lib/x86_64-linux-gnu/libnsl-2.19.so
7fcfb8ba7000-7fcfb8ba8000 r--p 00014000 08:04 794087                     /lib/x86_64-linux-gnu/libnsl-2.19.so
7fcfb8ba8000-7fcfb8ba9000 rw-p 00015000 08:04 794087                     /lib/x86_64-linux-gnu/libnsl-2.19.so
7fcfb8ba9000-7fcfb8bab000 rw-p 00000000 00:00 0 
7fcfb8bab000-7fcfb8bb2000 r-xp 00000000 08:04 794088                     /lib/x86_64-linux-gnu/libnss_compat-2.19.so
7fcfb8bb2000-7fcfb8db1000 ---p 00007000 08:04 794088                     /lib/x86_64-linux-gnu/libnss_compat-2.19.so
7fcfb8db1000-7fcfb8db2000 r--p 00006000 08:04 794088                     /lib/x86_64-linux-gnu/libnss_compat-2.19.so
7fcfb8db2000-7fcfb8db3000 rw-p 00007000 08:04 794088                     /lib/x86_64-linux-gnu/libnss_compat-2.19.so
7fcfb8db3000-7fcfb8ddd000 r-xp 00000000 08:04 2360883                    /opt/jdk/jdk1.8.0_102/jre/lib/amd64/libjava.so
7fcfb8ddd000-7fcfb8fdd000 ---p 0002a000 08:04 2360883                    /opt/jdk/jdk1.8.0_102/jre/lib/amd64/libjava.so
7fcfb8fdd000-7fcfb8fdf000 rw-p 0002a000 08:04 2360883                    /opt/jdk/jdk1.8.0_102/jre/lib/amd64/libjava.so
7fcfb8fdf000-7fcfb8fec000 r-xp 00000000 08:04 2360834                    /opt/jdk/jdk1.8.0_102/jre/lib/amd64/libverify.so
7fcfb8fec000-7fcfb91ec000 ---p 0000d000 08:04 2360834                    /opt/jdk/jdk1.8.0_102/jre/lib/amd64/libverify.so
7fcfb91ec000-7fcfb91ee000 rw-p 0000d000 08:04 2360834                    /opt/jdk/jdk1.8.0_102/jre/lib/amd64/libverify.so
7fcfb91ee000-7fcfb91f5000 r-xp 00000000 08:04 795046                     /lib/x86_64-linux-gnu/librt-2.19.so
7fcfb91f5000-7fcfb93f4000 ---p 00007000 08:04 795046                     /lib/x86_64-linux-gnu/librt-2.19.so
7fcfb93f4000-7fcfb93f5000 r--p 00006000 08:04 795046                     /lib/x86_64-linux-gnu/librt-2.19.so
7fcfb93f5000-7fcfb93f6000 rw-p 00007000 08:04 795046                     /lib/x86_64-linux-gnu/librt-2.19.so
7fcfb93f6000-7fcfb94f6000 r-xp 00000000 08:04 794085                     /lib/x86_64-linux-gnu/libm-2.19.so
7fcfb94f6000-7fcfb96f5000 ---p 00100000 08:04 794085                     /lib/x86_64-linux-gnu/libm-2.19.so
7fcfb96f5000-7fcfb96f6000 r--p 000ff000 08:04 794085                     /lib/x86_64-linux-gnu/libm-2.19.so
7fcfb96f6000-7fcfb96f7000 rw-p 00100000 08:04 794085                     /lib/x86_64-linux-gnu/libm-2.19.so
7fcfb96f7000-7fcfba3c3000 r-xp 00000000 08:04 2360887                    /opt/jdk/jdk1.8.0_102/jre/lib/amd64/server/libjvm.so
7fcfba3c3000-7fcfba5c3000 ---p 00ccc000 08:04 2360887                    /opt/jdk/jdk1.8.0_102/jre/lib/amd64/server/libjvm.so
7fcfba5c3000-7fcfba69c000 rw-p 00ccc000 08:04 2360887                    /opt/jdk/jdk1.8.0_102/jre/lib/amd64/server/libjvm.so
7fcfba69c000-7fcfba6e7000 rw-p 00000000 00:00 0 
7fcfba6e7000-7fcfba888000 r-xp 00000000 08:04 793880                     /lib/x86_64-linux-gnu/libc-2.19.so
7fcfba888000-7fcfbaa88000 ---p 001a1000 08:04 793880                     /lib/x86_64-linux-gnu/libc-2.19.so
7fcfbaa88000-7fcfbaa8c000 r--p 001a1000 08:04 793880                     /lib/x86_64-linux-gnu/libc-2.19.so
7fcfbaa8c000-7fcfbaa8e000 rw-p 001a5000 08:04 793880                     /lib/x86_64-linux-gnu/libc-2.19.so
7fcfbaa8e000-7fcfbaa92000 rw-p 00000000 00:00 0 
7fcfbaa92000-7fcfbaa95000 r-xp 00000000 08:04 794084                     /lib/x86_64-linux-gnu/libdl-2.19.so
7fcfbaa95000-7fcfbac94000 ---p 00003000 08:04 794084                     /lib/x86_64-linux-gnu/libdl-2.19.so
7fcfbac94000-7fcfbac95000 r--p 00002000 08:04 794084                     /lib/x86_64-linux-gnu/libdl-2.19.so
7fcfbac95000-7fcfbac96000 rw-p 00003000 08:04 794084                     /lib/x86_64-linux-gnu/libdl-2.19.so
7fcfbac96000-7fcfbacab000 r-xp 00000000 08:04 2359968                    /opt/jdk/jdk1.8.0_102/lib/amd64/jli/libjli.so
7fcfbacab000-7fcfbaeab000 ---p 00015000 08:04 2359968                    /opt/jdk/jdk1.8.0_102/lib/amd64/jli/libjli.so
7fcfbaeab000-7fcfbaeac000 rw-p 00015000 08:04 2359968                    /opt/jdk/jdk1.8.0_102/lib/amd64/jli/libjli.so
7fcfbaeac000-7fcfbaec4000 r-xp 00000000 08:04 793541                     /lib/x86_64-linux-gnu/libpthread-2.19.so
7fcfbaec4000-7fcfbb0c3000 ---p 00018000 08:04 793541                     /lib/x86_64-linux-gnu/libpthread-2.19.so
7fcfbb0c3000-7fcfbb0c4000 r--p 00017000 08:04 793541                     /lib/x86_64-linux-gnu/libpthread-2.19.so
7fcfbb0c4000-7fcfbb0c5000 rw-p 00018000 08:04 793541                     /lib/x86_64-linux-gnu/libpthread-2.19.so
7fcfbb0c5000-7fcfbb0c9000 rw-p 00000000 00:00 0 
7fcfbb0c9000-7fcfbb0e9000 r-xp 00000000 08:04 793563                     /lib/x86_64-linux-gnu/ld-2.19.so
7fcfbb0ec000-7fcfbb0ed000 rw-p 00000000 00:00 0 
7fcfbb0ed000-7fcfbb0f4000 r--s 00000000 08:04 1060537                    /usr/lib/x86_64-linux-gnu/gconv/gconv-modules.cache
7fcfbb0f4000-7fcfbb1cd000 rw-p 00000000 00:00 0 
7fcfbb1cd000-7fcfbb1d0000 ---p 00000000 00:00 0 
7fcfbb1d0000-7fcfbb2d2000 rw-p 00000000 00:00 0                          [stack:19221]
7fcfbb2d2000-7fcfbb2dd000 r--s 0004c000 08:04 1620631                    /home/alexis/Geobus/app/build/intermediates/exploded-aar/com.google.android.gms/play-services-ads-lite/9.4.0/jars/classes.jar
7fcfbb2dd000-7fcfbb2e5000 rw-s 00000000 08:04 2244037                    /tmp/hsperfdata_alexis/19219
7fcfbb2e5000-7fcfbb2e6000 rw-p 00000000 00:00 0 
7fcfbb2e6000-7fcfbb2e7000 ---p 00000000 00:00 0 
7fcfbb2e7000-7fcfbb2e9000 rw-p 00000000 00:00 0 
7fcfbb2e9000-7fcfbb2ea000 r--p 00020000 08:04 793563                     /lib/x86_64-linux-gnu/ld-2.19.so
7fcfbb2ea000-7fcfbb2eb000 rw-p 00021000 08:04 793563                     /lib/x86_64-linux-gnu/ld-2.19.so
7fcfbb2eb000-7fcfbb2ec000 rw-p 00000000 00:00 0 
7ffd703aa000-7ffd703cb000 rw-p 00000000 00:00 0                          [stack]
7ffd703f6000-7ffd703f8000 r-xp 00000000 00:00 0                          [vdso]
7ffd703f8000-7ffd703fa000 r--p 00000000 00:00 0                          [vvar]
ffffffffff600000-ffffffffff601000 r-xp 00000000 00:00 0                  [vsyscall]

VM Arguments:
jvm_args: -Djava.awt.headless=true -Xmx1024M -Dfile.encoding=UTF-8 -Duser.country=AR -Duser.language=es -Duser.variant 
java_command: com.android.dx.command.Main --dex --force-jumbo --num-threads=4 --multi-dex --output /home/alexis/Geobus/app/build/intermediates/transforms/dex/debug/folders/1000/10/com.google.android.gms-play-services-ads-lite-9.4.0_45d208fc4c707950fc730bc3fe59a30826c40b6c /home/alexis/Geobus/app/build/intermediates/exploded-aar/com.google.android.gms/play-services-ads-lite/9.4.0/jars/classes.jar
java_class_path (initial): /home/alexis/Android/Sdk/build-tools/24.0.1/lib/dx.jar
Launcher Type: SUN_STANDARD

Environment Variables:
PATH=/home/alexis/bin:/usr/sbin:/sbin:/usr/local/bin:/usr/bin:/bin:/usr/local/games:/usr/games
LD_LIBRARY_PATH=/opt/android-studio/bin/.:
SHELL=/bin/bash
DISPLAY=:0

Signal Handlers:
SIGSEGV: [libjvm.so+0xac5b30], sa_mask[0]=11111111011111111101111111111110, sa_flags=SA_RESTART|SA_SIGINFO
SIGBUS: [libjvm.so+0xac5b30], sa_mask[0]=11111111011111111101111111111110, sa_flags=SA_RESTART|SA_SIGINFO
SIGFPE: [libjvm.so+0x91f470], sa_mask[0]=11111111011111111101111111111110, sa_flags=SA_RESTART|SA_SIGINFO
SIGPIPE: [libjvm.so+0x91f470], sa_mask[0]=11111111011111111101111111111110, sa_flags=SA_RESTART|SA_SIGINFO
SIGXFSZ: [libjvm.so+0x91f470], sa_mask[0]=11111111011111111101111111111110, sa_flags=SA_RESTART|SA_SIGINFO
SIGILL: [libjvm.so+0x91f470], sa_mask[0]=11111111011111111101111111111110, sa_flags=SA_RESTART|SA_SIGINFO
SIGUSR1: SIG_DFL, sa_mask[0]=00000000000000000000000000000000, sa_flags=none
SIGUSR2: [libjvm.so+0x920aa0], sa_mask[0]=00100000000000000000000000000000, sa_flags=SA_RESTART|SA_SIGINFO
SIGHUP: [libjvm.so+0x921ea0], sa_mask[0]=11111111011111111101111111111110, sa_flags=SA_RESTART|SA_SIGINFO
SIGINT: [libjvm.so+0x921ea0], sa_mask[0]=11111111011111111101111111111110, sa_flags=SA_RESTART|SA_SIGINFO
SIGTERM: [libjvm.so+0x921ea0], sa_mask[0]=11111111011111111101111111111110, sa_flags=SA_RESTART|SA_SIGINFO
SIGQUIT: [libjvm.so+0x921ea0], sa_mask[0]=11111111011111111101111111111110, sa_flags=SA_RESTART|SA_SIGINFO


---------------  S Y S T E M  ---------------

OS:DISTRIB_ID="BunsenLabs"
DISTRIB_DESCRIPTION="BunsenLabs GNU/Linux 8.5 (Hydrogen)"
DISTRIB_RELEASE="8.5"
DISTRIB_CODENAME="bunsen-hydrogen"

uname:Linux 3.16.0-4-amd64 #1 SMP Debian 3.16.7-ckt25-2+deb8u3 (2016-07-02) x86_64
libc:glibc 2.19 NPTL 2.19 
rlimit: STACK 8192k, CORE 0k, NPROC 31341, NOFILE 65536, AS infinity
load average:1,62 4,04 4,38

/proc/meminfo:
MemTotal:        8045472 kB
MemFree:          105300 kB
MemAvailable:      48264 kB
Buffers:             460 kB
Cached:          2934020 kB
SwapCached:            0 kB
Active:          4982848 kB
Inactive:        2771484 kB
Active(anon):    4974448 kB
Inactive(anon):  2766416 kB
Active(file):       8400 kB
Inactive(file):     5068 kB
Unevictable:          32 kB
Mlocked:              32 kB
SwapTotal:             0 kB
SwapFree:              0 kB
Dirty:               420 kB
Writeback:             0 kB
AnonPages:       4820412 kB
Mapped:           810012 kB
Shmem:           2920188 kB
Slab:              91932 kB
SReclaimable:      41396 kB
SUnreclaim:        50536 kB
KernelStack:       10656 kB
PageTables:        42616 kB
NFS_Unstable:          0 kB
Bounce:                0 kB
WritebackTmp:          0 kB
CommitLimit:     4022736 kB
Committed_AS:   11950072 kB
VmallocTotal:   34359738367 kB
VmallocUsed:      552484 kB
VmallocChunk:   34359163832 kB
HardwareCorrupted:     0 kB
AnonHugePages:         0 kB
HugePages_Total:       0
HugePages_Free:        0
HugePages_Rsvd:        0
HugePages_Surp:        0
Hugepagesize:       2048 kB
DirectMap4k:       51456 kB
DirectMap2M:     8185856 kB


CPU:total 4 (2 cores per cpu, 2 threads per core) family 6 model 42 stepping 7, cmov, cx8, fxsr, mmx, sse, sse2, sse3, ssse3, sse4.1, sse4.2, popcnt, avx, aes, clmul, ht, tsc, tscinvbit

/proc/cpuinfo:
processor	: 0
vendor_id	: GenuineIntel
cpu family	: 6
model		: 42
model name	: Intel(R) Core(TM) i5-2410M CPU @ 2.30GHz
stepping	: 7
microcode	: 0x29
cpu MHz		: 2699.984
cache size	: 3072 KB
physical id	: 0
siblings	: 4
core id		: 0
cpu cores	: 2
apicid		: 0
initial apicid	: 0
fpu		: yes
fpu_exception	: yes
cpuid level	: 13
wp		: yes
flags		: fpu vme de pse tsc msr pae mce cx8 apic sep mtrr pge mca cmov pat pse36 clflush dts acpi mmx fxsr sse sse2 ss ht tm pbe syscall nx rdtscp lm constant_tsc arch_perfmon pebs bts rep_good nopl xtopology nonstop_tsc aperfmperf eagerfpu pni pclmulqdq dtes64 monitor ds_cpl vmx est tm2 ssse3 cx16 xtpr pdcm pcid sse4_1 sse4_2 x2apic popcnt tsc_deadline_timer aes xsave avx lahf_lm ida arat epb xsaveopt pln pts dtherm tpr_shadow vnmi flexpriority ept vpid
bogomips	: 4590.00
clflush size	: 64
cache_alignment	: 64
address sizes	: 36 bits physical, 48 bits virtual
power management:

processor	: 1
vendor_id	: GenuineIntel
cpu family	: 6
model		: 42
model name	: Intel(R) Core(TM) i5-2410M CPU @ 2.30GHz
stepping	: 7
microcode	: 0x29
cpu MHz		: 2699.984
cache size	: 3072 KB
physical id	: 0
siblings	: 4
core id		: 0
cpu cores	: 2
apicid		: 1
initial apicid	: 1
fpu		: yes
fpu_exception	: yes
cpuid level	: 13
wp		: yes
flags		: fpu vme de pse tsc msr pae mce cx8 apic sep mtrr pge mca cmov pat pse36 clflush dts acpi mmx fxsr sse sse2 ss ht tm pbe syscall nx rdtscp lm constant_tsc arch_perfmon pebs bts rep_good nopl xtopology nonstop_tsc aperfmperf eagerfpu pni pclmulqdq dtes64 monitor ds_cpl vmx est tm2 ssse3 cx16 xtpr pdcm pcid sse4_1 sse4_2 x2apic popcnt tsc_deadline_timer aes xsave avx lahf_lm ida arat epb xsaveopt pln pts dtherm tpr_shadow vnmi flexpriority ept vpid
bogomips	: 4590.00
clflush size	: 64
cache_alignment	: 64
address sizes	: 36 bits physical, 48 bits virtual
power management:

processor	: 2
vendor_id	: GenuineIntel
cpu family	: 6
model		: 42
model name	: Intel(R) Core(TM) i5-2410M CPU @ 2.30GHz
stepping	: 7
microcode	: 0x29
cpu MHz		: 2699.984
cache size	: 3072 KB
physical id	: 0
siblings	: 4
core id		: 1
cpu cores	: 2
apicid		: 2
initial apicid	: 2
fpu		: yes
fpu_exception	: yes
cpuid level	: 13
wp		: yes
flags		: fpu vme de pse tsc msr pae mce cx8 apic sep mtrr pge mca cmov pat pse36 clflush dts acpi mmx fxsr sse sse2 ss ht tm pbe syscall nx rdtscp lm constant_tsc arch_perfmon pebs bts rep_good nopl xtopology nonstop_tsc aperfmperf eagerfpu pni pclmulqdq dtes64 monitor ds_cpl vmx est tm2 ssse3 cx16 xtpr pdcm pcid sse4_1 sse4_2 x2apic popcnt tsc_deadline_timer aes xsave avx lahf_lm ida arat epb xsaveopt pln pts dtherm tpr_shadow vnmi flexpriority ept vpid
bogomips	: 4590.00
clflush size	: 64
cache_alignment	: 64
address sizes	: 36 bits physical, 48 bits virtual
power management:

processor	: 3
vendor_id	: GenuineIntel
cpu family	: 6
model		: 42
model name	: Intel(R) Core(TM) i5-2410M CPU @ 2.30GHz
stepping	: 7
microcode	: 0x29
cpu MHz		: 2699.984
cache size	: 3072 KB
physical id	: 0
siblings	: 4
core id		: 1
cpu cores	: 2
apicid		: 3
initial apicid	: 3
fpu		: yes
fpu_exception	: yes
cpuid level	: 13
wp		: yes
flags		: fpu vme de pse tsc msr pae mce cx8 apic sep mtrr pge mca cmov pat pse36 clflush dts acpi mmx fxsr sse sse2 ss ht tm pbe syscall nx rdtscp lm constant_tsc arch_perfmon pebs bts rep_good nopl xtopology nonstop_tsc aperfmperf eagerfpu pni pclmulqdq dtes64 monitor ds_cpl vmx est tm2 ssse3 cx16 xtpr pdcm pcid sse4_1 sse4_2 x2apic popcnt tsc_deadline_timer aes xsave avx lahf_lm ida arat epb xsaveopt pln pts dtherm tpr_shadow vnmi flexpriority ept vpid
bogomips	: 4590.00
clflush size	: 64
cache_alignment	: 64
address sizes	: 36 bits physical, 48 bits virtual
power management:



Memory: 4k page, physical 8045472k(105300k free), swap 0k(0k free)

vm_info: Java HotSpot(TM) 64-Bit Server VM (25.102-b14) for linux-amd64 JRE (1.8.0_102-b14), built on Jun 22 2016 18:43:17 by "java_re" with gcc 4.3.0 20080428 (Red Hat 4.3.0-8)

time: Sun Feb  5 19:45:28 2017
elapsed time: 5 seconds (0d 0h 0m 5s)

