#
# There is insufficient memory for the Java Runtime Environment to continue.
# Native memory allocation (mmap) failed to map 146800640 bytes for committing reserved memory.
# Possible reasons:
#   The system is out of physical RAM or swap space
#   In 32 bit mode, the process size limit was hit
# Possible solutions:
#   Reduce memory load on the system
#   Increase physical memory or swap space
#   Check if swap backing store is full
#   Use 64 bit Java on a 64 bit OS
#   Decrease Java heap size (-Xmx/-Xms)
#   Decrease number of Java threads
#   Decrease Java thread stack sizes (-Xss)
#   Set larger code cache with -XX:ReservedCodeCacheSize=
# This output file may be truncated or incomplete.
#
#  Out of Memory Error (os_linux.cpp:2627), pid=5678, tid=0x00007fcea8f97700
#
# JRE version: Java(TM) SE Runtime Environment (8.0_102-b14) (build 1.8.0_102-b14)
# Java VM: Java HotSpot(TM) 64-Bit Server VM (25.102-b14 mixed mode linux-amd64 compressed oops)
# Failed to write core dump. Core dumps have been disabled. To enable core dumping, try "ulimit -c unlimited" before starting Java again
#

---------------  T H R E A D  ---------------

Current thread (0x00007fcebc078000):  VMThread [stack: 0x00007fcea8e97000,0x00007fcea8f98000] [id=5710]

Stack: [0x00007fcea8e97000,0x00007fcea8f98000],  sp=0x00007fcea8f96220,  free space=1020k
Native frames: (J=compiled Java code, j=interpreted, Vv=VM code, C=native code)
V  [libjvm.so+0xac52aa]  VMError::report_and_die()+0x2ba
V  [libjvm.so+0x4fc29b]  report_vm_out_of_memory(char const*, int, unsigned long, VMErrorType, char const*)+0x8b
V  [libjvm.so+0x922603]  os::Linux::commit_memory_impl(char*, unsigned long, bool)+0x103
V  [libjvm.so+0x922b59]  os::pd_commit_memory(char*, unsigned long, unsigned long, bool)+0x29
V  [libjvm.so+0x91ce5a]  os::commit_memory(char*, unsigned long, unsigned long, bool)+0x2a
V  [libjvm.so+0x9915e3]  PSVirtualSpace::expand_by(unsigned long)+0x53
V  [libjvm.so+0x9929e8]  PSYoungGen::resize_generation(unsigned long, unsigned long)+0xf8
V  [libjvm.so+0x991b42]  PSYoungGen::resize(unsigned long, unsigned long)+0x22
V  [libjvm.so+0x98ee1b]  PSScavenge::invoke_no_policy()+0xf3b
V  [libjvm.so+0x98f5a1]  PSScavenge::invoke()+0x41
V  [libjvm.so+0x9462f0]  ParallelScavengeHeap::failed_mem_allocate(unsigned long)+0x70
V  [libjvm.so+0xac6cc7]  VM_ParallelGCFailedAllocation::doit()+0x97
V  [libjvm.so+0xace7a5]  VM_Operation::evaluate()+0x55
V  [libjvm.so+0xaccb7a]  VMThread::evaluate_operation(VM_Operation*)+0xba
V  [libjvm.so+0xaccefe]  VMThread::loop()+0x1ce
V  [libjvm.so+0xacd370]  VMThread::run()+0x70
V  [libjvm.so+0x9249c8]  java_start(Thread*)+0x108

VM_Operation (0x00007fcea82f3cb0): ParallelGCFailedAllocation, mode: safepoint, requested by thread 0x00007fcebc1a6000


---------------  P R O C E S S  ---------------

Java Threads: ( => current thread )
  0x00007fcebc1a9800 JavaThread "pool-2-thread-4" [_thread_blocked, id=5763, stack(0x00007fce6beff000,0x00007fce6c000000)]
  0x00007fcebc1a7800 JavaThread "pool-2-thread-3" [_thread_blocked, id=5761, stack(0x00007fcea80f4000,0x00007fcea81f5000)]
  0x00007fcebc1a6000 JavaThread "pool-2-thread-2" [_thread_blocked, id=5759, stack(0x00007fcea81f5000,0x00007fcea82f6000)]
  0x00007fcebc1a5000 JavaThread "pool-3-thread-1" [_thread_blocked, id=5758, stack(0x00007fcea82f6000,0x00007fcea83f7000)]
  0x00007fcebc1a3000 JavaThread "pool-2-thread-1" [_thread_blocked, id=5756, stack(0x00007fcea83f7000,0x00007fcea84f8000)]
  0x00007fcebc0c0000 JavaThread "Service Thread" daemon [_thread_blocked, id=5726, stack(0x00007fcea8607000,0x00007fcea8708000)]
  0x00007fcebc0bd000 JavaThread "C1 CompilerThread2" daemon [_thread_blocked, id=5725, stack(0x00007fcea8708000,0x00007fcea8809000)]
  0x00007fcebc0bb800 JavaThread "C2 CompilerThread1" daemon [_thread_in_native, id=5724, stack(0x00007fcea8809000,0x00007fcea890a000)]
  0x00007fcebc0b8800 JavaThread "C2 CompilerThread0" daemon [_thread_blocked, id=5723, stack(0x00007fcea890a000,0x00007fcea8a0b000)]
  0x00007fcebc0b7000 JavaThread "Signal Dispatcher" daemon [_thread_blocked, id=5722, stack(0x00007fcea8a0b000,0x00007fcea8b0c000)]
  0x00007fcebc084000 JavaThread "Finalizer" daemon [_thread_blocked, id=5715, stack(0x00007fcea8c95000,0x00007fcea8d96000)]
  0x00007fcebc07f800 JavaThread "Reference Handler" daemon [_thread_blocked, id=5714, stack(0x00007fcea8d96000,0x00007fcea8e97000)]
  0x00007fcebc00a000 JavaThread "main" [_thread_blocked, id=5688, stack(0x00007fcec3549000,0x00007fcec364a000)]

Other Threads:
=>0x00007fcebc078000 VMThread [stack: 0x00007fcea8e97000,0x00007fcea8f98000] [id=5710]
  0x00007fcebc0c3000 WatcherThread [stack: 0x00007fcea8506000,0x00007fcea8607000] [id=5727]

VM state:at safepoint (normal execution)

VM Mutex/Monitor currently owned by a thread:  ([mutex/lock_event])
[0x00007fcebc0064c0] Threads_lock - owner thread: 0x00007fcebc078000
[0x00007fcebc0069c0] Heap_lock - owner thread: 0x00007fcebc1a6000

Heap:
 PSYoungGen      total 144896K, used 20458K [0x00000000eab00000, 0x00000000f4f00000, 0x0000000100000000)
  eden space 124416K, 0% used [0x00000000eab00000,0x00000000eab00000,0x00000000f2480000)
  from space 20480K, 99% used [0x00000000f2480000,0x00000000f387abf8,0x00000000f3880000)
  to   space 17920K, 0% used [0x00000000f3880000,0x00000000f3880000,0x00000000f4a00000)
 ParOldGen       total 84992K, used 41520K [0x00000000c0000000, 0x00000000c5300000, 0x00000000eab00000)
  object space 84992K, 48% used [0x00000000c0000000,0x00000000c288c370,0x00000000c5300000)
 Metaspace       used 6369K, capacity 7192K, committed 7424K, reserved 1056768K
  class space    used 611K, capacity 656K, committed 768K, reserved 1048576K

Card table byte_map: [0x00007fcec011c000,0x00007fcec031d000] byte_map_base: 0x00007fcebfb1c000

Marking Bits: (ParMarkBitMap*) 0x00007fcec2a35c60
 Begin Bits: [0x00007fceaaba7000, 0x00007fceabba7000)
 End Bits:   [0x00007fceabba7000, 0x00007fceacba7000)

Polling page: 0x00007fcec3662000

CodeCache: size=245760Kb used=6595Kb max_used=6595Kb free=239164Kb
 bounds [0x00007fcead000000, 0x00007fcead680000, 0x00007fcebc000000]
 total_blobs=2138 nmethods=1870 adapters=181
 compilation: enabled

Compilation events (10 events):
Event: 8,263 Thread 0x00007fcebc0bd000 2110       2       com.android.dx.command.dexer.Main::access$2700 (6 bytes)
Event: 8,263 Thread 0x00007fcebc0bd000 nmethod 2110 0x00007fcead673190 code [0x00007fcead673300, 0x00007fcead673448]
Event: 8,263 Thread 0x00007fcebc0bd000 2111   !   2       com.android.dx.command.dexer.Main::translateClass (65 bytes)
Event: 8,263 Thread 0x00007fcebc0bd000 nmethod 2111 0x00007fcead6734d0 code [0x00007fcead673680, 0x00007fcead673ae8]
Event: 8,264 Thread 0x00007fcebc0bd000 2112   !   2       com.android.dx.dex.cf.CfTranslator::translate (44 bytes)
Event: 8,264 Thread 0x00007fcebc0bd000 nmethod 2112 0x00007fcead673d90 code [0x00007fcead673f40, 0x00007fcead6742c8]
Event: 8,264 Thread 0x00007fcebc0bd000 2107       1       com.android.dx.cf.code.SwitchList::size (5 bytes)
Event: 8,264 Thread 0x00007fcebc0bd000 nmethod 2107 0x00007fcead674590 code [0x00007fcead6746e0, 0x00007fcead6747f0]
Event: 8,299 Thread 0x00007fcebc0bd000 2119       2       com.android.dx.rop.code.ThrowingCstInsn::withAddedCatch (34 bytes)
Event: 8,299 Thread 0x00007fcebc0bd000 nmethod 2119 0x00007fcead674850 code [0x00007fcead6749c0, 0x00007fcead674c18]

GC Heap History (10 events):
Event: 3,857 GC heap after
Heap after GC invocations=2 (full 0):
 PSYoungGen      total 36864K, used 5114K [0x00000000eab00000, 0x00000000ef300000, 0x0000000100000000)
  eden space 31744K, 0% used [0x00000000eab00000,0x00000000eab00000,0x00000000eca00000)
  from space 5120K, 99% used [0x00000000ecf00000,0x00000000ed3feac8,0x00000000ed400000)
  to   space 5120K, 0% used [0x00000000eca00000,0x00000000eca00000,0x00000000ecf00000)
 ParOldGen       total 84992K, used 4551K [0x00000000c0000000, 0x00000000c5300000, 0x00000000eab00000)
  object space 84992K, 5% used [0x00000000c0000000,0x00000000c0471c28,0x00000000c5300000)
 Metaspace       used 5903K, capacity 6896K, committed 7040K, reserved 1056768K
  class space    used 590K, capacity 616K, committed 640K, reserved 1048576K
}
Event: 4,475 GC heap before
{Heap before GC invocations=3 (full 0):
 PSYoungGen      total 36864K, used 36858K [0x00000000eab00000, 0x00000000ef300000, 0x0000000100000000)
  eden space 31744K, 100% used [0x00000000eab00000,0x00000000eca00000,0x00000000eca00000)
  from space 5120K, 99% used [0x00000000ecf00000,0x00000000ed3feac8,0x00000000ed400000)
  to   space 5120K, 0% used [0x00000000eca00000,0x00000000eca00000,0x00000000ecf00000)
 ParOldGen       total 84992K, used 4551K [0x00000000c0000000, 0x00000000c5300000, 0x00000000eab00000)
  object space 84992K, 5% used [0x00000000c0000000,0x00000000c0471c28,0x00000000c5300000)
 Metaspace       used 5930K, capacity 6896K, committed 7040K, reserved 1056768K
  class space    used 590K, capacity 616K, committed 640K, reserved 1048576K
Event: 4,533 GC heap after
Heap after GC invocations=3 (full 0):
 PSYoungGen      total 36864K, used 5088K [0x00000000eab00000, 0x00000000ef300000, 0x0000000100000000)
  eden space 31744K, 0% used [0x00000000eab00000,0x00000000eab00000,0x00000000eca00000)
  from space 5120K, 99% used [0x00000000eca00000,0x00000000ecef8028,0x00000000ecf00000)
  to   space 5120K, 0% used [0x00000000eee00000,0x00000000eee00000,0x00000000ef300000)
 ParOldGen       total 84992K, used 9254K [0x00000000c0000000, 0x00000000c5300000, 0x00000000eab00000)
  object space 84992K, 10% used [0x00000000c0000000,0x00000000c0909b78,0x00000000c5300000)
 Metaspace       used 5930K, capacity 6896K, committed 7040K, reserved 1056768K
  class space    used 590K, capacity 616K, committed 640K, reserved 1048576K
}
Event: 4,926 GC heap before
{Heap before GC invocations=4 (full 0):
 PSYoungGen      total 36864K, used 36832K [0x00000000eab00000, 0x00000000ef300000, 0x0000000100000000)
  eden space 31744K, 100% used [0x00000000eab00000,0x00000000eca00000,0x00000000eca00000)
  from space 5120K, 99% used [0x00000000eca00000,0x00000000ecef8028,0x00000000ecf00000)
  to   space 5120K, 0% used [0x00000000eee00000,0x00000000eee00000,0x00000000ef300000)
 ParOldGen       total 84992K, used 9337K [0x00000000c0000000, 0x00000000c5300000, 0x00000000eab00000)
  object space 84992K, 10% used [0x00000000c0000000,0x00000000c091e510,0x00000000c5300000)
 Metaspace       used 5937K, capacity 6896K, committed 7040K, reserved 1056768K
  class space    used 590K, capacity 616K, committed 640K, reserved 1048576K
Event: 5,011 GC heap after
Heap after GC invocations=4 (full 0):
 PSYoungGen      total 68608K, used 5088K [0x00000000eab00000, 0x00000000ef300000, 0x0000000100000000)
  eden space 63488K, 0% used [0x00000000eab00000,0x00000000eab00000,0x00000000ee900000)
  from space 5120K, 99% used [0x00000000eee00000,0x00000000ef2f8048,0x00000000ef300000)
  to   space 5120K, 0% used [0x00000000ee900000,0x00000000ee900000,0x00000000eee00000)
 ParOldGen       total 84992K, used 13827K [0x00000000c0000000, 0x00000000c5300000, 0x00000000eab00000)
  object space 84992K, 16% used [0x00000000c0000000,0x00000000c0d80e08,0x00000000c5300000)
 Metaspace       used 5937K, capacity 6896K, committed 7040K, reserved 1056768K
  class space    used 590K, capacity 616K, committed 640K, reserved 1048576K
}
Event: 5,835 GC heap before
{Heap before GC invocations=5 (full 0):
 PSYoungGen      total 68608K, used 68576K [0x00000000eab00000, 0x00000000ef300000, 0x0000000100000000)
  eden space 63488K, 100% used [0x00000000eab00000,0x00000000ee900000,0x00000000ee900000)
  from space 5120K, 99% used [0x00000000eee00000,0x00000000ef2f8048,0x00000000ef300000)
  to   space 5120K, 0% used [0x00000000ee900000,0x00000000ee900000,0x00000000eee00000)
 ParOldGen       total 84992K, used 13829K [0x00000000c0000000, 0x00000000c5300000, 0x00000000eab00000)
  object space 84992K, 16% used [0x00000000c0000000,0x00000000c0d81680,0x00000000c5300000)
 Metaspace       used 6008K, capacity 6960K, committed 7040K, reserved 1056768K
  class space    used 590K, capacity 616K, committed 640K, reserved 1048576K
Event: 5,973 GC heap after
Heap after GC invocations=5 (full 0):
 PSYoungGen      total 68608K, used 5110K [0x00000000eab00000, 0x00000000f4a00000, 0x0000000100000000)
  eden space 63488K, 0% used [0x00000000eab00000,0x00000000eab00000,0x00000000ee900000)
  from space 5120K, 99% used [0x00000000ee900000,0x00000000eedfd890,0x00000000eee00000)
  to   space 17920K, 0% used [0x00000000f3880000,0x00000000f3880000,0x00000000f4a00000)
 ParOldGen       total 84992K, used 26992K [0x00000000c0000000, 0x00000000c5300000, 0x00000000eab00000)
  object space 84992K, 31% used [0x00000000c0000000,0x00000000c1a5c158,0x00000000c5300000)
 Metaspace       used 6008K, capacity 6960K, committed 7040K, reserved 1056768K
  class space    used 590K, capacity 616K, committed 640K, reserved 1048576K
}
Event: 6,777 GC heap before
{Heap before GC invocations=6 (full 0):
 PSYoungGen      total 68608K, used 68598K [0x00000000eab00000, 0x00000000f4a00000, 0x0000000100000000)
  eden space 63488K, 100% used [0x00000000eab00000,0x00000000ee900000,0x00000000ee900000)
  from space 5120K, 99% used [0x00000000ee900000,0x00000000eedfd890,0x00000000eee00000)
  to   space 17920K, 0% used [0x00000000f3880000,0x00000000f3880000,0x00000000f4a00000)
 ParOldGen       total 84992K, used 26992K [0x00000000c0000000, 0x00000000c5300000, 0x00000000eab00000)
  object space 84992K, 31% used [0x00000000c0000000,0x00000000c1a5c158,0x00000000c5300000)
 Metaspace       used 6211K, capacity 7128K, committed 7424K, reserved 1056768K
  class space    used 611K, capacity 656K, committed 768K, reserved 1048576K
Event: 6,906 GC heap after
Heap after GC invocations=6 (full 0):
 PSYoungGen      total 142336K, used 16897K [0x00000000eab00000, 0x00000000f4f00000, 0x0000000100000000)
  eden space 124416K, 0% used [0x00000000eab00000,0x00000000eab00000,0x00000000f2480000)
  from space 17920K, 94% used [0x00000000f3880000,0x00000000f4900468,0x00000000f4a00000)
  to   space 20480K, 0% used [0x00000000f2480000,0x00000000f2480000,0x00000000f3880000)
 ParOldGen       total 84992K, used 26992K [0x00000000c0000000, 0x00000000c5300000, 0x00000000eab00000)
  object space 84992K, 31% used [0x00000000c0000000,0x00000000c1a5c158,0x00000000c5300000)
 Metaspace       used 6211K, capacity 7128K, committed 7424K, reserved 1056768K
  class space    used 611K, capacity 656K, committed 768K, reserved 1048576K
}
Event: 8,310 GC heap before
{Heap before GC invocations=7 (full 0):
 PSYoungGen      total 142336K, used 141313K [0x00000000eab00000, 0x00000000f4f00000, 0x0000000100000000)
  eden space 124416K, 100% used [0x00000000eab00000,0x00000000f2480000,0x00000000f2480000)
  from space 17920K, 94% used [0x00000000f3880000,0x00000000f4900468,0x00000000f4a00000)
  to   space 20480K, 0% used [0x00000000f2480000,0x00000000f2480000,0x00000000f3880000)
 ParOldGen       total 84992K, used 26992K [0x00000000c0000000, 0x00000000c5300000, 0x00000000eab00000)
  object space 84992K, 31% used [0x00000000c0000000,0x00000000c1a5c158,0x00000000c5300000)
 Metaspace       used 6369K, capacity 7192K, committed 7424K, reserved 1056768K
  class space    used 611K, capacity 656K, committed 768K, reserved 1048576K

Deoptimization events (10 events):
Event: 3,116 Thread 0x00007fcebc00a000 Uncommon trap: reason=unstable_if action=reinterpret pc=0x00007fcead1f7af0 method=java.util.HashMap.getNode(ILjava/lang/Object;)Ljava/util/HashMap$Node; @ 84
Event: 3,512 Thread 0x00007fcebc00a000 Uncommon trap: reason=unstable_if action=reinterpret pc=0x00007fcead365dfc method=com.android.dx.ssa.SsaMethod.updateOneDefinition(Lcom/android/dx/ssa/SsaInsn;Lcom/android/dx/rop/code/RegisterSpec;)V @ 4
Event: 4,184 Thread 0x00007fcebc00a000 Uncommon trap: reason=unstable_if action=reinterpret pc=0x00007fcead235ed4 method=java.lang.String.<init>([CII)V @ 18
Event: 4,185 Thread 0x00007fcebc00a000 Uncommon trap: reason=unstable_if action=reinterpret pc=0x00007fcead1d625c method=java.lang.String.<init>([CII)V @ 18
Event: 4,404 Thread 0x00007fcebc1a7800 Uncommon trap: reason=bimorphic action=maybe_recompile pc=0x00007fcead3ff31c method=java.util.HashMap.getNode(ILjava/lang/Object;)Ljava/util/HashMap$Node; @ 126
Event: 4,404 Thread 0x00007fcebc1a7800 Uncommon trap: reason=bimorphic action=maybe_recompile pc=0x00007fcead3ff31c method=java.util.HashMap.getNode(ILjava/lang/Object;)Ljava/util/HashMap$Node; @ 126
Event: 4,572 Thread 0x00007fcebc1a6000 Uncommon trap: reason=bimorphic action=maybe_recompile pc=0x00007fcead3ff31c method=java.util.HashMap.getNode(ILjava/lang/Object;)Ljava/util/HashMap$Node; @ 126
Event: 4,573 Thread 0x00007fcebc1a6000 Uncommon trap: reason=bimorphic action=maybe_recompile pc=0x00007fcead3ff31c method=java.util.HashMap.getNode(ILjava/lang/Object;)Ljava/util/HashMap$Node; @ 126
Event: 6,291 Thread 0x00007fcebc1a3000 Uncommon trap: reason=unstable_if action=reinterpret pc=0x00007fcead28c1dc method=java.util.HashMap.putVal(ILjava/lang/Object;Ljava/lang/Object;ZZ)Ljava/lang/Object; @ 162
Event: 7,491 Thread 0x00007fcebc1a9800 Uncommon trap: reason=unstable_if action=reinterpret pc=0x00007fcead4c4330 method=com.android.dx.ssa.SCCP.simulateStmt(Lcom/android/dx/ssa/SsaInsn;)V @ 53

Internal exceptions (6 events):
Event: 0,060 Thread 0x00007fcebc00a000 Exception <a 'java/lang/NoSuchMethodError': Method sun.misc.Unsafe.defineClass(Ljava/lang/String;[BII)Ljava/lang/Class; name or signature does not match> (0x00000000eab07c78) thrown at [/HUDSON3/workspace/8-2-build-linux-amd64/jdk8u102/7268/hotspot/src/sh
Event: 0,060 Thread 0x00007fcebc00a000 Exception <a 'java/lang/NoSuchMethodError': Method sun.misc.Unsafe.prefetchRead(Ljava/lang/Object;J)V name or signature does not match> (0x00000000eab07f60) thrown at [/HUDSON3/workspace/8-2-build-linux-amd64/jdk8u102/7268/hotspot/src/share/vm/prims/jni.c
Event: 2,461 Thread 0x00007fcebc00a000 Implicit null exception at 0x00007fcead243fa2 to 0x00007fcead244093
Event: 6,300 Thread 0x00007fcebc1a3000 Exception <a 'java/lang/ArrayIndexOutOfBoundsException': 18> (0x00000000ec9ab2b8) thrown at [/HUDSON3/workspace/8-2-build-linux-amd64/jdk8u102/7268/hotspot/src/share/vm/interpreter/interpreterRuntime.cpp, line 366]
Event: 6,300 Thread 0x00007fcebc1a3000 Exception <a 'java/lang/ArrayIndexOutOfBoundsException': 145> (0x00000000ec9ace38) thrown at [/HUDSON3/workspace/8-2-build-linux-amd64/jdk8u102/7268/hotspot/src/share/vm/interpreter/interpreterRuntime.cpp, line 366]
Event: 6,302 Thread 0x00007fcebc1a3000 Exception <a 'java/lang/ArrayIndexOutOfBoundsException': 40> (0x00000000ec9ae120) thrown at [/HUDSON3/workspace/8-2-build-linux-amd64/jdk8u102/7268/hotspot/src/share/vm/interpreter/interpreterRuntime.cpp, line 366]

Events (10 events):
Event: 8,103 Thread 0x00007fcebc00a000 DEOPT UNPACKING pc=0x00007fcead047633 sp=0x00007fcec36474a0 mode 0
Event: 8,149 Thread 0x00007fcebc1a9800 DEOPT PACKING pc=0x00007fcead36fc19 sp=0x00007fce6bffdca0
Event: 8,149 Thread 0x00007fcebc1a9800 DEOPT UNPACKING pc=0x00007fcead047633 sp=0x00007fce6bffd9d8 mode 0
Event: 8,155 Thread 0x00007fcebc1a3000 DEOPT PACKING pc=0x00007fcead2a83b2 sp=0x00007fcea84f5c50
Event: 8,155 Thread 0x00007fcebc1a3000 DEOPT UNPACKING pc=0x00007fcead047633 sp=0x00007fcea84f5a50 mode 0
Event: 8,246 Thread 0x00007fcebc1a3000 DEOPT PACKING pc=0x00007fcead2a83b2 sp=0x00007fcea84f5c50
Event: 8,246 Thread 0x00007fcebc1a3000 DEOPT UNPACKING pc=0x00007fcead047633 sp=0x00007fcea84f5a50 mode 0
Event: 8,274 Thread 0x00007fcebc1a3000 DEOPT PACKING pc=0x00007fcead3b562c sp=0x00007fcea84f6030
Event: 8,274 Thread 0x00007fcebc1a3000 DEOPT UNPACKING pc=0x00007fcead047633 sp=0x00007fcea84f5d30 mode 0
Event: 8,300 Executing VM operation: ParallelGCFailedAllocation


Dynamic libraries:
00400000-00401000 r-xp 00000000 08:04 2360749                            /opt/jdk/jdk1.8.0_102/bin/java
00600000-00601000 rw-p 00000000 08:04 2360749                            /opt/jdk/jdk1.8.0_102/bin/java
0153e000-0155f000 rw-p 00000000 00:00 0                                  [heap]
c0000000-c5300000 rw-p 00000000 00:00 0 
c5300000-eab00000 ---p 00000000 00:00 0 
eab00000-f4f00000 rw-p 00000000 00:00 0 
fdb00000-100000000 ---p 00000000 00:00 0 
100000000-1000c0000 rw-p 00000000 00:00 0 
1000c0000-140000000 ---p 00000000 00:00 0 
7fce58000000-7fce58021000 rw-p 00000000 00:00 0 
7fce58021000-7fce5c000000 ---p 00000000 00:00 0 
7fce60000000-7fce60021000 rw-p 00000000 00:00 0 
7fce60021000-7fce64000000 ---p 00000000 00:00 0 
7fce64000000-7fce6402b000 rw-p 00000000 00:00 0 
7fce6402b000-7fce68000000 ---p 00000000 00:00 0 
7fce6beff000-7fce6bf02000 ---p 00000000 00:00 0 
7fce6bf02000-7fce6c000000 rw-p 00000000 00:00 0                          [stack:5763]
7fce6c000000-7fce6c034000 rw-p 00000000 00:00 0 
7fce6c034000-7fce70000000 ---p 00000000 00:00 0 
7fce70000000-7fce70021000 rw-p 00000000 00:00 0 
7fce70021000-7fce74000000 ---p 00000000 00:00 0 
7fce74000000-7fce74021000 rw-p 00000000 00:00 0 
7fce74021000-7fce78000000 ---p 00000000 00:00 0 
7fce78000000-7fce78021000 rw-p 00000000 00:00 0 
7fce78021000-7fce7c000000 ---p 00000000 00:00 0 
7fce7c000000-7fce7ca26000 rw-p 00000000 00:00 0 
7fce7ca26000-7fce80000000 ---p 00000000 00:00 0 
7fce80000000-7fce80724000 rw-p 00000000 00:00 0 
7fce80724000-7fce84000000 ---p 00000000 00:00 0 
7fce84000000-7fce84021000 rw-p 00000000 00:00 0 
7fce84021000-7fce88000000 ---p 00000000 00:00 0 
7fce88000000-7fce88463000 rw-p 00000000 00:00 0 
7fce88463000-7fce8c000000 ---p 00000000 00:00 0 
7fce8c000000-7fce8c021000 rw-p 00000000 00:00 0 
7fce8c021000-7fce90000000 ---p 00000000 00:00 0 
7fce90000000-7fce90021000 rw-p 00000000 00:00 0 
7fce90021000-7fce94000000 ---p 00000000 00:00 0 
7fce94000000-7fce94021000 rw-p 00000000 00:00 0 
7fce94021000-7fce98000000 ---p 00000000 00:00 0 
7fce98000000-7fce9828f000 rw-p 00000000 00:00 0 
7fce9828f000-7fce9c000000 ---p 00000000 00:00 0 
7fce9c000000-7fce9c021000 rw-p 00000000 00:00 0 
7fce9c021000-7fcea0000000 ---p 00000000 00:00 0 
7fcea0000000-7fcea0021000 rw-p 00000000 00:00 0 
7fcea0021000-7fcea4000000 ---p 00000000 00:00 0 
7fcea4000000-7fcea4021000 rw-p 00000000 00:00 0 
7fcea4021000-7fcea8000000 ---p 00000000 00:00 0 
7fcea80cf000-7fcea80f4000 r--p 00000000 08:04 1713356                    /usr/share/locale/es/LC_MESSAGES/libc.mo
7fcea80f4000-7fcea80f7000 ---p 00000000 00:00 0 
7fcea80f7000-7fcea81f5000 rw-p 00000000 00:00 0                          [stack:5761]
7fcea81f5000-7fcea81f8000 ---p 00000000 00:00 0 
7fcea81f8000-7fcea82f6000 rw-p 00000000 00:00 0                          [stack:5759]
7fcea82f6000-7fcea82f9000 ---p 00000000 00:00 0 
7fcea82f9000-7fcea83f7000 rw-p 00000000 00:00 0                          [stack:5758]
7fcea83f7000-7fcea83fa000 ---p 00000000 00:00 0 
7fcea83fa000-7fcea84f8000 rw-p 00000000 00:00 0                          [stack:5756]
7fcea84f8000-7fcea8506000 r--s 0007c000 08:04 1860076                    /home/alexis/Geobus/app/build/intermediates/exploded-aar/com.google.android.gms/play-services-basement/9.4.0/jars/classes.jar
7fcea8506000-7fcea8507000 ---p 00000000 00:00 0 
7fcea8507000-7fcea8607000 rw-p 00000000 00:00 0                          [stack:5727]
7fcea8607000-7fcea860a000 ---p 00000000 00:00 0 
7fcea860a000-7fcea8708000 rw-p 00000000 00:00 0                          [stack:5726]
7fcea8708000-7fcea870b000 ---p 00000000 00:00 0 
7fcea870b000-7fcea8809000 rw-p 00000000 00:00 0                          [stack:5725]
7fcea8809000-7fcea880c000 ---p 00000000 00:00 0 
7fcea880c000-7fcea890a000 rw-p 00000000 00:00 0                          [stack:5724]
7fcea890a000-7fcea890d000 ---p 00000000 00:00 0 
7fcea890d000-7fcea8a0b000 rw-p 00000000 00:00 0                          [stack:5723]
7fcea8a0b000-7fcea8a0e000 ---p 00000000 00:00 0 
7fcea8a0e000-7fcea8b0c000 rw-p 00000000 00:00 0                          [stack:5722]
7fcea8b0c000-7fcea8c95000 r--p 00000000 08:04 924362                     /usr/lib/locale/locale-archive
7fcea8c95000-7fcea8c98000 ---p 00000000 00:00 0 
7fcea8c98000-7fcea8d96000 rw-p 00000000 00:00 0                          [stack:5715]
7fcea8d96000-7fcea8d99000 ---p 00000000 00:00 0 
7fcea8d99000-7fcea8e97000 rw-p 00000000 00:00 0                          [stack:5714]
7fcea8e97000-7fcea8e98000 ---p 00000000 00:00 0 
7fcea8e98000-7fcea9f59000 rw-p 00000000 00:00 0                          [stack:5710]
7fcea9f59000-7fceaa131000 r--s 03d29000 08:04 2360825                    /opt/jdk/jdk1.8.0_102/jre/lib/rt.jar
7fceaa131000-7fceaa827000 rw-p 00000000 00:00 0 
7fceaa827000-7fceaa9a7000 ---p 00000000 00:00 0 
7fceaa9a7000-7fceacba7000 rw-p 00000000 00:00 0 
7fceacba7000-7fceacba8000 ---p 00000000 00:00 0 
7fceacba8000-7fceacca8000 rw-p 00000000 00:00 0                          [stack:5698]
7fceacca8000-7fceacca9000 ---p 00000000 00:00 0 
7fceacca9000-7fceacda9000 rw-p 00000000 00:00 0                          [stack:5697]
7fceacda9000-7fceacdaa000 ---p 00000000 00:00 0 
7fceacdaa000-7fceaced4000 rw-p 00000000 00:00 0                          [stack:5696]
7fceaced4000-7fcead000000 ---p 00000000 00:00 0 
7fcead000000-7fcead680000 rwxp 00000000 00:00 0 
7fcead680000-7fcebc000000 ---p 00000000 00:00 0 
7fcebc000000-7fcebc3f5000 rw-p 00000000 00:00 0 
7fcebc3f5000-7fcec0000000 ---p 00000000 00:00 0 
7fcec000d000-7fcec001b000 r--s 000e0000 08:04 528314                     /home/alexis/Android/Sdk/build-tools/24.0.1/lib/dx.jar
7fcec001b000-7fcec001c000 ---p 00000000 00:00 0 
7fcec001c000-7fcec0146000 rw-p 00000000 00:00 0                          [stack:5695]
7fcec0146000-7fcec0271000 ---p 00000000 00:00 0 
7fcec0271000-7fcec02c4000 rw-p 00000000 00:00 0 
7fcec02c4000-7fcec031c000 ---p 00000000 00:00 0 
7fcec031c000-7fcec0337000 rw-p 00000000 00:00 0 
7fcec0337000-7fcec06dd000 ---p 00000000 00:00 0 
7fcec06dd000-7fcec06f7000 r-xp 00000000 08:04 2360856                    /opt/jdk/jdk1.8.0_102/jre/lib/amd64/libzip.so
7fcec06f7000-7fcec08f7000 ---p 0001a000 08:04 2360856                    /opt/jdk/jdk1.8.0_102/jre/lib/amd64/libzip.so
7fcec08f7000-7fcec08f8000 rw-p 0001a000 08:04 2360856                    /opt/jdk/jdk1.8.0_102/jre/lib/amd64/libzip.so
7fcec08f8000-7fcec0903000 r-xp 00000000 08:04 794090                     /lib/x86_64-linux-gnu/libnss_files-2.19.so
7fcec0903000-7fcec0b02000 ---p 0000b000 08:04 794090                     /lib/x86_64-linux-gnu/libnss_files-2.19.so
7fcec0b02000-7fcec0b03000 r--p 0000a000 08:04 794090                     /lib/x86_64-linux-gnu/libnss_files-2.19.so
7fcec0b03000-7fcec0b04000 rw-p 0000b000 08:04 794090                     /lib/x86_64-linux-gnu/libnss_files-2.19.so
7fcec0b04000-7fcec0b0e000 r-xp 00000000 08:04 795042                     /lib/x86_64-linux-gnu/libnss_nis-2.19.so
7fcec0b0e000-7fcec0d0d000 ---p 0000a000 08:04 795042                     /lib/x86_64-linux-gnu/libnss_nis-2.19.so
7fcec0d0d000-7fcec0d0e000 r--p 00009000 08:04 795042                     /lib/x86_64-linux-gnu/libnss_nis-2.19.so
7fcec0d0e000-7fcec0d0f000 rw-p 0000a000 08:04 795042                     /lib/x86_64-linux-gnu/libnss_nis-2.19.so
7fcec0d0f000-7fcec0d24000 r-xp 00000000 08:04 794087                     /lib/x86_64-linux-gnu/libnsl-2.19.so
7fcec0d24000-7fcec0f23000 ---p 00015000 08:04 794087                     /lib/x86_64-linux-gnu/libnsl-2.19.so
7fcec0f23000-7fcec0f24000 r--p 00014000 08:04 794087                     /lib/x86_64-linux-gnu/libnsl-2.19.so
7fcec0f24000-7fcec0f25000 rw-p 00015000 08:04 794087                     /lib/x86_64-linux-gnu/libnsl-2.19.so
7fcec0f25000-7fcec0f27000 rw-p 00000000 00:00 0 
7fcec0f27000-7fcec0f2e000 r-xp 00000000 08:04 794088                     /lib/x86_64-linux-gnu/libnss_compat-2.19.so
7fcec0f2e000-7fcec112d000 ---p 00007000 08:04 794088                     /lib/x86_64-linux-gnu/libnss_compat-2.19.so
7fcec112d000-7fcec112e000 r--p 00006000 08:04 794088                     /lib/x86_64-linux-gnu/libnss_compat-2.19.so
7fcec112e000-7fcec112f000 rw-p 00007000 08:04 794088                     /lib/x86_64-linux-gnu/libnss_compat-2.19.so
7fcec112f000-7fcec1159000 r-xp 00000000 08:04 2360883                    /opt/jdk/jdk1.8.0_102/jre/lib/amd64/libjava.so
7fcec1159000-7fcec1359000 ---p 0002a000 08:04 2360883                    /opt/jdk/jdk1.8.0_102/jre/lib/amd64/libjava.so
7fcec1359000-7fcec135b000 rw-p 0002a000 08:04 2360883                    /opt/jdk/jdk1.8.0_102/jre/lib/amd64/libjava.so
7fcec135b000-7fcec1368000 r-xp 00000000 08:04 2360834                    /opt/jdk/jdk1.8.0_102/jre/lib/amd64/libverify.so
7fcec1368000-7fcec1568000 ---p 0000d000 08:04 2360834                    /opt/jdk/jdk1.8.0_102/jre/lib/amd64/libverify.so
7fcec1568000-7fcec156a000 rw-p 0000d000 08:04 2360834                    /opt/jdk/jdk1.8.0_102/jre/lib/amd64/libverify.so
7fcec156a000-7fcec1571000 r-xp 00000000 08:04 795046                     /lib/x86_64-linux-gnu/librt-2.19.so
7fcec1571000-7fcec1770000 ---p 00007000 08:04 795046                     /lib/x86_64-linux-gnu/librt-2.19.so
7fcec1770000-7fcec1771000 r--p 00006000 08:04 795046                     /lib/x86_64-linux-gnu/librt-2.19.so
7fcec1771000-7fcec1772000 rw-p 00007000 08:04 795046                     /lib/x86_64-linux-gnu/librt-2.19.so
7fcec1772000-7fcec1872000 r-xp 00000000 08:04 794085                     /lib/x86_64-linux-gnu/libm-2.19.so
7fcec1872000-7fcec1a71000 ---p 00100000 08:04 794085                     /lib/x86_64-linux-gnu/libm-2.19.so
7fcec1a71000-7fcec1a72000 r--p 000ff000 08:04 794085                     /lib/x86_64-linux-gnu/libm-2.19.so
7fcec1a72000-7fcec1a73000 rw-p 00100000 08:04 794085                     /lib/x86_64-linux-gnu/libm-2.19.so
7fcec1a73000-7fcec273f000 r-xp 00000000 08:04 2360887                    /opt/jdk/jdk1.8.0_102/jre/lib/amd64/server/libjvm.so
7fcec273f000-7fcec293f000 ---p 00ccc000 08:04 2360887                    /opt/jdk/jdk1.8.0_102/jre/lib/amd64/server/libjvm.so
7fcec293f000-7fcec2a18000 rw-p 00ccc000 08:04 2360887                    /opt/jdk/jdk1.8.0_102/jre/lib/amd64/server/libjvm.so
7fcec2a18000-7fcec2a63000 rw-p 00000000 00:00 0 
7fcec2a63000-7fcec2c04000 r-xp 00000000 08:04 793880                     /lib/x86_64-linux-gnu/libc-2.19.so
7fcec2c04000-7fcec2e04000 ---p 001a1000 08:04 793880                     /lib/x86_64-linux-gnu/libc-2.19.so
7fcec2e04000-7fcec2e08000 r--p 001a1000 08:04 793880                     /lib/x86_64-linux-gnu/libc-2.19.so
7fcec2e08000-7fcec2e0a000 rw-p 001a5000 08:04 793880                     /lib/x86_64-linux-gnu/libc-2.19.so
7fcec2e0a000-7fcec2e0e000 rw-p 00000000 00:00 0 
7fcec2e0e000-7fcec2e11000 r-xp 00000000 08:04 794084                     /lib/x86_64-linux-gnu/libdl-2.19.so
7fcec2e11000-7fcec3010000 ---p 00003000 08:04 794084                     /lib/x86_64-linux-gnu/libdl-2.19.so
7fcec3010000-7fcec3011000 r--p 00002000 08:04 794084                     /lib/x86_64-linux-gnu/libdl-2.19.so
7fcec3011000-7fcec3012000 rw-p 00003000 08:04 794084                     /lib/x86_64-linux-gnu/libdl-2.19.so
7fcec3012000-7fcec3027000 r-xp 00000000 08:04 2359968                    /opt/jdk/jdk1.8.0_102/lib/amd64/jli/libjli.so
7fcec3027000-7fcec3227000 ---p 00015000 08:04 2359968                    /opt/jdk/jdk1.8.0_102/lib/amd64/jli/libjli.so
7fcec3227000-7fcec3228000 rw-p 00015000 08:04 2359968                    /opt/jdk/jdk1.8.0_102/lib/amd64/jli/libjli.so
7fcec3228000-7fcec3240000 r-xp 00000000 08:04 793541                     /lib/x86_64-linux-gnu/libpthread-2.19.so
7fcec3240000-7fcec343f000 ---p 00018000 08:04 793541                     /lib/x86_64-linux-gnu/libpthread-2.19.so
7fcec343f000-7fcec3440000 r--p 00017000 08:04 793541                     /lib/x86_64-linux-gnu/libpthread-2.19.so
7fcec3440000-7fcec3441000 rw-p 00018000 08:04 793541                     /lib/x86_64-linux-gnu/libpthread-2.19.so
7fcec3441000-7fcec3445000 rw-p 00000000 00:00 0 
7fcec3445000-7fcec3465000 r-xp 00000000 08:04 793563                     /lib/x86_64-linux-gnu/ld-2.19.so
7fcec3470000-7fcec3549000 rw-p 00000000 00:00 0 
7fcec3549000-7fcec354c000 ---p 00000000 00:00 0 
7fcec354c000-7fcec364e000 rw-p 00000000 00:00 0                          [stack:5688]
7fcec3651000-7fcec3652000 rw-p 00000000 00:00 0 
7fcec3652000-7fcec3659000 r--s 00000000 08:04 1060537                    /usr/lib/x86_64-linux-gnu/gconv/gconv-modules.cache
7fcec3659000-7fcec3661000 rw-s 00000000 08:04 2244109                    /tmp/hsperfdata_alexis/5678
7fcec3661000-7fcec3662000 rw-p 00000000 00:00 0 
7fcec3662000-7fcec3663000 ---p 00000000 00:00 0 
7fcec3663000-7fcec3665000 rw-p 00000000 00:00 0 
7fcec3665000-7fcec3666000 r--p 00020000 08:04 793563                     /lib/x86_64-linux-gnu/ld-2.19.so
7fcec3666000-7fcec3667000 rw-p 00021000 08:04 793563                     /lib/x86_64-linux-gnu/ld-2.19.so
7fcec3667000-7fcec3668000 rw-p 00000000 00:00 0 
7fffc1253000-7fffc1274000 rw-p 00000000 00:00 0                          [stack]
7fffc135b000-7fffc135d000 r-xp 00000000 00:00 0                          [vdso]
7fffc135d000-7fffc135f000 r--p 00000000 00:00 0                          [vvar]
ffffffffff600000-ffffffffff601000 r-xp 00000000 00:00 0                  [vsyscall]

VM Arguments:
jvm_args: -Djava.awt.headless=true -Xmx1024M -Dfile.encoding=UTF-8 -Duser.country=AR -Duser.language=es -Duser.variant 
java_command: com.android.dx.command.Main --dex --force-jumbo --num-threads=4 --multi-dex --output /home/alexis/Geobus/app/build/intermediates/transforms/dex/debug/folders/1000/10/com.google.android.gms-play-services-basement-9.4.0_eb921df65660f1724771673bc419d4e063630778 /home/alexis/Geobus/app/build/intermediates/exploded-aar/com.google.android.gms/play-services-basement/9.4.0/jars/classes.jar
java_class_path (initial): /home/alexis/Android/Sdk/build-tools/24.0.1/lib/dx.jar
Launcher Type: SUN_STANDARD

Environment Variables:
PATH=/home/alexis/bin:/usr/sbin:/sbin:/usr/local/bin:/usr/bin:/bin:/usr/local/games:/usr/games
LD_LIBRARY_PATH=/opt/android-studio/bin/.:
SHELL=/bin/bash
DISPLAY=:0

Signal Handlers:
SIGSEGV: [libjvm.so+0xac5b30], sa_mask[0]=11111111011111111101111111111110, sa_flags=SA_RESTART|SA_SIGINFO
SIGBUS: [libjvm.so+0xac5b30], sa_mask[0]=11111111011111111101111111111110, sa_flags=SA_RESTART|SA_SIGINFO
SIGFPE: [libjvm.so+0x91f470], sa_mask[0]=11111111011111111101111111111110, sa_flags=SA_RESTART|SA_SIGINFO
SIGPIPE: [libjvm.so+0x91f470], sa_mask[0]=11111111011111111101111111111110, sa_flags=SA_RESTART|SA_SIGINFO
SIGXFSZ: [libjvm.so+0x91f470], sa_mask[0]=11111111011111111101111111111110, sa_flags=SA_RESTART|SA_SIGINFO
SIGILL: [libjvm.so+0x91f470], sa_mask[0]=11111111011111111101111111111110, sa_flags=SA_RESTART|SA_SIGINFO
SIGUSR1: SIG_DFL, sa_mask[0]=00000000000000000000000000000000, sa_flags=none
SIGUSR2: [libjvm.so+0x920aa0], sa_mask[0]=00100000000000000000000000000000, sa_flags=SA_RESTART|SA_SIGINFO
SIGHUP: [libjvm.so+0x921ea0], sa_mask[0]=11111111011111111101111111111110, sa_flags=SA_RESTART|SA_SIGINFO
SIGINT: [libjvm.so+0x921ea0], sa_mask[0]=11111111011111111101111111111110, sa_flags=SA_RESTART|SA_SIGINFO
SIGTERM: [libjvm.so+0x921ea0], sa_mask[0]=11111111011111111101111111111110, sa_flags=SA_RESTART|SA_SIGINFO
SIGQUIT: [libjvm.so+0x921ea0], sa_mask[0]=11111111011111111101111111111110, sa_flags=SA_RESTART|SA_SIGINFO


---------------  S Y S T E M  ---------------

OS:DISTRIB_ID="BunsenLabs"
DISTRIB_DESCRIPTION="BunsenLabs GNU/Linux 8.5 (Hydrogen)"
DISTRIB_RELEASE="8.5"
DISTRIB_CODENAME="bunsen-hydrogen"

uname:Linux 3.16.0-4-amd64 #1 SMP Debian 3.16.7-ckt25-2+deb8u3 (2016-07-02) x86_64
libc:glibc 2.19 NPTL 2.19 
rlimit: STACK 8192k, CORE 0k, NPROC 31341, NOFILE 65536, AS infinity
load average:4,33 1,77 1,22

/proc/meminfo:
MemTotal:        8045472 kB
MemFree:          134096 kB
MemAvailable:     116412 kB
Buffers:            4728 kB
Cached:          2577284 kB
SwapCached:            0 kB
Active:          5295948 kB
Inactive:        2408308 kB
Active(anon):    5253564 kB
Inactive(anon):  2371204 kB
Active(file):      42384 kB
Inactive(file):    37104 kB
Unevictable:          32 kB
Mlocked:              32 kB
SwapTotal:             0 kB
SwapFree:              0 kB
Dirty:              1776 kB
Writeback:             0 kB
AnonPages:       5122212 kB
Mapped:           826880 kB
Shmem:           2502556 kB
Slab:             105584 kB
SReclaimable:      54084 kB
SUnreclaim:        51500 kB
KernelStack:       11440 kB
PageTables:        46216 kB
NFS_Unstable:          0 kB
Bounce:                0 kB
WritebackTmp:          0 kB
CommitLimit:     4022736 kB
Committed_AS:   12337892 kB
VmallocTotal:   34359738367 kB
VmallocUsed:      552484 kB
VmallocChunk:   34359122056 kB
HardwareCorrupted:     0 kB
AnonHugePages:         0 kB
HugePages_Total:       0
HugePages_Free:        0
HugePages_Rsvd:        0
HugePages_Surp:        0
Hugepagesize:       2048 kB
DirectMap4k:       53504 kB
DirectMap2M:     8183808 kB


CPU:total 4 (2 cores per cpu, 2 threads per core) family 6 model 42 stepping 7, cmov, cx8, fxsr, mmx, sse, sse2, sse3, ssse3, sse4.1, sse4.2, popcnt, avx, aes, clmul, ht, tsc, tscinvbit

/proc/cpuinfo:
processor	: 0
vendor_id	: GenuineIntel
cpu family	: 6
model		: 42
model name	: Intel(R) Core(TM) i5-2410M CPU @ 2.30GHz
stepping	: 7
microcode	: 0x29
cpu MHz		: 2699.984
cache size	: 3072 KB
physical id	: 0
siblings	: 4
core id		: 0
cpu cores	: 2
apicid		: 0
initial apicid	: 0
fpu		: yes
fpu_exception	: yes
cpuid level	: 13
wp		: yes
flags		: fpu vme de pse tsc msr pae mce cx8 apic sep mtrr pge mca cmov pat pse36 clflush dts acpi mmx fxsr sse sse2 ss ht tm pbe syscall nx rdtscp lm constant_tsc arch_perfmon pebs bts rep_good nopl xtopology nonstop_tsc aperfmperf eagerfpu pni pclmulqdq dtes64 monitor ds_cpl vmx est tm2 ssse3 cx16 xtpr pdcm pcid sse4_1 sse4_2 x2apic popcnt tsc_deadline_timer aes xsave avx lahf_lm ida arat epb xsaveopt pln pts dtherm tpr_shadow vnmi flexpriority ept vpid
bogomips	: 4589.30
clflush size	: 64
cache_alignment	: 64
address sizes	: 36 bits physical, 48 bits virtual
power management:

processor	: 1
vendor_id	: GenuineIntel
cpu family	: 6
model		: 42
model name	: Intel(R) Core(TM) i5-2410M CPU @ 2.30GHz
stepping	: 7
microcode	: 0x29
cpu MHz		: 2699.984
cache size	: 3072 KB
physical id	: 0
siblings	: 4
core id		: 0
cpu cores	: 2
apicid		: 1
initial apicid	: 1
fpu		: yes
fpu_exception	: yes
cpuid level	: 13
wp		: yes
flags		: fpu vme de pse tsc msr pae mce cx8 apic sep mtrr pge mca cmov pat pse36 clflush dts acpi mmx fxsr sse sse2 ss ht tm pbe syscall nx rdtscp lm constant_tsc arch_perfmon pebs bts rep_good nopl xtopology nonstop_tsc aperfmperf eagerfpu pni pclmulqdq dtes64 monitor ds_cpl vmx est tm2 ssse3 cx16 xtpr pdcm pcid sse4_1 sse4_2 x2apic popcnt tsc_deadline_timer aes xsave avx lahf_lm ida arat epb xsaveopt pln pts dtherm tpr_shadow vnmi flexpriority ept vpid
bogomips	: 4589.30
clflush size	: 64
cache_alignment	: 64
address sizes	: 36 bits physical, 48 bits virtual
power management:

processor	: 2
vendor_id	: GenuineIntel
cpu family	: 6
model		: 42
model name	: Intel(R) Core(TM) i5-2410M CPU @ 2.30GHz
stepping	: 7
microcode	: 0x29
cpu MHz		: 2699.984
cache size	: 3072 KB
physical id	: 0
siblings	: 4
core id		: 1
cpu cores	: 2
apicid		: 2
initial apicid	: 2
fpu		: yes
fpu_exception	: yes
cpuid level	: 13
wp		: yes
flags		: fpu vme de pse tsc msr pae mce cx8 apic sep mtrr pge mca cmov pat pse36 clflush dts acpi mmx fxsr sse sse2 ss ht tm pbe syscall nx rdtscp lm constant_tsc arch_perfmon pebs bts rep_good nopl xtopology nonstop_tsc aperfmperf eagerfpu pni pclmulqdq dtes64 monitor ds_cpl vmx est tm2 ssse3 cx16 xtpr pdcm pcid sse4_1 sse4_2 x2apic popcnt tsc_deadline_timer aes xsave avx lahf_lm ida arat epb xsaveopt pln pts dtherm tpr_shadow vnmi flexpriority ept vpid
bogomips	: 4589.30
clflush size	: 64
cache_alignment	: 64
address sizes	: 36 bits physical, 48 bits virtual
power management:

processor	: 3
vendor_id	: GenuineIntel
cpu family	: 6
model		: 42
model name	: Intel(R) Core(TM) i5-2410M CPU @ 2.30GHz
stepping	: 7
microcode	: 0x29
cpu MHz		: 2700.074
cache size	: 3072 KB
physical id	: 0
siblings	: 4
core id		: 1
cpu cores	: 2
apicid		: 3
initial apicid	: 3
fpu		: yes
fpu_exception	: yes
cpuid level	: 13
wp		: yes
flags		: fpu vme de pse tsc msr pae mce cx8 apic sep mtrr pge mca cmov pat pse36 clflush dts acpi mmx fxsr sse sse2 ss ht tm pbe syscall nx rdtscp lm constant_tsc arch_perfmon pebs bts rep_good nopl xtopology nonstop_tsc aperfmperf eagerfpu pni pclmulqdq dtes64 monitor ds_cpl vmx est tm2 ssse3 cx16 xtpr pdcm pcid sse4_1 sse4_2 x2apic popcnt tsc_deadline_timer aes xsave avx lahf_lm ida arat epb xsaveopt pln pts dtherm tpr_shadow vnmi flexpriority ept vpid
bogomips	: 4589.30
clflush size	: 64
cache_alignment	: 64
address sizes	: 36 bits physical, 48 bits virtual
power management:



Memory: 4k page, physical 8045472k(134096k free), swap 0k(0k free)

vm_info: Java HotSpot(TM) 64-Bit Server VM (25.102-b14) for linux-amd64 JRE (1.8.0_102-b14), built on Jun 22 2016 18:43:17 by "java_re" with gcc 4.3.0 20080428 (Red Hat 4.3.0-8)

time: Thu Feb  2 22:01:08 2017
elapsed time: 8 seconds (0d 0h 0m 8s)

