#
# There is insufficient memory for the Java Runtime Environment to continue.
# Native memory allocation (mmap) failed to map 33554432 bytes for committing reserved memory.
# Possible reasons:
#   The system is out of physical RAM or swap space
#   In 32 bit mode, the process size limit was hit
# Possible solutions:
#   Reduce memory load on the system
#   Increase physical memory or swap space
#   Check if swap backing store is full
#   Use 64 bit Java on a 64 bit OS
#   Decrease Java heap size (-Xmx/-Xms)
#   Decrease number of Java threads
#   Decrease Java thread stack sizes (-Xss)
#   Set larger code cache with -XX:ReservedCodeCacheSize=
# This output file may be truncated or incomplete.
#
#  Out of Memory Error (os_linux.cpp:2627), pid=19323, tid=0x00007f961828f700
#
# JRE version: Java(TM) SE Runtime Environment (8.0_102-b14) (build 1.8.0_102-b14)
# Java VM: Java HotSpot(TM) 64-Bit Server VM (25.102-b14 mixed mode linux-amd64 compressed oops)
# Failed to write core dump. Core dumps have been disabled. To enable core dumping, try "ulimit -c unlimited" before starting Java again
#

---------------  T H R E A D  ---------------

Current thread (0x00007f9628078000):  VMThread [stack: 0x00007f961818f000,0x00007f9618290000] [id=19345]

Stack: [0x00007f961818f000,0x00007f9618290000],  sp=0x00007f961828e020,  free space=1020k
Native frames: (J=compiled Java code, j=interpreted, Vv=VM code, C=native code)
V  [libjvm.so+0xac52aa]  VMError::report_and_die()+0x2ba
V  [libjvm.so+0x4fc29b]  report_vm_out_of_memory(char const*, int, unsigned long, VMErrorType, char const*)+0x8b
V  [libjvm.so+0x922603]  os::Linux::commit_memory_impl(char*, unsigned long, bool)+0x103
V  [libjvm.so+0x922b59]  os::pd_commit_memory(char*, unsigned long, unsigned long, bool)+0x29
V  [libjvm.so+0x91ce5a]  os::commit_memory(char*, unsigned long, unsigned long, bool)+0x2a
V  [libjvm.so+0x9915e3]  PSVirtualSpace::expand_by(unsigned long)+0x53
V  [libjvm.so+0x981ea0]  PSOldGen::expand(unsigned long)+0x170
V  [libjvm.so+0x9820ab]  PSOldGen::resize(unsigned long)+0x1cb
V  [libjvm.so+0x989db1]  PSParallelCompact::invoke_no_policy(bool)+0x991
V  [libjvm.so+0x98f70d]  PSScavenge::invoke()+0x1ad
V  [libjvm.so+0x9462f0]  ParallelScavengeHeap::failed_mem_allocate(unsigned long)+0x70
V  [libjvm.so+0xac6cc7]  VM_ParallelGCFailedAllocation::doit()+0x97
V  [libjvm.so+0xace7a5]  VM_Operation::evaluate()+0x55
V  [libjvm.so+0xaccb7a]  VMThread::evaluate_operation(VM_Operation*)+0xba
V  [libjvm.so+0xaccefe]  VMThread::loop()+0x1ce
V  [libjvm.so+0xacd370]  VMThread::run()+0x70
V  [libjvm.so+0x9249c8]  java_start(Thread*)+0x108

VM_Operation (0x00007f961176db00): ParallelGCFailedAllocation, mode: safepoint, requested by thread 0x00007f962814f800


---------------  P R O C E S S  ---------------

Java Threads: ( => current thread )
  0x00007f9628159800 JavaThread "pool-2-thread-4" [_thread_blocked, id=19377, stack(0x00007f961126b000,0x00007f961136c000)]
  0x00007f9628155000 JavaThread "pool-2-thread-3" [_thread_blocked, id=19376, stack(0x00007f961136c000,0x00007f961146d000)]
  0x00007f9628153800 JavaThread "pool-2-thread-2" [_thread_blocked, id=19375, stack(0x00007f961146d000,0x00007f961156e000)]
  0x00007f9628152000 JavaThread "pool-3-thread-1" [_thread_blocked, id=19374, stack(0x00007f961156e000,0x00007f961166f000)]
  0x00007f962814f800 JavaThread "pool-2-thread-1" [_thread_blocked, id=19373, stack(0x00007f961166f000,0x00007f9611770000)]
  0x00007f96280da000 JavaThread "Service Thread" daemon [_thread_blocked, id=19365, stack(0x00007f9611871000,0x00007f9611972000)]
  0x00007f96280bd000 JavaThread "C1 CompilerThread2" daemon [_thread_blocked, id=19363, stack(0x00007f9611972000,0x00007f9611a73000)]
  0x00007f96280bb800 JavaThread "C2 CompilerThread1" daemon [_thread_blocked, id=19362, stack(0x00007f9611a73000,0x00007f9611b74000)]
  0x00007f96280b8800 JavaThread "C2 CompilerThread0" daemon [_thread_blocked, id=19359, stack(0x00007f9611b74000,0x00007f9611c75000)]
  0x00007f96280b7000 JavaThread "Signal Dispatcher" daemon [_thread_blocked, id=19357, stack(0x00007f9611c75000,0x00007f9611d76000)]
  0x00007f9628084000 JavaThread "Finalizer" daemon [_thread_blocked, id=19347, stack(0x00007f9611eff000,0x00007f9612000000)]
  0x00007f962807f800 JavaThread "Reference Handler" daemon [_thread_blocked, id=19346, stack(0x00007f961808e000,0x00007f961818f000)]
  0x00007f962800a000 JavaThread "main" [_thread_blocked, id=19328, stack(0x00007f9630846000,0x00007f9630947000)]

Other Threads:
=>0x00007f9628078000 VMThread [stack: 0x00007f961818f000,0x00007f9618290000] [id=19345]
  0x00007f96280dd000 WatcherThread [stack: 0x00007f9611770000,0x00007f9611871000] [id=19366]

VM state:at safepoint (normal execution)

VM Mutex/Monitor currently owned by a thread:  ([mutex/lock_event])
[0x00007f9628005e20] ExpandHeap_lock - owner thread: 0x00007f9628078000
[0x00007f96280064a0] Threads_lock - owner thread: 0x00007f9628078000
[0x00007f96280069a0] Heap_lock - owner thread: 0x00007f962814f800

Heap:
 PSYoungGen      total 241152K, used 0K [0x00000000eab00000, 0x0000000100000000, 0x0000000100000000)
  eden space 133120K, 0% used [0x00000000eab00000,0x00000000eab00000,0x00000000f2d00000)
  from space 108032K, 0% used [0x00000000f9680000,0x00000000f9680000,0x0000000100000000)
  to   space 108032K, 0% used [0x00000000f2d00000,0x00000000f2d00000,0x00000000f9680000)
 ParOldGen       total 266752K, used 153689K [0x00000000c0000000, 0x00000000d0480000, 0x00000000eab00000)
  object space 266752K, 57% used [0x00000000c0000000,0x00000000c9616728,0x00000000d0480000)
 Metaspace       used 6333K, capacity 7192K, committed 7424K, reserved 1056768K
  class space    used 610K, capacity 656K, committed 768K, reserved 1048576K

Card table byte_map: [0x00007f962d419000,0x00007f962d61a000] byte_map_base: 0x00007f962ce19000

Marking Bits: (ParMarkBitMap*) 0x00007f962fd32c60
 Begin Bits: [0x00007f9612000000, 0x00007f9613000000)
 End Bits:   [0x00007f9613000000, 0x00007f9614000000)

Polling page: 0x00007f963095f000

CodeCache: size=245760Kb used=8539Kb max_used=8551Kb free=237220Kb
 bounds [0x00007f9619000000, 0x00007f9619860000, 0x00007f9628000000]
 total_blobs=2216 nmethods=1948 adapters=181
 compilation: enabled

Compilation events (10 events):
Event: 36,727 Thread 0x00007f96280b8800 nmethod 1919 0x00007f9619859610 code [0x00007f9619859760, 0x00007f9619859938]
Event: 36,727 Thread 0x00007f96280b8800 1732       4       com.android.dx.rop.code.ThrowingCstInsn::accept (8 bytes)
Event: 36,728 Thread 0x00007f96280b8800 nmethod 1732 0x00007f96197f2c90 code [0x00007f96197f2de0, 0x00007f96197f2e58]
Event: 36,728 Thread 0x00007f96280b8800 1791       4       com.android.dx.rop.code.ThrowingCstInsn::withNewRegisters (25 bytes)
Event: 36,739 Thread 0x00007f96280b8800 nmethod 1791 0x00007f961985b010 code [0x00007f961985b180, 0x00007f961985b3d8]
Event: 36,739 Thread 0x00007f96280b8800 1845       4       com.android.dx.util.BitIntSet::has (28 bytes)
Event: 36,741 Thread 0x00007f96280b8800 nmethod 1845 0x00007f961985ad10 code [0x00007f961985ae60, 0x00007f961985af18]
Event: 36,741 Thread 0x00007f96280b8800 1842       4       com.android.dx.ssa.InterferenceRegisterMapper::interferes (78 bytes)
Event: 36,782 Thread 0x00007f96280b8800 nmethod 1842 0x00007f961985a250 code [0x00007f961985a3e0, 0x00007f961985a768]
Event: 36,782 Thread 0x00007f96280b8800 1838       4       com.android.dx.ssa.back.FirstFitLocalCombiningAllocator$1::processInsn (169 bytes)

GC Heap History (10 events):
Event: 30,141 GC heap after
Heap after GC invocations=10 (full 2):
 PSYoungGen      total 184320K, used 23576K [0x00000000eab00000, 0x0000000100000000, 0x0000000100000000)
  eden space 128000K, 0% used [0x00000000eab00000,0x00000000eab00000,0x00000000f2800000)
  from space 56320K, 41% used [0x00000000f7f00000,0x00000000f9606238,0x00000000fb600000)
  to   space 89088K, 0% used [0x00000000f2800000,0x00000000f2800000,0x00000000f7f00000)
 ParOldGen       total 262656K, used 153153K [0x00000000c0000000, 0x00000000d0080000, 0x00000000eab00000)
  object space 262656K, 58% used [0x00000000c0000000,0x00000000c9590630,0x00000000d0080000)
 Metaspace       used 6158K, capacity 7064K, committed 7424K, reserved 1056768K
  class space    used 610K, capacity 656K, committed 768K, reserved 1048576K
}
Event: 30,475 GC heap before
{Heap before GC invocations=11 (full 2):
 PSYoungGen      total 184320K, used 151576K [0x00000000eab00000, 0x0000000100000000, 0x0000000100000000)
  eden space 128000K, 100% used [0x00000000eab00000,0x00000000f2800000,0x00000000f2800000)
  from space 56320K, 41% used [0x00000000f7f00000,0x00000000f9606238,0x00000000fb600000)
  to   space 89088K, 0% used [0x00000000f2800000,0x00000000f2800000,0x00000000f7f00000)
 ParOldGen       total 262656K, used 153153K [0x00000000c0000000, 0x00000000d0080000, 0x00000000eab00000)
  object space 262656K, 58% used [0x00000000c0000000,0x00000000c9590630,0x00000000d0080000)
 Metaspace       used 6158K, capacity 7064K, committed 7424K, reserved 1056768K
  class space    used 610K, capacity 656K, committed 768K, reserved 1048576K
Event: 30,591 GC heap after
Heap after GC invocations=11 (full 2):
 PSYoungGen      total 217088K, used 75246K [0x00000000eab00000, 0x0000000100000000, 0x0000000100000000)
  eden space 128000K, 0% used [0x00000000eab00000,0x00000000eab00000,0x00000000f2800000)
  from space 89088K, 84% used [0x00000000f2800000,0x00000000f717baf0,0x00000000f7f00000)
  to   space 99840K, 0% used [0x00000000f9e80000,0x00000000f9e80000,0x0000000100000000)
 ParOldGen       total 262656K, used 153153K [0x00000000c0000000, 0x00000000d0080000, 0x00000000eab00000)
  object space 262656K, 58% used [0x00000000c0000000,0x00000000c9590630,0x00000000d0080000)
 Metaspace       used 6158K, capacity 7064K, committed 7424K, reserved 1056768K
  class space    used 610K, capacity 656K, committed 768K, reserved 1048576K
}
Event: 31,553 GC heap before
{Heap before GC invocations=12 (full 2):
 PSYoungGen      total 217088K, used 203246K [0x00000000eab00000, 0x0000000100000000, 0x0000000100000000)
  eden space 128000K, 100% used [0x00000000eab00000,0x00000000f2800000,0x00000000f2800000)
  from space 89088K, 84% used [0x00000000f2800000,0x00000000f717baf0,0x00000000f7f00000)
  to   space 99840K, 0% used [0x00000000f9e80000,0x00000000f9e80000,0x0000000100000000)
 ParOldGen       total 262656K, used 153153K [0x00000000c0000000, 0x00000000d0080000, 0x00000000eab00000)
  object space 262656K, 58% used [0x00000000c0000000,0x00000000c9590630,0x00000000d0080000)
 Metaspace       used 6159K, capacity 7064K, committed 7424K, reserved 1056768K
  class space    used 610K, capacity 656K, committed 768K, reserved 1048576K
Event: 33,013 GC heap after
Heap after GC invocations=12 (full 2):
 PSYoungGen      total 238080K, used 69109K [0x00000000eab00000, 0x0000000100000000, 0x0000000100000000)
  eden space 138240K, 0% used [0x00000000eab00000,0x00000000eab00000,0x00000000f3200000)
  from space 99840K, 69% used [0x00000000f9e80000,0x00000000fe1fd650,0x0000000100000000)
  to   space 105472K, 0% used [0x00000000f3200000,0x00000000f3200000,0x00000000f9900000)
 ParOldGen       total 262656K, used 177756K [0x00000000c0000000, 0x00000000d0080000, 0x00000000eab00000)
  object space 262656K, 67% used [0x00000000c0000000,0x00000000cad97238,0x00000000d0080000)
 Metaspace       used 6159K, capacity 7064K, committed 7424K, reserved 1056768K
  class space    used 610K, capacity 656K, committed 768K, reserved 1048576K
}
Event: 35,671 GC heap before
{Heap before GC invocations=13 (full 2):
 PSYoungGen      total 238080K, used 207349K [0x00000000eab00000, 0x0000000100000000, 0x0000000100000000)
  eden space 138240K, 100% used [0x00000000eab00000,0x00000000f3200000,0x00000000f3200000)
  from space 99840K, 69% used [0x00000000f9e80000,0x00000000fe1fd650,0x0000000100000000)
  to   space 105472K, 0% used [0x00000000f3200000,0x00000000f3200000,0x00000000f9900000)
 ParOldGen       total 262656K, used 177756K [0x00000000c0000000, 0x00000000d0080000, 0x00000000eab00000)
  object space 262656K, 67% used [0x00000000c0000000,0x00000000cad97238,0x00000000d0080000)
 Metaspace       used 6292K, capacity 7192K, committed 7424K, reserved 1056768K
  class space    used 610K, capacity 656K, committed 768K, reserved 1048576K
Event: 36,024 GC heap after
Heap after GC invocations=13 (full 2):
 PSYoungGen      total 202240K, used 63783K [0x00000000eab00000, 0x0000000100000000, 0x0000000100000000)
  eden space 138240K, 0% used [0x00000000eab00000,0x00000000eab00000,0x00000000f3200000)
  from space 64000K, 99% used [0x00000000f3200000,0x00000000f7049dc0,0x00000000f7080000)
  to   space 108032K, 0% used [0x00000000f9680000,0x00000000f9680000,0x0000000100000000)
 ParOldGen       total 262656K, used 204195K [0x00000000c0000000, 0x00000000d0080000, 0x00000000eab00000)
  object space 262656K, 77% used [0x00000000c0000000,0x00000000cc768ed0,0x00000000d0080000)
 Metaspace       used 6292K, capacity 7192K, committed 7424K, reserved 1056768K
  class space    used 610K, capacity 656K, committed 768K, reserved 1048576K
}
Event: 36,786 GC heap before
{Heap before GC invocations=14 (full 2):
 PSYoungGen      total 202240K, used 202023K [0x00000000eab00000, 0x0000000100000000, 0x0000000100000000)
  eden space 138240K, 100% used [0x00000000eab00000,0x00000000f3200000,0x00000000f3200000)
  from space 64000K, 99% used [0x00000000f3200000,0x00000000f7049dc0,0x00000000f7080000)
  to   space 108032K, 0% used [0x00000000f9680000,0x00000000f9680000,0x0000000100000000)
 ParOldGen       total 262656K, used 204195K [0x00000000c0000000, 0x00000000d0080000, 0x00000000eab00000)
  object space 262656K, 77% used [0x00000000c0000000,0x00000000cc768ed0,0x00000000d0080000)
 Metaspace       used 6333K, capacity 7192K, committed 7424K, reserved 1056768K
  class space    used 610K, capacity 656K, committed 768K, reserved 1048576K
Event: 37,255 GC heap after
Heap after GC invocations=14 (full 2):
 PSYoungGen      total 241152K, used 61279K [0x00000000eab00000, 0x0000000100000000, 0x0000000100000000)
  eden space 133120K, 0% used [0x00000000eab00000,0x00000000eab00000,0x00000000f2d00000)
  from space 108032K, 56% used [0x00000000f9680000,0x00000000fd257cf8,0x0000000100000000)
  to   space 108032K, 0% used [0x00000000f2d00000,0x00000000f2d00000,0x00000000f9680000)
 ParOldGen       total 266752K, used 266459K [0x00000000c0000000, 0x00000000d0480000, 0x00000000eab00000)
  object space 266752K, 99% used [0x00000000c0000000,0x00000000d0436dc0,0x00000000d0480000)
 Metaspace       used 6333K, capacity 7192K, committed 7424K, reserved 1056768K
  class space    used 610K, capacity 656K, committed 768K, reserved 1048576K
}
Event: 39,828 GC heap before
{Heap before GC invocations=15 (full 3):
 PSYoungGen      total 241152K, used 61279K [0x00000000eab00000, 0x0000000100000000, 0x0000000100000000)
  eden space 133120K, 0% used [0x00000000eab00000,0x00000000eab00000,0x00000000f2d00000)
  from space 108032K, 56% used [0x00000000f9680000,0x00000000fd257cf8,0x0000000100000000)
  to   space 108032K, 0% used [0x00000000f2d00000,0x00000000f2d00000,0x00000000f9680000)
 ParOldGen       total 266752K, used 266459K [0x00000000c0000000, 0x00000000d0480000, 0x00000000eab00000)
  object space 266752K, 99% used [0x00000000c0000000,0x00000000d0436dc0,0x00000000d0480000)
 Metaspace       used 6333K, capacity 7192K, committed 7424K, reserved 1056768K
  class space    used 610K, capacity 656K, committed 768K, reserved 1048576K

Deoptimization events (10 events):
Event: 30,784 Thread 0x00007f9628155000 Uncommon trap: reason=unstable_if action=reinterpret pc=0x00007f96192ceae8 method=com.android.dx.ssa.SetFactory.makeLivenessSet(I)Lcom/android/dx/util/IntSet; @ 4
Event: 30,811 Thread 0x00007f9628155000 Uncommon trap: reason=unstable_if action=reinterpret pc=0x00007f96192a7ffc method=com.android.dx.ssa.SetFactory.makeLivenessSet(I)Lcom/android/dx/util/IntSet; @ 4
Event: 33,621 Thread 0x00007f962800a000 Uncommon trap: reason=unstable_if action=reinterpret pc=0x00007f9619570fac method=com.android.dx.ssa.SCCP.simulateStmt(Lcom/android/dx/ssa/SsaInsn;)V @ 59
Event: 33,679 Thread 0x00007f962800a000 Uncommon trap: reason=unstable_if action=reinterpret pc=0x00007f9619641df8 method=com.android.dx.cf.code.Ropper.isSynchronized()Z @ 12
Event: 33,959 Thread 0x00007f962800a000 Uncommon trap: reason=unstable_if action=reinterpret pc=0x00007f96195fcb10 method=com.android.dx.cf.code.Merger.mergeType(Lcom/android/dx/rop/type/TypeBearer;Lcom/android/dx/rop/type/TypeBearer;)Lcom/android/dx/rop/type/TypeBearer; @ 52
Event: 33,960 Thread 0x00007f962800a000 Uncommon trap: reason=unstable_if action=reinterpret pc=0x00007f96195d3e64 method=com.android.dx.cf.code.Merger.mergeType(Lcom/android/dx/rop/type/TypeBearer;Lcom/android/dx/rop/type/TypeBearer;)Lcom/android/dx/rop/type/TypeBearer; @ 133
Event: 34,271 Thread 0x00007f962800a000 Uncommon trap: reason=bimorphic action=maybe_recompile pc=0x00007f9619584c74 method=com.android.dx.cf.code.BytecodeArray.parseInstruction(ILcom/android/dx/cf/code/BytecodeArray$Visitor;)I @ 1357
Event: 34,272 Thread 0x00007f962800a000 Uncommon trap: reason=bimorphic action=maybe_recompile pc=0x00007f9619584c74 method=com.android.dx.cf.code.BytecodeArray.parseInstruction(ILcom/android/dx/cf/code/BytecodeArray$Visitor;)I @ 1357
Event: 34,305 Thread 0x00007f962800a000 Uncommon trap: reason=bimorphic action=maybe_recompile pc=0x00007f96195838fc method=com.android.dx.cf.code.BytecodeArray.parseInstruction(ILcom/android/dx/cf/code/BytecodeArray$Visitor;)I @ 2135
Event: 34,307 Thread 0x00007f962800a000 Uncommon trap: reason=bimorphic action=maybe_recompile pc=0x00007f96195838fc method=com.android.dx.cf.code.BytecodeArray.parseInstruction(ILcom/android/dx/cf/code/BytecodeArray$Visitor;)I @ 2135

Internal exceptions (5 events):
Event: 0,185 Thread 0x00007f962800a000 Exception <a 'java/lang/NoSuchMethodError': Method sun.misc.Unsafe.defineClass(Ljava/lang/String;[BII)Ljava/lang/Class; name or signature does not match> (0x00000000eab07c78) thrown at [/HUDSON3/workspace/8-2-build-linux-amd64/jdk8u102/7268/hotspot/src/sh
Event: 0,185 Thread 0x00007f962800a000 Exception <a 'java/lang/NoSuchMethodError': Method sun.misc.Unsafe.prefetchRead(Ljava/lang/Object;J)V name or signature does not match> (0x00000000eab07f60) thrown at [/HUDSON3/workspace/8-2-build-linux-amd64/jdk8u102/7268/hotspot/src/share/vm/prims/jni.c
Event: 5,888 Thread 0x00007f9628153800 Exception <a 'java/lang/ArrayIndexOutOfBoundsException': 18> (0x00000000ec949b30) thrown at [/HUDSON3/workspace/8-2-build-linux-amd64/jdk8u102/7268/hotspot/src/share/vm/interpreter/interpreterRuntime.cpp, line 366]
Event: 5,889 Thread 0x00007f9628153800 Exception <a 'java/lang/ArrayIndexOutOfBoundsException': 145> (0x00000000ec94b6b0) thrown at [/HUDSON3/workspace/8-2-build-linux-amd64/jdk8u102/7268/hotspot/src/share/vm/interpreter/interpreterRuntime.cpp, line 366]
Event: 5,890 Thread 0x00007f9628153800 Exception <a 'java/lang/ArrayIndexOutOfBoundsException': 40> (0x00000000ec94c998) thrown at [/HUDSON3/workspace/8-2-build-linux-amd64/jdk8u102/7268/hotspot/src/share/vm/interpreter/interpreterRuntime.cpp, line 366]

Events (10 events):
Event: 36,042 Thread 0x00007f962800a000 DEOPT UNPACKING pc=0x00007f9619047633 sp=0x00007f9630944470 mode 0
Event: 36,182 Thread 0x00007f962800a000 DEOPT PACKING pc=0x00007f96194f2860 sp=0x00007f96309445d0
Event: 36,182 Thread 0x00007f962800a000 DEOPT UNPACKING pc=0x00007f9619047633 sp=0x00007f9630944378 mode 0
Event: 36,362 Thread 0x00007f962800a000 DEOPT PACKING pc=0x00007f96193aaeac sp=0x00007f9630944460
Event: 36,362 Thread 0x00007f962800a000 DEOPT UNPACKING pc=0x00007f9619047633 sp=0x00007f9630944238 mode 0
Event: 36,375 Thread 0x00007f9628155000 DEOPT PACKING pc=0x00007f961943d8ee sp=0x00007f961146aaa0
Event: 36,375 Thread 0x00007f9628155000 DEOPT UNPACKING pc=0x00007f9619047633 sp=0x00007f961146a8d0 mode 0
Event: 36,493 Thread 0x00007f9628155000 DEOPT PACKING pc=0x00007f96196b0ed8 sp=0x00007f961146af10
Event: 36,493 Thread 0x00007f9628155000 DEOPT UNPACKING pc=0x00007f9619047633 sp=0x00007f961146ad60 mode 0
Event: 36,786 Executing VM operation: ParallelGCFailedAllocation


Dynamic libraries:
00400000-00401000 r-xp 00000000 08:04 2360749                            /opt/jdk/jdk1.8.0_102/bin/java
00600000-00601000 rw-p 00000000 08:04 2360749                            /opt/jdk/jdk1.8.0_102/bin/java
00f9f000-00fc0000 rw-p 00000000 00:00 0                                  [heap]
c0000000-d0480000 rw-p 00000000 00:00 0 
d2480000-eab00000 ---p 00000000 00:00 0 
eab00000-100000000 rw-p 00000000 00:00 0 
100000000-1000c0000 rw-p 00000000 00:00 0 
1000c0000-140000000 ---p 00000000 00:00 0 
7f95c4000000-7f95c40de000 rw-p 00000000 00:00 0 
7f95c40de000-7f95c8000000 ---p 00000000 00:00 0 
7f95cc000000-7f95cc0b2000 rw-p 00000000 00:00 0 
7f95cc0b2000-7f95d0000000 ---p 00000000 00:00 0 
7f95d4000000-7f95d4021000 rw-p 00000000 00:00 0 
7f95d4021000-7f95d8000000 ---p 00000000 00:00 0 
7f95d8000000-7f95d80d4000 rw-p 00000000 00:00 0 
7f95d80d4000-7f95dc000000 ---p 00000000 00:00 0 
7f95dc000000-7f95dc021000 rw-p 00000000 00:00 0 
7f95dc021000-7f95e0000000 ---p 00000000 00:00 0 
7f95e0000000-7f95e00f5000 rw-p 00000000 00:00 0 
7f95e00f5000-7f95e4000000 ---p 00000000 00:00 0 
7f95e4000000-7f95e4979000 rw-p 00000000 00:00 0 
7f95e4979000-7f95e8000000 ---p 00000000 00:00 0 
7f95e8000000-7f95e8021000 rw-p 00000000 00:00 0 
7f95e8021000-7f95ec000000 ---p 00000000 00:00 0 
7f95ec000000-7f95ed58f000 rw-p 00000000 00:00 0 
7f95ed58f000-7f95f0000000 ---p 00000000 00:00 0 
7f95f0000000-7f95f1525000 rw-p 00000000 00:00 0 
7f95f1525000-7f95f4000000 ---p 00000000 00:00 0 
7f95f4000000-7f95f4021000 rw-p 00000000 00:00 0 
7f95f4021000-7f95f8000000 ---p 00000000 00:00 0 
7f95f8000000-7f95f8021000 rw-p 00000000 00:00 0 
7f95f8021000-7f95fc000000 ---p 00000000 00:00 0 
7f95fc000000-7f95fc298000 rw-p 00000000 00:00 0 
7f95fc298000-7f9600000000 ---p 00000000 00:00 0 
7f9600000000-7f9600021000 rw-p 00000000 00:00 0 
7f9600021000-7f9604000000 ---p 00000000 00:00 0 
7f9604000000-7f9604021000 rw-p 00000000 00:00 0 
7f9604021000-7f9608000000 ---p 00000000 00:00 0 
7f9608000000-7f9608021000 rw-p 00000000 00:00 0 
7f9608021000-7f960c000000 ---p 00000000 00:00 0 
7f960c000000-7f960c021000 rw-p 00000000 00:00 0 
7f960c021000-7f9610000000 ---p 00000000 00:00 0 
7f961126b000-7f961126e000 ---p 00000000 00:00 0 
7f961126e000-7f961136c000 rw-p 00000000 00:00 0                          [stack:19377]
7f961136c000-7f961136f000 ---p 00000000 00:00 0 
7f961136f000-7f961146d000 rw-p 00000000 00:00 0                          [stack:19376]
7f961146d000-7f9611470000 ---p 00000000 00:00 0 
7f9611470000-7f961156e000 rw-p 00000000 00:00 0                          [stack:19375]
7f961156e000-7f9611571000 ---p 00000000 00:00 0 
7f9611571000-7f961166f000 rw-p 00000000 00:00 0                          [stack:19374]
7f961166f000-7f9611672000 ---p 00000000 00:00 0 
7f9611672000-7f9611770000 rw-p 00000000 00:00 0                          [stack:19373]
7f9611770000-7f9611771000 ---p 00000000 00:00 0 
7f9611771000-7f9611871000 rw-p 00000000 00:00 0                          [stack:19366]
7f9611871000-7f9611874000 ---p 00000000 00:00 0 
7f9611874000-7f9611972000 rw-p 00000000 00:00 0                          [stack:19365]
7f9611972000-7f9611975000 ---p 00000000 00:00 0 
7f9611975000-7f9611a73000 rw-p 00000000 00:00 0                          [stack:19363]
7f9611a73000-7f9611a76000 ---p 00000000 00:00 0 
7f9611a76000-7f9611b74000 rw-p 00000000 00:00 0                          [stack:19362]
7f9611b74000-7f9611b77000 ---p 00000000 00:00 0 
7f9611b77000-7f9611c75000 rw-p 00000000 00:00 0                          [stack:19359]
7f9611c75000-7f9611c78000 ---p 00000000 00:00 0 
7f9611c78000-7f9611d76000 rw-p 00000000 00:00 0                          [stack:19357]
7f9611d76000-7f9611eff000 r--p 00000000 08:04 924362                     /usr/lib/locale/locale-archive
7f9611eff000-7f9611f02000 ---p 00000000 00:00 0 
7f9611f02000-7f9614000000 rw-p 00000000 00:00 0                          [stack:19347]
7f9614000000-7f9614021000 rw-p 00000000 00:00 0 
7f9614021000-7f9618000000 ---p 00000000 00:00 0 
7f9618069000-7f961808e000 r--p 00000000 08:04 1713356                    /usr/share/locale/es/LC_MESSAGES/libc.mo
7f961808e000-7f9618091000 ---p 00000000 00:00 0 
7f9618091000-7f961818f000 rw-p 00000000 00:00 0                          [stack:19346]
7f961818f000-7f9618190000 ---p 00000000 00:00 0 
7f9618190000-7f9619000000 rw-p 00000000 00:00 0                          [stack:19345]
7f9619000000-7f9619860000 rwxp 00000000 00:00 0 
7f9619860000-7f9628000000 ---p 00000000 00:00 0 
7f9628000000-7f96283a8000 rw-p 00000000 00:00 0 
7f96283a8000-7f962c000000 ---p 00000000 00:00 0 
7f962c001000-7f962c012000 r--s 000bc000 08:04 1620622                    /home/alexis/Geobus/app/build/intermediates/exploded-aar/com.google.android.gms/play-services-ads/9.4.0/jars/classes.jar
7f962c012000-7f962c020000 r--s 000e0000 08:04 528314                     /home/alexis/Android/Sdk/build-tools/24.0.1/lib/dx.jar
7f962c020000-7f962c271000 rw-p 00000000 00:00 0 
7f962c271000-7f962c449000 r--s 03d29000 08:04 2360825                    /opt/jdk/jdk1.8.0_102/jre/lib/rt.jar
7f962c449000-7f962cb3f000 rw-p 00000000 00:00 0 
7f962cb3f000-7f962ccbf000 ---p 00000000 00:00 0 
7f962ccbf000-7f962cebf000 rw-p 00000000 00:00 0 
7f962cebf000-7f962cec0000 ---p 00000000 00:00 0 
7f962cec0000-7f962cfc0000 rw-p 00000000 00:00 0                          [stack:19341]
7f962cfc0000-7f962cfc1000 ---p 00000000 00:00 0 
7f962cfc1000-7f962d0c1000 rw-p 00000000 00:00 0                          [stack:19338]
7f962d0c1000-7f962d0c2000 ---p 00000000 00:00 0 
7f962d0c2000-7f962d1c2000 rw-p 00000000 00:00 0                          [stack:19337]
7f962d1c2000-7f962d1c3000 ---p 00000000 00:00 0 
7f962d1c3000-7f962d346000 rw-p 00000000 00:00 0                          [stack:19336]
7f962d346000-7f962d419000 ---p 00000000 00:00 0 
7f962d419000-7f962d49c000 rw-p 00000000 00:00 0 
7f962d49c000-7f962d56e000 ---p 00000000 00:00 0 
7f962d56e000-7f962d619000 rw-p 00000000 00:00 0 
7f962d619000-7f962d63c000 rw-p 00000000 00:00 0 
7f962d63c000-7f962d9da000 ---p 00000000 00:00 0 
7f962d9da000-7f962d9f4000 r-xp 00000000 08:04 2360856                    /opt/jdk/jdk1.8.0_102/jre/lib/amd64/libzip.so
7f962d9f4000-7f962dbf4000 ---p 0001a000 08:04 2360856                    /opt/jdk/jdk1.8.0_102/jre/lib/amd64/libzip.so
7f962dbf4000-7f962dbf5000 rw-p 0001a000 08:04 2360856                    /opt/jdk/jdk1.8.0_102/jre/lib/amd64/libzip.so
7f962dbf5000-7f962dc00000 r-xp 00000000 08:04 794090                     /lib/x86_64-linux-gnu/libnss_files-2.19.so
7f962dc00000-7f962ddff000 ---p 0000b000 08:04 794090                     /lib/x86_64-linux-gnu/libnss_files-2.19.so
7f962ddff000-7f962de00000 r--p 0000a000 08:04 794090                     /lib/x86_64-linux-gnu/libnss_files-2.19.so
7f962de00000-7f962de01000 rw-p 0000b000 08:04 794090                     /lib/x86_64-linux-gnu/libnss_files-2.19.so
7f962de01000-7f962de0b000 r-xp 00000000 08:04 795042                     /lib/x86_64-linux-gnu/libnss_nis-2.19.so
7f962de0b000-7f962e00a000 ---p 0000a000 08:04 795042                     /lib/x86_64-linux-gnu/libnss_nis-2.19.so
7f962e00a000-7f962e00b000 r--p 00009000 08:04 795042                     /lib/x86_64-linux-gnu/libnss_nis-2.19.so
7f962e00b000-7f962e00c000 rw-p 0000a000 08:04 795042                     /lib/x86_64-linux-gnu/libnss_nis-2.19.so
7f962e00c000-7f962e021000 r-xp 00000000 08:04 794087                     /lib/x86_64-linux-gnu/libnsl-2.19.so
7f962e021000-7f962e220000 ---p 00015000 08:04 794087                     /lib/x86_64-linux-gnu/libnsl-2.19.so
7f962e220000-7f962e221000 r--p 00014000 08:04 794087                     /lib/x86_64-linux-gnu/libnsl-2.19.so
7f962e221000-7f962e222000 rw-p 00015000 08:04 794087                     /lib/x86_64-linux-gnu/libnsl-2.19.so
7f962e222000-7f962e224000 rw-p 00000000 00:00 0 
7f962e224000-7f962e22b000 r-xp 00000000 08:04 794088                     /lib/x86_64-linux-gnu/libnss_compat-2.19.so
7f962e22b000-7f962e42a000 ---p 00007000 08:04 794088                     /lib/x86_64-linux-gnu/libnss_compat-2.19.so
7f962e42a000-7f962e42b000 r--p 00006000 08:04 794088                     /lib/x86_64-linux-gnu/libnss_compat-2.19.so
7f962e42b000-7f962e42c000 rw-p 00007000 08:04 794088                     /lib/x86_64-linux-gnu/libnss_compat-2.19.so
7f962e42c000-7f962e456000 r-xp 00000000 08:04 2360883                    /opt/jdk/jdk1.8.0_102/jre/lib/amd64/libjava.so
7f962e456000-7f962e656000 ---p 0002a000 08:04 2360883                    /opt/jdk/jdk1.8.0_102/jre/lib/amd64/libjava.so
7f962e656000-7f962e658000 rw-p 0002a000 08:04 2360883                    /opt/jdk/jdk1.8.0_102/jre/lib/amd64/libjava.so
7f962e658000-7f962e665000 r-xp 00000000 08:04 2360834                    /opt/jdk/jdk1.8.0_102/jre/lib/amd64/libverify.so
7f962e665000-7f962e865000 ---p 0000d000 08:04 2360834                    /opt/jdk/jdk1.8.0_102/jre/lib/amd64/libverify.so
7f962e865000-7f962e867000 rw-p 0000d000 08:04 2360834                    /opt/jdk/jdk1.8.0_102/jre/lib/amd64/libverify.so
7f962e867000-7f962e86e000 r-xp 00000000 08:04 795046                     /lib/x86_64-linux-gnu/librt-2.19.so
7f962e86e000-7f962ea6d000 ---p 00007000 08:04 795046                     /lib/x86_64-linux-gnu/librt-2.19.so
7f962ea6d000-7f962ea6e000 r--p 00006000 08:04 795046                     /lib/x86_64-linux-gnu/librt-2.19.so
7f962ea6e000-7f962ea6f000 rw-p 00007000 08:04 795046                     /lib/x86_64-linux-gnu/librt-2.19.so
7f962ea6f000-7f962eb6f000 r-xp 00000000 08:04 794085                     /lib/x86_64-linux-gnu/libm-2.19.so
7f962eb6f000-7f962ed6e000 ---p 00100000 08:04 794085                     /lib/x86_64-linux-gnu/libm-2.19.so
7f962ed6e000-7f962ed6f000 r--p 000ff000 08:04 794085                     /lib/x86_64-linux-gnu/libm-2.19.so
7f962ed6f000-7f962ed70000 rw-p 00100000 08:04 794085                     /lib/x86_64-linux-gnu/libm-2.19.so
7f962ed70000-7f962fa3c000 r-xp 00000000 08:04 2360887                    /opt/jdk/jdk1.8.0_102/jre/lib/amd64/server/libjvm.so
7f962fa3c000-7f962fc3c000 ---p 00ccc000 08:04 2360887                    /opt/jdk/jdk1.8.0_102/jre/lib/amd64/server/libjvm.so
7f962fc3c000-7f962fd15000 rw-p 00ccc000 08:04 2360887                    /opt/jdk/jdk1.8.0_102/jre/lib/amd64/server/libjvm.so
7f962fd15000-7f962fd60000 rw-p 00000000 00:00 0 
7f962fd60000-7f962ff01000 r-xp 00000000 08:04 793880                     /lib/x86_64-linux-gnu/libc-2.19.so
7f962ff01000-7f9630101000 ---p 001a1000 08:04 793880                     /lib/x86_64-linux-gnu/libc-2.19.so
7f9630101000-7f9630105000 r--p 001a1000 08:04 793880                     /lib/x86_64-linux-gnu/libc-2.19.so
7f9630105000-7f9630107000 rw-p 001a5000 08:04 793880                     /lib/x86_64-linux-gnu/libc-2.19.so
7f9630107000-7f963010b000 rw-p 00000000 00:00 0 
7f963010b000-7f963010e000 r-xp 00000000 08:04 794084                     /lib/x86_64-linux-gnu/libdl-2.19.so
7f963010e000-7f963030d000 ---p 00003000 08:04 794084                     /lib/x86_64-linux-gnu/libdl-2.19.so
7f963030d000-7f963030e000 r--p 00002000 08:04 794084                     /lib/x86_64-linux-gnu/libdl-2.19.so
7f963030e000-7f963030f000 rw-p 00003000 08:04 794084                     /lib/x86_64-linux-gnu/libdl-2.19.so
7f963030f000-7f9630324000 r-xp 00000000 08:04 2359968                    /opt/jdk/jdk1.8.0_102/lib/amd64/jli/libjli.so
7f9630324000-7f9630524000 ---p 00015000 08:04 2359968                    /opt/jdk/jdk1.8.0_102/lib/amd64/jli/libjli.so
7f9630524000-7f9630525000 rw-p 00015000 08:04 2359968                    /opt/jdk/jdk1.8.0_102/lib/amd64/jli/libjli.so
7f9630525000-7f963053d000 r-xp 00000000 08:04 793541                     /lib/x86_64-linux-gnu/libpthread-2.19.so
7f963053d000-7f963073c000 ---p 00018000 08:04 793541                     /lib/x86_64-linux-gnu/libpthread-2.19.so
7f963073c000-7f963073d000 r--p 00017000 08:04 793541                     /lib/x86_64-linux-gnu/libpthread-2.19.so
7f963073d000-7f963073e000 rw-p 00018000 08:04 793541                     /lib/x86_64-linux-gnu/libpthread-2.19.so
7f963073e000-7f9630742000 rw-p 00000000 00:00 0 
7f9630742000-7f9630762000 r-xp 00000000 08:04 793563                     /lib/x86_64-linux-gnu/ld-2.19.so
7f963076d000-7f9630846000 rw-p 00000000 00:00 0 
7f9630846000-7f9630849000 ---p 00000000 00:00 0 
7f9630849000-7f963094b000 rw-p 00000000 00:00 0                          [stack:19328]
7f963094e000-7f963094f000 rw-p 00000000 00:00 0 
7f963094f000-7f9630956000 r--s 00000000 08:04 1060537                    /usr/lib/x86_64-linux-gnu/gconv/gconv-modules.cache
7f9630956000-7f963095e000 rw-s 00000000 08:04 2244039                    /tmp/hsperfdata_alexis/19323
7f963095e000-7f963095f000 rw-p 00000000 00:00 0 
7f963095f000-7f9630960000 ---p 00000000 00:00 0 
7f9630960000-7f9630962000 rw-p 00000000 00:00 0 
7f9630962000-7f9630963000 r--p 00020000 08:04 793563                     /lib/x86_64-linux-gnu/ld-2.19.so
7f9630963000-7f9630964000 rw-p 00021000 08:04 793563                     /lib/x86_64-linux-gnu/ld-2.19.so
7f9630964000-7f9630965000 rw-p 00000000 00:00 0 
7ffc63fea000-7ffc6400b000 rw-p 00000000 00:00 0                          [stack]
7ffc641bb000-7ffc641bd000 r-xp 00000000 00:00 0                          [vdso]
7ffc641bd000-7ffc641bf000 r--p 00000000 00:00 0                          [vvar]
ffffffffff600000-ffffffffff601000 r-xp 00000000 00:00 0                  [vsyscall]

VM Arguments:
jvm_args: -Djava.awt.headless=true -Xmx1024M -Dfile.encoding=UTF-8 -Duser.country=AR -Duser.language=es -Duser.variant 
java_command: com.android.dx.command.Main --dex --force-jumbo --num-threads=4 --multi-dex --output /home/alexis/Geobus/app/build/intermediates/transforms/dex/debug/folders/1000/10/com.google.android.gms-play-services-ads-9.4.0_5596081b50d056e2ce5887f4ce028103dae1bad5 /home/alexis/Geobus/app/build/intermediates/exploded-aar/com.google.android.gms/play-services-ads/9.4.0/jars/classes.jar
java_class_path (initial): /home/alexis/Android/Sdk/build-tools/24.0.1/lib/dx.jar
Launcher Type: SUN_STANDARD

Environment Variables:
PATH=/home/alexis/bin:/usr/sbin:/sbin:/usr/local/bin:/usr/bin:/bin:/usr/local/games:/usr/games
LD_LIBRARY_PATH=/opt/android-studio/bin/.:
SHELL=/bin/bash
DISPLAY=:0

Signal Handlers:
SIGSEGV: [libjvm.so+0xac5b30], sa_mask[0]=11111111011111111101111111111110, sa_flags=SA_RESTART|SA_SIGINFO
SIGBUS: [libjvm.so+0xac5b30], sa_mask[0]=11111111011111111101111111111110, sa_flags=SA_RESTART|SA_SIGINFO
SIGFPE: [libjvm.so+0x91f470], sa_mask[0]=11111111011111111101111111111110, sa_flags=SA_RESTART|SA_SIGINFO
SIGPIPE: [libjvm.so+0x91f470], sa_mask[0]=11111111011111111101111111111110, sa_flags=SA_RESTART|SA_SIGINFO
SIGXFSZ: [libjvm.so+0x91f470], sa_mask[0]=11111111011111111101111111111110, sa_flags=SA_RESTART|SA_SIGINFO
SIGILL: [libjvm.so+0x91f470], sa_mask[0]=11111111011111111101111111111110, sa_flags=SA_RESTART|SA_SIGINFO
SIGUSR1: SIG_DFL, sa_mask[0]=00000000000000000000000000000000, sa_flags=none
SIGUSR2: [libjvm.so+0x920aa0], sa_mask[0]=00100000000000000000000000000000, sa_flags=SA_RESTART|SA_SIGINFO
SIGHUP: [libjvm.so+0x921ea0], sa_mask[0]=11111111011111111101111111111110, sa_flags=SA_RESTART|SA_SIGINFO
SIGINT: [libjvm.so+0x921ea0], sa_mask[0]=11111111011111111101111111111110, sa_flags=SA_RESTART|SA_SIGINFO
SIGTERM: [libjvm.so+0x921ea0], sa_mask[0]=11111111011111111101111111111110, sa_flags=SA_RESTART|SA_SIGINFO
SIGQUIT: [libjvm.so+0x921ea0], sa_mask[0]=11111111011111111101111111111110, sa_flags=SA_RESTART|SA_SIGINFO


---------------  S Y S T E M  ---------------

OS:DISTRIB_ID="BunsenLabs"
DISTRIB_DESCRIPTION="BunsenLabs GNU/Linux 8.5 (Hydrogen)"
DISTRIB_RELEASE="8.5"
DISTRIB_CODENAME="bunsen-hydrogen"

uname:Linux 3.16.0-4-amd64 #1 SMP Debian 3.16.7-ckt25-2+deb8u3 (2016-07-02) x86_64
libc:glibc 2.19 NPTL 2.19 
rlimit: STACK 8192k, CORE 0k, NPROC 31341, NOFILE 65536, AS infinity
load average:26,51 12,93 7,61

/proc/meminfo:
MemTotal:        8045472 kB
MemFree:          110588 kB
MemAvailable:      47624 kB
Buffers:             116 kB
Cached:          2866316 kB
SwapCached:            0 kB
Active:          5038856 kB
Inactive:        2719508 kB
Active(anon):    5037596 kB
Inactive(anon):  2718092 kB
Active(file):       1260 kB
Inactive(file):     1416 kB
Unevictable:          32 kB
Mlocked:              32 kB
SwapTotal:             0 kB
SwapFree:              0 kB
Dirty:               116 kB
Writeback:            36 kB
AnonPages:       4892608 kB
Mapped:           770732 kB
Shmem:           2863112 kB
Slab:              90564 kB
SReclaimable:      40336 kB
SUnreclaim:        50228 kB
KernelStack:        9824 kB
PageTables:        37684 kB
NFS_Unstable:          0 kB
Bounce:                0 kB
WritebackTmp:          0 kB
CommitLimit:     4022736 kB
Committed_AS:   10920936 kB
VmallocTotal:   34359738367 kB
VmallocUsed:      552484 kB
VmallocChunk:   34359163832 kB
HardwareCorrupted:     0 kB
AnonHugePages:         0 kB
HugePages_Total:       0
HugePages_Free:        0
HugePages_Rsvd:        0
HugePages_Surp:        0
Hugepagesize:       2048 kB
DirectMap4k:       51456 kB
DirectMap2M:     8185856 kB


CPU:total 4 (2 cores per cpu, 2 threads per core) family 6 model 42 stepping 7, cmov, cx8, fxsr, mmx, sse, sse2, sse3, ssse3, sse4.1, sse4.2, popcnt, avx, aes, clmul, ht, tsc, tscinvbit

/proc/cpuinfo:
processor	: 0
vendor_id	: GenuineIntel
cpu family	: 6
model		: 42
model name	: Intel(R) Core(TM) i5-2410M CPU @ 2.30GHz
stepping	: 7
microcode	: 0x29
cpu MHz		: 2699.984
cache size	: 3072 KB
physical id	: 0
siblings	: 4
core id		: 0
cpu cores	: 2
apicid		: 0
initial apicid	: 0
fpu		: yes
fpu_exception	: yes
cpuid level	: 13
wp		: yes
flags		: fpu vme de pse tsc msr pae mce cx8 apic sep mtrr pge mca cmov pat pse36 clflush dts acpi mmx fxsr sse sse2 ss ht tm pbe syscall nx rdtscp lm constant_tsc arch_perfmon pebs bts rep_good nopl xtopology nonstop_tsc aperfmperf eagerfpu pni pclmulqdq dtes64 monitor ds_cpl vmx est tm2 ssse3 cx16 xtpr pdcm pcid sse4_1 sse4_2 x2apic popcnt tsc_deadline_timer aes xsave avx lahf_lm ida arat epb xsaveopt pln pts dtherm tpr_shadow vnmi flexpriority ept vpid
bogomips	: 4590.00
clflush size	: 64
cache_alignment	: 64
address sizes	: 36 bits physical, 48 bits virtual
power management:

processor	: 1
vendor_id	: GenuineIntel
cpu family	: 6
model		: 42
model name	: Intel(R) Core(TM) i5-2410M CPU @ 2.30GHz
stepping	: 7
microcode	: 0x29
cpu MHz		: 2699.714
cache size	: 3072 KB
physical id	: 0
siblings	: 4
core id		: 0
cpu cores	: 2
apicid		: 1
initial apicid	: 1
fpu		: yes
fpu_exception	: yes
cpuid level	: 13
wp		: yes
flags		: fpu vme de pse tsc msr pae mce cx8 apic sep mtrr pge mca cmov pat pse36 clflush dts acpi mmx fxsr sse sse2 ss ht tm pbe syscall nx rdtscp lm constant_tsc arch_perfmon pebs bts rep_good nopl xtopology nonstop_tsc aperfmperf eagerfpu pni pclmulqdq dtes64 monitor ds_cpl vmx est tm2 ssse3 cx16 xtpr pdcm pcid sse4_1 sse4_2 x2apic popcnt tsc_deadline_timer aes xsave avx lahf_lm ida arat epb xsaveopt pln pts dtherm tpr_shadow vnmi flexpriority ept vpid
bogomips	: 4590.00
clflush size	: 64
cache_alignment	: 64
address sizes	: 36 bits physical, 48 bits virtual
power management:

processor	: 2
vendor_id	: GenuineIntel
cpu family	: 6
model		: 42
model name	: Intel(R) Core(TM) i5-2410M CPU @ 2.30GHz
stepping	: 7
microcode	: 0x29
cpu MHz		: 2699.984
cache size	: 3072 KB
physical id	: 0
siblings	: 4
core id		: 1
cpu cores	: 2
apicid		: 2
initial apicid	: 2
fpu		: yes
fpu_exception	: yes
cpuid level	: 13
wp		: yes
flags		: fpu vme de pse tsc msr pae mce cx8 apic sep mtrr pge mca cmov pat pse36 clflush dts acpi mmx fxsr sse sse2 ss ht tm pbe syscall nx rdtscp lm constant_tsc arch_perfmon pebs bts rep_good nopl xtopology nonstop_tsc aperfmperf eagerfpu pni pclmulqdq dtes64 monitor ds_cpl vmx est tm2 ssse3 cx16 xtpr pdcm pcid sse4_1 sse4_2 x2apic popcnt tsc_deadline_timer aes xsave avx lahf_lm ida arat epb xsaveopt pln pts dtherm tpr_shadow vnmi flexpriority ept vpid
bogomips	: 4590.00
clflush size	: 64
cache_alignment	: 64
address sizes	: 36 bits physical, 48 bits virtual
power management:

processor	: 3
vendor_id	: GenuineIntel
cpu family	: 6
model		: 42
model name	: Intel(R) Core(TM) i5-2410M CPU @ 2.30GHz
stepping	: 7
microcode	: 0x29
cpu MHz		: 2699.984
cache size	: 3072 KB
physical id	: 0
siblings	: 4
core id		: 1
cpu cores	: 2
apicid		: 3
initial apicid	: 3
fpu		: yes
fpu_exception	: yes
cpuid level	: 13
wp		: yes
flags		: fpu vme de pse tsc msr pae mce cx8 apic sep mtrr pge mca cmov pat pse36 clflush dts acpi mmx fxsr sse sse2 ss ht tm pbe syscall nx rdtscp lm constant_tsc arch_perfmon pebs bts rep_good nopl xtopology nonstop_tsc aperfmperf eagerfpu pni pclmulqdq dtes64 monitor ds_cpl vmx est tm2 ssse3 cx16 xtpr pdcm pcid sse4_1 sse4_2 x2apic popcnt tsc_deadline_timer aes xsave avx lahf_lm ida arat epb xsaveopt pln pts dtherm tpr_shadow vnmi flexpriority ept vpid
bogomips	: 4590.00
clflush size	: 64
cache_alignment	: 64
address sizes	: 36 bits physical, 48 bits virtual
power management:



Memory: 4k page, physical 8045472k(109008k free), swap 0k(0k free)

vm_info: Java HotSpot(TM) 64-Bit Server VM (25.102-b14) for linux-amd64 JRE (1.8.0_102-b14), built on Jun 22 2016 18:43:17 by "java_re" with gcc 4.3.0 20080428 (Red Hat 4.3.0-8)

time: Sun Feb  5 19:47:36 2017
elapsed time: 126 seconds (0d 0h 2m 6s)

