#
# There is insufficient memory for the Java Runtime Environment to continue.
# Native memory allocation (mmap) failed to map 169869312 bytes for committing reserved memory.
# Possible reasons:
#   The system is out of physical RAM or swap space
#   In 32 bit mode, the process size limit was hit
# Possible solutions:
#   Reduce memory load on the system
#   Increase physical memory or swap space
#   Check if swap backing store is full
#   Use 64 bit Java on a 64 bit OS
#   Decrease Java heap size (-Xmx/-Xms)
#   Decrease number of Java threads
#   Decrease Java thread stack sizes (-Xss)
#   Set larger code cache with -XX:ReservedCodeCacheSize=
# This output file may be truncated or incomplete.
#
#  Out of Memory Error (os_linux.cpp:2627), pid=28530, tid=0x00007fe7388f0700
#
# JRE version: Java(TM) SE Runtime Environment (8.0_102-b14) (build 1.8.0_102-b14)
# Java VM: Java HotSpot(TM) 64-Bit Server VM (25.102-b14 mixed mode linux-amd64 compressed oops)
# Failed to write core dump. Core dumps have been disabled. To enable core dumping, try "ulimit -c unlimited" before starting Java again
#

---------------  T H R E A D  ---------------

Current thread (0x00007fe750078000):  VMThread [stack: 0x00007fe7387f0000,0x00007fe7388f1000] [id=28542]

Stack: [0x00007fe7387f0000,0x00007fe7388f1000],  sp=0x00007fe7388ef020,  free space=1020k
Native frames: (J=compiled Java code, j=interpreted, Vv=VM code, C=native code)
V  [libjvm.so+0xac52aa]  VMError::report_and_die()+0x2ba
V  [libjvm.so+0x4fc29b]  report_vm_out_of_memory(char const*, int, unsigned long, VMErrorType, char const*)+0x8b
V  [libjvm.so+0x922603]  os::Linux::commit_memory_impl(char*, unsigned long, bool)+0x103
V  [libjvm.so+0x922b59]  os::pd_commit_memory(char*, unsigned long, unsigned long, bool)+0x29
V  [libjvm.so+0x91ce5a]  os::commit_memory(char*, unsigned long, unsigned long, bool)+0x2a
V  [libjvm.so+0x9915e3]  PSVirtualSpace::expand_by(unsigned long)+0x53
V  [libjvm.so+0x9929e8]  PSYoungGen::resize_generation(unsigned long, unsigned long)+0xf8
V  [libjvm.so+0x991b42]  PSYoungGen::resize(unsigned long, unsigned long)+0x22
V  [libjvm.so+0x98ee1b]  PSScavenge::invoke_no_policy()+0xf3b
V  [libjvm.so+0x98f5a1]  PSScavenge::invoke()+0x41
V  [libjvm.so+0x9462f0]  ParallelScavengeHeap::failed_mem_allocate(unsigned long)+0x70
V  [libjvm.so+0xac6cc7]  VM_ParallelGCFailedAllocation::doit()+0x97
V  [libjvm.so+0xace7a5]  VM_Operation::evaluate()+0x55
V  [libjvm.so+0xaccb7a]  VMThread::evaluate_operation(VM_Operation*)+0xba
V  [libjvm.so+0xaccefe]  VMThread::loop()+0x1ce
V  [libjvm.so+0xacd370]  VMThread::run()+0x70
V  [libjvm.so+0x9249c8]  java_start(Thread*)+0x108

VM_Operation (0x00007fe733dfb630): ParallelGCFailedAllocation, mode: safepoint, requested by thread 0x00007fe750135800


---------------  P R O C E S S  ---------------

Java Threads: ( => current thread )
  0x00007fe75013c000 JavaThread "pool-2-thread-4" [_thread_blocked, id=28582, stack(0x00007fe7338f9000,0x00007fe7339fa000)]
  0x00007fe75013a800 JavaThread "pool-2-thread-3" [_thread_blocked, id=28581, stack(0x00007fe7339fa000,0x00007fe733afb000)]
  0x00007fe750139800 JavaThread "pool-2-thread-2" [_thread_blocked, id=28580, stack(0x00007fe733afb000,0x00007fe733bfc000)]
  0x00007fe750137800 JavaThread "pool-3-thread-1" [_thread_blocked, id=28579, stack(0x00007fe733bfc000,0x00007fe733cfd000)]
  0x00007fe750135800 JavaThread "pool-2-thread-1" [_thread_blocked, id=28573, stack(0x00007fe733cfd000,0x00007fe733dfe000)]
  0x00007fe7500c0800 JavaThread "Service Thread" daemon [_thread_blocked, id=28551, stack(0x00007fe733eff000,0x00007fe734000000)]
  0x00007fe7500bd000 JavaThread "C1 CompilerThread2" daemon [_thread_blocked, id=28550, stack(0x00007fe738061000,0x00007fe738162000)]
  0x00007fe7500bb800 JavaThread "C2 CompilerThread1" daemon [_thread_in_native, id=28549, stack(0x00007fe738162000,0x00007fe738263000)]
  0x00007fe7500b8800 JavaThread "C2 CompilerThread0" daemon [_thread_in_native, id=28548, stack(0x00007fe738263000,0x00007fe738364000)]
  0x00007fe7500b7000 JavaThread "Signal Dispatcher" daemon [_thread_blocked, id=28547, stack(0x00007fe738364000,0x00007fe738465000)]
  0x00007fe750084000 JavaThread "Finalizer" daemon [_thread_blocked, id=28546, stack(0x00007fe7385ee000,0x00007fe7386ef000)]
  0x00007fe75007f800 JavaThread "Reference Handler" daemon [_thread_blocked, id=28545, stack(0x00007fe7386ef000,0x00007fe7387f0000)]
  0x00007fe75000a000 JavaThread "main" [_thread_blocked, id=28532, stack(0x00007fe756f2f000,0x00007fe757030000)]

Other Threads:
=>0x00007fe750078000 VMThread [stack: 0x00007fe7387f0000,0x00007fe7388f1000] [id=28542]
  0x00007fe7500c3000 WatcherThread [stack: 0x00007fe733dfe000,0x00007fe733eff000] [id=28552]

VM state:at safepoint (normal execution)

VM Mutex/Monitor currently owned by a thread:  ([mutex/lock_event])
[0x00007fe7500064c0] Threads_lock - owner thread: 0x00007fe750078000
[0x00007fe7500069c0] Heap_lock - owner thread: 0x00007fe750135800

Heap:
 PSYoungGen      total 132096K, used 5114K [0x00000000eab00000, 0x00000000f3100000, 0x0000000100000000)
  eden space 126976K, 0% used [0x00000000eab00000,0x00000000eab00000,0x00000000f2700000)
  from space 5120K, 99% used [0x00000000f2700000,0x00000000f2bfeb38,0x00000000f2c00000)
  to   space 5120K, 0% used [0x00000000f2c00000,0x00000000f2c00000,0x00000000f3100000)
 ParOldGen       total 84992K, used 40128K [0x00000000c0000000, 0x00000000c5300000, 0x00000000eab00000)
  object space 84992K, 47% used [0x00000000c0000000,0x00000000c27302f8,0x00000000c5300000)
 Metaspace       used 6199K, capacity 7152K, committed 7296K, reserved 1056768K
  class space    used 599K, capacity 616K, committed 640K, reserved 1048576K

Card table byte_map: [0x00007fe740a3f000,0x00007fe740c40000] byte_map_base: 0x00007fe74043f000

Marking Bits: (ParMarkBitMap*) 0x00007fe75641bc60
 Begin Bits: [0x00007fe73a000000, 0x00007fe73b000000)
 End Bits:   [0x00007fe73b000000, 0x00007fe73c000000)

Polling page: 0x00007fe757048000

CodeCache: size=245760Kb used=6682Kb max_used=6682Kb free=239077Kb
 bounds [0x00007fe741000000, 0x00007fe741690000, 0x00007fe750000000]
 total_blobs=2057 nmethods=1794 adapters=176
 compilation: enabled

Compilation events (10 events):
Event: 9,983 Thread 0x00007fe7500bd000 2112       2       java.util.TreeMap$EntrySet::iterator (19 bytes)
Event: 9,983 Thread 0x00007fe7500bd000 nmethod 2112 0x00007fe741684850 code [0x00007fe7416849c0, 0x00007fe741684c30]
Event: 9,983 Thread 0x00007fe7500bd000 2113       2       java.util.TreeMap$EntryIterator::<init> (12 bytes)
Event: 9,983 Thread 0x00007fe7500bd000 nmethod 2113 0x00007fe741684d90 code [0x00007fe741684ee0, 0x00007fe741685090]
Event: 9,983 Thread 0x00007fe7500bd000 2109       2       java.util.DualPivotQuicksort::sort (614 bytes)
Event: 9,985 Thread 0x00007fe7500bd000 nmethod 2109 0x00007fe741685150 code [0x00007fe7416853a0, 0x00007fe7416860f8]
Event: 10,006 Thread 0x00007fe7500bd000 2114       2       com.android.dx.cf.direct.DirectClassFile::makeTypeList (47 bytes)
Event: 10,007 Thread 0x00007fe7500bd000 nmethod 2114 0x00007fe7416874d0 code [0x00007fe741687660, 0x00007fe741687918]
Event: 10,077 Thread 0x00007fe7500bd000 2116       3       com.android.dx.cf.code.Merger::mergeLocals (122 bytes)
Event: 10,079 Thread 0x00007fe7500bd000 nmethod 2116 0x00007fe741687a50 code [0x00007fe741687ce0, 0x00007fe741688dc8]

GC Heap History (9 events):
Event: 3,515 GC heap before
{Heap before GC invocations=1 (full 0):
 PSYoungGen      total 36864K, used 31744K [0x00000000eab00000, 0x00000000ed400000, 0x0000000100000000)
  eden space 31744K, 100% used [0x00000000eab00000,0x00000000eca00000,0x00000000eca00000)
  from space 5120K, 0% used [0x00000000ecf00000,0x00000000ecf00000,0x00000000ed400000)
  to   space 5120K, 0% used [0x00000000eca00000,0x00000000eca00000,0x00000000ecf00000)
 ParOldGen       total 84992K, used 0K [0x00000000c0000000, 0x00000000c5300000, 0x00000000eab00000)
  object space 84992K, 0% used [0x00000000c0000000,0x00000000c0000000,0x00000000c5300000)
 Metaspace       used 5672K, capacity 6768K, committed 7040K, reserved 1056768K
  class space    used 579K, capacity 616K, committed 640K, reserved 1048576K
Event: 3,562 GC heap after
Heap after GC invocations=1 (full 0):
 PSYoungGen      total 36864K, used 5108K [0x00000000eab00000, 0x00000000ef300000, 0x0000000100000000)
  eden space 31744K, 0% used [0x00000000eab00000,0x00000000eab00000,0x00000000eca00000)
  from space 5120K, 99% used [0x00000000eca00000,0x00000000ecefd280,0x00000000ecf00000)
  to   space 5120K, 0% used [0x00000000eee00000,0x00000000eee00000,0x00000000ef300000)
 ParOldGen       total 84992K, used 956K [0x00000000c0000000, 0x00000000c5300000, 0x00000000eab00000)
  object space 84992K, 1% used [0x00000000c0000000,0x00000000c00ef048,0x00000000c5300000)
 Metaspace       used 5672K, capacity 6768K, committed 7040K, reserved 1056768K
  class space    used 579K, capacity 616K, committed 640K, reserved 1048576K
}
Event: 5,643 GC heap before
{Heap before GC invocations=2 (full 0):
 PSYoungGen      total 36864K, used 36852K [0x00000000eab00000, 0x00000000ef300000, 0x0000000100000000)
  eden space 31744K, 100% used [0x00000000eab00000,0x00000000eca00000,0x00000000eca00000)
  from space 5120K, 99% used [0x00000000eca00000,0x00000000ecefd280,0x00000000ecf00000)
  to   space 5120K, 0% used [0x00000000eee00000,0x00000000eee00000,0x00000000ef300000)
 ParOldGen       total 84992K, used 956K [0x00000000c0000000, 0x00000000c5300000, 0x00000000eab00000)
  object space 84992K, 1% used [0x00000000c0000000,0x00000000c00ef048,0x00000000c5300000)
 Metaspace       used 5800K, capacity 6896K, committed 7040K, reserved 1056768K
  class space    used 579K, capacity 616K, committed 640K, reserved 1048576K
Event: 5,715 GC heap after
Heap after GC invocations=2 (full 0):
 PSYoungGen      total 68608K, used 5088K [0x00000000eab00000, 0x00000000ef300000, 0x0000000100000000)
  eden space 63488K, 0% used [0x00000000eab00000,0x00000000eab00000,0x00000000ee900000)
  from space 5120K, 99% used [0x00000000eee00000,0x00000000ef2f8200,0x00000000ef300000)
  to   space 5120K, 0% used [0x00000000ee900000,0x00000000ee900000,0x00000000eee00000)
 ParOldGen       total 84992K, used 4476K [0x00000000c0000000, 0x00000000c5300000, 0x00000000eab00000)
  object space 84992K, 5% used [0x00000000c0000000,0x00000000c045f278,0x00000000c5300000)
 Metaspace       used 5800K, capacity 6896K, committed 7040K, reserved 1056768K
  class space    used 579K, capacity 616K, committed 640K, reserved 1048576K
}
Event: 6,647 GC heap before
{Heap before GC invocations=3 (full 0):
 PSYoungGen      total 68608K, used 68576K [0x00000000eab00000, 0x00000000ef300000, 0x0000000100000000)
  eden space 63488K, 100% used [0x00000000eab00000,0x00000000ee900000,0x00000000ee900000)
  from space 5120K, 99% used [0x00000000eee00000,0x00000000ef2f8200,0x00000000ef300000)
  to   space 5120K, 0% used [0x00000000ee900000,0x00000000ee900000,0x00000000eee00000)
 ParOldGen       total 84992K, used 4476K [0x00000000c0000000, 0x00000000c5300000, 0x00000000eab00000)
  object space 84992K, 5% used [0x00000000c0000000,0x00000000c045f278,0x00000000c5300000)
 Metaspace       used 5841K, capacity 6960K, committed 7040K, reserved 1056768K
  class space    used 580K, capacity 616K, committed 640K, reserved 1048576K
Event: 6,760 GC heap after
Heap after GC invocations=3 (full 0):
 PSYoungGen      total 68608K, used 5097K [0x00000000eab00000, 0x00000000f3100000, 0x0000000100000000)
  eden space 63488K, 0% used [0x00000000eab00000,0x00000000eab00000,0x00000000ee900000)
  from space 5120K, 99% used [0x00000000ee900000,0x00000000eedfa400,0x00000000eee00000)
  to   space 5120K, 0% used [0x00000000f2c00000,0x00000000f2c00000,0x00000000f3100000)
 ParOldGen       total 84992K, used 14059K [0x00000000c0000000, 0x00000000c5300000, 0x00000000eab00000)
  object space 84992K, 16% used [0x00000000c0000000,0x00000000c0dbaf20,0x00000000c5300000)
 Metaspace       used 5841K, capacity 6960K, committed 7040K, reserved 1056768K
  class space    used 580K, capacity 616K, committed 640K, reserved 1048576K
}
Event: 7,743 GC heap before
{Heap before GC invocations=4 (full 0):
 PSYoungGen      total 68608K, used 68585K [0x00000000eab00000, 0x00000000f3100000, 0x0000000100000000)
  eden space 63488K, 100% used [0x00000000eab00000,0x00000000ee900000,0x00000000ee900000)
  from space 5120K, 99% used [0x00000000ee900000,0x00000000eedfa400,0x00000000eee00000)
  to   space 5120K, 0% used [0x00000000f2c00000,0x00000000f2c00000,0x00000000f3100000)
 ParOldGen       total 84992K, used 14059K [0x00000000c0000000, 0x00000000c5300000, 0x00000000eab00000)
  object space 84992K, 16% used [0x00000000c0000000,0x00000000c0dbaf20,0x00000000c5300000)
 Metaspace       used 6062K, capacity 7024K, committed 7296K, reserved 1056768K
  class space    used 599K, capacity 616K, committed 640K, reserved 1048576K
Event: 7,862 GC heap after
Heap after GC invocations=4 (full 0):
 PSYoungGen      total 132096K, used 5103K [0x00000000eab00000, 0x00000000f3100000, 0x0000000100000000)
  eden space 126976K, 0% used [0x00000000eab00000,0x00000000eab00000,0x00000000f2700000)
  from space 5120K, 99% used [0x00000000f2c00000,0x00000000f30fbdd8,0x00000000f3100000)
  to   space 5120K, 0% used [0x00000000f2700000,0x00000000f2700000,0x00000000f2c00000)
 ParOldGen       total 84992K, used 22124K [0x00000000c0000000, 0x00000000c5300000, 0x00000000eab00000)
  object space 84992K, 26% used [0x00000000c0000000,0x00000000c159b340,0x00000000c5300000)
 Metaspace       used 6062K, capacity 7024K, committed 7296K, reserved 1056768K
  class space    used 599K, capacity 616K, committed 640K, reserved 1048576K
}
Event: 10,110 GC heap before
{Heap before GC invocations=5 (full 0):
 PSYoungGen      total 132096K, used 132079K [0x00000000eab00000, 0x00000000f3100000, 0x0000000100000000)
  eden space 126976K, 100% used [0x00000000eab00000,0x00000000f2700000,0x00000000f2700000)
  from space 5120K, 99% used [0x00000000f2c00000,0x00000000f30fbdd8,0x00000000f3100000)
  to   space 5120K, 0% used [0x00000000f2700000,0x00000000f2700000,0x00000000f2c00000)
 ParOldGen       total 84992K, used 22124K [0x00000000c0000000, 0x00000000c5300000, 0x00000000eab00000)
  object space 84992K, 26% used [0x00000000c0000000,0x00000000c159b340,0x00000000c5300000)
 Metaspace       used 6199K, capacity 7152K, committed 7296K, reserved 1056768K
  class space    used 599K, capacity 616K, committed 640K, reserved 1048576K

Deoptimization events (10 events):
Event: 6,322 Thread 0x00007fe75000a000 Uncommon trap: reason=unstable_if action=reinterpret pc=0x00007fe7413482fc method=com.android.dx.ssa.SsaMethod.updateOneDefinition(Lcom/android/dx/ssa/SsaInsn;Lcom/android/dx/rop/code/RegisterSpec;)V @ 4
Event: 6,337 Thread 0x00007fe75013a800 Uncommon trap: reason=unstable_if action=reinterpret pc=0x00007fe741350504 method=com.android.dx.util.IntList.binarysearch(I)I @ 105
Event: 6,499 Thread 0x00007fe75013c000 Uncommon trap: reason=unstable_if action=reinterpret pc=0x00007fe7414a4290 method=com.android.dx.ssa.SCCP.simulateStmt(Lcom/android/dx/ssa/SsaInsn;)V @ 53
Event: 7,293 Thread 0x00007fe75013a800 Uncommon trap: reason=bimorphic action=maybe_recompile pc=0x00007fe74124312c method=java.util.HashMap.getNode(ILjava/lang/Object;)Ljava/util/HashMap$Node; @ 126
Event: 7,404 Thread 0x00007fe75000a000 Uncommon trap: reason=bimorphic action=maybe_recompile pc=0x00007fe74139e14c method=java.util.HashMap.putVal(ILjava/lang/Object;Ljava/lang/Object;ZZ)Ljava/lang/Object; @ 203
Event: 7,404 Thread 0x00007fe75000a000 Uncommon trap: reason=bimorphic action=maybe_recompile pc=0x00007fe74139e14c method=java.util.HashMap.putVal(ILjava/lang/Object;Ljava/lang/Object;ZZ)Ljava/lang/Object; @ 203
Event: 7,435 Thread 0x00007fe75000a000 Uncommon trap: reason=unstable_if action=reinterpret pc=0x00007fe7412b68bc method=java.util.HashMap.putVal(ILjava/lang/Object;Ljava/lang/Object;ZZ)Ljava/lang/Object; @ 162
Event: 7,919 Thread 0x00007fe75013a800 Uncommon trap: reason=unstable_if action=reinterpret pc=0x00007fe74139dbe4 method=java.util.HashMap.putVal(ILjava/lang/Object;Ljava/lang/Object;ZZ)Ljava/lang/Object; @ 162
Event: 8,920 Thread 0x00007fe750135800 Uncommon trap: reason=unstable_if action=reinterpret pc=0x00007fe74138bc08 method=com.android.dx.dex.code.OutputFinisher.hasLocalInfo(Lcom/android/dx/dex/code/DalvInsn;)Z @ 24
Event: 9,876 Thread 0x00007fe750139800 Uncommon trap: reason=unstable_if action=reinterpret pc=0x00007fe7415ed670 method=com.android.dx.ssa.SCCP.simulateBranch(Lcom/android/dx/ssa/SsaInsn;)V @ 548

Internal exceptions (6 events):
Event: 0,156 Thread 0x00007fe75000a000 Exception <a 'java/lang/NoSuchMethodError': Method sun.misc.Unsafe.defineClass(Ljava/lang/String;[BII)Ljava/lang/Class; name or signature does not match> (0x00000000eab07c78) thrown at [/HUDSON3/workspace/8-2-build-linux-amd64/jdk8u102/7268/hotspot/src/sh
Event: 0,156 Thread 0x00007fe75000a000 Exception <a 'java/lang/NoSuchMethodError': Method sun.misc.Unsafe.prefetchRead(Ljava/lang/Object;J)V name or signature does not match> (0x00000000eab07f60) thrown at [/HUDSON3/workspace/8-2-build-linux-amd64/jdk8u102/7268/hotspot/src/share/vm/prims/jni.c
Event: 3,002 Thread 0x00007fe75000a000 Implicit null exception at 0x00007fe741241b62 to 0x00007fe741241c53
Event: 7,458 Thread 0x00007fe75000a000 Exception <a 'java/lang/ArrayIndexOutOfBoundsException': 18> (0x00000000ee0ef1b0) thrown at [/HUDSON3/workspace/8-2-build-linux-amd64/jdk8u102/7268/hotspot/src/share/vm/interpreter/interpreterRuntime.cpp, line 366]
Event: 7,459 Thread 0x00007fe75000a000 Exception <a 'java/lang/ArrayIndexOutOfBoundsException': 145> (0x00000000ee0f0d30) thrown at [/HUDSON3/workspace/8-2-build-linux-amd64/jdk8u102/7268/hotspot/src/share/vm/interpreter/interpreterRuntime.cpp, line 366]
Event: 7,460 Thread 0x00007fe75000a000 Exception <a 'java/lang/ArrayIndexOutOfBoundsException': 40> (0x00000000ee0f2018) thrown at [/HUDSON3/workspace/8-2-build-linux-amd64/jdk8u102/7268/hotspot/src/share/vm/interpreter/interpreterRuntime.cpp, line 366]

Events (10 events):
Event: 9,876 Thread 0x00007fe750139800 Uncommon trap: trap_request=0xffffff65 fr.pc=0x00007fe7415ed670
Event: 9,876 Thread 0x00007fe750139800 DEOPT PACKING pc=0x00007fe7415ed670 sp=0x00007fe733bf9b90
Event: 9,876 Thread 0x00007fe750139800 DEOPT UNPACKING pc=0x00007fe741005229 sp=0x00007fe733bf9ba8 mode 2
Event: 9,938 Thread 0x00007fe750135800 DEOPT PACKING pc=0x00007fe7412a69ad sp=0x00007fe733dfba40
Event: 9,938 Thread 0x00007fe750135800 DEOPT UNPACKING pc=0x00007fe741047633 sp=0x00007fe733dfb7c8 mode 0
Event: 10,061 Thread 0x00007fe750139800 DEOPT PACKING pc=0x00007fe7412a69ad sp=0x00007fe733bf9b40
Event: 10,061 Thread 0x00007fe750139800 DEOPT UNPACKING pc=0x00007fe741047633 sp=0x00007fe733bf98c8 mode 0
Event: 10,082 Thread 0x00007fe75000a000 DEOPT PACKING pc=0x00007fe7412a69ad sp=0x00007fe75702d4d0
Event: 10,082 Thread 0x00007fe75000a000 DEOPT UNPACKING pc=0x00007fe741047633 sp=0x00007fe75702d258 mode 0
Event: 10,099 Executing VM operation: ParallelGCFailedAllocation


Dynamic libraries:
00400000-00401000 r-xp 00000000 08:04 2360749                            /opt/jdk/jdk1.8.0_102/bin/java
00600000-00601000 rw-p 00000000 08:04 2360749                            /opt/jdk/jdk1.8.0_102/bin/java
01ce5000-01d06000 rw-p 00000000 00:00 0                                  [heap]
c0000000-c5300000 rw-p 00000000 00:00 0 
c5300000-eab00000 ---p 00000000 00:00 0 
eab00000-f3100000 rw-p 00000000 00:00 0 
fd300000-100000000 ---p 00000000 00:00 0 
100000000-1000a0000 rw-p 00000000 00:00 0 
1000a0000-140000000 ---p 00000000 00:00 0 
7fe6ec000000-7fe6ec023000 rw-p 00000000 00:00 0 
7fe6ec023000-7fe6f0000000 ---p 00000000 00:00 0 
7fe6f0000000-7fe6f0025000 rw-p 00000000 00:00 0 
7fe6f0025000-7fe6f4000000 ---p 00000000 00:00 0 
7fe6f4000000-7fe6f4021000 rw-p 00000000 00:00 0 
7fe6f4021000-7fe6f8000000 ---p 00000000 00:00 0 
7fe6f8000000-7fe6f8021000 rw-p 00000000 00:00 0 
7fe6f8021000-7fe6fc000000 ---p 00000000 00:00 0 
7fe6fc000000-7fe6fc021000 rw-p 00000000 00:00 0 
7fe6fc021000-7fe700000000 ---p 00000000 00:00 0 
7fe700000000-7fe700021000 rw-p 00000000 00:00 0 
7fe700021000-7fe704000000 ---p 00000000 00:00 0 
7fe704000000-7fe704b43000 rw-p 00000000 00:00 0 
7fe704b43000-7fe708000000 ---p 00000000 00:00 0 
7fe708000000-7fe708021000 rw-p 00000000 00:00 0 
7fe708021000-7fe70c000000 ---p 00000000 00:00 0 
7fe70c000000-7fe70cd7e000 rw-p 00000000 00:00 0 
7fe70cd7e000-7fe710000000 ---p 00000000 00:00 0 
7fe710000000-7fe710789000 rw-p 00000000 00:00 0 
7fe710789000-7fe714000000 ---p 00000000 00:00 0 
7fe714000000-7fe714021000 rw-p 00000000 00:00 0 
7fe714021000-7fe718000000 ---p 00000000 00:00 0 
7fe718000000-7fe718021000 rw-p 00000000 00:00 0 
7fe718021000-7fe71c000000 ---p 00000000 00:00 0 
7fe71c000000-7fe71c28f000 rw-p 00000000 00:00 0 
7fe71c28f000-7fe720000000 ---p 00000000 00:00 0 
7fe720000000-7fe720021000 rw-p 00000000 00:00 0 
7fe720021000-7fe724000000 ---p 00000000 00:00 0 
7fe724000000-7fe724021000 rw-p 00000000 00:00 0 
7fe724021000-7fe728000000 ---p 00000000 00:00 0 
7fe72c000000-7fe72c021000 rw-p 00000000 00:00 0 
7fe72c021000-7fe730000000 ---p 00000000 00:00 0 
7fe7338f9000-7fe7338fc000 ---p 00000000 00:00 0 
7fe7338fc000-7fe7339fa000 rw-p 00000000 00:00 0                          [stack:28582]
7fe7339fa000-7fe7339fd000 ---p 00000000 00:00 0 
7fe7339fd000-7fe733afb000 rw-p 00000000 00:00 0                          [stack:28581]
7fe733afb000-7fe733afe000 ---p 00000000 00:00 0 
7fe733afe000-7fe733bfc000 rw-p 00000000 00:00 0                          [stack:28580]
7fe733bfc000-7fe733bff000 ---p 00000000 00:00 0 
7fe733bff000-7fe733cfd000 rw-p 00000000 00:00 0                          [stack:28579]
7fe733cfd000-7fe733d00000 ---p 00000000 00:00 0 
7fe733d00000-7fe733dfe000 rw-p 00000000 00:00 0                          [stack:28573]
7fe733dfe000-7fe733dff000 ---p 00000000 00:00 0 
7fe733dff000-7fe733eff000 rw-p 00000000 00:00 0                          [stack:28552]
7fe733eff000-7fe733f02000 ---p 00000000 00:00 0 
7fe733f02000-7fe734000000 rw-p 00000000 00:00 0                          [stack:28551]
7fe734000000-7fe734021000 rw-p 00000000 00:00 0 
7fe734021000-7fe738000000 ---p 00000000 00:00 0 
7fe738061000-7fe738064000 ---p 00000000 00:00 0 
7fe738064000-7fe738162000 rw-p 00000000 00:00 0                          [stack:28550]
7fe738162000-7fe738165000 ---p 00000000 00:00 0 
7fe738165000-7fe738263000 rw-p 00000000 00:00 0                          [stack:28549]
7fe738263000-7fe738266000 ---p 00000000 00:00 0 
7fe738266000-7fe738364000 rw-p 00000000 00:00 0                          [stack:28548]
7fe738364000-7fe738367000 ---p 00000000 00:00 0 
7fe738367000-7fe738465000 rw-p 00000000 00:00 0                          [stack:28547]
7fe738465000-7fe7385ee000 r--p 00000000 08:04 924362                     /usr/lib/locale/locale-archive
7fe7385ee000-7fe7385f1000 ---p 00000000 00:00 0 
7fe7385f1000-7fe7386ef000 rw-p 00000000 00:00 0                          [stack:28546]
7fe7386ef000-7fe7386f2000 ---p 00000000 00:00 0 
7fe7386f2000-7fe7387f0000 rw-p 00000000 00:00 0                          [stack:28545]
7fe7387f0000-7fe7387f1000 ---p 00000000 00:00 0 
7fe7387f1000-7fe739e80000 rw-p 00000000 00:00 0                          [stack:28542]
7fe739e80000-7fe73a000000 ---p 00000000 00:00 0 
7fe73a000000-7fe73c000000 rw-p 00000000 00:00 0 
7fe73c000000-7fe73c021000 rw-p 00000000 00:00 0 
7fe73c021000-7fe740000000 ---p 00000000 00:00 0 
7fe74006a000-7fe74008f000 r--p 00000000 08:04 1713356                    /usr/share/locale/es/LC_MESSAGES/libc.mo
7fe74008f000-7fe74009d000 r--s 000e0000 08:04 528314                     /home/alexis/Android/Sdk/build-tools/24.0.1/lib/dx.jar
7fe74009d000-7fe74010d000 rw-p 00000000 00:00 0 
7fe74010d000-7fe7402e5000 r--s 03d29000 08:04 2360825                    /opt/jdk/jdk1.8.0_102/jre/lib/rt.jar
7fe7402e5000-7fe7404e5000 rw-p 00000000 00:00 0 
7fe7404e5000-7fe7404e6000 ---p 00000000 00:00 0 
7fe7404e6000-7fe7405e6000 rw-p 00000000 00:00 0                          [stack:28538]
7fe7405e6000-7fe7405e7000 ---p 00000000 00:00 0 
7fe7405e7000-7fe7406e7000 rw-p 00000000 00:00 0                          [stack:28537]
7fe7406e7000-7fe7406e8000 ---p 00000000 00:00 0 
7fe7406e8000-7fe7407e8000 rw-p 00000000 00:00 0                          [stack:28536]
7fe7407e8000-7fe7407e9000 ---p 00000000 00:00 0 
7fe7407e9000-7fe740913000 rw-p 00000000 00:00 0                          [stack:28534]
7fe740913000-7fe740a3f000 ---p 00000000 00:00 0 
7fe740a3f000-7fe740a69000 rw-p 00000000 00:00 0 
7fe740a69000-7fe740b94000 ---p 00000000 00:00 0 
7fe740b94000-7fe740bd8000 rw-p 00000000 00:00 0 
7fe740bd8000-7fe740c3f000 ---p 00000000 00:00 0 
7fe740c3f000-7fe740c5b000 rw-p 00000000 00:00 0 
7fe740c5b000-7fe741000000 ---p 00000000 00:00 0 
7fe741000000-7fe741690000 rwxp 00000000 00:00 0 
7fe741690000-7fe750000000 ---p 00000000 00:00 0 
7fe750000000-7fe750391000 rw-p 00000000 00:00 0 
7fe750391000-7fe754000000 ---p 00000000 00:00 0 
7fe75400b000-7fe7540c3000 rw-p 00000000 00:00 0 
7fe7540c3000-7fe7540dd000 r-xp 00000000 08:04 2360856                    /opt/jdk/jdk1.8.0_102/jre/lib/amd64/libzip.so
7fe7540dd000-7fe7542dd000 ---p 0001a000 08:04 2360856                    /opt/jdk/jdk1.8.0_102/jre/lib/amd64/libzip.so
7fe7542dd000-7fe7542de000 rw-p 0001a000 08:04 2360856                    /opt/jdk/jdk1.8.0_102/jre/lib/amd64/libzip.so
7fe7542de000-7fe7542e9000 r-xp 00000000 08:04 794090                     /lib/x86_64-linux-gnu/libnss_files-2.19.so
7fe7542e9000-7fe7544e8000 ---p 0000b000 08:04 794090                     /lib/x86_64-linux-gnu/libnss_files-2.19.so
7fe7544e8000-7fe7544e9000 r--p 0000a000 08:04 794090                     /lib/x86_64-linux-gnu/libnss_files-2.19.so
7fe7544e9000-7fe7544ea000 rw-p 0000b000 08:04 794090                     /lib/x86_64-linux-gnu/libnss_files-2.19.so
7fe7544ea000-7fe7544f4000 r-xp 00000000 08:04 795042                     /lib/x86_64-linux-gnu/libnss_nis-2.19.so
7fe7544f4000-7fe7546f3000 ---p 0000a000 08:04 795042                     /lib/x86_64-linux-gnu/libnss_nis-2.19.so
7fe7546f3000-7fe7546f4000 r--p 00009000 08:04 795042                     /lib/x86_64-linux-gnu/libnss_nis-2.19.so
7fe7546f4000-7fe7546f5000 rw-p 0000a000 08:04 795042                     /lib/x86_64-linux-gnu/libnss_nis-2.19.so
7fe7546f5000-7fe75470a000 r-xp 00000000 08:04 794087                     /lib/x86_64-linux-gnu/libnsl-2.19.so
7fe75470a000-7fe754909000 ---p 00015000 08:04 794087                     /lib/x86_64-linux-gnu/libnsl-2.19.so
7fe754909000-7fe75490a000 r--p 00014000 08:04 794087                     /lib/x86_64-linux-gnu/libnsl-2.19.so
7fe75490a000-7fe75490b000 rw-p 00015000 08:04 794087                     /lib/x86_64-linux-gnu/libnsl-2.19.so
7fe75490b000-7fe75490d000 rw-p 00000000 00:00 0 
7fe75490d000-7fe754914000 r-xp 00000000 08:04 794088                     /lib/x86_64-linux-gnu/libnss_compat-2.19.so
7fe754914000-7fe754b13000 ---p 00007000 08:04 794088                     /lib/x86_64-linux-gnu/libnss_compat-2.19.so
7fe754b13000-7fe754b14000 r--p 00006000 08:04 794088                     /lib/x86_64-linux-gnu/libnss_compat-2.19.so
7fe754b14000-7fe754b15000 rw-p 00007000 08:04 794088                     /lib/x86_64-linux-gnu/libnss_compat-2.19.so
7fe754b15000-7fe754b3f000 r-xp 00000000 08:04 2360883                    /opt/jdk/jdk1.8.0_102/jre/lib/amd64/libjava.so
7fe754b3f000-7fe754d3f000 ---p 0002a000 08:04 2360883                    /opt/jdk/jdk1.8.0_102/jre/lib/amd64/libjava.so
7fe754d3f000-7fe754d41000 rw-p 0002a000 08:04 2360883                    /opt/jdk/jdk1.8.0_102/jre/lib/amd64/libjava.so
7fe754d41000-7fe754d4e000 r-xp 00000000 08:04 2360834                    /opt/jdk/jdk1.8.0_102/jre/lib/amd64/libverify.so
7fe754d4e000-7fe754f4e000 ---p 0000d000 08:04 2360834                    /opt/jdk/jdk1.8.0_102/jre/lib/amd64/libverify.so
7fe754f4e000-7fe754f50000 rw-p 0000d000 08:04 2360834                    /opt/jdk/jdk1.8.0_102/jre/lib/amd64/libverify.so
7fe754f50000-7fe754f57000 r-xp 00000000 08:04 795046                     /lib/x86_64-linux-gnu/librt-2.19.so
7fe754f57000-7fe755156000 ---p 00007000 08:04 795046                     /lib/x86_64-linux-gnu/librt-2.19.so
7fe755156000-7fe755157000 r--p 00006000 08:04 795046                     /lib/x86_64-linux-gnu/librt-2.19.so
7fe755157000-7fe755158000 rw-p 00007000 08:04 795046                     /lib/x86_64-linux-gnu/librt-2.19.so
7fe755158000-7fe755258000 r-xp 00000000 08:04 794085                     /lib/x86_64-linux-gnu/libm-2.19.so
7fe755258000-7fe755457000 ---p 00100000 08:04 794085                     /lib/x86_64-linux-gnu/libm-2.19.so
7fe755457000-7fe755458000 r--p 000ff000 08:04 794085                     /lib/x86_64-linux-gnu/libm-2.19.so
7fe755458000-7fe755459000 rw-p 00100000 08:04 794085                     /lib/x86_64-linux-gnu/libm-2.19.so
7fe755459000-7fe756125000 r-xp 00000000 08:04 2360887                    /opt/jdk/jdk1.8.0_102/jre/lib/amd64/server/libjvm.so
7fe756125000-7fe756325000 ---p 00ccc000 08:04 2360887                    /opt/jdk/jdk1.8.0_102/jre/lib/amd64/server/libjvm.so
7fe756325000-7fe7563fe000 rw-p 00ccc000 08:04 2360887                    /opt/jdk/jdk1.8.0_102/jre/lib/amd64/server/libjvm.so
7fe7563fe000-7fe756449000 rw-p 00000000 00:00 0 
7fe756449000-7fe7565ea000 r-xp 00000000 08:04 793880                     /lib/x86_64-linux-gnu/libc-2.19.so
7fe7565ea000-7fe7567ea000 ---p 001a1000 08:04 793880                     /lib/x86_64-linux-gnu/libc-2.19.so
7fe7567ea000-7fe7567ee000 r--p 001a1000 08:04 793880                     /lib/x86_64-linux-gnu/libc-2.19.so
7fe7567ee000-7fe7567f0000 rw-p 001a5000 08:04 793880                     /lib/x86_64-linux-gnu/libc-2.19.so
7fe7567f0000-7fe7567f4000 rw-p 00000000 00:00 0 
7fe7567f4000-7fe7567f7000 r-xp 00000000 08:04 794084                     /lib/x86_64-linux-gnu/libdl-2.19.so
7fe7567f7000-7fe7569f6000 ---p 00003000 08:04 794084                     /lib/x86_64-linux-gnu/libdl-2.19.so
7fe7569f6000-7fe7569f7000 r--p 00002000 08:04 794084                     /lib/x86_64-linux-gnu/libdl-2.19.so
7fe7569f7000-7fe7569f8000 rw-p 00003000 08:04 794084                     /lib/x86_64-linux-gnu/libdl-2.19.so
7fe7569f8000-7fe756a0d000 r-xp 00000000 08:04 2359968                    /opt/jdk/jdk1.8.0_102/lib/amd64/jli/libjli.so
7fe756a0d000-7fe756c0d000 ---p 00015000 08:04 2359968                    /opt/jdk/jdk1.8.0_102/lib/amd64/jli/libjli.so
7fe756c0d000-7fe756c0e000 rw-p 00015000 08:04 2359968                    /opt/jdk/jdk1.8.0_102/lib/amd64/jli/libjli.so
7fe756c0e000-7fe756c26000 r-xp 00000000 08:04 793541                     /lib/x86_64-linux-gnu/libpthread-2.19.so
7fe756c26000-7fe756e25000 ---p 00018000 08:04 793541                     /lib/x86_64-linux-gnu/libpthread-2.19.so
7fe756e25000-7fe756e26000 r--p 00017000 08:04 793541                     /lib/x86_64-linux-gnu/libpthread-2.19.so
7fe756e26000-7fe756e27000 rw-p 00018000 08:04 793541                     /lib/x86_64-linux-gnu/libpthread-2.19.so
7fe756e27000-7fe756e2b000 rw-p 00000000 00:00 0 
7fe756e2b000-7fe756e4b000 r-xp 00000000 08:04 793563                     /lib/x86_64-linux-gnu/ld-2.19.so
7fe756e4e000-7fe756e4f000 rw-p 00000000 00:00 0 
7fe756e4f000-7fe756e56000 r--s 00000000 08:04 1060537                    /usr/lib/x86_64-linux-gnu/gconv/gconv-modules.cache
7fe756e56000-7fe756f2f000 rw-p 00000000 00:00 0 
7fe756f2f000-7fe756f32000 ---p 00000000 00:00 0 
7fe756f32000-7fe757034000 rw-p 00000000 00:00 0                          [stack:28532]
7fe757034000-7fe75703f000 r--s 00097000 08:04 131937                     /home/alexis/LevantaPedidos/app/build/intermediates/exploded-aar/com.android.support/appcompat-v7/24.2.1/jars/classes.jar
7fe75703f000-7fe757047000 rw-s 00000000 08:04 2375047                    /tmp/hsperfdata_alexis/28530
7fe757047000-7fe757048000 rw-p 00000000 00:00 0 
7fe757048000-7fe757049000 ---p 00000000 00:00 0 
7fe757049000-7fe75704b000 rw-p 00000000 00:00 0 
7fe75704b000-7fe75704c000 r--p 00020000 08:04 793563                     /lib/x86_64-linux-gnu/ld-2.19.so
7fe75704c000-7fe75704d000 rw-p 00021000 08:04 793563                     /lib/x86_64-linux-gnu/ld-2.19.so
7fe75704d000-7fe75704e000 rw-p 00000000 00:00 0 
7ffccf3ac000-7ffccf3cd000 rw-p 00000000 00:00 0                          [stack]
7ffccf3f4000-7ffccf3f6000 r-xp 00000000 00:00 0                          [vdso]
7ffccf3f6000-7ffccf3f8000 r--p 00000000 00:00 0                          [vvar]
ffffffffff600000-ffffffffff601000 r-xp 00000000 00:00 0                  [vsyscall]

VM Arguments:
jvm_args: -Djava.awt.headless=true -Xmx1024M -Dfile.encoding=UTF-8 -Duser.country=AR -Duser.language=es -Duser.variant 
java_command: com.android.dx.command.Main --dex --force-jumbo --num-threads=4 --multi-dex --output /home/alexis/LevantaPedidos/app/build/intermediates/transforms/dex/debug/folders/1000/10/com.android.support-appcompat-v7-24.2.1_0a02b150172b6f69bc19c5e2086aa29ab57ee6c1 /home/alexis/LevantaPedidos/app/build/intermediates/exploded-aar/com.android.support/appcompat-v7/24.2.1/jars/classes.jar
java_class_path (initial): /home/alexis/Android/Sdk/build-tools/24.0.1/lib/dx.jar
Launcher Type: SUN_STANDARD

Environment Variables:
PATH=/home/alexis/bin:/usr/sbin:/sbin:/usr/local/bin:/usr/bin:/bin:/usr/local/games:/usr/games
LD_LIBRARY_PATH=/opt/android-studio/bin/.:
SHELL=/bin/bash
DISPLAY=:0

Signal Handlers:
SIGSEGV: [libjvm.so+0xac5b30], sa_mask[0]=11111111011111111101111111111110, sa_flags=SA_RESTART|SA_SIGINFO
SIGBUS: [libjvm.so+0xac5b30], sa_mask[0]=11111111011111111101111111111110, sa_flags=SA_RESTART|SA_SIGINFO
SIGFPE: [libjvm.so+0x91f470], sa_mask[0]=11111111011111111101111111111110, sa_flags=SA_RESTART|SA_SIGINFO
SIGPIPE: [libjvm.so+0x91f470], sa_mask[0]=11111111011111111101111111111110, sa_flags=SA_RESTART|SA_SIGINFO
SIGXFSZ: [libjvm.so+0x91f470], sa_mask[0]=11111111011111111101111111111110, sa_flags=SA_RESTART|SA_SIGINFO
SIGILL: [libjvm.so+0x91f470], sa_mask[0]=11111111011111111101111111111110, sa_flags=SA_RESTART|SA_SIGINFO
SIGUSR1: SIG_DFL, sa_mask[0]=00000000000000000000000000000000, sa_flags=none
SIGUSR2: [libjvm.so+0x920aa0], sa_mask[0]=00100000000000000000000000000000, sa_flags=SA_RESTART|SA_SIGINFO
SIGHUP: [libjvm.so+0x921ea0], sa_mask[0]=11111111011111111101111111111110, sa_flags=SA_RESTART|SA_SIGINFO
SIGINT: [libjvm.so+0x921ea0], sa_mask[0]=11111111011111111101111111111110, sa_flags=SA_RESTART|SA_SIGINFO
SIGTERM: [libjvm.so+0x921ea0], sa_mask[0]=11111111011111111101111111111110, sa_flags=SA_RESTART|SA_SIGINFO
SIGQUIT: [libjvm.so+0x921ea0], sa_mask[0]=11111111011111111101111111111110, sa_flags=SA_RESTART|SA_SIGINFO


---------------  S Y S T E M  ---------------

OS:DISTRIB_ID="BunsenLabs"
DISTRIB_DESCRIPTION="BunsenLabs GNU/Linux 8.5 (Hydrogen)"
DISTRIB_RELEASE="8.5"
DISTRIB_CODENAME="bunsen-hydrogen"

uname:Linux 3.16.0-4-amd64 #1 SMP Debian 3.16.7-ckt25-2+deb8u3 (2016-07-02) x86_64
libc:glibc 2.19 NPTL 2.19 
rlimit: STACK 8192k, CORE 0k, NPROC 31341, NOFILE 65536, AS infinity
load average:11,40 7,19 3,89

/proc/meminfo:
MemTotal:        8045472 kB
MemFree:          139616 kB
MemAvailable:     124692 kB
Buffers:            1128 kB
Cached:          1224332 kB
SwapCached:            0 kB
Active:          6586360 kB
Inactive:        1135276 kB
Active(anon):    6538316 kB
Inactive(anon):  1086884 kB
Active(file):      48044 kB
Inactive(file):    48392 kB
Unevictable:          32 kB
Mlocked:              32 kB
SwapTotal:             0 kB
SwapFree:              0 kB
Dirty:              1016 kB
Writeback:             0 kB
AnonPages:       6496624 kB
Mapped:           538360 kB
Shmem:           1128608 kB
Slab:              86528 kB
SReclaimable:      42656 kB
SUnreclaim:        43872 kB
KernelStack:       11024 kB
PageTables:        44132 kB
NFS_Unstable:          0 kB
Bounce:                0 kB
WritebackTmp:          0 kB
CommitLimit:     4022736 kB
Committed_AS:   11911116 kB
VmallocTotal:   34359738367 kB
VmallocUsed:      552420 kB
VmallocChunk:   34359164344 kB
HardwareCorrupted:     0 kB
AnonHugePages:         0 kB
HugePages_Total:       0
HugePages_Free:        0
HugePages_Rsvd:        0
HugePages_Surp:        0
Hugepagesize:       2048 kB
DirectMap4k:       53504 kB
DirectMap2M:     8183808 kB


CPU:total 4 (2 cores per cpu, 2 threads per core) family 6 model 42 stepping 7, cmov, cx8, fxsr, mmx, sse, sse2, sse3, ssse3, sse4.1, sse4.2, popcnt, avx, aes, clmul, ht, tsc, tscinvbit

/proc/cpuinfo:
processor	: 0
vendor_id	: GenuineIntel
cpu family	: 6
model		: 42
model name	: Intel(R) Core(TM) i5-2410M CPU @ 2.30GHz
stepping	: 7
microcode	: 0x29
cpu MHz		: 2699.984
cache size	: 3072 KB
physical id	: 0
siblings	: 4
core id		: 0
cpu cores	: 2
apicid		: 0
initial apicid	: 0
fpu		: yes
fpu_exception	: yes
cpuid level	: 13
wp		: yes
flags		: fpu vme de pse tsc msr pae mce cx8 apic sep mtrr pge mca cmov pat pse36 clflush dts acpi mmx fxsr sse sse2 ss ht tm pbe syscall nx rdtscp lm constant_tsc arch_perfmon pebs bts rep_good nopl xtopology nonstop_tsc aperfmperf eagerfpu pni pclmulqdq dtes64 monitor ds_cpl vmx est tm2 ssse3 cx16 xtpr pdcm pcid sse4_1 sse4_2 x2apic popcnt tsc_deadline_timer aes xsave avx lahf_lm ida arat epb xsaveopt pln pts dtherm tpr_shadow vnmi flexpriority ept vpid
bogomips	: 4589.58
clflush size	: 64
cache_alignment	: 64
address sizes	: 36 bits physical, 48 bits virtual
power management:

processor	: 1
vendor_id	: GenuineIntel
cpu family	: 6
model		: 42
model name	: Intel(R) Core(TM) i5-2410M CPU @ 2.30GHz
stepping	: 7
microcode	: 0x29
cpu MHz		: 2699.984
cache size	: 3072 KB
physical id	: 0
siblings	: 4
core id		: 0
cpu cores	: 2
apicid		: 1
initial apicid	: 1
fpu		: yes
fpu_exception	: yes
cpuid level	: 13
wp		: yes
flags		: fpu vme de pse tsc msr pae mce cx8 apic sep mtrr pge mca cmov pat pse36 clflush dts acpi mmx fxsr sse sse2 ss ht tm pbe syscall nx rdtscp lm constant_tsc arch_perfmon pebs bts rep_good nopl xtopology nonstop_tsc aperfmperf eagerfpu pni pclmulqdq dtes64 monitor ds_cpl vmx est tm2 ssse3 cx16 xtpr pdcm pcid sse4_1 sse4_2 x2apic popcnt tsc_deadline_timer aes xsave avx lahf_lm ida arat epb xsaveopt pln pts dtherm tpr_shadow vnmi flexpriority ept vpid
bogomips	: 4589.58
clflush size	: 64
cache_alignment	: 64
address sizes	: 36 bits physical, 48 bits virtual
power management:

processor	: 2
vendor_id	: GenuineIntel
cpu family	: 6
model		: 42
model name	: Intel(R) Core(TM) i5-2410M CPU @ 2.30GHz
stepping	: 7
microcode	: 0x29
cpu MHz		: 2699.984
cache size	: 3072 KB
physical id	: 0
siblings	: 4
core id		: 1
cpu cores	: 2
apicid		: 2
initial apicid	: 2
fpu		: yes
fpu_exception	: yes
cpuid level	: 13
wp		: yes
flags		: fpu vme de pse tsc msr pae mce cx8 apic sep mtrr pge mca cmov pat pse36 clflush dts acpi mmx fxsr sse sse2 ss ht tm pbe syscall nx rdtscp lm constant_tsc arch_perfmon pebs bts rep_good nopl xtopology nonstop_tsc aperfmperf eagerfpu pni pclmulqdq dtes64 monitor ds_cpl vmx est tm2 ssse3 cx16 xtpr pdcm pcid sse4_1 sse4_2 x2apic popcnt tsc_deadline_timer aes xsave avx lahf_lm ida arat epb xsaveopt pln pts dtherm tpr_shadow vnmi flexpriority ept vpid
bogomips	: 4589.58
clflush size	: 64
cache_alignment	: 64
address sizes	: 36 bits physical, 48 bits virtual
power management:

processor	: 3
vendor_id	: GenuineIntel
cpu family	: 6
model		: 42
model name	: Intel(R) Core(TM) i5-2410M CPU @ 2.30GHz
stepping	: 7
microcode	: 0x29
cpu MHz		: 2699.984
cache size	: 3072 KB
physical id	: 0
siblings	: 4
core id		: 1
cpu cores	: 2
apicid		: 3
initial apicid	: 3
fpu		: yes
fpu_exception	: yes
cpuid level	: 13
wp		: yes
flags		: fpu vme de pse tsc msr pae mce cx8 apic sep mtrr pge mca cmov pat pse36 clflush dts acpi mmx fxsr sse sse2 ss ht tm pbe syscall nx rdtscp lm constant_tsc arch_perfmon pebs bts rep_good nopl xtopology nonstop_tsc aperfmperf eagerfpu pni pclmulqdq dtes64 monitor ds_cpl vmx est tm2 ssse3 cx16 xtpr pdcm pcid sse4_1 sse4_2 x2apic popcnt tsc_deadline_timer aes xsave avx lahf_lm ida arat epb xsaveopt pln pts dtherm tpr_shadow vnmi flexpriority ept vpid
bogomips	: 4589.58
clflush size	: 64
cache_alignment	: 64
address sizes	: 36 bits physical, 48 bits virtual
power management:



Memory: 4k page, physical 8045472k(140820k free), swap 0k(0k free)

vm_info: Java HotSpot(TM) 64-Bit Server VM (25.102-b14) for linux-amd64 JRE (1.8.0_102-b14), built on Jun 22 2016 18:43:17 by "java_re" with gcc 4.3.0 20080428 (Red Hat 4.3.0-8)

time: Thu Mar 23 23:16:38 2017
elapsed time: 10 seconds (0d 0h 0m 10s)

