#
# There is insufficient memory for the Java Runtime Environment to continue.
# Native memory allocation (mmap) failed to map 135266304 bytes for committing reserved memory.
# Possible reasons:
#   The system is out of physical RAM or swap space
#   In 32 bit mode, the process size limit was hit
# Possible solutions:
#   Reduce memory load on the system
#   Increase physical memory or swap space
#   Check if swap backing store is full
#   Use 64 bit Java on a 64 bit OS
#   Decrease Java heap size (-Xmx/-Xms)
#   Decrease number of Java threads
#   Decrease Java thread stack sizes (-Xss)
#   Set larger code cache with -XX:ReservedCodeCacheSize=
# This output file may be truncated or incomplete.
#
#  Out of Memory Error (os_linux.cpp:2627), pid=17889, tid=0x00007fd1a02d1700
#
# JRE version: Java(TM) SE Runtime Environment (8.0_102-b14) (build 1.8.0_102-b14)
# Java VM: Java HotSpot(TM) 64-Bit Server VM (25.102-b14 mixed mode linux-amd64 compressed oops)
# Failed to write core dump. Core dumps have been disabled. To enable core dumping, try "ulimit -c unlimited" before starting Java again
#

---------------  T H R E A D  ---------------

Current thread (0x00007fd1b0078000):  VMThread [stack: 0x00007fd1a01d1000,0x00007fd1a02d2000] [id=17907]

Stack: [0x00007fd1a01d1000,0x00007fd1a02d2000],  sp=0x00007fd1a02d00a0,  free space=1020k
Native frames: (J=compiled Java code, j=interpreted, Vv=VM code, C=native code)
V  [libjvm.so+0xac52aa]  VMError::report_and_die()+0x2ba
V  [libjvm.so+0x4fc29b]  report_vm_out_of_memory(char const*, int, unsigned long, VMErrorType, char const*)+0x8b
V  [libjvm.so+0x922603]  os::Linux::commit_memory_impl(char*, unsigned long, bool)+0x103
V  [libjvm.so+0x922b59]  os::pd_commit_memory(char*, unsigned long, unsigned long, bool)+0x29
V  [libjvm.so+0x91ce5a]  os::commit_memory(char*, unsigned long, unsigned long, bool)+0x2a
V  [libjvm.so+0x9915e3]  PSVirtualSpace::expand_by(unsigned long)+0x53
V  [libjvm.so+0x9929e8]  PSYoungGen::resize_generation(unsigned long, unsigned long)+0xf8
V  [libjvm.so+0x991b42]  PSYoungGen::resize(unsigned long, unsigned long)+0x22
V  [libjvm.so+0x98ee1b]  PSScavenge::invoke_no_policy()+0xf3b
V  [libjvm.so+0x98f5a1]  PSScavenge::invoke()+0x41
V  [libjvm.so+0x9462f0]  ParallelScavengeHeap::failed_mem_allocate(unsigned long)+0x70
V  [libjvm.so+0xac6cc7]  VM_ParallelGCFailedAllocation::doit()+0x97
V  [libjvm.so+0xace7a5]  VM_Operation::evaluate()+0x55
V  [libjvm.so+0xaccb7a]  VMThread::evaluate_operation(VM_Operation*)+0xba
V  [libjvm.so+0xaccefe]  VMThread::loop()+0x1ce
V  [libjvm.so+0xacd370]  VMThread::run()+0x70
V  [libjvm.so+0x9249c8]  java_start(Thread*)+0x108

VM_Operation (0x00007fd19946af20): ParallelGCFailedAllocation, mode: safepoint, requested by thread 0x00007fd1b013e000


---------------  P R O C E S S  ---------------

Java Threads: ( => current thread )
  0x00007fd1b013e000 JavaThread "pool-1-thread-1" [_thread_blocked, id=18014, stack(0x00007fd19936c000,0x00007fd19946d000)]
  0x00007fd1b00c0000 JavaThread "Service Thread" daemon [_thread_blocked, id=17919, stack(0x00007fd199871000,0x00007fd199972000)]
  0x00007fd1b00bd000 JavaThread "C1 CompilerThread2" daemon [_thread_blocked, id=17918, stack(0x00007fd199972000,0x00007fd199a73000)]
  0x00007fd1b00bb800 JavaThread "C2 CompilerThread1" daemon [_thread_blocked, id=17917, stack(0x00007fd199a73000,0x00007fd199b74000)]
  0x00007fd1b00b8800 JavaThread "C2 CompilerThread0" daemon [_thread_blocked, id=17916, stack(0x00007fd199b74000,0x00007fd199c75000)]
  0x00007fd1b00b7000 JavaThread "Signal Dispatcher" daemon [_thread_blocked, id=17915, stack(0x00007fd199c75000,0x00007fd199d76000)]
  0x00007fd1b0084000 JavaThread "Finalizer" daemon [_thread_blocked, id=17910, stack(0x00007fd199eff000,0x00007fd19a000000)]
  0x00007fd1b007f800 JavaThread "Reference Handler" daemon [_thread_blocked, id=17909, stack(0x00007fd1a00d0000,0x00007fd1a01d1000)]
  0x00007fd1b000a000 JavaThread "main" [_thread_blocked, id=17891, stack(0x00007fd1b887e000,0x00007fd1b897f000)]

Other Threads:
=>0x00007fd1b0078000 VMThread [stack: 0x00007fd1a01d1000,0x00007fd1a02d2000] [id=17907]
  0x00007fd1b00c3000 WatcherThread [stack: 0x00007fd199770000,0x00007fd199871000] [id=17921]

VM state:at safepoint (normal execution)

VM Mutex/Monitor currently owned by a thread:  ([mutex/lock_event])
[0x00007fd1b00064a0] Threads_lock - owner thread: 0x00007fd1b0078000
[0x00007fd1b00069a0] Heap_lock - owner thread: 0x00007fd1b013e000

Heap:
 PSYoungGen      total 142336K, used 16881K [0x00000000eab00000, 0x00000000f4800000, 0x0000000100000000)
  eden space 125440K, 0% used [0x00000000eab00000,0x00000000eab00000,0x00000000f2580000)
  from space 16896K, 99% used [0x00000000f2580000,0x00000000f35fc638,0x00000000f3600000)
  to   space 15360K, 0% used [0x00000000f3600000,0x00000000f3600000,0x00000000f4500000)
 ParOldGen       total 84992K, used 27348K [0x00000000c0000000, 0x00000000c5300000, 0x00000000eab00000)
  object space 84992K, 32% used [0x00000000c0000000,0x00000000c1ab5340,0x00000000c5300000)
 Metaspace       used 6680K, capacity 7480K, committed 7680K, reserved 1056768K
  class space    used 634K, capacity 688K, committed 768K, reserved 1048576K

Card table byte_map: [0x00007fd1b5451000,0x00007fd1b5652000] byte_map_base: 0x00007fd1b4e51000

Marking Bits: (ParMarkBitMap*) 0x00007fd1b7d6ac60
 Begin Bits: [0x00007fd19a000000, 0x00007fd19b000000)
 End Bits:   [0x00007fd19b000000, 0x00007fd19c000000)

Polling page: 0x00007fd1b8997000

CodeCache: size=245760Kb used=7760Kb max_used=7772Kb free=237999Kb
 bounds [0x00007fd1a1000000, 0x00007fd1a17a0000, 0x00007fd1b0000000]
 total_blobs=2436 nmethods=2167 adapters=183
 compilation: enabled

Compilation events (10 events):
Event: 49,467 Thread 0x00007fd1b00bd000 2583       2       com.android.dx.dex.file.DebugInfoEncoder::emitStringIndex (45 bytes)
Event: 49,467 Thread 0x00007fd1b00bd000 nmethod 2583 0x00007fd1a178fad0 code [0x00007fd1a178fc80, 0x00007fd1a178ff08]
Event: 49,468 Thread 0x00007fd1b00bd000 2584       2       com.android.dx.dex.file.DebugInfoEncoder::getParamBase (29 bytes)
Event: 49,469 Thread 0x00007fd1b00bd000 nmethod 2584 0x00007fd1a178f410 code [0x00007fd1a178f5a0, 0x00007fd1a178f858]
Event: 49,469 Thread 0x00007fd1b00bd000 2585       2       com.android.dx.dex.code.LocalList$Entry::getName (11 bytes)
Event: 49,469 Thread 0x00007fd1b00bd000 nmethod 2585 0x00007fd1a178f090 code [0x00007fd1a178f200, 0x00007fd1a178f350]
Event: 49,470 Thread 0x00007fd1b00bd000 2586       2       com.android.dx.dex.file.DebugInfoEncoder$1::compare (13 bytes)
Event: 49,471 Thread 0x00007fd1b00bd000 nmethod 2586 0x00007fd1a178ec10 code [0x00007fd1a178ed80, 0x00007fd1a178ef50]
Event: 49,471 Thread 0x00007fd1b00bd000 2587       2       com.android.dx.dex.file.DebugInfoEncoder$1::compare (10 bytes)
Event: 49,471 Thread 0x00007fd1b00bd000 nmethod 2587 0x00007fd1a17964d0 code [0x00007fd1a1796640, 0x00007fd1a1796790]

GC Heap History (10 events):
Event: 4,839 GC heap after
Heap after GC invocations=2 (full 0):
 PSYoungGen      total 36864K, used 5099K [0x00000000eab00000, 0x00000000ef300000, 0x0000000100000000)
  eden space 31744K, 0% used [0x00000000eab00000,0x00000000eab00000,0x00000000eca00000)
  from space 5120K, 99% used [0x00000000ecf00000,0x00000000ed3fafa0,0x00000000ed400000)
  to   space 5120K, 0% used [0x00000000eca00000,0x00000000eca00000,0x00000000ecf00000)
 ParOldGen       total 84992K, used 5090K [0x00000000c0000000, 0x00000000c5300000, 0x00000000eab00000)
  object space 84992K, 5% used [0x00000000c0000000,0x00000000c04f8b68,0x00000000c5300000)
 Metaspace       used 5872K, capacity 6832K, committed 7040K, reserved 1056768K
  class space    used 593K, capacity 616K, committed 640K, reserved 1048576K
}
Event: 5,532 GC heap before
{Heap before GC invocations=3 (full 0):
 PSYoungGen      total 36864K, used 36843K [0x00000000eab00000, 0x00000000ef300000, 0x0000000100000000)
  eden space 31744K, 100% used [0x00000000eab00000,0x00000000eca00000,0x00000000eca00000)
  from space 5120K, 99% used [0x00000000ecf00000,0x00000000ed3fafa0,0x00000000ed400000)
  to   space 5120K, 0% used [0x00000000eca00000,0x00000000eca00000,0x00000000ecf00000)
 ParOldGen       total 84992K, used 5090K [0x00000000c0000000, 0x00000000c5300000, 0x00000000eab00000)
  object space 84992K, 5% used [0x00000000c0000000,0x00000000c04f8b68,0x00000000c5300000)
 Metaspace       used 5914K, capacity 6896K, committed 7040K, reserved 1056768K
  class space    used 593K, capacity 616K, committed 640K, reserved 1048576K
Event: 5,596 GC heap after
Heap after GC invocations=3 (full 0):
 PSYoungGen      total 36864K, used 5094K [0x00000000eab00000, 0x00000000ef300000, 0x0000000100000000)
  eden space 31744K, 0% used [0x00000000eab00000,0x00000000eab00000,0x00000000eca00000)
  from space 5120K, 99% used [0x00000000eca00000,0x00000000ecef9858,0x00000000ecf00000)
  to   space 5120K, 0% used [0x00000000eee00000,0x00000000eee00000,0x00000000ef300000)
 ParOldGen       total 84992K, used 9224K [0x00000000c0000000, 0x00000000c5300000, 0x00000000eab00000)
  object space 84992K, 10% used [0x00000000c0000000,0x00000000c0902120,0x00000000c5300000)
 Metaspace       used 5914K, capacity 6896K, committed 7040K, reserved 1056768K
  class space    used 593K, capacity 616K, committed 640K, reserved 1048576K
}
Event: 6,111 GC heap before
{Heap before GC invocations=4 (full 0):
 PSYoungGen      total 36864K, used 36838K [0x00000000eab00000, 0x00000000ef300000, 0x0000000100000000)
  eden space 31744K, 100% used [0x00000000eab00000,0x00000000eca00000,0x00000000eca00000)
  from space 5120K, 99% used [0x00000000eca00000,0x00000000ecef9858,0x00000000ecf00000)
  to   space 5120K, 0% used [0x00000000eee00000,0x00000000eee00000,0x00000000ef300000)
 ParOldGen       total 84992K, used 9224K [0x00000000c0000000, 0x00000000c5300000, 0x00000000eab00000)
  object space 84992K, 10% used [0x00000000c0000000,0x00000000c0902120,0x00000000c5300000)
 Metaspace       used 5959K, capacity 6896K, committed 7040K, reserved 1056768K
  class space    used 593K, capacity 616K, committed 640K, reserved 1048576K
Event: 6,174 GC heap after
Heap after GC invocations=4 (full 0):
 PSYoungGen      total 68608K, used 5094K [0x00000000eab00000, 0x00000000ef300000, 0x0000000100000000)
  eden space 63488K, 0% used [0x00000000eab00000,0x00000000eab00000,0x00000000ee900000)
  from space 5120K, 99% used [0x00000000eee00000,0x00000000ef2f9b78,0x00000000ef300000)
  to   space 5120K, 0% used [0x00000000ee900000,0x00000000ee900000,0x00000000eee00000)
 ParOldGen       total 84992K, used 14503K [0x00000000c0000000, 0x00000000c5300000, 0x00000000eab00000)
  object space 84992K, 17% used [0x00000000c0000000,0x00000000c0e29d88,0x00000000c5300000)
 Metaspace       used 5959K, capacity 6896K, committed 7040K, reserved 1056768K
  class space    used 593K, capacity 616K, committed 640K, reserved 1048576K
}
Event: 7,086 GC heap before
{Heap before GC invocations=5 (full 0):
 PSYoungGen      total 68608K, used 68582K [0x00000000eab00000, 0x00000000ef300000, 0x0000000100000000)
  eden space 63488K, 100% used [0x00000000eab00000,0x00000000ee900000,0x00000000ee900000)
  from space 5120K, 99% used [0x00000000eee00000,0x00000000ef2f9b78,0x00000000ef300000)
  to   space 5120K, 0% used [0x00000000ee900000,0x00000000ee900000,0x00000000eee00000)
 ParOldGen       total 84992K, used 14503K [0x00000000c0000000, 0x00000000c5300000, 0x00000000eab00000)
  object space 84992K, 17% used [0x00000000c0000000,0x00000000c0e29d88,0x00000000c5300000)
 Metaspace       used 6165K, capacity 7064K, committed 7424K, reserved 1056768K
  class space    used 613K, capacity 656K, committed 768K, reserved 1048576K
Event: 7,212 GC heap after
Heap after GC invocations=5 (full 0):
 PSYoungGen      total 68608K, used 5090K [0x00000000eab00000, 0x00000000f4500000, 0x0000000100000000)
  eden space 63488K, 0% used [0x00000000eab00000,0x00000000eab00000,0x00000000ee900000)
  from space 5120K, 99% used [0x00000000ee900000,0x00000000eedf88c0,0x00000000eee00000)
  to   space 15360K, 0% used [0x00000000f3600000,0x00000000f3600000,0x00000000f4500000)
 ParOldGen       total 84992K, used 23938K [0x00000000c0000000, 0x00000000c5300000, 0x00000000eab00000)
  object space 84992K, 28% used [0x00000000c0000000,0x00000000c1760968,0x00000000c5300000)
 Metaspace       used 6165K, capacity 7064K, committed 7424K, reserved 1056768K
  class space    used 613K, capacity 656K, committed 768K, reserved 1048576K
}
Event: 7,896 GC heap before
{Heap before GC invocations=6 (full 0):
 PSYoungGen      total 68608K, used 68578K [0x00000000eab00000, 0x00000000f4500000, 0x0000000100000000)
  eden space 63488K, 100% used [0x00000000eab00000,0x00000000ee900000,0x00000000ee900000)
  from space 5120K, 99% used [0x00000000ee900000,0x00000000eedf88c0,0x00000000eee00000)
  to   space 15360K, 0% used [0x00000000f3600000,0x00000000f3600000,0x00000000f4500000)
 ParOldGen       total 84992K, used 23938K [0x00000000c0000000, 0x00000000c5300000, 0x00000000eab00000)
  object space 84992K, 28% used [0x00000000c0000000,0x00000000c1760968,0x00000000c5300000)
 Metaspace       used 6188K, capacity 7064K, committed 7424K, reserved 1056768K
  class space    used 613K, capacity 656K, committed 768K, reserved 1048576K
Event: 8,019 GC heap after
Heap after GC invocations=6 (full 0):
 PSYoungGen      total 140800K, used 14247K [0x00000000eab00000, 0x00000000f4800000, 0x0000000100000000)
  eden space 125440K, 0% used [0x00000000eab00000,0x00000000eab00000,0x00000000f2580000)
  from space 15360K, 92% used [0x00000000f3600000,0x00000000f43e9ef0,0x00000000f4500000)
  to   space 16896K, 0% used [0x00000000f2580000,0x00000000f2580000,0x00000000f3600000)
 ParOldGen       total 84992K, used 23938K [0x00000000c0000000, 0x00000000c5300000, 0x00000000eab00000)
  object space 84992K, 28% used [0x00000000c0000000,0x00000000c1760968,0x00000000c5300000)
 Metaspace       used 6188K, capacity 7064K, committed 7424K, reserved 1056768K
  class space    used 613K, capacity 656K, committed 768K, reserved 1048576K
}
Event: 49,471 GC heap before
{Heap before GC invocations=7 (full 0):
 PSYoungGen      total 140800K, used 139687K [0x00000000eab00000, 0x00000000f4800000, 0x0000000100000000)
  eden space 125440K, 100% used [0x00000000eab00000,0x00000000f2580000,0x00000000f2580000)
  from space 15360K, 92% used [0x00000000f3600000,0x00000000f43e9ef0,0x00000000f4500000)
  to   space 16896K, 0% used [0x00000000f2580000,0x00000000f2580000,0x00000000f3600000)
 ParOldGen       total 84992K, used 23938K [0x00000000c0000000, 0x00000000c5300000, 0x00000000eab00000)
  object space 84992K, 28% used [0x00000000c0000000,0x00000000c1760968,0x00000000c5300000)
 Metaspace       used 6680K, capacity 7480K, committed 7680K, reserved 1056768K
  class space    used 634K, capacity 688K, committed 768K, reserved 1048576K

Deoptimization events (10 events):
Event: 7,227 Thread 0x00007fd1b0138800 Uncommon trap: reason=unstable_if action=reinterpret pc=0x00007fd1a150c1b0 method=com.android.dx.ssa.SCCP.simulateStmt(Lcom/android/dx/ssa/SsaInsn;)V @ 59
Event: 7,259 Thread 0x00007fd1b0138800 Uncommon trap: reason=unstable_if action=reinterpret pc=0x00007fd1a14a7970 method=java.util.HashMap.putVal(ILjava/lang/Object;Ljava/lang/Object;ZZ)Ljava/lang/Object; @ 162
Event: 8,115 Thread 0x00007fd1b013e000 Uncommon trap: reason=unstable_if action=reinterpret pc=0x00007fd1a139ce08 method=com.android.dx.dex.code.OutputFinisher.hasLocalInfo(Lcom/android/dx/dex/code/DalvInsn;)Z @ 24
Event: 9,971 Thread 0x00007fd1b013e000 Uncommon trap: reason=class_check action=maybe_recompile pc=0x00007fd1a150823c method=java.util.Arrays.hashCode([Ljava/lang/Object;)I @ 43
Event: 9,971 Thread 0x00007fd1b013e000 Uncommon trap: reason=class_check action=maybe_recompile pc=0x00007fd1a150823c method=java.util.Arrays.hashCode([Ljava/lang/Object;)I @ 43
Event: 9,971 Thread 0x00007fd1b013e000 Uncommon trap: reason=class_check action=maybe_recompile pc=0x00007fd1a150823c method=java.util.Arrays.hashCode([Ljava/lang/Object;)I @ 43
Event: 9,971 Thread 0x00007fd1b013e000 Uncommon trap: reason=class_check action=maybe_recompile pc=0x00007fd1a150823c method=java.util.Arrays.hashCode([Ljava/lang/Object;)I @ 43
Event: 9,971 Thread 0x00007fd1b013e000 Uncommon trap: reason=class_check action=maybe_recompile pc=0x00007fd1a144cdf4 method=java.util.Arrays.hashCode([Ljava/lang/Object;)I @ 43
Event: 11,531 Thread 0x00007fd1b013e000 Uncommon trap: reason=unstable_if action=reinterpret pc=0x00007fd1a12e5ccc method=java.util.Arrays.equals([Ljava/lang/Object;[Ljava/lang/Object;)Z @ 23
Event: 49,138 Thread 0x00007fd1b013e000 Uncommon trap: reason=unstable_if action=reinterpret pc=0x00007fd1a1783c00 method=com.android.dx.rop.code.RegisterSpec.equalsUsingSimpleType(Lcom/android/dx/rop/code/RegisterSpec;)Z @ 5

Internal exceptions (6 events):
Event: 0,159 Thread 0x00007fd1b000a000 Exception <a 'java/lang/NoSuchMethodError': Method sun.misc.Unsafe.defineClass(Ljava/lang/String;[BII)Ljava/lang/Class; name or signature does not match> (0x00000000eab07c78) thrown at [/HUDSON3/workspace/8-2-build-linux-amd64/jdk8u102/7268/hotspot/src/sh
Event: 0,159 Thread 0x00007fd1b000a000 Exception <a 'java/lang/NoSuchMethodError': Method sun.misc.Unsafe.prefetchRead(Ljava/lang/Object;J)V name or signature does not match> (0x00000000eab07f60) thrown at [/HUDSON3/workspace/8-2-build-linux-amd64/jdk8u102/7268/hotspot/src/share/vm/prims/jni.c
Event: 4,022 Thread 0x00007fd1b013e000 Implicit null exception at 0x00007fd1a12d79bd to 0x00007fd1a12da8e9
Event: 7,050 Thread 0x00007fd1b013d000 Exception <a 'java/lang/ArrayIndexOutOfBoundsException': 18> (0x00000000ee5cccf8) thrown at [/HUDSON3/workspace/8-2-build-linux-amd64/jdk8u102/7268/hotspot/src/share/vm/interpreter/interpreterRuntime.cpp, line 366]
Event: 7,051 Thread 0x00007fd1b013d000 Exception <a 'java/lang/ArrayIndexOutOfBoundsException': 145> (0x00000000ee5ce878) thrown at [/HUDSON3/workspace/8-2-build-linux-amd64/jdk8u102/7268/hotspot/src/share/vm/interpreter/interpreterRuntime.cpp, line 366]
Event: 7,051 Thread 0x00007fd1b013d000 Exception <a 'java/lang/ArrayIndexOutOfBoundsException': 40> (0x00000000ee5cfb60) thrown at [/HUDSON3/workspace/8-2-build-linux-amd64/jdk8u102/7268/hotspot/src/share/vm/interpreter/interpreterRuntime.cpp, line 366]

Events (10 events):
Event: 49,138 Thread 0x00007fd1b013e000 Uncommon trap: trap_request=0xffffff65 fr.pc=0x00007fd1a1783c00
Event: 49,138 Thread 0x00007fd1b013e000 DEOPT PACKING pc=0x00007fd1a1783c00 sp=0x00007fd19946af80
Event: 49,140 Thread 0x00007fd1b013e000 DEOPT UNPACKING pc=0x00007fd1a1005229 sp=0x00007fd19946ae90 mode 2
Event: 49,404 loading class com/android/dx/dex/file/DebugInfoEncoder
Event: 49,404 loading class com/android/dx/dex/file/DebugInfoEncoder done
Event: 49,425 loading class com/android/dx/dex/file/DebugInfoEncoder$1
Event: 49,425 loading class com/android/dx/dex/file/DebugInfoEncoder$1 done
Event: 49,437 loading class com/android/dx/dex/file/DebugInfoEncoder$2
Event: 49,437 loading class com/android/dx/dex/file/DebugInfoEncoder$2 done
Event: 49,471 Executing VM operation: ParallelGCFailedAllocation


Dynamic libraries:
00400000-00401000 r-xp 00000000 08:04 2360749                            /opt/jdk/jdk1.8.0_102/bin/java
00600000-00601000 rw-p 00000000 08:04 2360749                            /opt/jdk/jdk1.8.0_102/bin/java
01a90000-01ab1000 rw-p 00000000 00:00 0                                  [heap]
c0000000-c5300000 rw-p 00000000 00:00 0 
c5300000-eab00000 ---p 00000000 00:00 0 
eab00000-f4800000 rw-p 00000000 00:00 0 
fc900000-100000000 ---p 00000000 00:00 0 
100000000-1000c0000 rw-p 00000000 00:00 0 
1000c0000-140000000 ---p 00000000 00:00 0 
7fd14c000000-7fd14c021000 rw-p 00000000 00:00 0 
7fd14c021000-7fd150000000 ---p 00000000 00:00 0 
7fd154000000-7fd15402a000 rw-p 00000000 00:00 0 
7fd15402a000-7fd158000000 ---p 00000000 00:00 0 
7fd158000000-7fd158025000 rw-p 00000000 00:00 0 
7fd158025000-7fd15c000000 ---p 00000000 00:00 0 
7fd15c000000-7fd15c02f000 rw-p 00000000 00:00 0 
7fd15c02f000-7fd160000000 ---p 00000000 00:00 0 
7fd160000000-7fd16002d000 rw-p 00000000 00:00 0 
7fd16002d000-7fd164000000 ---p 00000000 00:00 0 
7fd164000000-7fd164021000 rw-p 00000000 00:00 0 
7fd164021000-7fd168000000 ---p 00000000 00:00 0 
7fd168000000-7fd168021000 rw-p 00000000 00:00 0 
7fd168021000-7fd16c000000 ---p 00000000 00:00 0 
7fd16c000000-7fd16ce14000 rw-p 00000000 00:00 0 
7fd16ce14000-7fd170000000 ---p 00000000 00:00 0 
7fd170000000-7fd17092d000 rw-p 00000000 00:00 0 
7fd17092d000-7fd174000000 ---p 00000000 00:00 0 
7fd174000000-7fd174021000 rw-p 00000000 00:00 0 
7fd174021000-7fd178000000 ---p 00000000 00:00 0 
7fd178000000-7fd178b36000 rw-p 00000000 00:00 0 
7fd178b36000-7fd17c000000 ---p 00000000 00:00 0 
7fd17c000000-7fd17c021000 rw-p 00000000 00:00 0 
7fd17c021000-7fd180000000 ---p 00000000 00:00 0 
7fd180000000-7fd180021000 rw-p 00000000 00:00 0 
7fd180021000-7fd184000000 ---p 00000000 00:00 0 
7fd184000000-7fd184021000 rw-p 00000000 00:00 0 
7fd184021000-7fd188000000 ---p 00000000 00:00 0 
7fd188000000-7fd18828f000 rw-p 00000000 00:00 0 
7fd18828f000-7fd18c000000 ---p 00000000 00:00 0 
7fd18c000000-7fd18c021000 rw-p 00000000 00:00 0 
7fd18c021000-7fd190000000 ---p 00000000 00:00 0 
7fd194000000-7fd194021000 rw-p 00000000 00:00 0 
7fd194021000-7fd198000000 ---p 00000000 00:00 0 
7fd19926b000-7fd19926e000 ---p 00000000 00:00 0 
7fd19926e000-7fd19936c000 rw-p 00000000 00:00 0 
7fd19936c000-7fd19936f000 ---p 00000000 00:00 0 
7fd19936f000-7fd19946d000 rw-p 00000000 00:00 0                          [stack:18014]
7fd19946d000-7fd199470000 ---p 00000000 00:00 0 
7fd199470000-7fd19956e000 rw-p 00000000 00:00 0 
7fd19956e000-7fd199571000 ---p 00000000 00:00 0 
7fd199571000-7fd19966f000 rw-p 00000000 00:00 0 
7fd19966f000-7fd199672000 ---p 00000000 00:00 0 
7fd199672000-7fd199770000 rw-p 00000000 00:00 0 
7fd199770000-7fd199771000 ---p 00000000 00:00 0 
7fd199771000-7fd199871000 rw-p 00000000 00:00 0                          [stack:17921]
7fd199871000-7fd199874000 ---p 00000000 00:00 0 
7fd199874000-7fd199972000 rw-p 00000000 00:00 0                          [stack:17919]
7fd199972000-7fd199975000 ---p 00000000 00:00 0 
7fd199975000-7fd199a73000 rw-p 00000000 00:00 0                          [stack:17918]
7fd199a73000-7fd199a76000 ---p 00000000 00:00 0 
7fd199a76000-7fd199b74000 rw-p 00000000 00:00 0                          [stack:17917]
7fd199b74000-7fd199b77000 ---p 00000000 00:00 0 
7fd199b77000-7fd199c75000 rw-p 00000000 00:00 0                          [stack:17916]
7fd199c75000-7fd199c78000 ---p 00000000 00:00 0 
7fd199c78000-7fd199d76000 rw-p 00000000 00:00 0                          [stack:17915]
7fd199d76000-7fd199eff000 r--p 00000000 08:04 924362                     /usr/lib/locale/locale-archive
7fd199eff000-7fd199f02000 ---p 00000000 00:00 0 
7fd199f02000-7fd19c000000 rw-p 00000000 00:00 0                          [stack:17910]
7fd19c000000-7fd19c021000 rw-p 00000000 00:00 0 
7fd19c021000-7fd1a0000000 ---p 00000000 00:00 0 
7fd1a00ab000-7fd1a00d0000 r--p 00000000 08:04 1713356                    /usr/share/locale/es/LC_MESSAGES/libc.mo
7fd1a00d0000-7fd1a00d3000 ---p 00000000 00:00 0 
7fd1a00d3000-7fd1a01d1000 rw-p 00000000 00:00 0                          [stack:17909]
7fd1a01d1000-7fd1a01d2000 ---p 00000000 00:00 0 
7fd1a01d2000-7fd1a1000000 rw-p 00000000 00:00 0                          [stack:17907]
7fd1a1000000-7fd1a17a0000 rwxp 00000000 00:00 0 
7fd1a17a0000-7fd1b0000000 ---p 00000000 00:00 0 
7fd1b0000000-7fd1b0391000 rw-p 00000000 00:00 0 
7fd1b0391000-7fd1b4000000 ---p 00000000 00:00 0 
7fd1b4008000-7fd1b4016000 r--s 000e0000 08:04 528314                     /home/alexis/Android/Sdk/build-tools/24.0.1/lib/dx.jar
7fd1b4016000-7fd1b42a9000 rw-p 00000000 00:00 0 
7fd1b42a9000-7fd1b4481000 r--s 03d29000 08:04 2360825                    /opt/jdk/jdk1.8.0_102/jre/lib/rt.jar
7fd1b4481000-7fd1b4bb7000 rw-p 00000000 00:00 0 
7fd1b4bb7000-7fd1b4cf7000 ---p 00000000 00:00 0 
7fd1b4cf7000-7fd1b4ef7000 rw-p 00000000 00:00 0 
7fd1b4ef7000-7fd1b4ef8000 ---p 00000000 00:00 0 
7fd1b4ef8000-7fd1b4ff8000 rw-p 00000000 00:00 0                          [stack:17902]
7fd1b4ff8000-7fd1b4ff9000 ---p 00000000 00:00 0 
7fd1b4ff9000-7fd1b50f9000 rw-p 00000000 00:00 0                          [stack:17900]
7fd1b50f9000-7fd1b50fa000 ---p 00000000 00:00 0 
7fd1b50fa000-7fd1b51fa000 rw-p 00000000 00:00 0                          [stack:17898]
7fd1b51fa000-7fd1b51fb000 ---p 00000000 00:00 0 
7fd1b51fb000-7fd1b5325000 rw-p 00000000 00:00 0                          [stack:17893]
7fd1b5325000-7fd1b5451000 ---p 00000000 00:00 0 
7fd1b5451000-7fd1b547b000 rw-p 00000000 00:00 0 
7fd1b547b000-7fd1b55a6000 ---p 00000000 00:00 0 
7fd1b55a6000-7fd1b55f5000 rw-p 00000000 00:00 0 
7fd1b55f5000-7fd1b5651000 ---p 00000000 00:00 0 
7fd1b5651000-7fd1b5671000 rw-p 00000000 00:00 0 
7fd1b5671000-7fd1b5a12000 ---p 00000000 00:00 0 
7fd1b5a12000-7fd1b5a2c000 r-xp 00000000 08:04 2360856                    /opt/jdk/jdk1.8.0_102/jre/lib/amd64/libzip.so
7fd1b5a2c000-7fd1b5c2c000 ---p 0001a000 08:04 2360856                    /opt/jdk/jdk1.8.0_102/jre/lib/amd64/libzip.so
7fd1b5c2c000-7fd1b5c2d000 rw-p 0001a000 08:04 2360856                    /opt/jdk/jdk1.8.0_102/jre/lib/amd64/libzip.so
7fd1b5c2d000-7fd1b5c38000 r-xp 00000000 08:04 794090                     /lib/x86_64-linux-gnu/libnss_files-2.19.so
7fd1b5c38000-7fd1b5e37000 ---p 0000b000 08:04 794090                     /lib/x86_64-linux-gnu/libnss_files-2.19.so
7fd1b5e37000-7fd1b5e38000 r--p 0000a000 08:04 794090                     /lib/x86_64-linux-gnu/libnss_files-2.19.so
7fd1b5e38000-7fd1b5e39000 rw-p 0000b000 08:04 794090                     /lib/x86_64-linux-gnu/libnss_files-2.19.so
7fd1b5e39000-7fd1b5e43000 r-xp 00000000 08:04 795042                     /lib/x86_64-linux-gnu/libnss_nis-2.19.so
7fd1b5e43000-7fd1b6042000 ---p 0000a000 08:04 795042                     /lib/x86_64-linux-gnu/libnss_nis-2.19.so
7fd1b6042000-7fd1b6043000 r--p 00009000 08:04 795042                     /lib/x86_64-linux-gnu/libnss_nis-2.19.so
7fd1b6043000-7fd1b6044000 rw-p 0000a000 08:04 795042                     /lib/x86_64-linux-gnu/libnss_nis-2.19.so
7fd1b6044000-7fd1b6059000 r-xp 00000000 08:04 794087                     /lib/x86_64-linux-gnu/libnsl-2.19.so
7fd1b6059000-7fd1b6258000 ---p 00015000 08:04 794087                     /lib/x86_64-linux-gnu/libnsl-2.19.so
7fd1b6258000-7fd1b6259000 r--p 00014000 08:04 794087                     /lib/x86_64-linux-gnu/libnsl-2.19.so
7fd1b6259000-7fd1b625a000 rw-p 00015000 08:04 794087                     /lib/x86_64-linux-gnu/libnsl-2.19.so
7fd1b625a000-7fd1b625c000 rw-p 00000000 00:00 0 
7fd1b625c000-7fd1b6263000 r-xp 00000000 08:04 794088                     /lib/x86_64-linux-gnu/libnss_compat-2.19.so
7fd1b6263000-7fd1b6462000 ---p 00007000 08:04 794088                     /lib/x86_64-linux-gnu/libnss_compat-2.19.so
7fd1b6462000-7fd1b6463000 r--p 00006000 08:04 794088                     /lib/x86_64-linux-gnu/libnss_compat-2.19.so
7fd1b6463000-7fd1b6464000 rw-p 00007000 08:04 794088                     /lib/x86_64-linux-gnu/libnss_compat-2.19.so
7fd1b6464000-7fd1b648e000 r-xp 00000000 08:04 2360883                    /opt/jdk/jdk1.8.0_102/jre/lib/amd64/libjava.so
7fd1b648e000-7fd1b668e000 ---p 0002a000 08:04 2360883                    /opt/jdk/jdk1.8.0_102/jre/lib/amd64/libjava.so
7fd1b668e000-7fd1b6690000 rw-p 0002a000 08:04 2360883                    /opt/jdk/jdk1.8.0_102/jre/lib/amd64/libjava.so
7fd1b6690000-7fd1b669d000 r-xp 00000000 08:04 2360834                    /opt/jdk/jdk1.8.0_102/jre/lib/amd64/libverify.so
7fd1b669d000-7fd1b689d000 ---p 0000d000 08:04 2360834                    /opt/jdk/jdk1.8.0_102/jre/lib/amd64/libverify.so
7fd1b689d000-7fd1b689f000 rw-p 0000d000 08:04 2360834                    /opt/jdk/jdk1.8.0_102/jre/lib/amd64/libverify.so
7fd1b689f000-7fd1b68a6000 r-xp 00000000 08:04 795046                     /lib/x86_64-linux-gnu/librt-2.19.so
7fd1b68a6000-7fd1b6aa5000 ---p 00007000 08:04 795046                     /lib/x86_64-linux-gnu/librt-2.19.so
7fd1b6aa5000-7fd1b6aa6000 r--p 00006000 08:04 795046                     /lib/x86_64-linux-gnu/librt-2.19.so
7fd1b6aa6000-7fd1b6aa7000 rw-p 00007000 08:04 795046                     /lib/x86_64-linux-gnu/librt-2.19.so
7fd1b6aa7000-7fd1b6ba7000 r-xp 00000000 08:04 794085                     /lib/x86_64-linux-gnu/libm-2.19.so
7fd1b6ba7000-7fd1b6da6000 ---p 00100000 08:04 794085                     /lib/x86_64-linux-gnu/libm-2.19.so
7fd1b6da6000-7fd1b6da7000 r--p 000ff000 08:04 794085                     /lib/x86_64-linux-gnu/libm-2.19.so
7fd1b6da7000-7fd1b6da8000 rw-p 00100000 08:04 794085                     /lib/x86_64-linux-gnu/libm-2.19.so
7fd1b6da8000-7fd1b7a74000 r-xp 00000000 08:04 2360887                    /opt/jdk/jdk1.8.0_102/jre/lib/amd64/server/libjvm.so
7fd1b7a74000-7fd1b7c74000 ---p 00ccc000 08:04 2360887                    /opt/jdk/jdk1.8.0_102/jre/lib/amd64/server/libjvm.so
7fd1b7c74000-7fd1b7d4d000 rw-p 00ccc000 08:04 2360887                    /opt/jdk/jdk1.8.0_102/jre/lib/amd64/server/libjvm.so
7fd1b7d4d000-7fd1b7d98000 rw-p 00000000 00:00 0 
7fd1b7d98000-7fd1b7f39000 r-xp 00000000 08:04 793880                     /lib/x86_64-linux-gnu/libc-2.19.so
7fd1b7f39000-7fd1b8139000 ---p 001a1000 08:04 793880                     /lib/x86_64-linux-gnu/libc-2.19.so
7fd1b8139000-7fd1b813d000 r--p 001a1000 08:04 793880                     /lib/x86_64-linux-gnu/libc-2.19.so
7fd1b813d000-7fd1b813f000 rw-p 001a5000 08:04 793880                     /lib/x86_64-linux-gnu/libc-2.19.so
7fd1b813f000-7fd1b8143000 rw-p 00000000 00:00 0 
7fd1b8143000-7fd1b8146000 r-xp 00000000 08:04 794084                     /lib/x86_64-linux-gnu/libdl-2.19.so
7fd1b8146000-7fd1b8345000 ---p 00003000 08:04 794084                     /lib/x86_64-linux-gnu/libdl-2.19.so
7fd1b8345000-7fd1b8346000 r--p 00002000 08:04 794084                     /lib/x86_64-linux-gnu/libdl-2.19.so
7fd1b8346000-7fd1b8347000 rw-p 00003000 08:04 794084                     /lib/x86_64-linux-gnu/libdl-2.19.so
7fd1b8347000-7fd1b835c000 r-xp 00000000 08:04 2359968                    /opt/jdk/jdk1.8.0_102/lib/amd64/jli/libjli.so
7fd1b835c000-7fd1b855c000 ---p 00015000 08:04 2359968                    /opt/jdk/jdk1.8.0_102/lib/amd64/jli/libjli.so
7fd1b855c000-7fd1b855d000 rw-p 00015000 08:04 2359968                    /opt/jdk/jdk1.8.0_102/lib/amd64/jli/libjli.so
7fd1b855d000-7fd1b8575000 r-xp 00000000 08:04 793541                     /lib/x86_64-linux-gnu/libpthread-2.19.so
7fd1b8575000-7fd1b8774000 ---p 00018000 08:04 793541                     /lib/x86_64-linux-gnu/libpthread-2.19.so
7fd1b8774000-7fd1b8775000 r--p 00017000 08:04 793541                     /lib/x86_64-linux-gnu/libpthread-2.19.so
7fd1b8775000-7fd1b8776000 rw-p 00018000 08:04 793541                     /lib/x86_64-linux-gnu/libpthread-2.19.so
7fd1b8776000-7fd1b877a000 rw-p 00000000 00:00 0 
7fd1b877a000-7fd1b879a000 r-xp 00000000 08:04 793563                     /lib/x86_64-linux-gnu/ld-2.19.so
7fd1b87a5000-7fd1b887e000 rw-p 00000000 00:00 0 
7fd1b887e000-7fd1b8881000 ---p 00000000 00:00 0 
7fd1b8881000-7fd1b8983000 rw-p 00000000 00:00 0                          [stack:17891]
7fd1b8986000-7fd1b8987000 rw-p 00000000 00:00 0 
7fd1b8987000-7fd1b898e000 r--s 00000000 08:04 1060537                    /usr/lib/x86_64-linux-gnu/gconv/gconv-modules.cache
7fd1b898e000-7fd1b8996000 rw-s 00000000 08:04 3289762                    /tmp/hsperfdata_alexis/17889
7fd1b8996000-7fd1b8997000 rw-p 00000000 00:00 0 
7fd1b8997000-7fd1b8998000 ---p 00000000 00:00 0 
7fd1b8998000-7fd1b899a000 rw-p 00000000 00:00 0 
7fd1b899a000-7fd1b899b000 r--p 00020000 08:04 793563                     /lib/x86_64-linux-gnu/ld-2.19.so
7fd1b899b000-7fd1b899c000 rw-p 00021000 08:04 793563                     /lib/x86_64-linux-gnu/ld-2.19.so
7fd1b899c000-7fd1b899d000 rw-p 00000000 00:00 0 
7ffddefa1000-7ffddefc2000 rw-p 00000000 00:00 0                          [stack]
7ffddefd6000-7ffddefd8000 r-xp 00000000 00:00 0                          [vdso]
7ffddefd8000-7ffddefda000 r--p 00000000 00:00 0                          [vvar]
ffffffffff600000-ffffffffff601000 r-xp 00000000 00:00 0                  [vsyscall]

VM Arguments:
jvm_args: -Djava.awt.headless=true -Xmx1024M -Dfile.encoding=UTF-8 -Duser.country=AR -Duser.language=es -Duser.variant 
java_command: com.android.dx.command.Main --dex --force-jumbo --num-threads=4 --multi-dex --output /home/alexis/Geobus/app/build/intermediates/transforms/dex/debug/folders/1000/10/com.android.support-appcompat-v7-24.1.1_ff7447fcf2824a68f4f450fe1a5e617bce3f4497 /home/alexis/Geobus/app/build/intermediates/exploded-aar/com.android.support/appcompat-v7/24.1.1/jars/classes.jar
java_class_path (initial): /home/alexis/Android/Sdk/build-tools/24.0.1/lib/dx.jar
Launcher Type: SUN_STANDARD

Environment Variables:
PATH=/home/alexis/bin:/usr/sbin:/sbin:/usr/local/bin:/usr/bin:/bin:/usr/local/games:/usr/games
LD_LIBRARY_PATH=/opt/android-studio/bin/.:
SHELL=/bin/bash
DISPLAY=:0

Signal Handlers:
SIGSEGV: [libjvm.so+0xac5b30], sa_mask[0]=11111111011111111101111111111110, sa_flags=SA_RESTART|SA_SIGINFO
SIGBUS: [libjvm.so+0xac5b30], sa_mask[0]=11111111011111111101111111111110, sa_flags=SA_RESTART|SA_SIGINFO
SIGFPE: [libjvm.so+0x91f470], sa_mask[0]=11111111011111111101111111111110, sa_flags=SA_RESTART|SA_SIGINFO
SIGPIPE: [libjvm.so+0x91f470], sa_mask[0]=11111111011111111101111111111110, sa_flags=SA_RESTART|SA_SIGINFO
SIGXFSZ: [libjvm.so+0x91f470], sa_mask[0]=11111111011111111101111111111110, sa_flags=SA_RESTART|SA_SIGINFO
SIGILL: [libjvm.so+0x91f470], sa_mask[0]=11111111011111111101111111111110, sa_flags=SA_RESTART|SA_SIGINFO
SIGUSR1: SIG_DFL, sa_mask[0]=00000000000000000000000000000000, sa_flags=none
SIGUSR2: [libjvm.so+0x920aa0], sa_mask[0]=00100000000000000000000000000000, sa_flags=SA_RESTART|SA_SIGINFO
SIGHUP: [libjvm.so+0x921ea0], sa_mask[0]=11111111011111111101111111111110, sa_flags=SA_RESTART|SA_SIGINFO
SIGINT: [libjvm.so+0x921ea0], sa_mask[0]=11111111011111111101111111111110, sa_flags=SA_RESTART|SA_SIGINFO
SIGTERM: [libjvm.so+0x921ea0], sa_mask[0]=11111111011111111101111111111110, sa_flags=SA_RESTART|SA_SIGINFO
SIGQUIT: [libjvm.so+0x921ea0], sa_mask[0]=11111111011111111101111111111110, sa_flags=SA_RESTART|SA_SIGINFO


---------------  S Y S T E M  ---------------

OS:DISTRIB_ID="BunsenLabs"
DISTRIB_DESCRIPTION="BunsenLabs GNU/Linux 8.5 (Hydrogen)"
DISTRIB_RELEASE="8.5"
DISTRIB_CODENAME="bunsen-hydrogen"

uname:Linux 3.16.0-4-amd64 #1 SMP Debian 3.16.7-ckt25-2+deb8u3 (2016-07-02) x86_64
libc:glibc 2.19 NPTL 2.19 
rlimit: STACK 8192k, CORE 0k, NPROC 31341, NOFILE 65536, AS infinity
load average:24,30 8,85 6,47

/proc/meminfo:
MemTotal:        8045472 kB
MemFree:          110788 kB
MemAvailable:      73008 kB
Buffers:            1632 kB
Cached:          2317400 kB
SwapCached:            0 kB
Active:          5590968 kB
Inactive:        2150968 kB
Active(anon):    5566220 kB
Inactive(anon):  2127752 kB
Active(file):      24748 kB
Inactive(file):    23216 kB
Unevictable:          32 kB
Mlocked:              32 kB
SwapTotal:             0 kB
SwapFree:              0 kB
Dirty:                 0 kB
Writeback:           300 kB
AnonPages:       5423624 kB
Mapped:           659860 kB
Shmem:           2270596 kB
Slab:              95944 kB
SReclaimable:      45412 kB
SUnreclaim:        50532 kB
KernelStack:       11008 kB
PageTables:        43188 kB
NFS_Unstable:          0 kB
Bounce:                0 kB
WritebackTmp:          0 kB
CommitLimit:     4022736 kB
Committed_AS:   13032060 kB
VmallocTotal:   34359738367 kB
VmallocUsed:      554552 kB
VmallocChunk:   34359134188 kB
HardwareCorrupted:     0 kB
AnonHugePages:         0 kB
HugePages_Total:       0
HugePages_Free:        0
HugePages_Rsvd:        0
HugePages_Surp:        0
Hugepagesize:       2048 kB
DirectMap4k:       53504 kB
DirectMap2M:     8183808 kB


CPU:total 4 (2 cores per cpu, 2 threads per core) family 6 model 42 stepping 7, cmov, cx8, fxsr, mmx, sse, sse2, sse3, ssse3, sse4.1, sse4.2, popcnt, avx, aes, clmul, ht, tsc, tscinvbit

/proc/cpuinfo:
processor	: 0
vendor_id	: GenuineIntel
cpu family	: 6
model		: 42
model name	: Intel(R) Core(TM) i5-2410M CPU @ 2.30GHz
stepping	: 7
microcode	: 0x29
cpu MHz		: 2699.984
cache size	: 3072 KB
physical id	: 0
siblings	: 4
core id		: 0
cpu cores	: 2
apicid		: 0
initial apicid	: 0
fpu		: yes
fpu_exception	: yes
cpuid level	: 13
wp		: yes
flags		: fpu vme de pse tsc msr pae mce cx8 apic sep mtrr pge mca cmov pat pse36 clflush dts acpi mmx fxsr sse sse2 ss ht tm pbe syscall nx rdtscp lm constant_tsc arch_perfmon pebs bts rep_good nopl xtopology nonstop_tsc aperfmperf eagerfpu pni pclmulqdq dtes64 monitor ds_cpl vmx est tm2 ssse3 cx16 xtpr pdcm pcid sse4_1 sse4_2 x2apic popcnt tsc_deadline_timer aes xsave avx lahf_lm ida arat epb xsaveopt pln pts dtherm tpr_shadow vnmi flexpriority ept vpid
bogomips	: 4589.83
clflush size	: 64
cache_alignment	: 64
address sizes	: 36 bits physical, 48 bits virtual
power management:

processor	: 1
vendor_id	: GenuineIntel
cpu family	: 6
model		: 42
model name	: Intel(R) Core(TM) i5-2410M CPU @ 2.30GHz
stepping	: 7
microcode	: 0x29
cpu MHz		: 2699.984
cache size	: 3072 KB
physical id	: 0
siblings	: 4
core id		: 0
cpu cores	: 2
apicid		: 1
initial apicid	: 1
fpu		: yes
fpu_exception	: yes
cpuid level	: 13
wp		: yes
flags		: fpu vme de pse tsc msr pae mce cx8 apic sep mtrr pge mca cmov pat pse36 clflush dts acpi mmx fxsr sse sse2 ss ht tm pbe syscall nx rdtscp lm constant_tsc arch_perfmon pebs bts rep_good nopl xtopology nonstop_tsc aperfmperf eagerfpu pni pclmulqdq dtes64 monitor ds_cpl vmx est tm2 ssse3 cx16 xtpr pdcm pcid sse4_1 sse4_2 x2apic popcnt tsc_deadline_timer aes xsave avx lahf_lm ida arat epb xsaveopt pln pts dtherm tpr_shadow vnmi flexpriority ept vpid
bogomips	: 4589.83
clflush size	: 64
cache_alignment	: 64
address sizes	: 36 bits physical, 48 bits virtual
power management:

processor	: 2
vendor_id	: GenuineIntel
cpu family	: 6
model		: 42
model name	: Intel(R) Core(TM) i5-2410M CPU @ 2.30GHz
stepping	: 7
microcode	: 0x29
cpu MHz		: 2699.984
cache size	: 3072 KB
physical id	: 0
siblings	: 4
core id		: 1
cpu cores	: 2
apicid		: 2
initial apicid	: 2
fpu		: yes
fpu_exception	: yes
cpuid level	: 13
wp		: yes
flags		: fpu vme de pse tsc msr pae mce cx8 apic sep mtrr pge mca cmov pat pse36 clflush dts acpi mmx fxsr sse sse2 ss ht tm pbe syscall nx rdtscp lm constant_tsc arch_perfmon pebs bts rep_good nopl xtopology nonstop_tsc aperfmperf eagerfpu pni pclmulqdq dtes64 monitor ds_cpl vmx est tm2 ssse3 cx16 xtpr pdcm pcid sse4_1 sse4_2 x2apic popcnt tsc_deadline_timer aes xsave avx lahf_lm ida arat epb xsaveopt pln pts dtherm tpr_shadow vnmi flexpriority ept vpid
bogomips	: 4589.83
clflush size	: 64
cache_alignment	: 64
address sizes	: 36 bits physical, 48 bits virtual
power management:

processor	: 3
vendor_id	: GenuineIntel
cpu family	: 6
model		: 42
model name	: Intel(R) Core(TM) i5-2410M CPU @ 2.30GHz
stepping	: 7
microcode	: 0x29
cpu MHz		: 2699.984
cache size	: 3072 KB
physical id	: 0
siblings	: 4
core id		: 1
cpu cores	: 2
apicid		: 3
initial apicid	: 3
fpu		: yes
fpu_exception	: yes
cpuid level	: 13
wp		: yes
flags		: fpu vme de pse tsc msr pae mce cx8 apic sep mtrr pge mca cmov pat pse36 clflush dts acpi mmx fxsr sse sse2 ss ht tm pbe syscall nx rdtscp lm constant_tsc arch_perfmon pebs bts rep_good nopl xtopology nonstop_tsc aperfmperf eagerfpu pni pclmulqdq dtes64 monitor ds_cpl vmx est tm2 ssse3 cx16 xtpr pdcm pcid sse4_1 sse4_2 x2apic popcnt tsc_deadline_timer aes xsave avx lahf_lm ida arat epb xsaveopt pln pts dtherm tpr_shadow vnmi flexpriority ept vpid
bogomips	: 4589.83
clflush size	: 64
cache_alignment	: 64
address sizes	: 36 bits physical, 48 bits virtual
power management:



Memory: 4k page, physical 8045472k(110712k free), swap 0k(0k free)

vm_info: Java HotSpot(TM) 64-Bit Server VM (25.102-b14) for linux-amd64 JRE (1.8.0_102-b14), built on Jun 22 2016 18:43:17 by "java_re" with gcc 4.3.0 20080428 (Red Hat 4.3.0-8)

time: Tue Jan 31 01:15:12 2017
elapsed time: 49 seconds (0d 0h 0m 49s)

