#
# There is insufficient memory for the Java Runtime Environment to continue.
# Native memory allocation (mmap) failed to map 192413696 bytes for committing reserved memory.
# Possible reasons:
#   The system is out of physical RAM or swap space
#   In 32 bit mode, the process size limit was hit
# Possible solutions:
#   Reduce memory load on the system
#   Increase physical memory or swap space
#   Check if swap backing store is full
#   Use 64 bit Java on a 64 bit OS
#   Decrease Java heap size (-Xmx/-Xms)
#   Decrease number of Java threads
#   Decrease Java thread stack sizes (-Xss)
#   Set larger code cache with -XX:ReservedCodeCacheSize=
# This output file may be truncated or incomplete.
#
#  Out of Memory Error (os_linux.cpp:2627), pid=22844, tid=0x00007fc4b8651700
#
# JRE version: Java(TM) SE Runtime Environment (8.0_102-b14) (build 1.8.0_102-b14)
# Java VM: Java HotSpot(TM) 64-Bit Server VM (25.102-b14 mixed mode linux-amd64 compressed oops)
# Failed to write core dump. Core dumps have been disabled. To enable core dumping, try "ulimit -c unlimited" before starting Java again
#

---------------  T H R E A D  ---------------

Current thread (0x00007fc4c8078000):  VMThread [stack: 0x00007fc4b8551000,0x00007fc4b8652000] [id=22854]

Stack: [0x00007fc4b8551000,0x00007fc4b8652000],  sp=0x00007fc4b86503a0,  free space=1020k
Native frames: (J=compiled Java code, j=interpreted, Vv=VM code, C=native code)
V  [libjvm.so+0xac52aa]  VMError::report_and_die()+0x2ba
V  [libjvm.so+0x4fc29b]  report_vm_out_of_memory(char const*, int, unsigned long, VMErrorType, char const*)+0x8b
V  [libjvm.so+0x922603]  os::Linux::commit_memory_impl(char*, unsigned long, bool)+0x103
V  [libjvm.so+0x922b59]  os::pd_commit_memory(char*, unsigned long, unsigned long, bool)+0x29
V  [libjvm.so+0x91ce5a]  os::commit_memory(char*, unsigned long, unsigned long, bool)+0x2a
V  [libjvm.so+0x9915e3]  PSVirtualSpace::expand_by(unsigned long)+0x53
V  [libjvm.so+0x981ea0]  PSOldGen::expand(unsigned long)+0x170
V  [libjvm.so+0x9820ab]  PSOldGen::resize(unsigned long)+0x1cb
V  [libjvm.so+0x989db1]  PSParallelCompact::invoke_no_policy(bool)+0x991
V  [libjvm.so+0x98f70d]  PSScavenge::invoke()+0x1ad
V  [libjvm.so+0x9462f0]  ParallelScavengeHeap::failed_mem_allocate(unsigned long)+0x70
V  [libjvm.so+0xac6cc7]  VM_ParallelGCFailedAllocation::doit()+0x97
V  [libjvm.so+0xace7a5]  VM_Operation::evaluate()+0x55
V  [libjvm.so+0xaccb7a]  VMThread::evaluate_operation(VM_Operation*)+0xba
V  [libjvm.so+0xaccefe]  VMThread::loop()+0x1ce
V  [libjvm.so+0xacd370]  VMThread::run()+0x70
V  [libjvm.so+0x9249c8]  java_start(Thread*)+0x108

VM_Operation (0x00007fc4d1d34950): ParallelGCFailedAllocation, mode: safepoint, requested by thread 0x00007fc4c800a000


---------------  P R O C E S S  ---------------

Java Threads: ( => current thread )
  0x00007fc4c821a800 JavaThread "pool-2-thread-4" [_thread_blocked, id=22867, stack(0x00007fc4b34fc000,0x00007fc4b35fd000)]
  0x00007fc4c8219000 JavaThread "pool-2-thread-3" [_thread_blocked, id=22866, stack(0x00007fc4b35fd000,0x00007fc4b36fe000)]
  0x00007fc4c8217800 JavaThread "pool-2-thread-2" [_thread_blocked, id=22865, stack(0x00007fc4b36fe000,0x00007fc4b37ff000)]
  0x00007fc4c8216800 JavaThread "pool-3-thread-1" [_thread_blocked, id=22864, stack(0x00007fc4b37ff000,0x00007fc4b3900000)]
  0x00007fc4c8214000 JavaThread "pool-2-thread-1" [_thread_blocked, id=22863, stack(0x00007fc4b3900000,0x00007fc4b3a01000)]
  0x00007fc4c80c0800 JavaThread "Service Thread" daemon [_thread_blocked, id=22861, stack(0x00007fc4b3bfc000,0x00007fc4b3cfd000)]
  0x00007fc4c80bd000 JavaThread "C1 CompilerThread2" daemon [_thread_blocked, id=22860, stack(0x00007fc4b3cfd000,0x00007fc4b3dfe000)]
  0x00007fc4c80bb800 JavaThread "C2 CompilerThread1" daemon [_thread_blocked, id=22859, stack(0x00007fc4b3dfe000,0x00007fc4b3eff000)]
  0x00007fc4c80b8800 JavaThread "C2 CompilerThread0" daemon [_thread_blocked, id=22858, stack(0x00007fc4b3eff000,0x00007fc4b4000000)]
  0x00007fc4c80b7000 JavaThread "Signal Dispatcher" daemon [_thread_blocked, id=22857, stack(0x00007fc4b80c5000,0x00007fc4b81c6000)]
  0x00007fc4c8084000 JavaThread "Finalizer" daemon [_thread_blocked, id=22856, stack(0x00007fc4b834f000,0x00007fc4b8450000)]
  0x00007fc4c807f800 JavaThread "Reference Handler" daemon [_thread_blocked, id=22855, stack(0x00007fc4b8450000,0x00007fc4b8551000)]
  0x00007fc4c800a000 JavaThread "main" [_thread_blocked, id=22849, stack(0x00007fc4d1c36000,0x00007fc4d1d37000)]

Other Threads:
=>0x00007fc4c8078000 VMThread [stack: 0x00007fc4b8551000,0x00007fc4b8652000] [id=22854]
  0x00007fc4c80c3000 WatcherThread [stack: 0x00007fc4b3afb000,0x00007fc4b3bfc000] [id=22862]

VM state:at safepoint (normal execution)

VM Mutex/Monitor currently owned by a thread:  ([mutex/lock_event])
[0x00007fc4c8005e20] ExpandHeap_lock - owner thread: 0x00007fc4c8078000
[0x00007fc4c80064a0] Threads_lock - owner thread: 0x00007fc4c8078000
[0x00007fc4c80069a0] Heap_lock - owner thread: 0x00007fc4c800a000

Heap:
 PSYoungGen      total 750592K, used 98881K [0x000000076ab00000, 0x00000007a7980000, 0x00000007c0000000)
  eden space 623104K, 0% used [0x000000076ab00000,0x000000076ab00000,0x0000000790b80000)
  from space 127488K, 77% used [0x000000079ac00000,0x00000007a0c907d0,0x00000007a2880000)
  to   space 164352K, 0% used [0x0000000790b80000,0x0000000790b80000,0x000000079ac00000)
 ParOldGen       total 294912K, used 294716K [0x00000006c0000000, 0x00000006d2000000, 0x000000076ab00000)
  object space 294912K, 99% used [0x00000006c0000000,0x00000006d1fcf118,0x00000006d2000000)
 Metaspace       used 6623K, capacity 7320K, committed 7680K, reserved 1056768K
  class space    used 616K, capacity 656K, committed 768K, reserved 1048576K

Card table byte_map: [0x00007fc4ce209000,0x00007fc4cea0a000] byte_map_base: 0x00007fc4cac09000

Marking Bits: (ParMarkBitMap*) 0x00007fc4d1122c60
 Begin Bits: [0x00007fc494000000, 0x00007fc498000000)
 End Bits:   [0x00007fc498000000, 0x00007fc49c000000)

Polling page: 0x00007fc4d1d4f000

CodeCache: size=245760Kb used=11673Kb max_used=11691Kb free=234086Kb
 bounds [0x00007fc4b9000000, 0x00007fc4b9b80000, 0x00007fc4c8000000]
 total_blobs=2807 nmethods=2537 adapters=183
 compilation: enabled

Compilation events (10 events):
Event: 13,012 Thread 0x00007fc4c80bd000 2779       2       com.android.dx.dex.code.SwitchData::shouldPack (50 bytes)
Event: 13,012 Thread 0x00007fc4c80bd000 nmethod 2779 0x00007fc4b9b44710 code [0x00007fc4b9b44880, 0x00007fc4b9b44aa8]
Event: 13,544 Thread 0x00007fc4c80bb800 nmethod 2704 0x00007fc4b9b68750 code [0x00007fc4b9b68d40, 0x00007fc4b9b6d278]
Event: 13,544 Thread 0x00007fc4c80bb800 2778       4       com.android.dx.ssa.DeadCodeRemover::run (194 bytes)
Event: 13,656 Thread 0x00007fc4c80bd000 2782       2       java.util.ArrayList::lastIndexOf (69 bytes)
Event: 13,657 Thread 0x00007fc4c80bd000 nmethod 2782 0x00007fc4b9b48c90 code [0x00007fc4b9b48e20, 0x00007fc4b9b49128]
Event: 13,657 Thread 0x00007fc4c80bd000 2783       2       com.android.dx.rop.code.RegisterSpecList::withoutFirst (62 bytes)
Event: 13,658 Thread 0x00007fc4c80bd000 nmethod 2783 0x00007fc4b9b47e10 code [0x00007fc4b9b47fe0, 0x00007fc4b9b485e8]
Event: 13,658 Thread 0x00007fc4c80bd000 2781       2       com.android.dx.ssa.LiteralOpUpgrader::replacePlainInsn (131 bytes)
Event: 13,659 Thread 0x00007fc4c80bd000 nmethod 2781 0x00007fc4b9b57f90 code [0x00007fc4b9b581e0, 0x00007fc4b9b58af8]

GC Heap History (10 events):
Event: 6,636 GC heap after
Heap after GC invocations=10 (full 1):
 PSYoungGen      total 544768K, used 66027K [0x000000076ab00000, 0x0000000799100000, 0x00000007c0000000)
  eden space 478720K, 0% used [0x000000076ab00000,0x000000076ab00000,0x0000000787e80000)
  from space 66048K, 99% used [0x0000000787e80000,0x000000078befaca8,0x000000078bf00000)
  to   space 85504K, 0% used [0x0000000793d80000,0x0000000793d80000,0x0000000799100000)
 ParOldGen       total 164352K, used 101561K [0x00000006c0000000, 0x00000006ca080000, 0x000000076ab00000)
  object space 164352K, 61% used [0x00000006c0000000,0x00000006c632e590,0x00000006ca080000)
 Metaspace       used 6595K, capacity 7320K, committed 7680K, reserved 1056768K
  class space    used 616K, capacity 656K, committed 768K, reserved 1048576K
}
Event: 8,421 GC heap before
{Heap before GC invocations=11 (full 1):
 PSYoungGen      total 544768K, used 544747K [0x000000076ab00000, 0x0000000799100000, 0x00000007c0000000)
  eden space 478720K, 100% used [0x000000076ab00000,0x0000000787e80000,0x0000000787e80000)
  from space 66048K, 99% used [0x0000000787e80000,0x000000078befaca8,0x000000078bf00000)
  to   space 85504K, 0% used [0x0000000793d80000,0x0000000793d80000,0x0000000799100000)
 ParOldGen       total 164352K, used 101561K [0x00000006c0000000, 0x00000006ca080000, 0x000000076ab00000)
  object space 164352K, 61% used [0x00000006c0000000,0x00000006c632e590,0x00000006ca080000)
 Metaspace       used 6611K, capacity 7320K, committed 7680K, reserved 1056768K
  class space    used 616K, capacity 656K, committed 768K, reserved 1048576K
Event: 8,654 GC heap after
Heap after GC invocations=11 (full 1):
 PSYoungGen      total 639488K, used 85481K [0x000000076ab00000, 0x000000079db80000, 0x00000007c0000000)
  eden space 553984K, 0% used [0x000000076ab00000,0x000000076ab00000,0x000000078c800000)
  from space 85504K, 99% used [0x0000000793d80000,0x00000007990fa708,0x0000000799100000)
  to   space 120320K, 0% used [0x000000078c800000,0x000000078c800000,0x0000000793d80000)
 ParOldGen       total 164352K, used 154980K [0x00000006c0000000, 0x00000006ca080000, 0x000000076ab00000)
  object space 164352K, 94% used [0x00000006c0000000,0x00000006c9759198,0x00000006ca080000)
 Metaspace       used 6611K, capacity 7320K, committed 7680K, reserved 1056768K
  class space    used 616K, capacity 656K, committed 768K, reserved 1048576K
}
Event: 8,654 GC heap before
{Heap before GC invocations=12 (full 2):
 PSYoungGen      total 639488K, used 85481K [0x000000076ab00000, 0x000000079db80000, 0x00000007c0000000)
  eden space 553984K, 0% used [0x000000076ab00000,0x000000076ab00000,0x000000078c800000)
  from space 85504K, 99% used [0x0000000793d80000,0x00000007990fa708,0x0000000799100000)
  to   space 120320K, 0% used [0x000000078c800000,0x000000078c800000,0x0000000793d80000)
 ParOldGen       total 164352K, used 154980K [0x00000006c0000000, 0x00000006ca080000, 0x000000076ab00000)
  object space 164352K, 94% used [0x00000006c0000000,0x00000006c9759198,0x00000006ca080000)
 Metaspace       used 6611K, capacity 7320K, committed 7680K, reserved 1056768K
  class space    used 616K, capacity 656K, committed 768K, reserved 1048576K
Event: 9,853 GC heap after
Heap after GC invocations=12 (full 2):
 PSYoungGen      total 639488K, used 68806K [0x000000076ab00000, 0x000000079db80000, 0x00000007c0000000)
  eden space 553984K, 0% used [0x000000076ab00000,0x000000076ab00000,0x000000078c800000)
  from space 85504K, 80% used [0x0000000793d80000,0x00000007980b1858,0x0000000799100000)
  to   space 120320K, 0% used [0x000000078c800000,0x000000078c800000,0x0000000793d80000)
 ParOldGen       total 294912K, used 164079K [0x00000006c0000000, 0x00000006d2000000, 0x000000076ab00000)
  object space 294912K, 55% used [0x00000006c0000000,0x00000006ca03bef8,0x00000006d2000000)
 Metaspace       used 6611K, capacity 7320K, committed 7680K, reserved 1056768K
  class space    used 616K, capacity 656K, committed 768K, reserved 1048576K
}
Event: 11,680 GC heap before
{Heap before GC invocations=13 (full 2):
 PSYoungGen      total 639488K, used 622790K [0x000000076ab00000, 0x000000079db80000, 0x00000007c0000000)
  eden space 553984K, 100% used [0x000000076ab00000,0x000000078c800000,0x000000078c800000)
  from space 85504K, 80% used [0x0000000793d80000,0x00000007980b1858,0x0000000799100000)
  to   space 120320K, 0% used [0x000000078c800000,0x000000078c800000,0x0000000793d80000)
 ParOldGen       total 294912K, used 164079K [0x00000006c0000000, 0x00000006d2000000, 0x000000076ab00000)
  object space 294912K, 55% used [0x00000006c0000000,0x00000006ca03bef8,0x00000006d2000000)
 Metaspace       used 6622K, capacity 7320K, committed 7680K, reserved 1056768K
  class space    used 616K, capacity 656K, committed 768K, reserved 1048576K
Event: 11,995 GC heap after
Heap after GC invocations=13 (full 2):
 PSYoungGen      total 674304K, used 82608K [0x000000076ab00000, 0x00000007a2880000, 0x00000007c0000000)
  eden space 553984K, 0% used [0x000000076ab00000,0x000000076ab00000,0x000000078c800000)
  from space 120320K, 68% used [0x000000078c800000,0x00000007918ac210,0x0000000793d80000)
  to   space 127488K, 0% used [0x000000079ac00000,0x000000079ac00000,0x00000007a2880000)
 ParOldGen       total 294912K, used 233515K [0x00000006c0000000, 0x00000006d2000000, 0x000000076ab00000)
  object space 294912K, 79% used [0x00000006c0000000,0x00000006ce40ae78,0x00000006d2000000)
 Metaspace       used 6622K, capacity 7320K, committed 7680K, reserved 1056768K
  class space    used 616K, capacity 656K, committed 768K, reserved 1048576K
}
Event: 13,803 GC heap before
{Heap before GC invocations=14 (full 2):
 PSYoungGen      total 674304K, used 636592K [0x000000076ab00000, 0x00000007a2880000, 0x00000007c0000000)
  eden space 553984K, 100% used [0x000000076ab00000,0x000000078c800000,0x000000078c800000)
  from space 120320K, 68% used [0x000000078c800000,0x00000007918ac210,0x0000000793d80000)
  to   space 127488K, 0% used [0x000000079ac00000,0x000000079ac00000,0x00000007a2880000)
 ParOldGen       total 294912K, used 233515K [0x00000006c0000000, 0x00000006d2000000, 0x000000076ab00000)
  object space 294912K, 79% used [0x00000006c0000000,0x00000006ce40ae78,0x00000006d2000000)
 Metaspace       used 6623K, capacity 7320K, committed 7680K, reserved 1056768K
  class space    used 616K, capacity 656K, committed 768K, reserved 1048576K
Event: 14,100 GC heap after
Heap after GC invocations=14 (full 2):
 PSYoungGen      total 750592K, used 127477K [0x000000076ab00000, 0x00000007a7980000, 0x00000007c0000000)
  eden space 623104K, 0% used [0x000000076ab00000,0x000000076ab00000,0x0000000790b80000)
  from space 127488K, 99% used [0x000000079ac00000,0x00000007a287d5b8,0x00000007a2880000)
  to   space 164352K, 0% used [0x0000000790b80000,0x0000000790b80000,0x000000079ac00000)
 ParOldGen       total 294912K, used 272966K [0x00000006c0000000, 0x00000006d2000000, 0x000000076ab00000)
  object space 294912K, 92% used [0x00000006c0000000,0x00000006d0a91a50,0x00000006d2000000)
 Metaspace       used 6623K, capacity 7320K, committed 7680K, reserved 1056768K
  class space    used 616K, capacity 656K, committed 768K, reserved 1048576K
}
Event: 14,100 GC heap before
{Heap before GC invocations=15 (full 3):
 PSYoungGen      total 750592K, used 127477K [0x000000076ab00000, 0x00000007a7980000, 0x00000007c0000000)
  eden space 623104K, 0% used [0x000000076ab00000,0x000000076ab00000,0x0000000790b80000)
  from space 127488K, 99% used [0x000000079ac00000,0x00000007a287d5b8,0x00000007a2880000)
  to   space 164352K, 0% used [0x0000000790b80000,0x0000000790b80000,0x000000079ac00000)
 ParOldGen       total 294912K, used 272966K [0x00000006c0000000, 0x00000006d2000000, 0x000000076ab00000)
  object space 294912K, 92% used [0x00000006c0000000,0x00000006d0a91a50,0x00000006d2000000)
 Metaspace       used 6623K, capacity 7320K, committed 7680K, reserved 1056768K
  class space    used 616K, capacity 656K, committed 768K, reserved 1048576K

Deoptimization events (10 events):
Event: 7,816 Thread 0x00007fc4c8217800 Uncommon trap: reason=bimorphic action=maybe_recompile pc=0x00007fc4b964f9a0 method=com.android.dx.ssa.LiteralOpUpgrader.tryReplacingWithConstant(Lcom/android/dx/ssa/NormalSsaInsn;)Z @ 62
Event: 7,819 Thread 0x00007fc4c8217800 Uncommon trap: reason=bimorphic action=maybe_recompile pc=0x00007fc4b964f9a0 method=com.android.dx.ssa.LiteralOpUpgrader.tryReplacingWithConstant(Lcom/android/dx/ssa/NormalSsaInsn;)Z @ 62
Event: 7,848 Thread 0x00007fc4c8219000 Uncommon trap: reason=unstable_if action=reinterpret pc=0x00007fc4b9a5da4c method=com.android.dx.ssa.SsaMethod.getExitBlock()Lcom/android/dx/ssa/SsaBasicBlock; @ 4
Event: 8,231 Thread 0x00007fc4c8219000 Uncommon trap: reason=unstable_if action=reinterpret pc=0x00007fc4b9abb134 method=com.android.dx.rop.code.RegisterSpecSet.localItemToSpec(Lcom/android/dx/rop/code/LocalItem;)Lcom/android/dx/rop/code/RegisterSpec; @ 35
Event: 8,367 Thread 0x00007fc4c8217800 Uncommon trap: reason=unstable_if action=reinterpret pc=0x00007fc4b9accd90 method=com.android.dx.ssa.back.FirstFitLocalCombiningAllocator.getAlignment(I)Lcom/android/dx/ssa/back/FirstFitLocalCombiningAllocator$Alignment; @ 16
Event: 10,435 Thread 0x00007fc4c800a000 Uncommon trap: reason=unstable_if action=reinterpret pc=0x00007fc4b9a947a4 method=com.android.dx.rop.code.BasicBlockList.preferredSuccessorOf(Lcom/android/dx/rop/code/BasicBlock;)Lcom/android/dx/rop/code/BasicBlock; @ 58
Event: 10,442 Thread 0x00007fc4c8219000 Uncommon trap: reason=bimorphic action=maybe_recompile pc=0x00007fc4b964f9a0 method=com.android.dx.ssa.LiteralOpUpgrader.tryReplacingWithConstant(Lcom/android/dx/ssa/NormalSsaInsn;)Z @ 62
Event: 10,516 Thread 0x00007fc4c821a800 Uncommon trap: reason=bimorphic action=maybe_recompile pc=0x00007fc4b964f9a0 method=com.android.dx.ssa.LiteralOpUpgrader.tryReplacingWithConstant(Lcom/android/dx/ssa/NormalSsaInsn;)Z @ 62
Event: 11,502 Thread 0x00007fc4c8214000 Uncommon trap: reason=unstable_if action=reinterpret pc=0x00007fc4b9b1bbe0 method=java.util.HashMap.putVal(ILjava/lang/Object;Ljava/lang/Object;ZZ)Ljava/lang/Object; @ 94
Event: 12,209 Thread 0x00007fc4c8217800 Uncommon trap: reason=unstable_if action=reinterpret pc=0x00007fc4b9b4bf28 method=com.android.dx.rop.type.Type.isReference()Z @ 6

Internal exceptions (7 events):
Event: 0,023 Thread 0x00007fc4c800a000 Exception <a 'java/lang/NoSuchMethodError': Method sun.misc.Unsafe.defineClass(Ljava/lang/String;[BII)Ljava/lang/Class; name or signature does not match> (0x000000076ab07c78) thrown at [/HUDSON3/workspace/8-2-build-linux-amd64/jdk8u102/7268/hotspot/src/sh
Event: 0,023 Thread 0x00007fc4c800a000 Exception <a 'java/lang/NoSuchMethodError': Method sun.misc.Unsafe.prefetchRead(Ljava/lang/Object;J)V name or signature does not match> (0x000000076ab07f60) thrown at [/HUDSON3/workspace/8-2-build-linux-amd64/jdk8u102/7268/hotspot/src/share/vm/prims/jni.c
Event: 1,144 Thread 0x00007fc4c8214000 Implicit null exception at 0x00007fc4b938a555 to 0x00007fc4b938d575
Event: 1,318 Thread 0x00007fc4c8214000 Implicit null exception at 0x00007fc4b93681f7 to 0x00007fc4b936ab35
Event: 1,492 Thread 0x00007fc4c8217800 Exception <a 'java/lang/ArrayIndexOutOfBoundsException': 18> (0x000000076dca4f30) thrown at [/HUDSON3/workspace/8-2-build-linux-amd64/jdk8u102/7268/hotspot/src/share/vm/interpreter/interpreterRuntime.cpp, line 366]
Event: 1,493 Thread 0x00007fc4c8217800 Exception <a 'java/lang/ArrayIndexOutOfBoundsException': 145> (0x000000076dca6ab0) thrown at [/HUDSON3/workspace/8-2-build-linux-amd64/jdk8u102/7268/hotspot/src/share/vm/interpreter/interpreterRuntime.cpp, line 366]
Event: 1,494 Thread 0x00007fc4c8217800 Exception <a 'java/lang/ArrayIndexOutOfBoundsException': 40> (0x000000076dca7d98) thrown at [/HUDSON3/workspace/8-2-build-linux-amd64/jdk8u102/7268/hotspot/src/share/vm/interpreter/interpreterRuntime.cpp, line 366]

Events (10 events):
Event: 13,665 Thread 0x00007fc4c8217800 DEOPT UNPACKING pc=0x00007fc4b9047633 sp=0x00007fc4b37fcd20 mode 0
Event: 13,688 Thread 0x00007fc4c821a800 DEOPT PACKING pc=0x00007fc4b95cbe89 sp=0x00007fc4b35fadd0
Event: 13,688 Thread 0x00007fc4c821a800 DEOPT UNPACKING pc=0x00007fc4b9047633 sp=0x00007fc4b35fac20 mode 0
Event: 13,708 Thread 0x00007fc4c821a800 DEOPT PACKING pc=0x00007fc4b95cc258 sp=0x00007fc4b35fadd0
Event: 13,708 Thread 0x00007fc4c821a800 DEOPT UNPACKING pc=0x00007fc4b9047633 sp=0x00007fc4b35fac20 mode 0
Event: 13,747 Thread 0x00007fc4c800a000 DEOPT PACKING pc=0x00007fc4b95cbe89 sp=0x00007fc4d1d34760
Event: 13,747 Thread 0x00007fc4c800a000 DEOPT UNPACKING pc=0x00007fc4b9047633 sp=0x00007fc4d1d345b0 mode 0
Event: 13,769 Thread 0x00007fc4c8219000 DEOPT PACKING pc=0x00007fc4b95cc258 sp=0x00007fc4b36fbe50
Event: 13,769 Thread 0x00007fc4c8219000 DEOPT UNPACKING pc=0x00007fc4b9047633 sp=0x00007fc4b36fbca0 mode 0
Event: 13,803 Executing VM operation: ParallelGCFailedAllocation


Dynamic libraries:
00400000-00401000 r-xp 00000000 08:04 2360749                            /opt/jdk/jdk1.8.0_102/bin/java
00600000-00601000 rw-p 00000000 08:04 2360749                            /opt/jdk/jdk1.8.0_102/bin/java
0106c000-0108d000 rw-p 00000000 00:00 0                                  [heap]
6c0000000-6d2000000 rw-p 00000000 00:00 0 
6dd780000-76ab00000 ---p 00000000 00:00 0 
76ab00000-7a7980000 rw-p 00000000 00:00 0 
7a7980000-7c0000000 ---p 00000000 00:00 0 
7c0000000-7c00c0000 rw-p 00000000 00:00 0 
7c00c0000-800000000 ---p 00000000 00:00 0 
7fc45c000000-7fc45c03c000 rw-p 00000000 00:00 0 
7fc45c03c000-7fc460000000 ---p 00000000 00:00 0 
7fc464000000-7fc464021000 rw-p 00000000 00:00 0 
7fc464021000-7fc468000000 ---p 00000000 00:00 0 
7fc468000000-7fc468021000 rw-p 00000000 00:00 0 
7fc468021000-7fc46c000000 ---p 00000000 00:00 0 
7fc46c000000-7fc46c049000 rw-p 00000000 00:00 0 
7fc46c049000-7fc470000000 ---p 00000000 00:00 0 
7fc470000000-7fc470021000 rw-p 00000000 00:00 0 
7fc470021000-7fc474000000 ---p 00000000 00:00 0 
7fc474000000-7fc474021000 rw-p 00000000 00:00 0 
7fc474021000-7fc478000000 ---p 00000000 00:00 0 
7fc478000000-7fc478021000 rw-p 00000000 00:00 0 
7fc478021000-7fc47c000000 ---p 00000000 00:00 0 
7fc47c000000-7fc47d209000 rw-p 00000000 00:00 0 
7fc47d209000-7fc480000000 ---p 00000000 00:00 0 
7fc480000000-7fc480a52000 rw-p 00000000 00:00 0 
7fc480a52000-7fc484000000 ---p 00000000 00:00 0 
7fc484000000-7fc484021000 rw-p 00000000 00:00 0 
7fc484021000-7fc488000000 ---p 00000000 00:00 0 
7fc488000000-7fc4895d5000 rw-p 00000000 00:00 0 
7fc4895d5000-7fc48c000000 ---p 00000000 00:00 0 
7fc48c000000-7fc48c021000 rw-p 00000000 00:00 0 
7fc48c021000-7fc490000000 ---p 00000000 00:00 0 
7fc490000000-7fc490021000 rw-p 00000000 00:00 0 
7fc490021000-7fc494000000 ---p 00000000 00:00 0 
7fc494000000-7fc49c000000 rw-p 00000000 00:00 0 
7fc49c000000-7fc49c021000 rw-p 00000000 00:00 0 
7fc49c021000-7fc4a0000000 ---p 00000000 00:00 0 
7fc4a0000000-7fc4a0292000 rw-p 00000000 00:00 0 
7fc4a0292000-7fc4a4000000 ---p 00000000 00:00 0 
7fc4a4000000-7fc4a4021000 rw-p 00000000 00:00 0 
7fc4a4021000-7fc4a8000000 ---p 00000000 00:00 0 
7fc4ac000000-7fc4ac021000 rw-p 00000000 00:00 0 
7fc4ac021000-7fc4b0000000 ---p 00000000 00:00 0 
7fc4b34fc000-7fc4b34ff000 ---p 00000000 00:00 0 
7fc4b34ff000-7fc4b35fd000 rw-p 00000000 00:00 0                          [stack:22867]
7fc4b35fd000-7fc4b3600000 ---p 00000000 00:00 0 
7fc4b3600000-7fc4b36fe000 rw-p 00000000 00:00 0                          [stack:22866]
7fc4b36fe000-7fc4b3701000 ---p 00000000 00:00 0 
7fc4b3701000-7fc4b37ff000 rw-p 00000000 00:00 0                          [stack:22865]
7fc4b37ff000-7fc4b3802000 ---p 00000000 00:00 0 
7fc4b3802000-7fc4b3900000 rw-p 00000000 00:00 0                          [stack:22864]
7fc4b3900000-7fc4b3903000 ---p 00000000 00:00 0 
7fc4b3903000-7fc4b3a01000 rw-p 00000000 00:00 0                          [stack:22863]
7fc4b3a01000-7fc4b3afb000 r--s 009e7000 08:04 273099                     /home/alexis/LevantaPedidos/app/build/intermediates/transforms/jarMerging/release/jars/1/1f/combined.jar
7fc4b3afb000-7fc4b3afc000 ---p 00000000 00:00 0 
7fc4b3afc000-7fc4b3bfc000 rw-p 00000000 00:00 0                          [stack:22862]
7fc4b3bfc000-7fc4b3bff000 ---p 00000000 00:00 0 
7fc4b3bff000-7fc4b3cfd000 rw-p 00000000 00:00 0                          [stack:22861]
7fc4b3cfd000-7fc4b3d00000 ---p 00000000 00:00 0 
7fc4b3d00000-7fc4b3dfe000 rw-p 00000000 00:00 0                          [stack:22860]
7fc4b3dfe000-7fc4b3e01000 ---p 00000000 00:00 0 
7fc4b3e01000-7fc4b3eff000 rw-p 00000000 00:00 0                          [stack:22859]
7fc4b3eff000-7fc4b3f02000 ---p 00000000 00:00 0 
7fc4b3f02000-7fc4b4000000 rw-p 00000000 00:00 0                          [stack:22858]
7fc4b4000000-7fc4b4021000 rw-p 00000000 00:00 0 
7fc4b4021000-7fc4b8000000 ---p 00000000 00:00 0 
7fc4b80a0000-7fc4b80c5000 r--p 00000000 08:04 1713356                    /usr/share/locale/es/LC_MESSAGES/libc.mo
7fc4b80c5000-7fc4b80c8000 ---p 00000000 00:00 0 
7fc4b80c8000-7fc4b81c6000 rw-p 00000000 00:00 0                          [stack:22857]
7fc4b81c6000-7fc4b834f000 r--p 00000000 08:04 924362                     /usr/lib/locale/locale-archive
7fc4b834f000-7fc4b8352000 ---p 00000000 00:00 0 
7fc4b8352000-7fc4b8450000 rw-p 00000000 00:00 0                          [stack:22856]
7fc4b8450000-7fc4b8453000 ---p 00000000 00:00 0 
7fc4b8453000-7fc4b8551000 rw-p 00000000 00:00 0                          [stack:22855]
7fc4b8551000-7fc4b8552000 ---p 00000000 00:00 0 
7fc4b8552000-7fc4b9000000 rw-p 00000000 00:00 0                          [stack:22854]
7fc4b9000000-7fc4b9b80000 rwxp 00000000 00:00 0 
7fc4b9b80000-7fc4c8000000 ---p 00000000 00:00 0 
7fc4c8000000-7fc4c8405000 rw-p 00000000 00:00 0 
7fc4c8405000-7fc4cc000000 ---p 00000000 00:00 0 
7fc4cc00c000-7fc4cc661000 rw-p 00000000 00:00 0 
7fc4cc661000-7fc4cc839000 r--s 03d29000 08:04 2360825                    /opt/jdk/jdk1.8.0_102/jre/lib/rt.jar
7fc4cc839000-7fc4ccf6f000 rw-p 00000000 00:00 0 
7fc4ccf6f000-7fc4cd0af000 ---p 00000000 00:00 0 
7fc4cd0af000-7fc4cd8af000 rw-p 00000000 00:00 0 
7fc4cd8af000-7fc4cd8b0000 ---p 00000000 00:00 0 
7fc4cd8b0000-7fc4cd9b0000 rw-p 00000000 00:00 0                          [stack:22853]
7fc4cd9b0000-7fc4cd9b1000 ---p 00000000 00:00 0 
7fc4cd9b1000-7fc4cdab1000 rw-p 00000000 00:00 0                          [stack:22852]
7fc4cdab1000-7fc4cdab2000 ---p 00000000 00:00 0 
7fc4cdab2000-7fc4cdbb2000 rw-p 00000000 00:00 0                          [stack:22851]
7fc4cdbb2000-7fc4cdbb3000 ---p 00000000 00:00 0 
7fc4cdbb3000-7fc4cdd43000 rw-p 00000000 00:00 0                          [stack:22850]
7fc4cdd43000-7fc4ce209000 ---p 00000000 00:00 0 
7fc4ce209000-7fc4ce299000 rw-p 00000000 00:00 0 
7fc4ce299000-7fc4ce75e000 ---p 00000000 00:00 0 
7fc4ce75e000-7fc4ce946000 rw-p 00000000 00:00 0 
7fc4ce946000-7fc4cea09000 ---p 00000000 00:00 0 
7fc4cea09000-7fc4cea38000 rw-p 00000000 00:00 0 
7fc4cea38000-7fc4cedca000 ---p 00000000 00:00 0 
7fc4cedca000-7fc4cede4000 r-xp 00000000 08:04 2360856                    /opt/jdk/jdk1.8.0_102/jre/lib/amd64/libzip.so
7fc4cede4000-7fc4cefe4000 ---p 0001a000 08:04 2360856                    /opt/jdk/jdk1.8.0_102/jre/lib/amd64/libzip.so
7fc4cefe4000-7fc4cefe5000 rw-p 0001a000 08:04 2360856                    /opt/jdk/jdk1.8.0_102/jre/lib/amd64/libzip.so
7fc4cefe5000-7fc4ceff0000 r-xp 00000000 08:04 794090                     /lib/x86_64-linux-gnu/libnss_files-2.19.so
7fc4ceff0000-7fc4cf1ef000 ---p 0000b000 08:04 794090                     /lib/x86_64-linux-gnu/libnss_files-2.19.so
7fc4cf1ef000-7fc4cf1f0000 r--p 0000a000 08:04 794090                     /lib/x86_64-linux-gnu/libnss_files-2.19.so
7fc4cf1f0000-7fc4cf1f1000 rw-p 0000b000 08:04 794090                     /lib/x86_64-linux-gnu/libnss_files-2.19.so
7fc4cf1f1000-7fc4cf1fb000 r-xp 00000000 08:04 795042                     /lib/x86_64-linux-gnu/libnss_nis-2.19.so
7fc4cf1fb000-7fc4cf3fa000 ---p 0000a000 08:04 795042                     /lib/x86_64-linux-gnu/libnss_nis-2.19.so
7fc4cf3fa000-7fc4cf3fb000 r--p 00009000 08:04 795042                     /lib/x86_64-linux-gnu/libnss_nis-2.19.so
7fc4cf3fb000-7fc4cf3fc000 rw-p 0000a000 08:04 795042                     /lib/x86_64-linux-gnu/libnss_nis-2.19.so
7fc4cf3fc000-7fc4cf411000 r-xp 00000000 08:04 794087                     /lib/x86_64-linux-gnu/libnsl-2.19.so
7fc4cf411000-7fc4cf610000 ---p 00015000 08:04 794087                     /lib/x86_64-linux-gnu/libnsl-2.19.so
7fc4cf610000-7fc4cf611000 r--p 00014000 08:04 794087                     /lib/x86_64-linux-gnu/libnsl-2.19.so
7fc4cf611000-7fc4cf612000 rw-p 00015000 08:04 794087                     /lib/x86_64-linux-gnu/libnsl-2.19.so
7fc4cf612000-7fc4cf614000 rw-p 00000000 00:00 0 
7fc4cf614000-7fc4cf61b000 r-xp 00000000 08:04 794088                     /lib/x86_64-linux-gnu/libnss_compat-2.19.so
7fc4cf61b000-7fc4cf81a000 ---p 00007000 08:04 794088                     /lib/x86_64-linux-gnu/libnss_compat-2.19.so
7fc4cf81a000-7fc4cf81b000 r--p 00006000 08:04 794088                     /lib/x86_64-linux-gnu/libnss_compat-2.19.so
7fc4cf81b000-7fc4cf81c000 rw-p 00007000 08:04 794088                     /lib/x86_64-linux-gnu/libnss_compat-2.19.so
7fc4cf81c000-7fc4cf846000 r-xp 00000000 08:04 2360883                    /opt/jdk/jdk1.8.0_102/jre/lib/amd64/libjava.so
7fc4cf846000-7fc4cfa46000 ---p 0002a000 08:04 2360883                    /opt/jdk/jdk1.8.0_102/jre/lib/amd64/libjava.so
7fc4cfa46000-7fc4cfa48000 rw-p 0002a000 08:04 2360883                    /opt/jdk/jdk1.8.0_102/jre/lib/amd64/libjava.so
7fc4cfa48000-7fc4cfa55000 r-xp 00000000 08:04 2360834                    /opt/jdk/jdk1.8.0_102/jre/lib/amd64/libverify.so
7fc4cfa55000-7fc4cfc55000 ---p 0000d000 08:04 2360834                    /opt/jdk/jdk1.8.0_102/jre/lib/amd64/libverify.so
7fc4cfc55000-7fc4cfc57000 rw-p 0000d000 08:04 2360834                    /opt/jdk/jdk1.8.0_102/jre/lib/amd64/libverify.so
7fc4cfc57000-7fc4cfc5e000 r-xp 00000000 08:04 795046                     /lib/x86_64-linux-gnu/librt-2.19.so
7fc4cfc5e000-7fc4cfe5d000 ---p 00007000 08:04 795046                     /lib/x86_64-linux-gnu/librt-2.19.so
7fc4cfe5d000-7fc4cfe5e000 r--p 00006000 08:04 795046                     /lib/x86_64-linux-gnu/librt-2.19.so
7fc4cfe5e000-7fc4cfe5f000 rw-p 00007000 08:04 795046                     /lib/x86_64-linux-gnu/librt-2.19.so
7fc4cfe5f000-7fc4cff5f000 r-xp 00000000 08:04 794085                     /lib/x86_64-linux-gnu/libm-2.19.so
7fc4cff5f000-7fc4d015e000 ---p 00100000 08:04 794085                     /lib/x86_64-linux-gnu/libm-2.19.so
7fc4d015e000-7fc4d015f000 r--p 000ff000 08:04 794085                     /lib/x86_64-linux-gnu/libm-2.19.so
7fc4d015f000-7fc4d0160000 rw-p 00100000 08:04 794085                     /lib/x86_64-linux-gnu/libm-2.19.so
7fc4d0160000-7fc4d0e2c000 r-xp 00000000 08:04 2360887                    /opt/jdk/jdk1.8.0_102/jre/lib/amd64/server/libjvm.so
7fc4d0e2c000-7fc4d102c000 ---p 00ccc000 08:04 2360887                    /opt/jdk/jdk1.8.0_102/jre/lib/amd64/server/libjvm.so
7fc4d102c000-7fc4d1105000 rw-p 00ccc000 08:04 2360887                    /opt/jdk/jdk1.8.0_102/jre/lib/amd64/server/libjvm.so
7fc4d1105000-7fc4d1150000 rw-p 00000000 00:00 0 
7fc4d1150000-7fc4d12f1000 r-xp 00000000 08:04 793880                     /lib/x86_64-linux-gnu/libc-2.19.so
7fc4d12f1000-7fc4d14f1000 ---p 001a1000 08:04 793880                     /lib/x86_64-linux-gnu/libc-2.19.so
7fc4d14f1000-7fc4d14f5000 r--p 001a1000 08:04 793880                     /lib/x86_64-linux-gnu/libc-2.19.so
7fc4d14f5000-7fc4d14f7000 rw-p 001a5000 08:04 793880                     /lib/x86_64-linux-gnu/libc-2.19.so
7fc4d14f7000-7fc4d14fb000 rw-p 00000000 00:00 0 
7fc4d14fb000-7fc4d14fe000 r-xp 00000000 08:04 794084                     /lib/x86_64-linux-gnu/libdl-2.19.so
7fc4d14fe000-7fc4d16fd000 ---p 00003000 08:04 794084                     /lib/x86_64-linux-gnu/libdl-2.19.so
7fc4d16fd000-7fc4d16fe000 r--p 00002000 08:04 794084                     /lib/x86_64-linux-gnu/libdl-2.19.so
7fc4d16fe000-7fc4d16ff000 rw-p 00003000 08:04 794084                     /lib/x86_64-linux-gnu/libdl-2.19.so
7fc4d16ff000-7fc4d1714000 r-xp 00000000 08:04 2359968                    /opt/jdk/jdk1.8.0_102/lib/amd64/jli/libjli.so
7fc4d1714000-7fc4d1914000 ---p 00015000 08:04 2359968                    /opt/jdk/jdk1.8.0_102/lib/amd64/jli/libjli.so
7fc4d1914000-7fc4d1915000 rw-p 00015000 08:04 2359968                    /opt/jdk/jdk1.8.0_102/lib/amd64/jli/libjli.so
7fc4d1915000-7fc4d192d000 r-xp 00000000 08:04 793541                     /lib/x86_64-linux-gnu/libpthread-2.19.so
7fc4d192d000-7fc4d1b2c000 ---p 00018000 08:04 793541                     /lib/x86_64-linux-gnu/libpthread-2.19.so
7fc4d1b2c000-7fc4d1b2d000 r--p 00017000 08:04 793541                     /lib/x86_64-linux-gnu/libpthread-2.19.so
7fc4d1b2d000-7fc4d1b2e000 rw-p 00018000 08:04 793541                     /lib/x86_64-linux-gnu/libpthread-2.19.so
7fc4d1b2e000-7fc4d1b32000 rw-p 00000000 00:00 0 
7fc4d1b32000-7fc4d1b52000 r-xp 00000000 08:04 793563                     /lib/x86_64-linux-gnu/ld-2.19.so
7fc4d1b55000-7fc4d1b63000 r--s 000e0000 08:04 528314                     /home/alexis/Android/Sdk/build-tools/24.0.1/lib/dx.jar
7fc4d1b63000-7fc4d1c36000 rw-p 00000000 00:00 0 
7fc4d1c36000-7fc4d1c39000 ---p 00000000 00:00 0 
7fc4d1c39000-7fc4d1d3b000 rw-p 00000000 00:00 0                          [stack:22849]
7fc4d1d3e000-7fc4d1d3f000 rw-p 00000000 00:00 0 
7fc4d1d3f000-7fc4d1d46000 r--s 00000000 08:04 1060537                    /usr/lib/x86_64-linux-gnu/gconv/gconv-modules.cache
7fc4d1d46000-7fc4d1d4e000 rw-s 00000000 08:04 2237960                    /tmp/hsperfdata_alexis/22844
7fc4d1d4e000-7fc4d1d4f000 rw-p 00000000 00:00 0 
7fc4d1d4f000-7fc4d1d50000 ---p 00000000 00:00 0 
7fc4d1d50000-7fc4d1d52000 rw-p 00000000 00:00 0 
7fc4d1d52000-7fc4d1d53000 r--p 00020000 08:04 793563                     /lib/x86_64-linux-gnu/ld-2.19.so
7fc4d1d53000-7fc4d1d54000 rw-p 00021000 08:04 793563                     /lib/x86_64-linux-gnu/ld-2.19.so
7fc4d1d54000-7fc4d1d55000 rw-p 00000000 00:00 0 
7fff3612c000-7fff3614d000 rw-p 00000000 00:00 0                          [stack]
7fff36157000-7fff36159000 r-xp 00000000 00:00 0                          [vdso]
7fff36159000-7fff3615b000 r--p 00000000 00:00 0                          [vvar]
ffffffffff600000-ffffffffff601000 r-xp 00000000 00:00 0                  [vsyscall]

VM Arguments:
jvm_args: -Djava.awt.headless=true -Xmx4g -Dfile.encoding=UTF-8 -Duser.country=AR -Duser.language=es -Duser.variant 
java_command: com.android.dx.command.Main --dex --num-threads=4 --multi-dex --main-dex-list /home/alexis/LevantaPedidos/app/build/intermediates/multi-dex/release/maindexlist.txt --output /home/alexis/LevantaPedidos/app/build/intermediates/transforms/dex/release/folders/1000/1f/main /home/alexis/LevantaPedidos/app/build/intermediates/transforms/jarMerging/release/jars/1/1f/combined.jar
java_class_path (initial): /home/alexis/Android/Sdk/build-tools/24.0.1/lib/dx.jar
Launcher Type: SUN_STANDARD

Environment Variables:
PATH=/home/alexis/bin:/usr/sbin:/sbin:/usr/local/bin:/usr/bin:/bin:/usr/local/games:/usr/games
LD_LIBRARY_PATH=/opt/android-studio/bin/.:
SHELL=/bin/bash
DISPLAY=:0

Signal Handlers:
SIGSEGV: [libjvm.so+0xac5b30], sa_mask[0]=11111111011111111101111111111110, sa_flags=SA_RESTART|SA_SIGINFO
SIGBUS: [libjvm.so+0xac5b30], sa_mask[0]=11111111011111111101111111111110, sa_flags=SA_RESTART|SA_SIGINFO
SIGFPE: [libjvm.so+0x91f470], sa_mask[0]=11111111011111111101111111111110, sa_flags=SA_RESTART|SA_SIGINFO
SIGPIPE: [libjvm.so+0x91f470], sa_mask[0]=11111111011111111101111111111110, sa_flags=SA_RESTART|SA_SIGINFO
SIGXFSZ: [libjvm.so+0x91f470], sa_mask[0]=11111111011111111101111111111110, sa_flags=SA_RESTART|SA_SIGINFO
SIGILL: [libjvm.so+0x91f470], sa_mask[0]=11111111011111111101111111111110, sa_flags=SA_RESTART|SA_SIGINFO
SIGUSR1: SIG_DFL, sa_mask[0]=00000000000000000000000000000000, sa_flags=none
SIGUSR2: [libjvm.so+0x920aa0], sa_mask[0]=00100000000000000000000000000000, sa_flags=SA_RESTART|SA_SIGINFO
SIGHUP: [libjvm.so+0x921ea0], sa_mask[0]=11111111011111111101111111111110, sa_flags=SA_RESTART|SA_SIGINFO
SIGINT: [libjvm.so+0x921ea0], sa_mask[0]=11111111011111111101111111111110, sa_flags=SA_RESTART|SA_SIGINFO
SIGTERM: [libjvm.so+0x921ea0], sa_mask[0]=11111111011111111101111111111110, sa_flags=SA_RESTART|SA_SIGINFO
SIGQUIT: [libjvm.so+0x921ea0], sa_mask[0]=11111111011111111101111111111110, sa_flags=SA_RESTART|SA_SIGINFO


---------------  S Y S T E M  ---------------

OS:DISTRIB_ID="BunsenLabs"
DISTRIB_DESCRIPTION="BunsenLabs GNU/Linux 8.5 (Hydrogen)"
DISTRIB_RELEASE="8.5"
DISTRIB_CODENAME="bunsen-hydrogen"

uname:Linux 3.16.0-4-amd64 #1 SMP Debian 3.16.7-ckt25-2+deb8u3 (2016-07-02) x86_64
libc:glibc 2.19 NPTL 2.19 
rlimit: STACK 8192k, CORE 0k, NPROC 31341, NOFILE 65536, AS infinity
load average:2,63 1,01 0,68

/proc/meminfo:
MemTotal:        8045472 kB
MemFree:          131048 kB
MemAvailable:     115656 kB
Buffers:            2868 kB
Cached:           802368 kB
SwapCached:            0 kB
Active:          7009472 kB
Inactive:         715664 kB
Active(anon):    6961644 kB
Inactive(anon):   666768 kB
Active(file):      47828 kB
Inactive(file):    48896 kB
Unevictable:          32 kB
Mlocked:              32 kB
SwapTotal:             0 kB
SwapFree:              0 kB
Dirty:                24 kB
Writeback:             0 kB
AnonPages:       6921028 kB
Mapped:           348296 kB
Shmem:            707444 kB
Slab:              84280 kB
SReclaimable:      41428 kB
SUnreclaim:        42852 kB
KernelStack:       10688 kB
PageTables:        47384 kB
NFS_Unstable:          0 kB
Bounce:                0 kB
WritebackTmp:          0 kB
CommitLimit:     4022736 kB
Committed_AS:   12231464 kB
VmallocTotal:   34359738367 kB
VmallocUsed:      552452 kB
VmallocChunk:   34359165052 kB
HardwareCorrupted:     0 kB
AnonHugePages:         0 kB
HugePages_Total:       0
HugePages_Free:        0
HugePages_Rsvd:        0
HugePages_Surp:        0
Hugepagesize:       2048 kB
DirectMap4k:       78080 kB
DirectMap2M:     8159232 kB


CPU:total 4 (2 cores per cpu, 2 threads per core) family 6 model 42 stepping 7, cmov, cx8, fxsr, mmx, sse, sse2, sse3, ssse3, sse4.1, sse4.2, popcnt, avx, aes, clmul, ht, tsc, tscinvbit

/proc/cpuinfo:
processor	: 0
vendor_id	: GenuineIntel
cpu family	: 6
model		: 42
model name	: Intel(R) Core(TM) i5-2410M CPU @ 2.30GHz
stepping	: 7
microcode	: 0x29
cpu MHz		: 1501.199
cache size	: 3072 KB
physical id	: 0
siblings	: 4
core id		: 0
cpu cores	: 2
apicid		: 0
initial apicid	: 0
fpu		: yes
fpu_exception	: yes
cpuid level	: 13
wp		: yes
flags		: fpu vme de pse tsc msr pae mce cx8 apic sep mtrr pge mca cmov pat pse36 clflush dts acpi mmx fxsr sse sse2 ss ht tm pbe syscall nx rdtscp lm constant_tsc arch_perfmon pebs bts rep_good nopl xtopology nonstop_tsc aperfmperf eagerfpu pni pclmulqdq dtes64 monitor ds_cpl vmx est tm2 ssse3 cx16 xtpr pdcm pcid sse4_1 sse4_2 x2apic popcnt tsc_deadline_timer aes xsave avx lahf_lm ida arat epb xsaveopt pln pts dtherm tpr_shadow vnmi flexpriority ept vpid
bogomips	: 4589.80
clflush size	: 64
cache_alignment	: 64
address sizes	: 36 bits physical, 48 bits virtual
power management:

processor	: 1
vendor_id	: GenuineIntel
cpu family	: 6
model		: 42
model name	: Intel(R) Core(TM) i5-2410M CPU @ 2.30GHz
stepping	: 7
microcode	: 0x29
cpu MHz		: 2629.546
cache size	: 3072 KB
physical id	: 0
siblings	: 4
core id		: 0
cpu cores	: 2
apicid		: 1
initial apicid	: 1
fpu		: yes
fpu_exception	: yes
cpuid level	: 13
wp		: yes
flags		: fpu vme de pse tsc msr pae mce cx8 apic sep mtrr pge mca cmov pat pse36 clflush dts acpi mmx fxsr sse sse2 ss ht tm pbe syscall nx rdtscp lm constant_tsc arch_perfmon pebs bts rep_good nopl xtopology nonstop_tsc aperfmperf eagerfpu pni pclmulqdq dtes64 monitor ds_cpl vmx est tm2 ssse3 cx16 xtpr pdcm pcid sse4_1 sse4_2 x2apic popcnt tsc_deadline_timer aes xsave avx lahf_lm ida arat epb xsaveopt pln pts dtherm tpr_shadow vnmi flexpriority ept vpid
bogomips	: 4589.80
clflush size	: 64
cache_alignment	: 64
address sizes	: 36 bits physical, 48 bits virtual
power management:

processor	: 2
vendor_id	: GenuineIntel
cpu family	: 6
model		: 42
model name	: Intel(R) Core(TM) i5-2410M CPU @ 2.30GHz
stepping	: 7
microcode	: 0x29
cpu MHz		: 2611.667
cache size	: 3072 KB
physical id	: 0
siblings	: 4
core id		: 1
cpu cores	: 2
apicid		: 2
initial apicid	: 2
fpu		: yes
fpu_exception	: yes
cpuid level	: 13
wp		: yes
flags		: fpu vme de pse tsc msr pae mce cx8 apic sep mtrr pge mca cmov pat pse36 clflush dts acpi mmx fxsr sse sse2 ss ht tm pbe syscall nx rdtscp lm constant_tsc arch_perfmon pebs bts rep_good nopl xtopology nonstop_tsc aperfmperf eagerfpu pni pclmulqdq dtes64 monitor ds_cpl vmx est tm2 ssse3 cx16 xtpr pdcm pcid sse4_1 sse4_2 x2apic popcnt tsc_deadline_timer aes xsave avx lahf_lm ida arat epb xsaveopt pln pts dtherm tpr_shadow vnmi flexpriority ept vpid
bogomips	: 4589.80
clflush size	: 64
cache_alignment	: 64
address sizes	: 36 bits physical, 48 bits virtual
power management:

processor	: 3
vendor_id	: GenuineIntel
cpu family	: 6
model		: 42
model name	: Intel(R) Core(TM) i5-2410M CPU @ 2.30GHz
stepping	: 7
microcode	: 0x29
cpu MHz		: 2699.894
cache size	: 3072 KB
physical id	: 0
siblings	: 4
core id		: 1
cpu cores	: 2
apicid		: 3
initial apicid	: 3
fpu		: yes
fpu_exception	: yes
cpuid level	: 13
wp		: yes
flags		: fpu vme de pse tsc msr pae mce cx8 apic sep mtrr pge mca cmov pat pse36 clflush dts acpi mmx fxsr sse sse2 ss ht tm pbe syscall nx rdtscp lm constant_tsc arch_perfmon pebs bts rep_good nopl xtopology nonstop_tsc aperfmperf eagerfpu pni pclmulqdq dtes64 monitor ds_cpl vmx est tm2 ssse3 cx16 xtpr pdcm pcid sse4_1 sse4_2 x2apic popcnt tsc_deadline_timer aes xsave avx lahf_lm ida arat epb xsaveopt pln pts dtherm tpr_shadow vnmi flexpriority ept vpid
bogomips	: 4589.80
clflush size	: 64
cache_alignment	: 64
address sizes	: 36 bits physical, 48 bits virtual
power management:



Memory: 4k page, physical 8045472k(131048k free), swap 0k(0k free)

vm_info: Java HotSpot(TM) 64-Bit Server VM (25.102-b14) for linux-amd64 JRE (1.8.0_102-b14), built on Jun 22 2016 18:43:17 by "java_re" with gcc 4.3.0 20080428 (Red Hat 4.3.0-8)

time: Tue Mar 28 22:53:47 2017
elapsed time: 15 seconds (0d 0h 0m 15s)

