#
# There is insufficient memory for the Java Runtime Environment to continue.
# Native memory allocation (mmap) failed to map 147849216 bytes for committing reserved memory.
# Possible reasons:
#   The system is out of physical RAM or swap space
#   In 32 bit mode, the process size limit was hit
# Possible solutions:
#   Reduce memory load on the system
#   Increase physical memory or swap space
#   Check if swap backing store is full
#   Use 64 bit Java on a 64 bit OS
#   Decrease Java heap size (-Xmx/-Xms)
#   Decrease number of Java threads
#   Decrease Java thread stack sizes (-Xss)
#   Set larger code cache with -XX:ReservedCodeCacheSize=
# This output file may be truncated or incomplete.
#
#  Out of Memory Error (os_linux.cpp:2627), pid=5882, tid=0x00007f80f133e700
#
# JRE version: Java(TM) SE Runtime Environment (8.0_102-b14) (build 1.8.0_102-b14)
# Java VM: Java HotSpot(TM) 64-Bit Server VM (25.102-b14 mixed mode linux-amd64 compressed oops)
# Failed to write core dump. Core dumps have been disabled. To enable core dumping, try "ulimit -c unlimited" before starting Java again
#

---------------  T H R E A D  ---------------

Current thread (0x00007f8104078000):  VMThread [stack: 0x00007f80f123e000,0x00007f80f133f000] [id=5898]

Stack: [0x00007f80f123e000,0x00007f80f133f000],  sp=0x00007f80f133d020,  free space=1020k
Native frames: (J=compiled Java code, j=interpreted, Vv=VM code, C=native code)
V  [libjvm.so+0xac52aa]  VMError::report_and_die()+0x2ba
V  [libjvm.so+0x4fc29b]  report_vm_out_of_memory(char const*, int, unsigned long, VMErrorType, char const*)+0x8b
V  [libjvm.so+0x922603]  os::Linux::commit_memory_impl(char*, unsigned long, bool)+0x103
V  [libjvm.so+0x922b59]  os::pd_commit_memory(char*, unsigned long, unsigned long, bool)+0x29
V  [libjvm.so+0x91ce5a]  os::commit_memory(char*, unsigned long, unsigned long, bool)+0x2a
V  [libjvm.so+0x9915e3]  PSVirtualSpace::expand_by(unsigned long)+0x53
V  [libjvm.so+0x9929e8]  PSYoungGen::resize_generation(unsigned long, unsigned long)+0xf8
V  [libjvm.so+0x991b42]  PSYoungGen::resize(unsigned long, unsigned long)+0x22
V  [libjvm.so+0x98ee1b]  PSScavenge::invoke_no_policy()+0xf3b
V  [libjvm.so+0x98f5a1]  PSScavenge::invoke()+0x41
V  [libjvm.so+0x9462f0]  ParallelScavengeHeap::failed_mem_allocate(unsigned long)+0x70
V  [libjvm.so+0xac6cc7]  VM_ParallelGCFailedAllocation::doit()+0x97
V  [libjvm.so+0xace7a5]  VM_Operation::evaluate()+0x55
V  [libjvm.so+0xaccb7a]  VMThread::evaluate_operation(VM_Operation*)+0xba
V  [libjvm.so+0xaccefe]  VMThread::loop()+0x1ce
V  [libjvm.so+0xacd370]  VMThread::run()+0x70
V  [libjvm.so+0x9249c8]  java_start(Thread*)+0x108

VM_Operation (0x00007f80f0487c80): ParallelGCFailedAllocation, mode: safepoint, requested by thread 0x00007f810415a000


---------------  P R O C E S S  ---------------

Java Threads: ( => current thread )
  0x00007f810415a000 JavaThread "pool-2-thread-4" [_thread_blocked, id=5930, stack(0x00007f80f0389000,0x00007f80f048a000)]
  0x00007f8104155800 JavaThread "pool-2-thread-3" [_thread_blocked, id=5929, stack(0x00007f80f048a000,0x00007f80f058b000)]
  0x00007f8104154000 JavaThread "pool-2-thread-2" [_thread_blocked, id=5928, stack(0x00007f80f058b000,0x00007f80f068c000)]
  0x00007f8104152800 JavaThread "pool-3-thread-1" [_thread_blocked, id=5927, stack(0x00007f80f068c000,0x00007f80f078d000)]
  0x00007f8104150000 JavaThread "pool-2-thread-1" [_thread_blocked, id=5926, stack(0x00007f80f078d000,0x00007f80f088e000)]
  0x00007f81040da800 JavaThread "Service Thread" daemon [_thread_blocked, id=5910, stack(0x00007f80f09ae000,0x00007f80f0aaf000)]
  0x00007f81040bd000 JavaThread "C1 CompilerThread2" daemon [_thread_blocked, id=5908, stack(0x00007f80f0aaf000,0x00007f80f0bb0000)]
  0x00007f81040bb800 JavaThread "C2 CompilerThread1" daemon [_thread_in_native, id=5907, stack(0x00007f80f0bb0000,0x00007f80f0cb1000)]
  0x00007f81040b8800 JavaThread "C2 CompilerThread0" daemon [_thread_blocked, id=5905, stack(0x00007f80f0cb1000,0x00007f80f0db2000)]
  0x00007f81040b7000 JavaThread "Signal Dispatcher" daemon [_thread_blocked, id=5904, stack(0x00007f80f0db2000,0x00007f80f0eb3000)]
  0x00007f8104084000 JavaThread "Finalizer" daemon [_thread_blocked, id=5900, stack(0x00007f80f103c000,0x00007f80f113d000)]
  0x00007f810407f800 JavaThread "Reference Handler" daemon [_thread_blocked, id=5899, stack(0x00007f80f113d000,0x00007f80f123e000)]
  0x00007f810400a000 JavaThread "main" [_thread_blocked, id=5886, stack(0x00007f810b8d7000,0x00007f810b9d8000)]

Other Threads:
=>0x00007f8104078000 VMThread [stack: 0x00007f80f123e000,0x00007f80f133f000] [id=5898]
  0x00007f81040dd800 WatcherThread [stack: 0x00007f80f08ad000,0x00007f80f09ae000] [id=5911]

VM state:at safepoint (normal execution)

VM Mutex/Monitor currently owned by a thread:  ([mutex/lock_event])
[0x00007f81040064a0] Threads_lock - owner thread: 0x00007f8104078000
[0x00007f81040069a0] Heap_lock - owner thread: 0x00007f810415a000

Heap:
 PSYoungGen      total 150016K, used 35819K [0x00000000eab00000, 0x00000000f6d00000, 0x0000000100000000)
  eden space 114176K, 0% used [0x00000000eab00000,0x00000000eab00000,0x00000000f1a80000)
  from space 35840K, 99% used [0x00000000f1a80000,0x00000000f3d7ad18,0x00000000f3d80000)
  to   space 23040K, 0% used [0x00000000f3d80000,0x00000000f3d80000,0x00000000f5400000)
 ParOldGen       total 84992K, used 76700K [0x00000000c0000000, 0x00000000c5300000, 0x00000000eab00000)
  object space 84992K, 90% used [0x00000000c0000000,0x00000000c4ae7318,0x00000000c5300000)
 Metaspace       used 6053K, capacity 7000K, committed 7168K, reserved 1056768K
  class space    used 610K, capacity 656K, committed 768K, reserved 1048576K

Card table byte_map: [0x00007f81084aa000,0x00007f81086ab000] byte_map_base: 0x00007f8107eaa000

Marking Bits: (ParMarkBitMap*) 0x00007f810adc3c60
 Begin Bits: [0x00007f80f2eff000, 0x00007f80f3eff000)
 End Bits:   [0x00007f80f3eff000, 0x00007f80f4eff000)

Polling page: 0x00007f810b9f0000

CodeCache: size=245760Kb used=5850Kb max_used=5850Kb free=239909Kb
 bounds [0x00007f80f5000000, 0x00007f80f55c0000, 0x00007f8104000000]
 total_blobs=1711 nmethods=1444 adapters=181
 compilation: enabled

Compilation events (10 events):
Event: 12,432 Thread 0x00007f81040bd000 1665       3       com.android.dx.util.BitIntSet::merge (148 bytes)
Event: 12,433 Thread 0x00007f81040bd000 nmethod 1665 0x00007f80f55b5390 code [0x00007f80f55b5600, 0x00007f80f55b65b8]
Event: 12,539 Thread 0x00007f81040bd000 1666       2       java.util.HashMap$EntryIterator::next (5 bytes)
Event: 12,540 Thread 0x00007f81040bd000 nmethod 1666 0x00007f80f55b6bd0 code [0x00007f80f55b6d40, 0x00007f80f55b6ea8]
Event: 12,549 Thread 0x00007f81040bd000 1668 %     3       com.android.dx.ssa.back.SsaToRop::removePhiFunctions @ 13 (83 bytes)
Event: 12,551 Thread 0x00007f81040bd000 nmethod 1668% 0x00007f80f55b6f50 code [0x00007f80f55b7220, 0x00007f80f55b8668]
Event: 12,565 Thread 0x00007f81040bd000 1670       2       java.util.HashMap$HashIterator::nextNode (100 bytes)
Event: 12,565 Thread 0x00007f81040bd000 nmethod 1670 0x00007f80f55b90d0 code [0x00007f80f55b9260, 0x00007f80f55b95d8]
Event: 12,566 Thread 0x00007f81040bd000 1671 %     3       com.android.dx.ssa.back.SsaToRop::removePhiFunctions @ 56 (83 bytes)
Event: 12,567 Thread 0x00007f81040bd000 nmethod 1671% 0x00007f80f55b9810 code [0x00007f80f55b9ae0, 0x00007f80f55baee8]

GC Heap History (10 events):
Event: 3,564 GC heap after
Heap after GC invocations=2 (full 0):
 PSYoungGen      total 36864K, used 5111K [0x00000000eab00000, 0x00000000ef300000, 0x0000000100000000)
  eden space 31744K, 0% used [0x00000000eab00000,0x00000000eab00000,0x00000000eca00000)
  from space 5120K, 99% used [0x00000000ecf00000,0x00000000ed3fdc88,0x00000000ed400000)
  to   space 5120K, 0% used [0x00000000eca00000,0x00000000eca00000,0x00000000ecf00000)
 ParOldGen       total 84992K, used 3568K [0x00000000c0000000, 0x00000000c5300000, 0x00000000eab00000)
  object space 84992K, 4% used [0x00000000c0000000,0x00000000c037c340,0x00000000c5300000)
 Metaspace       used 5781K, capacity 6768K, committed 7040K, reserved 1056768K
  class space    used 588K, capacity 616K, committed 640K, reserved 1048576K
}
Event: 3,970 GC heap before
{Heap before GC invocations=3 (full 0):
 PSYoungGen      total 36864K, used 36855K [0x00000000eab00000, 0x00000000ef300000, 0x0000000100000000)
  eden space 31744K, 100% used [0x00000000eab00000,0x00000000eca00000,0x00000000eca00000)
  from space 5120K, 99% used [0x00000000ecf00000,0x00000000ed3fdc88,0x00000000ed400000)
  to   space 5120K, 0% used [0x00000000eca00000,0x00000000eca00000,0x00000000ecf00000)
 ParOldGen       total 84992K, used 3568K [0x00000000c0000000, 0x00000000c5300000, 0x00000000eab00000)
  object space 84992K, 4% used [0x00000000c0000000,0x00000000c037c340,0x00000000c5300000)
 Metaspace       used 5833K, capacity 6832K, committed 7040K, reserved 1056768K
  class space    used 588K, capacity 616K, committed 640K, reserved 1048576K
Event: 4,027 GC heap after
Heap after GC invocations=3 (full 0):
 PSYoungGen      total 36864K, used 5088K [0x00000000eab00000, 0x00000000ef300000, 0x0000000100000000)
  eden space 31744K, 0% used [0x00000000eab00000,0x00000000eab00000,0x00000000eca00000)
  from space 5120K, 99% used [0x00000000eca00000,0x00000000ecef8028,0x00000000ecf00000)
  to   space 5120K, 0% used [0x00000000eee00000,0x00000000eee00000,0x00000000ef300000)
 ParOldGen       total 84992K, used 8034K [0x00000000c0000000, 0x00000000c5300000, 0x00000000eab00000)
  object space 84992K, 9% used [0x00000000c0000000,0x00000000c07d8868,0x00000000c5300000)
 Metaspace       used 5833K, capacity 6832K, committed 7040K, reserved 1056768K
  class space    used 588K, capacity 616K, committed 640K, reserved 1048576K
}
Event: 4,373 GC heap before
{Heap before GC invocations=4 (full 0):
 PSYoungGen      total 36864K, used 36832K [0x00000000eab00000, 0x00000000ef300000, 0x0000000100000000)
  eden space 31744K, 100% used [0x00000000eab00000,0x00000000eca00000,0x00000000eca00000)
  from space 5120K, 99% used [0x00000000eca00000,0x00000000ecef8028,0x00000000ecf00000)
  to   space 5120K, 0% used [0x00000000eee00000,0x00000000eee00000,0x00000000ef300000)
 ParOldGen       total 84992K, used 8034K [0x00000000c0000000, 0x00000000c5300000, 0x00000000eab00000)
  object space 84992K, 9% used [0x00000000c0000000,0x00000000c07d8868,0x00000000c5300000)
 Metaspace       used 5857K, capacity 6832K, committed 7040K, reserved 1056768K
  class space    used 589K, capacity 616K, committed 640K, reserved 1048576K
Event: 4,421 GC heap after
Heap after GC invocations=4 (full 0):
 PSYoungGen      total 68608K, used 5111K [0x00000000eab00000, 0x00000000ef300000, 0x0000000100000000)
  eden space 63488K, 0% used [0x00000000eab00000,0x00000000eab00000,0x00000000ee900000)
  from space 5120K, 99% used [0x00000000eee00000,0x00000000ef2fdf40,0x00000000ef300000)
  to   space 5120K, 0% used [0x00000000ee900000,0x00000000ee900000,0x00000000eee00000)
 ParOldGen       total 84992K, used 12455K [0x00000000c0000000, 0x00000000c5300000, 0x00000000eab00000)
  object space 84992K, 14% used [0x00000000c0000000,0x00000000c0c29e18,0x00000000c5300000)
 Metaspace       used 5857K, capacity 6832K, committed 7040K, reserved 1056768K
  class space    used 589K, capacity 616K, committed 640K, reserved 1048576K
}
Event: 10,877 GC heap before
{Heap before GC invocations=5 (full 0):
 PSYoungGen      total 68608K, used 68599K [0x00000000eab00000, 0x00000000ef300000, 0x0000000100000000)
  eden space 63488K, 100% used [0x00000000eab00000,0x00000000ee900000,0x00000000ee900000)
  from space 5120K, 99% used [0x00000000eee00000,0x00000000ef2fdf40,0x00000000ef300000)
  to   space 5120K, 0% used [0x00000000ee900000,0x00000000ee900000,0x00000000eee00000)
 ParOldGen       total 84992K, used 12455K [0x00000000c0000000, 0x00000000c5300000, 0x00000000eab00000)
  object space 84992K, 14% used [0x00000000c0000000,0x00000000c0c29e18,0x00000000c5300000)
 Metaspace       used 6021K, capacity 6936K, committed 7168K, reserved 1056768K
  class space    used 609K, capacity 656K, committed 768K, reserved 1048576K
Event: 11,023 GC heap after
Heap after GC invocations=5 (full 0):
 PSYoungGen      total 68608K, used 5089K [0x00000000eab00000, 0x00000000f5400000, 0x0000000100000000)
  eden space 63488K, 0% used [0x00000000eab00000,0x00000000eab00000,0x00000000ee900000)
  from space 5120K, 99% used [0x00000000ee900000,0x00000000eedf84a0,0x00000000eee00000)
  to   space 23040K, 0% used [0x00000000f3d80000,0x00000000f3d80000,0x00000000f5400000)
 ParOldGen       total 84992K, used 33287K [0x00000000c0000000, 0x00000000c5300000, 0x00000000eab00000)
  object space 84992K, 39% used [0x00000000c0000000,0x00000000c2081e08,0x00000000c5300000)
 Metaspace       used 6021K, capacity 6936K, committed 7168K, reserved 1056768K
  class space    used 609K, capacity 656K, committed 768K, reserved 1048576K
}
Event: 11,324 GC heap before
{Heap before GC invocations=6 (full 0):
 PSYoungGen      total 68608K, used 68577K [0x00000000eab00000, 0x00000000f5400000, 0x0000000100000000)
  eden space 63488K, 100% used [0x00000000eab00000,0x00000000ee900000,0x00000000ee900000)
  from space 5120K, 99% used [0x00000000ee900000,0x00000000eedf84a0,0x00000000eee00000)
  to   space 23040K, 0% used [0x00000000f3d80000,0x00000000f3d80000,0x00000000f5400000)
 ParOldGen       total 84992K, used 33287K [0x00000000c0000000, 0x00000000c5300000, 0x00000000eab00000)
  object space 84992K, 39% used [0x00000000c0000000,0x00000000c2081e08,0x00000000c5300000)
 Metaspace       used 6034K, capacity 7000K, committed 7168K, reserved 1056768K
  class space    used 610K, capacity 656K, committed 768K, reserved 1048576K
Event: 11,375 GC heap after
Heap after GC invocations=6 (full 0):
 PSYoungGen      total 137216K, used 23028K [0x00000000eab00000, 0x00000000f6d00000, 0x0000000100000000)
  eden space 114176K, 0% used [0x00000000eab00000,0x00000000eab00000,0x00000000f1a80000)
  from space 23040K, 99% used [0x00000000f3d80000,0x00000000f53fd0c8,0x00000000f5400000)
  to   space 35840K, 0% used [0x00000000f1a80000,0x00000000f1a80000,0x00000000f3d80000)
 ParOldGen       total 84992K, used 48167K [0x00000000c0000000, 0x00000000c5300000, 0x00000000eab00000)
  object space 84992K, 56% used [0x00000000c0000000,0x00000000c2f09e08,0x00000000c5300000)
 Metaspace       used 6034K, capacity 7000K, committed 7168K, reserved 1056768K
  class space    used 610K, capacity 656K, committed 768K, reserved 1048576K
}
Event: 12,744 GC heap before
{Heap before GC invocations=7 (full 0):
 PSYoungGen      total 137216K, used 137204K [0x00000000eab00000, 0x00000000f6d00000, 0x0000000100000000)
  eden space 114176K, 100% used [0x00000000eab00000,0x00000000f1a80000,0x00000000f1a80000)
  from space 23040K, 99% used [0x00000000f3d80000,0x00000000f53fd0c8,0x00000000f5400000)
  to   space 35840K, 0% used [0x00000000f1a80000,0x00000000f1a80000,0x00000000f3d80000)
 ParOldGen       total 84992K, used 48167K [0x00000000c0000000, 0x00000000c5300000, 0x00000000eab00000)
  object space 84992K, 56% used [0x00000000c0000000,0x00000000c2f09e08,0x00000000c5300000)
 Metaspace       used 6053K, capacity 7000K, committed 7168K, reserved 1056768K
  class space    used 610K, capacity 656K, committed 768K, reserved 1048576K

Deoptimization events (10 events):
Event: 3,832 Thread 0x00007f8104154000 Uncommon trap: reason=unstable_if action=reinterpret pc=0x00007f80f5381300 method=java.util.HashMap.putVal(ILjava/lang/Object;Ljava/lang/Object;ZZ)Ljava/lang/Object; @ 94
Event: 4,699 Thread 0x00007f8104155800 Uncommon trap: reason=unstable_if action=reinterpret pc=0x00007f80f52b6cd4 method=java.util.HashMap.putVal(ILjava/lang/Object;Ljava/lang/Object;ZZ)Ljava/lang/Object; @ 162
Event: 4,717 Thread 0x00007f8104155800 Uncommon trap: reason=unstable_if action=reinterpret pc=0x00007f80f535416c method=java.util.HashMap.getNode(ILjava/lang/Object;)Ljava/util/HashMap$Node; @ 84
Event: 11,846 Thread 0x00007f810400a000 Uncommon trap: reason=unstable_if action=reinterpret pc=0x00007f80f52ff32c method=com.android.dx.ssa.SetFactory.makeLivenessSet(I)Lcom/android/dx/util/IntSet; @ 4
Event: 11,846 Thread 0x00007f810400a000 Uncommon trap: reason=unstable_if action=reinterpret pc=0x00007f80f531c984 method=com.android.dx.ssa.SetFactory.makeLivenessSet(I)Lcom/android/dx/util/IntSet; @ 4
Event: 11,862 Thread 0x00007f810400a000 Uncommon trap: reason=unstable_if action=reinterpret pc=0x00007f80f5306b3c method=com.android.dx.ssa.SetFactory.makeLivenessSet(I)Lcom/android/dx/util/IntSet; @ 4
Event: 11,862 Thread 0x00007f810400a000 Uncommon trap: reason=class_check action=maybe_recompile pc=0x00007f80f5325b4c method=com.android.dx.ssa.back.InterferenceGraph.add(II)V @ 19
Event: 11,862 Thread 0x00007f810400a000 Uncommon trap: reason=class_check action=maybe_recompile pc=0x00007f80f5325b4c method=com.android.dx.ssa.back.InterferenceGraph.add(II)V @ 19
Event: 11,862 Thread 0x00007f810400a000 Uncommon trap: reason=class_check action=maybe_recompile pc=0x00007f80f5325b4c method=com.android.dx.ssa.back.InterferenceGraph.add(II)V @ 19
Event: 11,862 Thread 0x00007f810400a000 Uncommon trap: reason=class_check action=maybe_recompile pc=0x00007f80f5325b4c method=com.android.dx.ssa.back.InterferenceGraph.add(II)V @ 19

Internal exceptions (5 events):
Event: 0,238 Thread 0x00007f810400a000 Exception <a 'java/lang/NoSuchMethodError': Method sun.misc.Unsafe.defineClass(Ljava/lang/String;[BII)Ljava/lang/Class; name or signature does not match> (0x00000000eab07c78) thrown at [/HUDSON3/workspace/8-2-build-linux-amd64/jdk8u102/7268/hotspot/src/sh
Event: 0,238 Thread 0x00007f810400a000 Exception <a 'java/lang/NoSuchMethodError': Method sun.misc.Unsafe.prefetchRead(Ljava/lang/Object;J)V name or signature does not match> (0x00000000eab07f60) thrown at [/HUDSON3/workspace/8-2-build-linux-amd64/jdk8u102/7268/hotspot/src/share/vm/prims/jni.c
Event: 4,712 Thread 0x00007f8104155800 Exception <a 'java/lang/ArrayIndexOutOfBoundsException': 18> (0x00000000ec8231e8) thrown at [/HUDSON3/workspace/8-2-build-linux-amd64/jdk8u102/7268/hotspot/src/share/vm/interpreter/interpreterRuntime.cpp, line 366]
Event: 4,713 Thread 0x00007f8104155800 Exception <a 'java/lang/ArrayIndexOutOfBoundsException': 145> (0x00000000ec824d68) thrown at [/HUDSON3/workspace/8-2-build-linux-amd64/jdk8u102/7268/hotspot/src/share/vm/interpreter/interpreterRuntime.cpp, line 366]
Event: 4,715 Thread 0x00007f8104155800 Exception <a 'java/lang/ArrayIndexOutOfBoundsException': 40> (0x00000000ec826050) thrown at [/HUDSON3/workspace/8-2-build-linux-amd64/jdk8u102/7268/hotspot/src/share/vm/interpreter/interpreterRuntime.cpp, line 366]

Events (10 events):
Event: 12,397 Thread 0x00007f810415a000 DEOPT UNPACKING pc=0x00007f80f5047633 sp=0x00007f80f0487d20 mode 0
Event: 12,420 Thread 0x00007f810400a000 DEOPT PACKING pc=0x00007f80f54b1764 sp=0x00007f810b9d58f0
Event: 12,420 Thread 0x00007f810400a000 DEOPT UNPACKING pc=0x00007f80f5047633 sp=0x00007f810b9d56a8 mode 0
Event: 12,433 Thread 0x00007f810400a000 DEOPT PACKING pc=0x00007f80f55a8ca2 sp=0x00007f810b9d56a0
Event: 12,433 Thread 0x00007f810400a000 DEOPT UNPACKING pc=0x00007f80f5047633 sp=0x00007f810b9d5428 mode 0
Event: 12,525 Thread 0x00007f810415a000 DEOPT PACKING pc=0x00007f80f531e4f8 sp=0x00007f80f0487f20
Event: 12,525 Thread 0x00007f810415a000 DEOPT UNPACKING pc=0x00007f80f5047633 sp=0x00007f80f0487d20 mode 0
Event: 12,686 Thread 0x00007f810415a000 DEOPT PACKING pc=0x00007f80f531e4f8 sp=0x00007f80f0487f20
Event: 12,686 Thread 0x00007f810415a000 DEOPT UNPACKING pc=0x00007f80f5047633 sp=0x00007f80f0487d20 mode 0
Event: 12,693 Executing VM operation: ParallelGCFailedAllocation


Dynamic libraries:
00400000-00401000 r-xp 00000000 08:04 2360749                            /opt/jdk/jdk1.8.0_102/bin/java
00600000-00601000 rw-p 00000000 08:04 2360749                            /opt/jdk/jdk1.8.0_102/bin/java
00b6e000-00b8f000 rw-p 00000000 00:00 0                                  [heap]
c0000000-c5300000 rw-p 00000000 00:00 0 
c5300000-eab00000 ---p 00000000 00:00 0 
eab00000-f6d00000 rw-p 00000000 00:00 0 
ffa00000-100000000 ---p 00000000 00:00 0 
100000000-1000c0000 rw-p 00000000 00:00 0 
1000c0000-140000000 ---p 00000000 00:00 0 
7f80a4000000-7f80a4050000 rw-p 00000000 00:00 0 
7f80a4050000-7f80a8000000 ---p 00000000 00:00 0 
7f80ac000000-7f80ac021000 rw-p 00000000 00:00 0 
7f80ac021000-7f80b0000000 ---p 00000000 00:00 0 
7f80b0000000-7f80b0035000 rw-p 00000000 00:00 0 
7f80b0035000-7f80b4000000 ---p 00000000 00:00 0 
7f80b4000000-7f80b4025000 rw-p 00000000 00:00 0 
7f80b4025000-7f80b8000000 ---p 00000000 00:00 0 
7f80b8000000-7f80b8021000 rw-p 00000000 00:00 0 
7f80b8021000-7f80bc000000 ---p 00000000 00:00 0 
7f80bc000000-7f80bc021000 rw-p 00000000 00:00 0 
7f80bc021000-7f80c0000000 ---p 00000000 00:00 0 
7f80c0000000-7f80c0021000 rw-p 00000000 00:00 0 
7f80c0021000-7f80c4000000 ---p 00000000 00:00 0 
7f80c4000000-7f80c4c7d000 rw-p 00000000 00:00 0 
7f80c4c7d000-7f80c8000000 ---p 00000000 00:00 0 
7f80c8000000-7f80c8782000 rw-p 00000000 00:00 0 
7f80c8782000-7f80cc000000 ---p 00000000 00:00 0 
7f80cc000000-7f80cc021000 rw-p 00000000 00:00 0 
7f80cc021000-7f80d0000000 ---p 00000000 00:00 0 
7f80d0000000-7f80d1188000 rw-p 00000000 00:00 0 
7f80d1188000-7f80d4000000 ---p 00000000 00:00 0 
7f80d4000000-7f80d4021000 rw-p 00000000 00:00 0 
7f80d4021000-7f80d8000000 ---p 00000000 00:00 0 
7f80d8000000-7f80d8021000 rw-p 00000000 00:00 0 
7f80d8021000-7f80dc000000 ---p 00000000 00:00 0 
7f80dc000000-7f80dc021000 rw-p 00000000 00:00 0 
7f80dc021000-7f80e0000000 ---p 00000000 00:00 0 
7f80e0000000-7f80e028f000 rw-p 00000000 00:00 0 
7f80e028f000-7f80e4000000 ---p 00000000 00:00 0 
7f80e4000000-7f80e4021000 rw-p 00000000 00:00 0 
7f80e4021000-7f80e8000000 ---p 00000000 00:00 0 
7f80e8000000-7f80e8021000 rw-p 00000000 00:00 0 
7f80e8021000-7f80ec000000 ---p 00000000 00:00 0 
7f80ec000000-7f80ec021000 rw-p 00000000 00:00 0 
7f80ec021000-7f80f0000000 ---p 00000000 00:00 0 
7f80f0364000-7f80f0389000 r--p 00000000 08:04 1713356                    /usr/share/locale/es/LC_MESSAGES/libc.mo
7f80f0389000-7f80f038c000 ---p 00000000 00:00 0 
7f80f038c000-7f80f048a000 rw-p 00000000 00:00 0                          [stack:5930]
7f80f048a000-7f80f048d000 ---p 00000000 00:00 0 
7f80f048d000-7f80f058b000 rw-p 00000000 00:00 0                          [stack:5929]
7f80f058b000-7f80f058e000 ---p 00000000 00:00 0 
7f80f058e000-7f80f068c000 rw-p 00000000 00:00 0                          [stack:5928]
7f80f068c000-7f80f068f000 ---p 00000000 00:00 0 
7f80f068f000-7f80f078d000 rw-p 00000000 00:00 0                          [stack:5927]
7f80f078d000-7f80f0790000 ---p 00000000 00:00 0 
7f80f0790000-7f80f088e000 rw-p 00000000 00:00 0                          [stack:5926]
7f80f088e000-7f80f089f000 r--s 000bc000 08:04 1725958                    /home/alexis/Geobus/app/build/intermediates/exploded-aar/com.google.android.gms/play-services-ads/9.4.0/jars/classes.jar
7f80f089f000-7f80f08ad000 r--s 000e0000 08:04 528314                     /home/alexis/Android/Sdk/build-tools/24.0.1/lib/dx.jar
7f80f08ad000-7f80f08ae000 ---p 00000000 00:00 0 
7f80f08ae000-7f80f09ae000 rw-p 00000000 00:00 0                          [stack:5911]
7f80f09ae000-7f80f09b1000 ---p 00000000 00:00 0 
7f80f09b1000-7f80f0aaf000 rw-p 00000000 00:00 0                          [stack:5910]
7f80f0aaf000-7f80f0ab2000 ---p 00000000 00:00 0 
7f80f0ab2000-7f80f0bb0000 rw-p 00000000 00:00 0                          [stack:5908]
7f80f0bb0000-7f80f0bb3000 ---p 00000000 00:00 0 
7f80f0bb3000-7f80f0cb1000 rw-p 00000000 00:00 0                          [stack:5907]
7f80f0cb1000-7f80f0cb4000 ---p 00000000 00:00 0 
7f80f0cb4000-7f80f0db2000 rw-p 00000000 00:00 0                          [stack:5905]
7f80f0db2000-7f80f0db5000 ---p 00000000 00:00 0 
7f80f0db5000-7f80f0eb3000 rw-p 00000000 00:00 0                          [stack:5904]
7f80f0eb3000-7f80f103c000 r--p 00000000 08:04 924362                     /usr/lib/locale/locale-archive
7f80f103c000-7f80f103f000 ---p 00000000 00:00 0 
7f80f103f000-7f80f113d000 rw-p 00000000 00:00 0                          [stack:5900]
7f80f113d000-7f80f1140000 ---p 00000000 00:00 0 
7f80f1140000-7f80f123e000 rw-p 00000000 00:00 0                          [stack:5899]
7f80f123e000-7f80f123f000 ---p 00000000 00:00 0 
7f80f123f000-7f80f22b1000 rw-p 00000000 00:00 0                          [stack:5898]
7f80f22b1000-7f80f2489000 r--s 03d29000 08:04 2360825                    /opt/jdk/jdk1.8.0_102/jre/lib/rt.jar
7f80f2489000-7f80f2b3f000 rw-p 00000000 00:00 0 
7f80f2b3f000-7f80f2cff000 ---p 00000000 00:00 0 
7f80f2cff000-7f80f4eff000 rw-p 00000000 00:00 0 
7f80f4eff000-7f80f4f00000 ---p 00000000 00:00 0 
7f80f4f00000-7f80f5000000 rw-p 00000000 00:00 0                          [stack:5895]
7f80f5000000-7f80f55c0000 rwxp 00000000 00:00 0 
7f80f55c0000-7f8104000000 ---p 00000000 00:00 0 
7f8104000000-7f81043a9000 rw-p 00000000 00:00 0 
7f81043a9000-7f8108000000 ---p 00000000 00:00 0 
7f8108002000-7f8108051000 rw-p 00000000 00:00 0 
7f8108051000-7f8108052000 ---p 00000000 00:00 0 
7f8108052000-7f8108152000 rw-p 00000000 00:00 0                          [stack:5894]
7f8108152000-7f8108153000 ---p 00000000 00:00 0 
7f8108153000-7f8108253000 rw-p 00000000 00:00 0                          [stack:5892]
7f8108253000-7f8108254000 ---p 00000000 00:00 0 
7f8108254000-7f810837e000 rw-p 00000000 00:00 0                          [stack:5891]
7f810837e000-7f81084aa000 ---p 00000000 00:00 0 
7f81084aa000-7f81084d4000 rw-p 00000000 00:00 0 
7f81084d4000-7f81085ff000 ---p 00000000 00:00 0 
7f81085ff000-7f8108661000 rw-p 00000000 00:00 0 
7f8108661000-7f81086aa000 ---p 00000000 00:00 0 
7f81086aa000-7f81086c2000 rw-p 00000000 00:00 0 
7f81086c2000-7f8108a6b000 ---p 00000000 00:00 0 
7f8108a6b000-7f8108a85000 r-xp 00000000 08:04 2360856                    /opt/jdk/jdk1.8.0_102/jre/lib/amd64/libzip.so
7f8108a85000-7f8108c85000 ---p 0001a000 08:04 2360856                    /opt/jdk/jdk1.8.0_102/jre/lib/amd64/libzip.so
7f8108c85000-7f8108c86000 rw-p 0001a000 08:04 2360856                    /opt/jdk/jdk1.8.0_102/jre/lib/amd64/libzip.so
7f8108c86000-7f8108c91000 r-xp 00000000 08:04 794090                     /lib/x86_64-linux-gnu/libnss_files-2.19.so
7f8108c91000-7f8108e90000 ---p 0000b000 08:04 794090                     /lib/x86_64-linux-gnu/libnss_files-2.19.so
7f8108e90000-7f8108e91000 r--p 0000a000 08:04 794090                     /lib/x86_64-linux-gnu/libnss_files-2.19.so
7f8108e91000-7f8108e92000 rw-p 0000b000 08:04 794090                     /lib/x86_64-linux-gnu/libnss_files-2.19.so
7f8108e92000-7f8108e9c000 r-xp 00000000 08:04 795042                     /lib/x86_64-linux-gnu/libnss_nis-2.19.so
7f8108e9c000-7f810909b000 ---p 0000a000 08:04 795042                     /lib/x86_64-linux-gnu/libnss_nis-2.19.so
7f810909b000-7f810909c000 r--p 00009000 08:04 795042                     /lib/x86_64-linux-gnu/libnss_nis-2.19.so
7f810909c000-7f810909d000 rw-p 0000a000 08:04 795042                     /lib/x86_64-linux-gnu/libnss_nis-2.19.so
7f810909d000-7f81090b2000 r-xp 00000000 08:04 794087                     /lib/x86_64-linux-gnu/libnsl-2.19.so
7f81090b2000-7f81092b1000 ---p 00015000 08:04 794087                     /lib/x86_64-linux-gnu/libnsl-2.19.so
7f81092b1000-7f81092b2000 r--p 00014000 08:04 794087                     /lib/x86_64-linux-gnu/libnsl-2.19.so
7f81092b2000-7f81092b3000 rw-p 00015000 08:04 794087                     /lib/x86_64-linux-gnu/libnsl-2.19.so
7f81092b3000-7f81092b5000 rw-p 00000000 00:00 0 
7f81092b5000-7f81092bc000 r-xp 00000000 08:04 794088                     /lib/x86_64-linux-gnu/libnss_compat-2.19.so
7f81092bc000-7f81094bb000 ---p 00007000 08:04 794088                     /lib/x86_64-linux-gnu/libnss_compat-2.19.so
7f81094bb000-7f81094bc000 r--p 00006000 08:04 794088                     /lib/x86_64-linux-gnu/libnss_compat-2.19.so
7f81094bc000-7f81094bd000 rw-p 00007000 08:04 794088                     /lib/x86_64-linux-gnu/libnss_compat-2.19.so
7f81094bd000-7f81094e7000 r-xp 00000000 08:04 2360883                    /opt/jdk/jdk1.8.0_102/jre/lib/amd64/libjava.so
7f81094e7000-7f81096e7000 ---p 0002a000 08:04 2360883                    /opt/jdk/jdk1.8.0_102/jre/lib/amd64/libjava.so
7f81096e7000-7f81096e9000 rw-p 0002a000 08:04 2360883                    /opt/jdk/jdk1.8.0_102/jre/lib/amd64/libjava.so
7f81096e9000-7f81096f6000 r-xp 00000000 08:04 2360834                    /opt/jdk/jdk1.8.0_102/jre/lib/amd64/libverify.so
7f81096f6000-7f81098f6000 ---p 0000d000 08:04 2360834                    /opt/jdk/jdk1.8.0_102/jre/lib/amd64/libverify.so
7f81098f6000-7f81098f8000 rw-p 0000d000 08:04 2360834                    /opt/jdk/jdk1.8.0_102/jre/lib/amd64/libverify.so
7f81098f8000-7f81098ff000 r-xp 00000000 08:04 795046                     /lib/x86_64-linux-gnu/librt-2.19.so
7f81098ff000-7f8109afe000 ---p 00007000 08:04 795046                     /lib/x86_64-linux-gnu/librt-2.19.so
7f8109afe000-7f8109aff000 r--p 00006000 08:04 795046                     /lib/x86_64-linux-gnu/librt-2.19.so
7f8109aff000-7f8109b00000 rw-p 00007000 08:04 795046                     /lib/x86_64-linux-gnu/librt-2.19.so
7f8109b00000-7f8109c00000 r-xp 00000000 08:04 794085                     /lib/x86_64-linux-gnu/libm-2.19.so
7f8109c00000-7f8109dff000 ---p 00100000 08:04 794085                     /lib/x86_64-linux-gnu/libm-2.19.so
7f8109dff000-7f8109e00000 r--p 000ff000 08:04 794085                     /lib/x86_64-linux-gnu/libm-2.19.so
7f8109e00000-7f8109e01000 rw-p 00100000 08:04 794085                     /lib/x86_64-linux-gnu/libm-2.19.so
7f8109e01000-7f810aacd000 r-xp 00000000 08:04 2360887                    /opt/jdk/jdk1.8.0_102/jre/lib/amd64/server/libjvm.so
7f810aacd000-7f810accd000 ---p 00ccc000 08:04 2360887                    /opt/jdk/jdk1.8.0_102/jre/lib/amd64/server/libjvm.so
7f810accd000-7f810ada6000 rw-p 00ccc000 08:04 2360887                    /opt/jdk/jdk1.8.0_102/jre/lib/amd64/server/libjvm.so
7f810ada6000-7f810adf1000 rw-p 00000000 00:00 0 
7f810adf1000-7f810af92000 r-xp 00000000 08:04 793880                     /lib/x86_64-linux-gnu/libc-2.19.so
7f810af92000-7f810b192000 ---p 001a1000 08:04 793880                     /lib/x86_64-linux-gnu/libc-2.19.so
7f810b192000-7f810b196000 r--p 001a1000 08:04 793880                     /lib/x86_64-linux-gnu/libc-2.19.so
7f810b196000-7f810b198000 rw-p 001a5000 08:04 793880                     /lib/x86_64-linux-gnu/libc-2.19.so
7f810b198000-7f810b19c000 rw-p 00000000 00:00 0 
7f810b19c000-7f810b19f000 r-xp 00000000 08:04 794084                     /lib/x86_64-linux-gnu/libdl-2.19.so
7f810b19f000-7f810b39e000 ---p 00003000 08:04 794084                     /lib/x86_64-linux-gnu/libdl-2.19.so
7f810b39e000-7f810b39f000 r--p 00002000 08:04 794084                     /lib/x86_64-linux-gnu/libdl-2.19.so
7f810b39f000-7f810b3a0000 rw-p 00003000 08:04 794084                     /lib/x86_64-linux-gnu/libdl-2.19.so
7f810b3a0000-7f810b3b5000 r-xp 00000000 08:04 2359968                    /opt/jdk/jdk1.8.0_102/lib/amd64/jli/libjli.so
7f810b3b5000-7f810b5b5000 ---p 00015000 08:04 2359968                    /opt/jdk/jdk1.8.0_102/lib/amd64/jli/libjli.so
7f810b5b5000-7f810b5b6000 rw-p 00015000 08:04 2359968                    /opt/jdk/jdk1.8.0_102/lib/amd64/jli/libjli.so
7f810b5b6000-7f810b5ce000 r-xp 00000000 08:04 793541                     /lib/x86_64-linux-gnu/libpthread-2.19.so
7f810b5ce000-7f810b7cd000 ---p 00018000 08:04 793541                     /lib/x86_64-linux-gnu/libpthread-2.19.so
7f810b7cd000-7f810b7ce000 r--p 00017000 08:04 793541                     /lib/x86_64-linux-gnu/libpthread-2.19.so
7f810b7ce000-7f810b7cf000 rw-p 00018000 08:04 793541                     /lib/x86_64-linux-gnu/libpthread-2.19.so
7f810b7cf000-7f810b7d3000 rw-p 00000000 00:00 0 
7f810b7d3000-7f810b7f3000 r-xp 00000000 08:04 793563                     /lib/x86_64-linux-gnu/ld-2.19.so
7f810b7fe000-7f810b8d7000 rw-p 00000000 00:00 0 
7f810b8d7000-7f810b8da000 ---p 00000000 00:00 0 
7f810b8da000-7f810b9dc000 rw-p 00000000 00:00 0                          [stack:5886]
7f810b9df000-7f810b9e0000 rw-p 00000000 00:00 0 
7f810b9e0000-7f810b9e7000 r--s 00000000 08:04 1060537                    /usr/lib/x86_64-linux-gnu/gconv/gconv-modules.cache
7f810b9e7000-7f810b9ef000 rw-s 00000000 08:04 2244108                    /tmp/hsperfdata_alexis/5882
7f810b9ef000-7f810b9f0000 rw-p 00000000 00:00 0 
7f810b9f0000-7f810b9f1000 ---p 00000000 00:00 0 
7f810b9f1000-7f810b9f3000 rw-p 00000000 00:00 0 
7f810b9f3000-7f810b9f4000 r--p 00020000 08:04 793563                     /lib/x86_64-linux-gnu/ld-2.19.so
7f810b9f4000-7f810b9f5000 rw-p 00021000 08:04 793563                     /lib/x86_64-linux-gnu/ld-2.19.so
7f810b9f5000-7f810b9f6000 rw-p 00000000 00:00 0 
7fff7b789000-7fff7b7aa000 rw-p 00000000 00:00 0                          [stack]
7fff7b7e8000-7fff7b7ea000 r-xp 00000000 00:00 0                          [vdso]
7fff7b7ea000-7fff7b7ec000 r--p 00000000 00:00 0                          [vvar]
ffffffffff600000-ffffffffff601000 r-xp 00000000 00:00 0                  [vsyscall]

VM Arguments:
jvm_args: -Djava.awt.headless=true -Xmx1024M -Dfile.encoding=UTF-8 -Duser.country=AR -Duser.language=es -Duser.variant 
java_command: com.android.dx.command.Main --dex --force-jumbo --num-threads=4 --multi-dex --output /home/alexis/Geobus/app/build/intermediates/transforms/dex/debug/folders/1000/10/com.google.android.gms-play-services-ads-9.4.0_5596081b50d056e2ce5887f4ce028103dae1bad5 /home/alexis/Geobus/app/build/intermediates/exploded-aar/com.google.android.gms/play-services-ads/9.4.0/jars/classes.jar
java_class_path (initial): /home/alexis/Android/Sdk/build-tools/24.0.1/lib/dx.jar
Launcher Type: SUN_STANDARD

Environment Variables:
PATH=/home/alexis/bin:/usr/sbin:/sbin:/usr/local/bin:/usr/bin:/bin:/usr/local/games:/usr/games
LD_LIBRARY_PATH=/opt/android-studio/bin/.:
SHELL=/bin/bash
DISPLAY=:0

Signal Handlers:
SIGSEGV: [libjvm.so+0xac5b30], sa_mask[0]=11111111011111111101111111111110, sa_flags=SA_RESTART|SA_SIGINFO
SIGBUS: [libjvm.so+0xac5b30], sa_mask[0]=11111111011111111101111111111110, sa_flags=SA_RESTART|SA_SIGINFO
SIGFPE: [libjvm.so+0x91f470], sa_mask[0]=11111111011111111101111111111110, sa_flags=SA_RESTART|SA_SIGINFO
SIGPIPE: [libjvm.so+0x91f470], sa_mask[0]=11111111011111111101111111111110, sa_flags=SA_RESTART|SA_SIGINFO
SIGXFSZ: [libjvm.so+0x91f470], sa_mask[0]=11111111011111111101111111111110, sa_flags=SA_RESTART|SA_SIGINFO
SIGILL: [libjvm.so+0x91f470], sa_mask[0]=11111111011111111101111111111110, sa_flags=SA_RESTART|SA_SIGINFO
SIGUSR1: SIG_DFL, sa_mask[0]=00000000000000000000000000000000, sa_flags=none
SIGUSR2: [libjvm.so+0x920aa0], sa_mask[0]=00100000000000000000000000000000, sa_flags=SA_RESTART|SA_SIGINFO
SIGHUP: [libjvm.so+0x921ea0], sa_mask[0]=11111111011111111101111111111110, sa_flags=SA_RESTART|SA_SIGINFO
SIGINT: [libjvm.so+0x921ea0], sa_mask[0]=11111111011111111101111111111110, sa_flags=SA_RESTART|SA_SIGINFO
SIGTERM: [libjvm.so+0x921ea0], sa_mask[0]=11111111011111111101111111111110, sa_flags=SA_RESTART|SA_SIGINFO
SIGQUIT: [libjvm.so+0x921ea0], sa_mask[0]=11111111011111111101111111111110, sa_flags=SA_RESTART|SA_SIGINFO


---------------  S Y S T E M  ---------------

OS:DISTRIB_ID="BunsenLabs"
DISTRIB_DESCRIPTION="BunsenLabs GNU/Linux 8.5 (Hydrogen)"
DISTRIB_RELEASE="8.5"
DISTRIB_CODENAME="bunsen-hydrogen"

uname:Linux 3.16.0-4-amd64 #1 SMP Debian 3.16.7-ckt25-2+deb8u3 (2016-07-02) x86_64
libc:glibc 2.19 NPTL 2.19 
rlimit: STACK 8192k, CORE 0k, NPROC 31341, NOFILE 65536, AS infinity
load average:9,35 3,06 1,66

/proc/meminfo:
MemTotal:        8045472 kB
MemFree:          108248 kB
MemAvailable:      82168 kB
Buffers:            1796 kB
Cached:          2565792 kB
SwapCached:            0 kB
Active:          5334048 kB
Inactive:        2399272 kB
Active(anon):    5296908 kB
Inactive(anon):  2371324 kB
Active(file):      37140 kB
Inactive(file):    27948 kB
Unevictable:          32 kB
Mlocked:              32 kB
SwapTotal:             0 kB
SwapFree:              0 kB
Dirty:               520 kB
Writeback:             0 kB
AnonPages:       5165840 kB
Mapped:           836832 kB
Shmem:           2502592 kB
Slab:             103196 kB
SReclaimable:      51692 kB
SUnreclaim:        51504 kB
KernelStack:       11696 kB
PageTables:        46624 kB
NFS_Unstable:          0 kB
Bounce:                0 kB
WritebackTmp:          0 kB
CommitLimit:     4022736 kB
Committed_AS:   12330492 kB
VmallocTotal:   34359738367 kB
VmallocUsed:      552484 kB
VmallocChunk:   34359122056 kB
HardwareCorrupted:     0 kB
AnonHugePages:         0 kB
HugePages_Total:       0
HugePages_Free:        0
HugePages_Rsvd:        0
HugePages_Surp:        0
Hugepagesize:       2048 kB
DirectMap4k:       53504 kB
DirectMap2M:     8183808 kB


CPU:total 4 (2 cores per cpu, 2 threads per core) family 6 model 42 stepping 7, cmov, cx8, fxsr, mmx, sse, sse2, sse3, ssse3, sse4.1, sse4.2, popcnt, avx, aes, clmul, ht, tsc, tscinvbit

/proc/cpuinfo:
processor	: 0
vendor_id	: GenuineIntel
cpu family	: 6
model		: 42
model name	: Intel(R) Core(TM) i5-2410M CPU @ 2.30GHz
stepping	: 7
microcode	: 0x29
cpu MHz		: 2699.984
cache size	: 3072 KB
physical id	: 0
siblings	: 4
core id		: 0
cpu cores	: 2
apicid		: 0
initial apicid	: 0
fpu		: yes
fpu_exception	: yes
cpuid level	: 13
wp		: yes
flags		: fpu vme de pse tsc msr pae mce cx8 apic sep mtrr pge mca cmov pat pse36 clflush dts acpi mmx fxsr sse sse2 ss ht tm pbe syscall nx rdtscp lm constant_tsc arch_perfmon pebs bts rep_good nopl xtopology nonstop_tsc aperfmperf eagerfpu pni pclmulqdq dtes64 monitor ds_cpl vmx est tm2 ssse3 cx16 xtpr pdcm pcid sse4_1 sse4_2 x2apic popcnt tsc_deadline_timer aes xsave avx lahf_lm ida arat epb xsaveopt pln pts dtherm tpr_shadow vnmi flexpriority ept vpid
bogomips	: 4589.30
clflush size	: 64
cache_alignment	: 64
address sizes	: 36 bits physical, 48 bits virtual
power management:

processor	: 1
vendor_id	: GenuineIntel
cpu family	: 6
model		: 42
model name	: Intel(R) Core(TM) i5-2410M CPU @ 2.30GHz
stepping	: 7
microcode	: 0x29
cpu MHz		: 2699.984
cache size	: 3072 KB
physical id	: 0
siblings	: 4
core id		: 0
cpu cores	: 2
apicid		: 1
initial apicid	: 1
fpu		: yes
fpu_exception	: yes
cpuid level	: 13
wp		: yes
flags		: fpu vme de pse tsc msr pae mce cx8 apic sep mtrr pge mca cmov pat pse36 clflush dts acpi mmx fxsr sse sse2 ss ht tm pbe syscall nx rdtscp lm constant_tsc arch_perfmon pebs bts rep_good nopl xtopology nonstop_tsc aperfmperf eagerfpu pni pclmulqdq dtes64 monitor ds_cpl vmx est tm2 ssse3 cx16 xtpr pdcm pcid sse4_1 sse4_2 x2apic popcnt tsc_deadline_timer aes xsave avx lahf_lm ida arat epb xsaveopt pln pts dtherm tpr_shadow vnmi flexpriority ept vpid
bogomips	: 4589.30
clflush size	: 64
cache_alignment	: 64
address sizes	: 36 bits physical, 48 bits virtual
power management:

processor	: 2
vendor_id	: GenuineIntel
cpu family	: 6
model		: 42
model name	: Intel(R) Core(TM) i5-2410M CPU @ 2.30GHz
stepping	: 7
microcode	: 0x29
cpu MHz		: 2699.984
cache size	: 3072 KB
physical id	: 0
siblings	: 4
core id		: 1
cpu cores	: 2
apicid		: 2
initial apicid	: 2
fpu		: yes
fpu_exception	: yes
cpuid level	: 13
wp		: yes
flags		: fpu vme de pse tsc msr pae mce cx8 apic sep mtrr pge mca cmov pat pse36 clflush dts acpi mmx fxsr sse sse2 ss ht tm pbe syscall nx rdtscp lm constant_tsc arch_perfmon pebs bts rep_good nopl xtopology nonstop_tsc aperfmperf eagerfpu pni pclmulqdq dtes64 monitor ds_cpl vmx est tm2 ssse3 cx16 xtpr pdcm pcid sse4_1 sse4_2 x2apic popcnt tsc_deadline_timer aes xsave avx lahf_lm ida arat epb xsaveopt pln pts dtherm tpr_shadow vnmi flexpriority ept vpid
bogomips	: 4589.30
clflush size	: 64
cache_alignment	: 64
address sizes	: 36 bits physical, 48 bits virtual
power management:

processor	: 3
vendor_id	: GenuineIntel
cpu family	: 6
model		: 42
model name	: Intel(R) Core(TM) i5-2410M CPU @ 2.30GHz
stepping	: 7
microcode	: 0x29
cpu MHz		: 2699.984
cache size	: 3072 KB
physical id	: 0
siblings	: 4
core id		: 1
cpu cores	: 2
apicid		: 3
initial apicid	: 3
fpu		: yes
fpu_exception	: yes
cpuid level	: 13
wp		: yes
flags		: fpu vme de pse tsc msr pae mce cx8 apic sep mtrr pge mca cmov pat pse36 clflush dts acpi mmx fxsr sse sse2 ss ht tm pbe syscall nx rdtscp lm constant_tsc arch_perfmon pebs bts rep_good nopl xtopology nonstop_tsc aperfmperf eagerfpu pni pclmulqdq dtes64 monitor ds_cpl vmx est tm2 ssse3 cx16 xtpr pdcm pcid sse4_1 sse4_2 x2apic popcnt tsc_deadline_timer aes xsave avx lahf_lm ida arat epb xsaveopt pln pts dtherm tpr_shadow vnmi flexpriority ept vpid
bogomips	: 4589.30
clflush size	: 64
cache_alignment	: 64
address sizes	: 36 bits physical, 48 bits virtual
power management:



Memory: 4k page, physical 8045472k(108248k free), swap 0k(0k free)

vm_info: Java HotSpot(TM) 64-Bit Server VM (25.102-b14) for linux-amd64 JRE (1.8.0_102-b14), built on Jun 22 2016 18:43:17 by "java_re" with gcc 4.3.0 20080428 (Red Hat 4.3.0-8)

time: Thu Feb  2 22:01:24 2017
elapsed time: 13 seconds (0d 0h 0m 13s)

