#
# There is insufficient memory for the Java Runtime Environment to continue.
# Native memory allocation (mmap) failed to map 200278016 bytes for committing reserved memory.
# Possible reasons:
#   The system is out of physical RAM or swap space
#   In 32 bit mode, the process size limit was hit
# Possible solutions:
#   Reduce memory load on the system
#   Increase physical memory or swap space
#   Check if swap backing store is full
#   Use 64 bit Java on a 64 bit OS
#   Decrease Java heap size (-Xmx/-Xms)
#   Decrease number of Java threads
#   Decrease Java thread stack sizes (-Xss)
#   Set larger code cache with -XX:ReservedCodeCacheSize=
# This output file may be truncated or incomplete.
#
#  Out of Memory Error (os_linux.cpp:2627), pid=14363, tid=0x00007f34503f9700
#
# JRE version: Java(TM) SE Runtime Environment (8.0_102-b14) (build 1.8.0_102-b14)
# Java VM: Java HotSpot(TM) 64-Bit Server VM (25.102-b14 mixed mode linux-amd64 compressed oops)
# Failed to write core dump. Core dumps have been disabled. To enable core dumping, try "ulimit -c unlimited" before starting Java again
#

---------------  T H R E A D  ---------------

Current thread (0x00007f3464078000):  VMThread [stack: 0x00007f34502f9000,0x00007f34503fa000] [id=14372]

Stack: [0x00007f34502f9000,0x00007f34503fa000],  sp=0x00007f34503f7fa0,  free space=1019k
Native frames: (J=compiled Java code, j=interpreted, Vv=VM code, C=native code)
V  [libjvm.so+0xac52aa]  VMError::report_and_die()+0x2ba
V  [libjvm.so+0x4fc29b]  report_vm_out_of_memory(char const*, int, unsigned long, VMErrorType, char const*)+0x8b
V  [libjvm.so+0x922603]  os::Linux::commit_memory_impl(char*, unsigned long, bool)+0x103
V  [libjvm.so+0x922b59]  os::pd_commit_memory(char*, unsigned long, unsigned long, bool)+0x29
V  [libjvm.so+0x91ce5a]  os::commit_memory(char*, unsigned long, unsigned long, bool)+0x2a
V  [libjvm.so+0x9915e3]  PSVirtualSpace::expand_by(unsigned long)+0x53
V  [libjvm.so+0x9929e8]  PSYoungGen::resize_generation(unsigned long, unsigned long)+0xf8
V  [libjvm.so+0x991b42]  PSYoungGen::resize(unsigned long, unsigned long)+0x22
V  [libjvm.so+0x98ee1b]  PSScavenge::invoke_no_policy()+0xf3b
V  [libjvm.so+0x98f5a1]  PSScavenge::invoke()+0x41
V  [libjvm.so+0x9462f0]  ParallelScavengeHeap::failed_mem_allocate(unsigned long)+0x70
V  [libjvm.so+0xac6cc7]  VM_ParallelGCFailedAllocation::doit()+0x97
V  [libjvm.so+0xace7a5]  VM_Operation::evaluate()+0x55
V  [libjvm.so+0xaccb7a]  VMThread::evaluate_operation(VM_Operation*)+0xba
V  [libjvm.so+0xaccefe]  VMThread::loop()+0x1ce
V  [libjvm.so+0xacd370]  VMThread::run()+0x70
V  [libjvm.so+0x9249c8]  java_start(Thread*)+0x108

VM_Operation (0x00007f343b66ccc0): ParallelGCFailedAllocation, mode: safepoint, requested by thread 0x00007f3464135000


---------------  P R O C E S S  ---------------

Java Threads: ( => current thread )
  0x00007f3464139000 JavaThread "pool-2-thread-4" [_thread_blocked, id=14413, stack(0x00007f343b36c000,0x00007f343b46d000)]
  0x00007f3464137800 JavaThread "pool-2-thread-3" [_thread_blocked, id=14412, stack(0x00007f343b46d000,0x00007f343b56e000)]
  0x00007f3464135000 JavaThread "pool-2-thread-2" [_thread_blocked, id=14408, stack(0x00007f343b56e000,0x00007f343b66f000)]
  0x00007f3464134000 JavaThread "pool-3-thread-1" [_thread_blocked, id=14406, stack(0x00007f343b66f000,0x00007f343b770000)]
  0x00007f3464132000 JavaThread "pool-2-thread-1" [_thread_blocked, id=14404, stack(0x00007f343b770000,0x00007f343b871000)]
  0x00007f34640c0800 JavaThread "Service Thread" daemon [_thread_blocked, id=14397, stack(0x00007f343b972000,0x00007f343ba73000)]
  0x00007f34640bd000 JavaThread "C1 CompilerThread2" daemon [_thread_blocked, id=14396, stack(0x00007f343ba73000,0x00007f343bb74000)]
  0x00007f34640bb800 JavaThread "C2 CompilerThread1" daemon [_thread_blocked, id=14395, stack(0x00007f343bb74000,0x00007f343bc75000)]
  0x00007f34640b8800 JavaThread "C2 CompilerThread0" daemon [_thread_blocked, id=14394, stack(0x00007f343bc75000,0x00007f343bd76000)]
  0x00007f34640b7000 JavaThread "Signal Dispatcher" daemon [_thread_blocked, id=14393, stack(0x00007f343bd76000,0x00007f343be77000)]
  0x00007f3464084000 JavaThread "Finalizer" daemon [_thread_blocked, id=14386, stack(0x00007f34500f7000,0x00007f34501f8000)]
  0x00007f346407f800 JavaThread "Reference Handler" daemon [_thread_blocked, id=14385, stack(0x00007f34501f8000,0x00007f34502f9000)]
  0x00007f346400a000 JavaThread "main" [_thread_blocked, id=14367, stack(0x00007f346a9a2000,0x00007f346aaa3000)]

Other Threads:
=>0x00007f3464078000 VMThread [stack: 0x00007f34502f9000,0x00007f34503fa000] [id=14372]
  0x00007f34640c3000 WatcherThread [stack: 0x00007f343b871000,0x00007f343b972000] [id=14398]

VM state:at safepoint (normal execution)

VM Mutex/Monitor currently owned by a thread:  ([mutex/lock_event])
[0x00007f34640063e0] Threads_lock - owner thread: 0x00007f3464078000
[0x00007f34640068e0] Heap_lock - owner thread: 0x00007f3464135000

Heap:
 PSYoungGen      total 132096K, used 5094K [0x00000000eab00000, 0x00000000f3100000, 0x0000000100000000)
  eden space 126976K, 0% used [0x00000000eab00000,0x00000000eab00000,0x00000000f2700000)
  from space 5120K, 99% used [0x00000000f2700000,0x00000000f2bf99f8,0x00000000f2c00000)
  to   space 5120K, 0% used [0x00000000f2c00000,0x00000000f2c00000,0x00000000f3100000)
 ParOldGen       total 84992K, used 66827K [0x00000000c0000000, 0x00000000c5300000, 0x00000000eab00000)
  object space 84992K, 78% used [0x00000000c0000000,0x00000000c4142cb0,0x00000000c5300000)
 Metaspace       used 5955K, capacity 7024K, committed 7296K, reserved 1056768K
  class space    used 597K, capacity 616K, committed 640K, reserved 1048576K

Card table byte_map: [0x00007f345440d000,0x00007f345460e000] byte_map_base: 0x00007f3453e0d000

Marking Bits: (ParMarkBitMap*) 0x00007f3469e8ec60
 Begin Bits: [0x00007f3452009000, 0x00007f3453009000)
 End Bits:   [0x00007f3453009000, 0x00007f3454009000)

Polling page: 0x00007f346aabb000

CodeCache: size=245760Kb used=5921Kb max_used=5921Kb free=239838Kb
 bounds [0x00007f34549ce000, 0x00007f3454f9e000, 0x00007f34639ce000]
 total_blobs=1736 nmethods=1474 adapters=175
 compilation: enabled

Compilation events (10 events):
Event: 134,076 Thread 0x00007f34640bd000 nmethod 1885% 0x00007f3454f8e410 code [0x00007f3454f8e680, 0x00007f3454f8f568]
Event: 134,076 Thread 0x00007f34640bd000 1876 %     3       com.android.dx.ssa.SsaConverter::edgeSplitPredecessors @ 12 (44 bytes)
Event: 134,091 Thread 0x00007f34640bb800 nmethod 1537 0x00007f3454f8ffd0 code [0x00007f3454f90600, 0x00007f3454f93a80]
Event: 134,091 Thread 0x00007f34640bd000 nmethod 1876% 0x00007f3454f7edd0 code [0x00007f3454f7efe0, 0x00007f3454f7f9e8]
Event: 134,091 Thread 0x00007f34640bd000 1887 %     3       com.android.dx.ssa.SsaMethod::convertRopToSsaBlocks @ 27 (103 bytes)
Event: 134,092 Thread 0x00007f34640bb800 1639       4       com.android.dx.cf.code.LineNumberList::pcToLine (73 bytes)
Event: 134,114 Thread 0x00007f34640bd000 nmethod 1887% 0x00007f3454f7ced0 code [0x00007f3454f7d140, 0x00007f3454f7e388]
Event: 134,114 Thread 0x00007f34640bd000 1889       3       com.android.dx.ssa.back.SsaToRop::convertBasicBlocks (151 bytes)
Event: 134,150 Thread 0x00007f34640bd000 nmethod 1889 0x00007f3454f98710 code [0x00007f3454f98a20, 0x00007f3454f9a2b8]
Event: 134,151 Thread 0x00007f34640bd000 1894 % !   3       com.android.dx.cf.code.RopperMachine::run @ 247 (1550 bytes)

GC Heap History (9 events):
Event: 3,169 GC heap before
{Heap before GC invocations=1 (full 0):
 PSYoungGen      total 36864K, used 31744K [0x00000000eab00000, 0x00000000ed400000, 0x0000000100000000)
  eden space 31744K, 100% used [0x00000000eab00000,0x00000000eca00000,0x00000000eca00000)
  from space 5120K, 0% used [0x00000000ecf00000,0x00000000ecf00000,0x00000000ed400000)
  to   space 5120K, 0% used [0x00000000eca00000,0x00000000eca00000,0x00000000ecf00000)
 ParOldGen       total 84992K, used 0K [0x00000000c0000000, 0x00000000c5300000, 0x00000000eab00000)
  object space 84992K, 0% used [0x00000000c0000000,0x00000000c0000000,0x00000000c5300000)
 Metaspace       used 5531K, capacity 6768K, committed 7040K, reserved 1056768K
  class space    used 573K, capacity 616K, committed 640K, reserved 1048576K
Event: 3,205 GC heap after
Heap after GC invocations=1 (full 0):
 PSYoungGen      total 36864K, used 5111K [0x00000000eab00000, 0x00000000ef300000, 0x0000000100000000)
  eden space 31744K, 0% used [0x00000000eab00000,0x00000000eab00000,0x00000000eca00000)
  from space 5120K, 99% used [0x00000000eca00000,0x00000000ecefddd0,0x00000000ecf00000)
  to   space 5120K, 0% used [0x00000000eee00000,0x00000000eee00000,0x00000000ef300000)
 ParOldGen       total 84992K, used 1456K [0x00000000c0000000, 0x00000000c5300000, 0x00000000eab00000)
  object space 84992K, 1% used [0x00000000c0000000,0x00000000c016c0e0,0x00000000c5300000)
 Metaspace       used 5531K, capacity 6768K, committed 7040K, reserved 1056768K
  class space    used 573K, capacity 616K, committed 640K, reserved 1048576K
}
Event: 4,773 GC heap before
{Heap before GC invocations=2 (full 0):
 PSYoungGen      total 36864K, used 36855K [0x00000000eab00000, 0x00000000ef300000, 0x0000000100000000)
  eden space 31744K, 100% used [0x00000000eab00000,0x00000000eca00000,0x00000000eca00000)
  from space 5120K, 99% used [0x00000000eca00000,0x00000000ecefddd0,0x00000000ecf00000)
  to   space 5120K, 0% used [0x00000000eee00000,0x00000000eee00000,0x00000000ef300000)
 ParOldGen       total 84992K, used 1456K [0x00000000c0000000, 0x00000000c5300000, 0x00000000eab00000)
  object space 84992K, 1% used [0x00000000c0000000,0x00000000c016c0e0,0x00000000c5300000)
 Metaspace       used 5609K, capacity 6832K, committed 7040K, reserved 1056768K
  class space    used 575K, capacity 616K, committed 640K, reserved 1048576K
Event: 4,862 GC heap after
Heap after GC invocations=2 (full 0):
 PSYoungGen      total 68608K, used 5112K [0x00000000eab00000, 0x00000000ef300000, 0x0000000100000000)
  eden space 63488K, 0% used [0x00000000eab00000,0x00000000eab00000,0x00000000ee900000)
  from space 5120K, 99% used [0x00000000eee00000,0x00000000ef2fe0c8,0x00000000ef300000)
  to   space 5120K, 0% used [0x00000000ee900000,0x00000000ee900000,0x00000000eee00000)
 ParOldGen       total 84992K, used 6074K [0x00000000c0000000, 0x00000000c5300000, 0x00000000eab00000)
  object space 84992K, 7% used [0x00000000c0000000,0x00000000c05eea40,0x00000000c5300000)
 Metaspace       used 5609K, capacity 6832K, committed 7040K, reserved 1056768K
  class space    used 575K, capacity 616K, committed 640K, reserved 1048576K
}
Event: 6,685 GC heap before
{Heap before GC invocations=3 (full 0):
 PSYoungGen      total 68608K, used 68600K [0x00000000eab00000, 0x00000000ef300000, 0x0000000100000000)
  eden space 63488K, 100% used [0x00000000eab00000,0x00000000ee900000,0x00000000ee900000)
  from space 5120K, 99% used [0x00000000eee00000,0x00000000ef2fe0c8,0x00000000ef300000)
  to   space 5120K, 0% used [0x00000000ee900000,0x00000000ee900000,0x00000000eee00000)
 ParOldGen       total 84992K, used 6074K [0x00000000c0000000, 0x00000000c5300000, 0x00000000eab00000)
  object space 84992K, 7% used [0x00000000c0000000,0x00000000c05eea40,0x00000000c5300000)
 Metaspace       used 5697K, capacity 6896K, committed 7040K, reserved 1056768K
  class space    used 575K, capacity 616K, committed 640K, reserved 1048576K
Event: 6,841 GC heap after
Heap after GC invocations=3 (full 0):
 PSYoungGen      total 68608K, used 5093K [0x00000000eab00000, 0x00000000f3100000, 0x0000000100000000)
  eden space 63488K, 0% used [0x00000000eab00000,0x00000000eab00000,0x00000000ee900000)
  from space 5120K, 99% used [0x00000000ee900000,0x00000000eedf9640,0x00000000eee00000)
  to   space 5120K, 0% used [0x00000000f2c00000,0x00000000f2c00000,0x00000000f3100000)
 ParOldGen       total 84992K, used 14707K [0x00000000c0000000, 0x00000000c5300000, 0x00000000eab00000)
  object space 84992K, 17% used [0x00000000c0000000,0x00000000c0e5cf58,0x00000000c5300000)
 Metaspace       used 5697K, capacity 6896K, committed 7040K, reserved 1056768K
  class space    used 575K, capacity 616K, committed 640K, reserved 1048576K
}
Event: 8,402 GC heap before
{Heap before GC invocations=4 (full 0):
 PSYoungGen      total 68608K, used 68581K [0x00000000eab00000, 0x00000000f3100000, 0x0000000100000000)
  eden space 63488K, 100% used [0x00000000eab00000,0x00000000ee900000,0x00000000ee900000)
  from space 5120K, 99% used [0x00000000ee900000,0x00000000eedf9640,0x00000000eee00000)
  to   space 5120K, 0% used [0x00000000f2c00000,0x00000000f2c00000,0x00000000f3100000)
 ParOldGen       total 84992K, used 14707K [0x00000000c0000000, 0x00000000c5300000, 0x00000000eab00000)
  object space 84992K, 17% used [0x00000000c0000000,0x00000000c0e5cf58,0x00000000c5300000)
 Metaspace       used 5786K, capacity 6960K, committed 7040K, reserved 1056768K
  class space    used 575K, capacity 616K, committed 640K, reserved 1048576K
Event: 8,650 GC heap after
Heap after GC invocations=4 (full 0):
 PSYoungGen      total 132096K, used 5110K [0x00000000eab00000, 0x00000000f3100000, 0x0000000100000000)
  eden space 126976K, 0% used [0x00000000eab00000,0x00000000eab00000,0x00000000f2700000)
  from space 5120K, 99% used [0x00000000f2c00000,0x00000000f30fd930,0x00000000f3100000)
  to   space 5120K, 0% used [0x00000000f2700000,0x00000000f2700000,0x00000000f2c00000)
 ParOldGen       total 84992K, used 37862K [0x00000000c0000000, 0x00000000c5300000, 0x00000000eab00000)
  object space 84992K, 44% used [0x00000000c0000000,0x00000000c24f9910,0x00000000c5300000)
 Metaspace       used 5786K, capacity 6960K, committed 7040K, reserved 1056768K
  class space    used 575K, capacity 616K, committed 640K, reserved 1048576K
}
Event: 134,175 GC heap before
{Heap before GC invocations=5 (full 0):
 PSYoungGen      total 132096K, used 132086K [0x00000000eab00000, 0x00000000f3100000, 0x0000000100000000)
  eden space 126976K, 100% used [0x00000000eab00000,0x00000000f2700000,0x00000000f2700000)
  from space 5120K, 99% used [0x00000000f2c00000,0x00000000f30fd930,0x00000000f3100000)
  to   space 5120K, 0% used [0x00000000f2700000,0x00000000f2700000,0x00000000f2c00000)
 ParOldGen       total 84992K, used 37862K [0x00000000c0000000, 0x00000000c5300000, 0x00000000eab00000)
  object space 84992K, 44% used [0x00000000c0000000,0x00000000c24f9910,0x00000000c5300000)
 Metaspace       used 5955K, capacity 7024K, committed 7296K, reserved 1056768K
  class space    used 597K, capacity 616K, committed 640K, reserved 1048576K

Deoptimization events (10 events):
Event: 2,965 Thread 0x00007f3464139000 Uncommon trap: reason=unloaded action=reinterpret pc=0x00007f3454c595a4 method=com.android.dx.ssa.SsaRenamer$BlockRenamer.visitMoveInsn(Lcom/android/dx/ssa/NormalSsaInsn;)V @ 208
Event: 3,378 Thread 0x00007f3464135000 Uncommon trap: reason=null_check action=make_not_entrant pc=0x00007f3454c48f20 method=com.android.dx.rop.type.Type.equals(Ljava/lang/Object;)Z @ 8
Event: 5,692 Thread 0x00007f346400a000 Uncommon trap: reason=unstable_if action=reinterpret pc=0x00007f3454bb189c method=java.lang.String.<init>([CII)V @ 18
Event: 6,391 Thread 0x00007f3464132000 Uncommon trap: reason=unstable_if action=reinterpret pc=0x00007f3454dc2010 method=com.android.dx.ssa.SsaRenamer$BlockRenamer.visitMoveInsn(Lcom/android/dx/ssa/NormalSsaInsn;)V @ 104
Event: 6,391 Thread 0x00007f3464132000 Uncommon trap: reason=class_check action=maybe_recompile pc=0x00007f3454da2ab4 method=com.android.dx.ssa.NormalSsaInsn.accept(Lcom/android/dx/ssa/SsaInsn$Visitor;)V @ 9
Event: 6,391 Thread 0x00007f3464132000 Uncommon trap: reason=class_check action=maybe_recompile pc=0x00007f3454da2ab4 method=com.android.dx.ssa.NormalSsaInsn.accept(Lcom/android/dx/ssa/SsaInsn$Visitor;)V @ 9
Event: 6,392 Thread 0x00007f3464132000 Uncommon trap: reason=class_check action=maybe_recompile pc=0x00007f3454da2ab4 method=com.android.dx.ssa.NormalSsaInsn.accept(Lcom/android/dx/ssa/SsaInsn$Visitor;)V @ 9
Event: 6,392 Thread 0x00007f3464132000 Uncommon trap: reason=class_check action=maybe_recompile pc=0x00007f3454da2ab4 method=com.android.dx.ssa.NormalSsaInsn.accept(Lcom/android/dx/ssa/SsaInsn$Visitor;)V @ 9
Event: 10,153 Thread 0x00007f3464139000 Uncommon trap: reason=unstable_if action=reinterpret pc=0x00007f3454c7393c method=java.util.HashMap.putVal(ILjava/lang/Object;Ljava/lang/Object;ZZ)Ljava/lang/Object; @ 162
Event: 133,431 Thread 0x00007f3464139000 Uncommon trap: reason=unstable_if action=reinterpret pc=0x00007f3454bea958 method=java.util.HashMap.getNode(ILjava/lang/Object;)Ljava/util/HashMap$Node; @ 84

Internal exceptions (6 events):
Event: 0,036 Thread 0x00007f346400a000 Exception <a 'java/lang/NoSuchMethodError': Method sun.misc.Unsafe.defineClass(Ljava/lang/String;[BII)Ljava/lang/Class; name or signature does not match> (0x00000000eab07c78) thrown at [/HUDSON3/workspace/8-2-build-linux-amd64/jdk8u102/7268/hotspot/src/sh
Event: 0,036 Thread 0x00007f346400a000 Exception <a 'java/lang/NoSuchMethodError': Method sun.misc.Unsafe.prefetchRead(Ljava/lang/Object;J)V name or signature does not match> (0x00000000eab07f60) thrown at [/HUDSON3/workspace/8-2-build-linux-amd64/jdk8u102/7268/hotspot/src/share/vm/prims/jni.c
Event: 3,378 Thread 0x00007f3464135000 Implicit null exception at 0x00007f3454c48e22 to 0x00007f3454c48f13
Event: 10,177 Thread 0x00007f3464139000 Exception <a 'java/lang/ArrayIndexOutOfBoundsException': 18> (0x00000000f06b61e0) thrown at [/HUDSON3/workspace/8-2-build-linux-amd64/jdk8u102/7268/hotspot/src/share/vm/interpreter/interpreterRuntime.cpp, line 366]
Event: 10,189 Thread 0x00007f3464139000 Exception <a 'java/lang/ArrayIndexOutOfBoundsException': 145> (0x00000000f06b7d60) thrown at [/HUDSON3/workspace/8-2-build-linux-amd64/jdk8u102/7268/hotspot/src/share/vm/interpreter/interpreterRuntime.cpp, line 366]
Event: 131,463 Thread 0x00007f3464139000 Exception <a 'java/lang/ArrayIndexOutOfBoundsException': 40> (0x00000000f06b9048) thrown at [/HUDSON3/workspace/8-2-build-linux-amd64/jdk8u102/7268/hotspot/src/share/vm/interpreter/interpreterRuntime.cpp, line 366]

Events (10 events):
Event: 134,094 Thread 0x00007f3464139000 DEOPT UNPACKING pc=0x00007f3454a15633 sp=0x00007f343b46ace0 mode 0
Event: 134,094 Thread 0x00007f3464132000 DEOPT UNPACKING pc=0x00007f3454a15633 sp=0x00007f343b86ebd8 mode 0
Event: 134,098 Thread 0x00007f3464132000 DEOPT PACKING pc=0x00007f3454e85f5a sp=0x00007f343b86efa0
Event: 134,098 Thread 0x00007f3464132000 DEOPT UNPACKING pc=0x00007f3454a15633 sp=0x00007f343b86ed58 mode 0
Event: 134,099 Thread 0x00007f3464135000 DEOPT UNPACKING pc=0x00007f3454a15633 sp=0x00007f343b66ccc8 mode 0
Event: 134,099 Thread 0x00007f3464135000 DEOPT PACKING pc=0x00007f3454e79a58 sp=0x00007f343b66d000
Event: 134,100 Thread 0x00007f3464135000 DEOPT UNPACKING pc=0x00007f3454a15633 sp=0x00007f343b66cd80 mode 0
Event: 134,130 Thread 0x00007f3464135000 DEOPT PACKING pc=0x00007f3454be0fb9 sp=0x00007f343b66ce40
Event: 134,130 Thread 0x00007f3464135000 DEOPT UNPACKING pc=0x00007f3454a15633 sp=0x00007f343b66cb90 mode 0
Event: 134,158 Executing VM operation: ParallelGCFailedAllocation


Dynamic libraries:
00400000-00401000 r-xp 00000000 08:04 2360749                            /opt/jdk/jdk1.8.0_102/bin/java
00600000-00601000 rw-p 00000000 08:04 2360749                            /opt/jdk/jdk1.8.0_102/bin/java
00e1e000-00e3f000 rw-p 00000000 00:00 0                                  [heap]
c0000000-c5300000 rw-p 00000000 00:00 0 
c5300000-eab00000 ---p 00000000 00:00 0 
eab00000-f3100000 rw-p 00000000 00:00 0 
ff000000-100000000 ---p 00000000 00:00 0 
100000000-1000a0000 rw-p 00000000 00:00 0 
1000a0000-140000000 ---p 00000000 00:00 0 
7f3400000000-7f3400029000 rw-p 00000000 00:00 0 
7f3400029000-7f3404000000 ---p 00000000 00:00 0 
7f3408000000-7f3408029000 rw-p 00000000 00:00 0 
7f3408029000-7f340c000000 ---p 00000000 00:00 0 
7f340c000000-7f340c026000 rw-p 00000000 00:00 0 
7f340c026000-7f3410000000 ---p 00000000 00:00 0 
7f3410000000-7f3410064000 rw-p 00000000 00:00 0 
7f3410064000-7f3414000000 ---p 00000000 00:00 0 
7f3414000000-7f3414021000 rw-p 00000000 00:00 0 
7f3414021000-7f3418000000 ---p 00000000 00:00 0 
7f3418000000-7f3418021000 rw-p 00000000 00:00 0 
7f3418021000-7f341c000000 ---p 00000000 00:00 0 
7f341c000000-7f341c021000 rw-p 00000000 00:00 0 
7f341c021000-7f3420000000 ---p 00000000 00:00 0 
7f3420000000-7f342068e000 rw-p 00000000 00:00 0 
7f342068e000-7f3424000000 ---p 00000000 00:00 0 
7f3424000000-7f342497d000 rw-p 00000000 00:00 0 
7f342497d000-7f3428000000 ---p 00000000 00:00 0 
7f3428000000-7f3428021000 rw-p 00000000 00:00 0 
7f3428021000-7f342c000000 ---p 00000000 00:00 0 
7f342c000000-7f342ce40000 rw-p 00000000 00:00 0 
7f342ce40000-7f3430000000 ---p 00000000 00:00 0 
7f3430000000-7f3430021000 rw-p 00000000 00:00 0 
7f3430021000-7f3434000000 ---p 00000000 00:00 0 
7f3434000000-7f3434021000 rw-p 00000000 00:00 0 
7f3434021000-7f3438000000 ---p 00000000 00:00 0 
7f343b36c000-7f343b36f000 ---p 00000000 00:00 0 
7f343b36f000-7f343b46d000 rw-p 00000000 00:00 0                          [stack:14413]
7f343b46d000-7f343b470000 ---p 00000000 00:00 0 
7f343b470000-7f343b56e000 rw-p 00000000 00:00 0                          [stack:14412]
7f343b56e000-7f343b571000 ---p 00000000 00:00 0 
7f343b571000-7f343b66f000 rw-p 00000000 00:00 0                          [stack:14408]
7f343b66f000-7f343b672000 ---p 00000000 00:00 0 
7f343b672000-7f343b770000 rw-p 00000000 00:00 0                          [stack:14406]
7f343b770000-7f343b773000 ---p 00000000 00:00 0 
7f343b773000-7f343b871000 rw-p 00000000 00:00 0                          [stack:14404]
7f343b871000-7f343b872000 ---p 00000000 00:00 0 
7f343b872000-7f343b972000 rw-p 00000000 00:00 0                          [stack:14398]
7f343b972000-7f343b975000 ---p 00000000 00:00 0 
7f343b975000-7f343ba73000 rw-p 00000000 00:00 0                          [stack:14397]
7f343ba73000-7f343ba76000 ---p 00000000 00:00 0 
7f343ba76000-7f343bb74000 rw-p 00000000 00:00 0                          [stack:14396]
7f343bb74000-7f343bb77000 ---p 00000000 00:00 0 
7f343bb77000-7f343bc75000 rw-p 00000000 00:00 0                          [stack:14395]
7f343bc75000-7f343bc78000 ---p 00000000 00:00 0 
7f343bc78000-7f343bd76000 rw-p 00000000 00:00 0                          [stack:14394]
7f343bd76000-7f343bd79000 ---p 00000000 00:00 0 
7f343bd79000-7f343be77000 rw-p 00000000 00:00 0                          [stack:14393]
7f343be77000-7f343c000000 r--p 00000000 08:04 924362                     /usr/lib/locale/locale-archive
7f343c000000-7f343c021000 rw-p 00000000 00:00 0 
7f343c021000-7f3440000000 ---p 00000000 00:00 0 
7f3440000000-7f344028f000 rw-p 00000000 00:00 0 
7f344028f000-7f3444000000 ---p 00000000 00:00 0 
7f3444000000-7f3444021000 rw-p 00000000 00:00 0 
7f3444021000-7f3448000000 ---p 00000000 00:00 0 
7f3448000000-7f3448021000 rw-p 00000000 00:00 0 
7f3448021000-7f344c000000 ---p 00000000 00:00 0 
7f344c000000-7f344c021000 rw-p 00000000 00:00 0 
7f344c021000-7f3450000000 ---p 00000000 00:00 0 
7f34500d2000-7f34500f7000 r--p 00000000 08:04 1713356                    /usr/share/locale/es/LC_MESSAGES/libc.mo
7f34500f7000-7f34500fa000 ---p 00000000 00:00 0 
7f34500fa000-7f34501f8000 rw-p 00000000 00:00 0                          [stack:14386]
7f34501f8000-7f34501fb000 ---p 00000000 00:00 0 
7f34501fb000-7f34502f9000 rw-p 00000000 00:00 0                          [stack:14385]
7f34502f9000-7f34502fa000 ---p 00000000 00:00 0 
7f34502fa000-7f34513bb000 rw-p 00000000 00:00 0                          [stack:14372]
7f34513bb000-7f3451593000 r--s 03d29000 08:04 2360825                    /opt/jdk/jdk1.8.0_102/jre/lib/rt.jar
7f3451593000-7f3451c89000 rw-p 00000000 00:00 0 
7f3451c89000-7f3451e09000 ---p 00000000 00:00 0 
7f3451e09000-7f3454009000 rw-p 00000000 00:00 0 
7f3454009000-7f345400a000 ---p 00000000 00:00 0 
7f345400a000-7f345410a000 rw-p 00000000 00:00 0                          [stack:14371]
7f345410a000-7f345410b000 ---p 00000000 00:00 0 
7f345410b000-7f345420b000 rw-p 00000000 00:00 0                          [stack:14370]
7f345420b000-7f345420c000 ---p 00000000 00:00 0 
7f345420c000-7f345430c000 rw-p 00000000 00:00 0                          [stack:14369]
7f345430c000-7f345430d000 ---p 00000000 00:00 0 
7f345430d000-7f3454437000 rw-p 00000000 00:00 0                          [stack:14368]
7f3454437000-7f3454562000 ---p 00000000 00:00 0 
7f3454562000-7f34545a6000 rw-p 00000000 00:00 0 
7f34545a6000-7f345460d000 ---p 00000000 00:00 0 
7f345460d000-7f3454626000 rw-p 00000000 00:00 0 
7f3454626000-7f34549ce000 ---p 00000000 00:00 0 
7f34549ce000-7f3454f9e000 rwxp 00000000 00:00 0 
7f3454f9e000-7f34639ce000 ---p 00000000 00:00 0 
7f34639ce000-7f34639e8000 r-xp 00000000 08:04 2360856                    /opt/jdk/jdk1.8.0_102/jre/lib/amd64/libzip.so
7f34639e8000-7f3463be8000 ---p 0001a000 08:04 2360856                    /opt/jdk/jdk1.8.0_102/jre/lib/amd64/libzip.so
7f3463be8000-7f3463be9000 rw-p 0001a000 08:04 2360856                    /opt/jdk/jdk1.8.0_102/jre/lib/amd64/libzip.so
7f3463be9000-7f3463bf4000 r-xp 00000000 08:04 794090                     /lib/x86_64-linux-gnu/libnss_files-2.19.so
7f3463bf4000-7f3463df3000 ---p 0000b000 08:04 794090                     /lib/x86_64-linux-gnu/libnss_files-2.19.so
7f3463df3000-7f3463df4000 r--p 0000a000 08:04 794090                     /lib/x86_64-linux-gnu/libnss_files-2.19.so
7f3463df4000-7f3463df5000 rw-p 0000b000 08:04 794090                     /lib/x86_64-linux-gnu/libnss_files-2.19.so
7f3463df5000-7f3463dff000 r-xp 00000000 08:04 795042                     /lib/x86_64-linux-gnu/libnss_nis-2.19.so
7f3463dff000-7f3463ffe000 ---p 0000a000 08:04 795042                     /lib/x86_64-linux-gnu/libnss_nis-2.19.so
7f3463ffe000-7f3463fff000 r--p 00009000 08:04 795042                     /lib/x86_64-linux-gnu/libnss_nis-2.19.so
7f3463fff000-7f3464000000 rw-p 0000a000 08:04 795042                     /lib/x86_64-linux-gnu/libnss_nis-2.19.so
7f3464000000-7f34643a1000 rw-p 00000000 00:00 0 
7f34643a1000-7f3468000000 ---p 00000000 00:00 0 
7f3468004000-7f3468012000 r--s 000e0000 08:04 528314                     /home/alexis/Android/Sdk/build-tools/24.0.1/lib/dx.jar
7f3468012000-7f346803c000 rw-p 00000000 00:00 0 
7f346803c000-7f3468168000 ---p 00000000 00:00 0 
7f3468168000-7f346817d000 r-xp 00000000 08:04 794087                     /lib/x86_64-linux-gnu/libnsl-2.19.so
7f346817d000-7f346837c000 ---p 00015000 08:04 794087                     /lib/x86_64-linux-gnu/libnsl-2.19.so
7f346837c000-7f346837d000 r--p 00014000 08:04 794087                     /lib/x86_64-linux-gnu/libnsl-2.19.so
7f346837d000-7f346837e000 rw-p 00015000 08:04 794087                     /lib/x86_64-linux-gnu/libnsl-2.19.so
7f346837e000-7f3468380000 rw-p 00000000 00:00 0 
7f3468380000-7f3468387000 r-xp 00000000 08:04 794088                     /lib/x86_64-linux-gnu/libnss_compat-2.19.so
7f3468387000-7f3468586000 ---p 00007000 08:04 794088                     /lib/x86_64-linux-gnu/libnss_compat-2.19.so
7f3468586000-7f3468587000 r--p 00006000 08:04 794088                     /lib/x86_64-linux-gnu/libnss_compat-2.19.so
7f3468587000-7f3468588000 rw-p 00007000 08:04 794088                     /lib/x86_64-linux-gnu/libnss_compat-2.19.so
7f3468588000-7f34685b2000 r-xp 00000000 08:04 2360883                    /opt/jdk/jdk1.8.0_102/jre/lib/amd64/libjava.so
7f34685b2000-7f34687b2000 ---p 0002a000 08:04 2360883                    /opt/jdk/jdk1.8.0_102/jre/lib/amd64/libjava.so
7f34687b2000-7f34687b4000 rw-p 0002a000 08:04 2360883                    /opt/jdk/jdk1.8.0_102/jre/lib/amd64/libjava.so
7f34687b4000-7f34687c1000 r-xp 00000000 08:04 2360834                    /opt/jdk/jdk1.8.0_102/jre/lib/amd64/libverify.so
7f34687c1000-7f34689c1000 ---p 0000d000 08:04 2360834                    /opt/jdk/jdk1.8.0_102/jre/lib/amd64/libverify.so
7f34689c1000-7f34689c3000 rw-p 0000d000 08:04 2360834                    /opt/jdk/jdk1.8.0_102/jre/lib/amd64/libverify.so
7f34689c3000-7f34689ca000 r-xp 00000000 08:04 795046                     /lib/x86_64-linux-gnu/librt-2.19.so
7f34689ca000-7f3468bc9000 ---p 00007000 08:04 795046                     /lib/x86_64-linux-gnu/librt-2.19.so
7f3468bc9000-7f3468bca000 r--p 00006000 08:04 795046                     /lib/x86_64-linux-gnu/librt-2.19.so
7f3468bca000-7f3468bcb000 rw-p 00007000 08:04 795046                     /lib/x86_64-linux-gnu/librt-2.19.so
7f3468bcb000-7f3468ccb000 r-xp 00000000 08:04 794085                     /lib/x86_64-linux-gnu/libm-2.19.so
7f3468ccb000-7f3468eca000 ---p 00100000 08:04 794085                     /lib/x86_64-linux-gnu/libm-2.19.so
7f3468eca000-7f3468ecb000 r--p 000ff000 08:04 794085                     /lib/x86_64-linux-gnu/libm-2.19.so
7f3468ecb000-7f3468ecc000 rw-p 00100000 08:04 794085                     /lib/x86_64-linux-gnu/libm-2.19.so
7f3468ecc000-7f3469b98000 r-xp 00000000 08:04 2360887                    /opt/jdk/jdk1.8.0_102/jre/lib/amd64/server/libjvm.so
7f3469b98000-7f3469d98000 ---p 00ccc000 08:04 2360887                    /opt/jdk/jdk1.8.0_102/jre/lib/amd64/server/libjvm.so
7f3469d98000-7f3469e71000 rw-p 00ccc000 08:04 2360887                    /opt/jdk/jdk1.8.0_102/jre/lib/amd64/server/libjvm.so
7f3469e71000-7f3469ebc000 rw-p 00000000 00:00 0 
7f3469ebc000-7f346a05d000 r-xp 00000000 08:04 793880                     /lib/x86_64-linux-gnu/libc-2.19.so
7f346a05d000-7f346a25d000 ---p 001a1000 08:04 793880                     /lib/x86_64-linux-gnu/libc-2.19.so
7f346a25d000-7f346a261000 r--p 001a1000 08:04 793880                     /lib/x86_64-linux-gnu/libc-2.19.so
7f346a261000-7f346a263000 rw-p 001a5000 08:04 793880                     /lib/x86_64-linux-gnu/libc-2.19.so
7f346a263000-7f346a267000 rw-p 00000000 00:00 0 
7f346a267000-7f346a26a000 r-xp 00000000 08:04 794084                     /lib/x86_64-linux-gnu/libdl-2.19.so
7f346a26a000-7f346a469000 ---p 00003000 08:04 794084                     /lib/x86_64-linux-gnu/libdl-2.19.so
7f346a469000-7f346a46a000 r--p 00002000 08:04 794084                     /lib/x86_64-linux-gnu/libdl-2.19.so
7f346a46a000-7f346a46b000 rw-p 00003000 08:04 794084                     /lib/x86_64-linux-gnu/libdl-2.19.so
7f346a46b000-7f346a480000 r-xp 00000000 08:04 2359968                    /opt/jdk/jdk1.8.0_102/lib/amd64/jli/libjli.so
7f346a480000-7f346a680000 ---p 00015000 08:04 2359968                    /opt/jdk/jdk1.8.0_102/lib/amd64/jli/libjli.so
7f346a680000-7f346a681000 rw-p 00015000 08:04 2359968                    /opt/jdk/jdk1.8.0_102/lib/amd64/jli/libjli.so
7f346a681000-7f346a699000 r-xp 00000000 08:04 793541                     /lib/x86_64-linux-gnu/libpthread-2.19.so
7f346a699000-7f346a898000 ---p 00018000 08:04 793541                     /lib/x86_64-linux-gnu/libpthread-2.19.so
7f346a898000-7f346a899000 r--p 00017000 08:04 793541                     /lib/x86_64-linux-gnu/libpthread-2.19.so
7f346a899000-7f346a89a000 rw-p 00018000 08:04 793541                     /lib/x86_64-linux-gnu/libpthread-2.19.so
7f346a89a000-7f346a89e000 rw-p 00000000 00:00 0 
7f346a89e000-7f346a8be000 r-xp 00000000 08:04 793563                     /lib/x86_64-linux-gnu/ld-2.19.so
7f346a8c9000-7f346a9a2000 rw-p 00000000 00:00 0 
7f346a9a2000-7f346a9a5000 ---p 00000000 00:00 0 
7f346a9a5000-7f346aaa7000 rw-p 00000000 00:00 0                          [stack:14367]
7f346aaaa000-7f346aaab000 rw-p 00000000 00:00 0 
7f346aaab000-7f346aab2000 r--s 00000000 08:04 1060537                    /usr/lib/x86_64-linux-gnu/gconv/gconv-modules.cache
7f346aab2000-7f346aaba000 rw-s 00000000 08:04 3289761                    /tmp/hsperfdata_alexis/14363
7f346aaba000-7f346aabb000 rw-p 00000000 00:00 0 
7f346aabb000-7f346aabc000 ---p 00000000 00:00 0 
7f346aabc000-7f346aabe000 rw-p 00000000 00:00 0 
7f346aabe000-7f346aabf000 r--p 00020000 08:04 793563                     /lib/x86_64-linux-gnu/ld-2.19.so
7f346aabf000-7f346aac0000 rw-p 00021000 08:04 793563                     /lib/x86_64-linux-gnu/ld-2.19.so
7f346aac0000-7f346aac1000 rw-p 00000000 00:00 0 
7ffdfe556000-7ffdfe577000 rw-p 00000000 00:00 0                          [stack]
7ffdfe5f0000-7ffdfe5f2000 r-xp 00000000 00:00 0                          [vdso]
7ffdfe5f2000-7ffdfe5f4000 r--p 00000000 00:00 0                          [vvar]
ffffffffff600000-ffffffffff601000 r-xp 00000000 00:00 0                  [vsyscall]

VM Arguments:
jvm_args: -Djava.awt.headless=true -Xmx1024M -Dfile.encoding=UTF-8 -Duser.country=AR -Duser.language=es -Duser.variant 
java_command: com.android.dx.command.Main --dex --force-jumbo --num-threads=4 --multi-dex --output /home/alexis/Geobus/app/build/intermediates/transforms/dex/debug/folders/1000/5/slice_4 /home/alexis/Geobus/app/build/intermediates/transforms/instantRunSlicer/debug/folders/1/5/slice_4
java_class_path (initial): /home/alexis/Android/Sdk/build-tools/24.0.1/lib/dx.jar
Launcher Type: SUN_STANDARD

Environment Variables:
PATH=/home/alexis/bin:/usr/sbin:/sbin:/usr/local/bin:/usr/bin:/bin:/usr/local/games:/usr/games
LD_LIBRARY_PATH=/opt/android-studio/bin/.:
SHELL=/bin/bash
DISPLAY=:0

Signal Handlers:
SIGSEGV: [libjvm.so+0xac5b30], sa_mask[0]=11111111011111111101111111111110, sa_flags=SA_RESTART|SA_SIGINFO
SIGBUS: [libjvm.so+0xac5b30], sa_mask[0]=11111111011111111101111111111110, sa_flags=SA_RESTART|SA_SIGINFO
SIGFPE: [libjvm.so+0x91f470], sa_mask[0]=11111111011111111101111111111110, sa_flags=SA_RESTART|SA_SIGINFO
SIGPIPE: [libjvm.so+0x91f470], sa_mask[0]=11111111011111111101111111111110, sa_flags=SA_RESTART|SA_SIGINFO
SIGXFSZ: [libjvm.so+0x91f470], sa_mask[0]=11111111011111111101111111111110, sa_flags=SA_RESTART|SA_SIGINFO
SIGILL: [libjvm.so+0x91f470], sa_mask[0]=11111111011111111101111111111110, sa_flags=SA_RESTART|SA_SIGINFO
SIGUSR1: SIG_DFL, sa_mask[0]=00000000000000000000000000000000, sa_flags=none
SIGUSR2: [libjvm.so+0x920aa0], sa_mask[0]=00100000000000000000000000000000, sa_flags=SA_RESTART|SA_SIGINFO
SIGHUP: [libjvm.so+0x921ea0], sa_mask[0]=11111111011111111101111111111110, sa_flags=SA_RESTART|SA_SIGINFO
SIGINT: [libjvm.so+0x921ea0], sa_mask[0]=11111111011111111101111111111110, sa_flags=SA_RESTART|SA_SIGINFO
SIGTERM: [libjvm.so+0x921ea0], sa_mask[0]=11111111011111111101111111111110, sa_flags=SA_RESTART|SA_SIGINFO
SIGQUIT: [libjvm.so+0x921ea0], sa_mask[0]=11111111011111111101111111111110, sa_flags=SA_RESTART|SA_SIGINFO


---------------  S Y S T E M  ---------------

OS:DISTRIB_ID="BunsenLabs"
DISTRIB_DESCRIPTION="BunsenLabs GNU/Linux 8.5 (Hydrogen)"
DISTRIB_RELEASE="8.5"
DISTRIB_CODENAME="bunsen-hydrogen"

uname:Linux 3.16.0-4-amd64 #1 SMP Debian 3.16.7-ckt25-2+deb8u3 (2016-07-02) x86_64
libc:glibc 2.19 NPTL 2.19 
rlimit: STACK 8192k, CORE 0k, NPROC 31341, NOFILE 65536, AS infinity
load average:51,00 29,31 14,53

/proc/meminfo:
MemTotal:        8045472 kB
MemFree:          109264 kB
MemAvailable:      50832 kB
Buffers:             160 kB
Cached:          1947896 kB
SwapCached:            0 kB
Active:          5939844 kB
Inactive:        1803624 kB
Active(anon):    5936556 kB
Inactive(anon):  1799672 kB
Active(file):       3288 kB
Inactive(file):     3952 kB
Unevictable:          32 kB
Mlocked:              32 kB
SwapTotal:             0 kB
SwapFree:              0 kB
Dirty:                16 kB
Writeback:            60 kB
AnonPages:       5795988 kB
Mapped:           530552 kB
Shmem:           1940272 kB
Slab:              93380 kB
SReclaimable:      44840 kB
SUnreclaim:        48540 kB
KernelStack:       11552 kB
PageTables:        45484 kB
NFS_Unstable:          0 kB
Bounce:                0 kB
WritebackTmp:          0 kB
CommitLimit:     4022736 kB
Committed_AS:   13320204 kB
VmallocTotal:   34359738367 kB
VmallocUsed:      554552 kB
VmallocChunk:   34359134188 kB
HardwareCorrupted:     0 kB
AnonHugePages:         0 kB
HugePages_Total:       0
HugePages_Free:        0
HugePages_Rsvd:        0
HugePages_Surp:        0
Hugepagesize:       2048 kB
DirectMap4k:       53504 kB
DirectMap2M:     8183808 kB


CPU:total 4 (2 cores per cpu, 2 threads per core) family 6 model 42 stepping 7, cmov, cx8, fxsr, mmx, sse, sse2, sse3, ssse3, sse4.1, sse4.2, popcnt, avx, aes, clmul, ht, tsc, tscinvbit

/proc/cpuinfo:
processor	: 0
vendor_id	: GenuineIntel
cpu family	: 6
model		: 42
model name	: Intel(R) Core(TM) i5-2410M CPU @ 2.30GHz
stepping	: 7
microcode	: 0x29
cpu MHz		: 2699.984
cache size	: 3072 KB
physical id	: 0
siblings	: 4
core id		: 0
cpu cores	: 2
apicid		: 0
initial apicid	: 0
fpu		: yes
fpu_exception	: yes
cpuid level	: 13
wp		: yes
flags		: fpu vme de pse tsc msr pae mce cx8 apic sep mtrr pge mca cmov pat pse36 clflush dts acpi mmx fxsr sse sse2 ss ht tm pbe syscall nx rdtscp lm constant_tsc arch_perfmon pebs bts rep_good nopl xtopology nonstop_tsc aperfmperf eagerfpu pni pclmulqdq dtes64 monitor ds_cpl vmx est tm2 ssse3 cx16 xtpr pdcm pcid sse4_1 sse4_2 x2apic popcnt tsc_deadline_timer aes xsave avx lahf_lm ida arat epb xsaveopt pln pts dtherm tpr_shadow vnmi flexpriority ept vpid
bogomips	: 4589.83
clflush size	: 64
cache_alignment	: 64
address sizes	: 36 bits physical, 48 bits virtual
power management:

processor	: 1
vendor_id	: GenuineIntel
cpu family	: 6
model		: 42
model name	: Intel(R) Core(TM) i5-2410M CPU @ 2.30GHz
stepping	: 7
microcode	: 0x29
cpu MHz		: 2700.343
cache size	: 3072 KB
physical id	: 0
siblings	: 4
core id		: 0
cpu cores	: 2
apicid		: 1
initial apicid	: 1
fpu		: yes
fpu_exception	: yes
cpuid level	: 13
wp		: yes
flags		: fpu vme de pse tsc msr pae mce cx8 apic sep mtrr pge mca cmov pat pse36 clflush dts acpi mmx fxsr sse sse2 ss ht tm pbe syscall nx rdtscp lm constant_tsc arch_perfmon pebs bts rep_good nopl xtopology nonstop_tsc aperfmperf eagerfpu pni pclmulqdq dtes64 monitor ds_cpl vmx est tm2 ssse3 cx16 xtpr pdcm pcid sse4_1 sse4_2 x2apic popcnt tsc_deadline_timer aes xsave avx lahf_lm ida arat epb xsaveopt pln pts dtherm tpr_shadow vnmi flexpriority ept vpid
bogomips	: 4589.83
clflush size	: 64
cache_alignment	: 64
address sizes	: 36 bits physical, 48 bits virtual
power management:

processor	: 2
vendor_id	: GenuineIntel
cpu family	: 6
model		: 42
model name	: Intel(R) Core(TM) i5-2410M CPU @ 2.30GHz
stepping	: 7
microcode	: 0x29
cpu MHz		: 2699.984
cache size	: 3072 KB
physical id	: 0
siblings	: 4
core id		: 1
cpu cores	: 2
apicid		: 2
initial apicid	: 2
fpu		: yes
fpu_exception	: yes
cpuid level	: 13
wp		: yes
flags		: fpu vme de pse tsc msr pae mce cx8 apic sep mtrr pge mca cmov pat pse36 clflush dts acpi mmx fxsr sse sse2 ss ht tm pbe syscall nx rdtscp lm constant_tsc arch_perfmon pebs bts rep_good nopl xtopology nonstop_tsc aperfmperf eagerfpu pni pclmulqdq dtes64 monitor ds_cpl vmx est tm2 ssse3 cx16 xtpr pdcm pcid sse4_1 sse4_2 x2apic popcnt tsc_deadline_timer aes xsave avx lahf_lm ida arat epb xsaveopt pln pts dtherm tpr_shadow vnmi flexpriority ept vpid
bogomips	: 4589.83
clflush size	: 64
cache_alignment	: 64
address sizes	: 36 bits physical, 48 bits virtual
power management:

processor	: 3
vendor_id	: GenuineIntel
cpu family	: 6
model		: 42
model name	: Intel(R) Core(TM) i5-2410M CPU @ 2.30GHz
stepping	: 7
microcode	: 0x29
cpu MHz		: 2699.984
cache size	: 3072 KB
physical id	: 0
siblings	: 4
core id		: 1
cpu cores	: 2
apicid		: 3
initial apicid	: 3
fpu		: yes
fpu_exception	: yes
cpuid level	: 13
wp		: yes
flags		: fpu vme de pse tsc msr pae mce cx8 apic sep mtrr pge mca cmov pat pse36 clflush dts acpi mmx fxsr sse sse2 ss ht tm pbe syscall nx rdtscp lm constant_tsc arch_perfmon pebs bts rep_good nopl xtopology nonstop_tsc aperfmperf eagerfpu pni pclmulqdq dtes64 monitor ds_cpl vmx est tm2 ssse3 cx16 xtpr pdcm pcid sse4_1 sse4_2 x2apic popcnt tsc_deadline_timer aes xsave avx lahf_lm ida arat epb xsaveopt pln pts dtherm tpr_shadow vnmi flexpriority ept vpid
bogomips	: 4589.83
clflush size	: 64
cache_alignment	: 64
address sizes	: 36 bits physical, 48 bits virtual
power management:



Memory: 4k page, physical 8045472k(109160k free), swap 0k(0k free)

vm_info: Java HotSpot(TM) 64-Bit Server VM (25.102-b14) for linux-amd64 JRE (1.8.0_102-b14), built on Jun 22 2016 18:43:17 by "java_re" with gcc 4.3.0 20080428 (Red Hat 4.3.0-8)

time: Tue Jan 31 00:46:34 2017
elapsed time: 248 seconds (0d 0h 4m 8s)

