#
# There is insufficient memory for the Java Runtime Environment to continue.
# Native memory allocation (mmap) failed to map 203423744 bytes for committing reserved memory.
# Possible reasons:
#   The system is out of physical RAM or swap space
#   In 32 bit mode, the process size limit was hit
# Possible solutions:
#   Reduce memory load on the system
#   Increase physical memory or swap space
#   Check if swap backing store is full
#   Use 64 bit Java on a 64 bit OS
#   Decrease Java heap size (-Xmx/-Xms)
#   Decrease number of Java threads
#   Decrease Java thread stack sizes (-Xss)
#   Set larger code cache with -XX:ReservedCodeCacheSize=
# This output file may be truncated or incomplete.
#
#  Out of Memory Error (os_linux.cpp:2627), pid=6752, tid=0x00007ff3478f8700
#
# JRE version: Java(TM) SE Runtime Environment (8.0_102-b14) (build 1.8.0_102-b14)
# Java VM: Java HotSpot(TM) 64-Bit Server VM (25.102-b14 mixed mode linux-amd64 compressed oops)
# Failed to write core dump. Core dumps have been disabled. To enable core dumping, try "ulimit -c unlimited" before starting Java again
#

---------------  T H R E A D  ---------------

Current thread (0x00007ff368078000):  VMThread [stack: 0x00007ff3477f8000,0x00007ff3478f9000] [id=6762]

Stack: [0x00007ff3477f8000,0x00007ff3478f9000],  sp=0x00007ff3478f7120,  free space=1020k
Native frames: (J=compiled Java code, j=interpreted, Vv=VM code, C=native code)
V  [libjvm.so+0xac52aa]  VMError::report_and_die()+0x2ba
V  [libjvm.so+0x4fc29b]  report_vm_out_of_memory(char const*, int, unsigned long, VMErrorType, char const*)+0x8b
V  [libjvm.so+0x922603]  os::Linux::commit_memory_impl(char*, unsigned long, bool)+0x103
V  [libjvm.so+0x922b59]  os::pd_commit_memory(char*, unsigned long, unsigned long, bool)+0x29
V  [libjvm.so+0x91ce5a]  os::commit_memory(char*, unsigned long, unsigned long, bool)+0x2a
V  [libjvm.so+0x9915e3]  PSVirtualSpace::expand_by(unsigned long)+0x53
V  [libjvm.so+0x9929e8]  PSYoungGen::resize_generation(unsigned long, unsigned long)+0xf8
V  [libjvm.so+0x991b42]  PSYoungGen::resize(unsigned long, unsigned long)+0x22
V  [libjvm.so+0x98ee1b]  PSScavenge::invoke_no_policy()+0xf3b
V  [libjvm.so+0x98f5a1]  PSScavenge::invoke()+0x41
V  [libjvm.so+0x9462f0]  ParallelScavengeHeap::failed_mem_allocate(unsigned long)+0x70
V  [libjvm.so+0xac6cc7]  VM_ParallelGCFailedAllocation::doit()+0x97
V  [libjvm.so+0xace7a5]  VM_Operation::evaluate()+0x55
V  [libjvm.so+0xaccb7a]  VMThread::evaluate_operation(VM_Operation*)+0xba
V  [libjvm.so+0xaccefe]  VMThread::loop()+0x1ce
V  [libjvm.so+0xacd370]  VMThread::run()+0x70
V  [libjvm.so+0x9249c8]  java_start(Thread*)+0x108

VM_Operation (0x00007ff346a60e10): ParallelGCFailedAllocation, mode: safepoint, requested by thread 0x00007ff368130800


---------------  P R O C E S S  ---------------

Java Threads: ( => current thread )
  0x00007ff368130800 JavaThread "pool-2-thread-4" [_thread_blocked, id=6806, stack(0x00007ff346962000,0x00007ff346a63000)]
  0x00007ff36812d000 JavaThread "pool-2-thread-2" [_thread_blocked, id=6804, stack(0x00007ff346b64000,0x00007ff346c65000)]
  0x00007ff36812c000 JavaThread "pool-3-thread-1" [_thread_blocked, id=6802, stack(0x00007ff346c65000,0x00007ff346d66000)]
  0x00007ff368129800 JavaThread "pool-2-thread-1" [_thread_blocked, id=6799, stack(0x00007ff346d66000,0x00007ff346e67000)]
  0x00007ff3680c0000 JavaThread "Service Thread" daemon [_thread_blocked, id=6769, stack(0x00007ff346f68000,0x00007ff347069000)]
  0x00007ff3680bd000 JavaThread "C1 CompilerThread2" daemon [_thread_blocked, id=6768, stack(0x00007ff347069000,0x00007ff34716a000)]
  0x00007ff3680bb800 JavaThread "C2 CompilerThread1" daemon [_thread_in_native, id=6767, stack(0x00007ff34716a000,0x00007ff34726b000)]
  0x00007ff3680b8800 JavaThread "C2 CompilerThread0" daemon [_thread_blocked, id=6766, stack(0x00007ff34726b000,0x00007ff34736c000)]
  0x00007ff3680b7000 JavaThread "Signal Dispatcher" daemon [_thread_blocked, id=6765, stack(0x00007ff34736c000,0x00007ff34746d000)]
  0x00007ff368084000 JavaThread "Finalizer" daemon [_thread_blocked, id=6764, stack(0x00007ff3475f6000,0x00007ff3476f7000)]
  0x00007ff36807f800 JavaThread "Reference Handler" daemon [_thread_blocked, id=6763, stack(0x00007ff3476f7000,0x00007ff3477f8000)]
  0x00007ff36800a000 JavaThread "main" [_thread_blocked, id=6757, stack(0x00007ff36def9000,0x00007ff36dffa000)]

Other Threads:
=>0x00007ff368078000 VMThread [stack: 0x00007ff3477f8000,0x00007ff3478f9000] [id=6762]
  0x00007ff3680c3000 WatcherThread [stack: 0x00007ff346e67000,0x00007ff346f68000] [id=6770]

VM state:at safepoint (normal execution)

VM Mutex/Monitor currently owned by a thread:  ([mutex/lock_event])
[0x00007ff3680063e0] Threads_lock - owner thread: 0x00007ff368078000
[0x00007ff3680068e0] Heap_lock - owner thread: 0x00007ff368130800

Heap:
 PSYoungGen      total 132096K, used 5095K [0x00000000eab00000, 0x00000000f3100000, 0x0000000100000000)
  eden space 126976K, 0% used [0x00000000eab00000,0x00000000eab00000,0x00000000f2700000)
  from space 5120K, 99% used [0x00000000f2700000,0x00000000f2bf9e78,0x00000000f2c00000)
  to   space 5120K, 0% used [0x00000000f2c00000,0x00000000f2c00000,0x00000000f3100000)
 ParOldGen       total 84992K, used 68587K [0x00000000c0000000, 0x00000000c5300000, 0x00000000eab00000)
  object space 84992K, 80% used [0x00000000c0000000,0x00000000c42fae20,0x00000000c5300000)
 Metaspace       used 5917K, capacity 7024K, committed 7296K, reserved 1056768K
  class space    used 600K, capacity 616K, committed 640K, reserved 1048576K

Card table byte_map: [0x00007ff3579aa000,0x00007ff357bab000] byte_map_base: 0x00007ff3573aa000

Marking Bits: (ParMarkBitMap*) 0x00007ff36d3e5c60
 Begin Bits: [0x00007ff355551000, 0x00007ff356551000)
 End Bits:   [0x00007ff356551000, 0x00007ff357551000)

Polling page: 0x00007ff36e012000

CodeCache: size=245760Kb used=5706Kb max_used=5706Kb free=240053Kb
 bounds [0x00007ff357f6b000, 0x00007ff35850b000, 0x00007ff366f6b000]
 total_blobs=1669 nmethods=1407 adapters=175
 compilation: enabled

Compilation events (10 events):
Event: 7,560 Thread 0x00007ff3680bd000 nmethod 1690 0x00007ff3584f7310 code [0x00007ff3584f74e0, 0x00007ff3584f7d68]
Event: 7,560 Thread 0x00007ff3680bd000 1701       3       com.android.dx.ssa.ConstCollector::updateConstUses (248 bytes)
Event: 7,578 Thread 0x00007ff3680bd000 nmethod 1701 0x00007ff3584f80d0 code [0x00007ff3584f8480, 0x00007ff3584fa918]
Event: 7,578 Thread 0x00007ff3680bd000 1677 %     3       com.android.dx.ssa.SsaMethod::makeExitBlock @ 69 (134 bytes)
Event: 7,579 Thread 0x00007ff3680bd000 nmethod 1677% 0x00007ff3584fbe10 code [0x00007ff3584fc0a0, 0x00007ff3584fd018]
Event: 7,580 Thread 0x00007ff3680bd000 1688       3       com.android.dx.ssa.DomFront::buildDomTree (72 bytes)
Event: 7,624 Thread 0x00007ff3680bd000 nmethod 1688 0x00007ff3584fd810 code [0x00007ff3584fda80, 0x00007ff3584fe8c8]
Event: 7,624 Thread 0x00007ff3680bd000 1707 %     3       com.android.dx.cf.code.Ropper::getRopMethod @ 19 (64 bytes)
Event: 7,625 Thread 0x00007ff3680bd000 nmethod 1707% 0x00007ff3584ff310 code [0x00007ff3584ff560, 0x00007ff358500378]
Event: 7,625 Thread 0x00007ff3680bd000 1706   !   3       com.android.dx.cf.code.RopperMachine::run (1550 bytes)

GC Heap History (9 events):
Event: 3,113 GC heap before
{Heap before GC invocations=1 (full 0):
 PSYoungGen      total 36864K, used 31744K [0x00000000eab00000, 0x00000000ed400000, 0x0000000100000000)
  eden space 31744K, 100% used [0x00000000eab00000,0x00000000eca00000,0x00000000eca00000)
  from space 5120K, 0% used [0x00000000ecf00000,0x00000000ecf00000,0x00000000ed400000)
  to   space 5120K, 0% used [0x00000000eca00000,0x00000000eca00000,0x00000000ecf00000)
 ParOldGen       total 84992K, used 0K [0x00000000c0000000, 0x00000000c5300000, 0x00000000eab00000)
  object space 84992K, 0% used [0x00000000c0000000,0x00000000c0000000,0x00000000c5300000)
 Metaspace       used 5526K, capacity 6768K, committed 7040K, reserved 1056768K
  class space    used 574K, capacity 616K, committed 640K, reserved 1048576K
Event: 3,146 GC heap after
Heap after GC invocations=1 (full 0):
 PSYoungGen      total 36864K, used 5119K [0x00000000eab00000, 0x00000000ef300000, 0x0000000100000000)
  eden space 31744K, 0% used [0x00000000eab00000,0x00000000eab00000,0x00000000eca00000)
  from space 5120K, 99% used [0x00000000eca00000,0x00000000eceffe40,0x00000000ecf00000)
  to   space 5120K, 0% used [0x00000000eee00000,0x00000000eee00000,0x00000000ef300000)
 ParOldGen       total 84992K, used 1587K [0x00000000c0000000, 0x00000000c5300000, 0x00000000eab00000)
  object space 84992K, 1% used [0x00000000c0000000,0x00000000c018cec0,0x00000000c5300000)
 Metaspace       used 5526K, capacity 6768K, committed 7040K, reserved 1056768K
  class space    used 574K, capacity 616K, committed 640K, reserved 1048576K
}
Event: 3,936 GC heap before
{Heap before GC invocations=2 (full 0):
 PSYoungGen      total 36864K, used 36863K [0x00000000eab00000, 0x00000000ef300000, 0x0000000100000000)
  eden space 31744K, 100% used [0x00000000eab00000,0x00000000eca00000,0x00000000eca00000)
  from space 5120K, 99% used [0x00000000eca00000,0x00000000eceffe40,0x00000000ecf00000)
  to   space 5120K, 0% used [0x00000000eee00000,0x00000000eee00000,0x00000000ef300000)
 ParOldGen       total 84992K, used 1587K [0x00000000c0000000, 0x00000000c5300000, 0x00000000eab00000)
  object space 84992K, 1% used [0x00000000c0000000,0x00000000c018cec0,0x00000000c5300000)
 Metaspace       used 5610K, capacity 6832K, committed 7040K, reserved 1056768K
  class space    used 575K, capacity 616K, committed 640K, reserved 1048576K
Event: 3,983 GC heap after
Heap after GC invocations=2 (full 0):
 PSYoungGen      total 68608K, used 5096K [0x00000000eab00000, 0x00000000ef300000, 0x0000000100000000)
  eden space 63488K, 0% used [0x00000000eab00000,0x00000000eab00000,0x00000000ee900000)
  from space 5120K, 99% used [0x00000000eee00000,0x00000000ef2fa0b8,0x00000000ef300000)
  to   space 5120K, 0% used [0x00000000ee900000,0x00000000ee900000,0x00000000eee00000)
 ParOldGen       total 84992K, used 6012K [0x00000000c0000000, 0x00000000c5300000, 0x00000000eab00000)
  object space 84992K, 7% used [0x00000000c0000000,0x00000000c05df288,0x00000000c5300000)
 Metaspace       used 5610K, capacity 6832K, committed 7040K, reserved 1056768K
  class space    used 575K, capacity 616K, committed 640K, reserved 1048576K
}
Event: 4,938 GC heap before
{Heap before GC invocations=3 (full 0):
 PSYoungGen      total 68608K, used 68584K [0x00000000eab00000, 0x00000000ef300000, 0x0000000100000000)
  eden space 63488K, 100% used [0x00000000eab00000,0x00000000ee900000,0x00000000ee900000)
  from space 5120K, 99% used [0x00000000eee00000,0x00000000ef2fa0b8,0x00000000ef300000)
  to   space 5120K, 0% used [0x00000000ee900000,0x00000000ee900000,0x00000000eee00000)
 ParOldGen       total 84992K, used 6012K [0x00000000c0000000, 0x00000000c5300000, 0x00000000eab00000)
  object space 84992K, 7% used [0x00000000c0000000,0x00000000c05df288,0x00000000c5300000)
 Metaspace       used 5666K, capacity 6896K, committed 7040K, reserved 1056768K
  class space    used 575K, capacity 616K, committed 640K, reserved 1048576K
Event: 4,992 GC heap after
Heap after GC invocations=3 (full 0):
 PSYoungGen      total 68608K, used 5097K [0x00000000eab00000, 0x00000000f3100000, 0x0000000100000000)
  eden space 63488K, 0% used [0x00000000eab00000,0x00000000eab00000,0x00000000ee900000)
  from space 5120K, 99% used [0x00000000ee900000,0x00000000eedfa6a0,0x00000000eee00000)
  to   space 5120K, 0% used [0x00000000f2c00000,0x00000000f2c00000,0x00000000f3100000)
 ParOldGen       total 84992K, used 14982K [0x00000000c0000000, 0x00000000c5300000, 0x00000000eab00000)
  object space 84992K, 17% used [0x00000000c0000000,0x00000000c0ea1968,0x00000000c5300000)
 Metaspace       used 5666K, capacity 6896K, committed 7040K, reserved 1056768K
  class space    used 575K, capacity 616K, committed 640K, reserved 1048576K
}
Event: 5,680 GC heap before
{Heap before GC invocations=4 (full 0):
 PSYoungGen      total 68608K, used 68585K [0x00000000eab00000, 0x00000000f3100000, 0x0000000100000000)
  eden space 63488K, 100% used [0x00000000eab00000,0x00000000ee900000,0x00000000ee900000)
  from space 5120K, 99% used [0x00000000ee900000,0x00000000eedfa6a0,0x00000000eee00000)
  to   space 5120K, 0% used [0x00000000f2c00000,0x00000000f2c00000,0x00000000f3100000)
 ParOldGen       total 84992K, used 14982K [0x00000000c0000000, 0x00000000c5300000, 0x00000000eab00000)
  object space 84992K, 17% used [0x00000000c0000000,0x00000000c0ea1968,0x00000000c5300000)
 Metaspace       used 5738K, capacity 6896K, committed 7040K, reserved 1056768K
  class space    used 576K, capacity 616K, committed 640K, reserved 1048576K
Event: 5,844 GC heap after
Heap after GC invocations=4 (full 0):
 PSYoungGen      total 132096K, used 5090K [0x00000000eab00000, 0x00000000f3100000, 0x0000000100000000)
  eden space 126976K, 0% used [0x00000000eab00000,0x00000000eab00000,0x00000000f2700000)
  from space 5120K, 99% used [0x00000000f2c00000,0x00000000f30f88d8,0x00000000f3100000)
  to   space 5120K, 0% used [0x00000000f2700000,0x00000000f2700000,0x00000000f2c00000)
 ParOldGen       total 84992K, used 34947K [0x00000000c0000000, 0x00000000c5300000, 0x00000000eab00000)
  object space 84992K, 41% used [0x00000000c0000000,0x00000000c2220e60,0x00000000c5300000)
 Metaspace       used 5738K, capacity 6896K, committed 7040K, reserved 1056768K
  class space    used 576K, capacity 616K, committed 640K, reserved 1048576K
}
Event: 7,664 GC heap before
{Heap before GC invocations=5 (full 0):
 PSYoungGen      total 132096K, used 132066K [0x00000000eab00000, 0x00000000f3100000, 0x0000000100000000)
  eden space 126976K, 100% used [0x00000000eab00000,0x00000000f2700000,0x00000000f2700000)
  from space 5120K, 99% used [0x00000000f2c00000,0x00000000f30f88d8,0x00000000f3100000)
  to   space 5120K, 0% used [0x00000000f2700000,0x00000000f2700000,0x00000000f2c00000)
 ParOldGen       total 84992K, used 34947K [0x00000000c0000000, 0x00000000c5300000, 0x00000000eab00000)
  object space 84992K, 41% used [0x00000000c0000000,0x00000000c2220e60,0x00000000c5300000)
 Metaspace       used 5917K, capacity 7024K, committed 7296K, reserved 1056768K
  class space    used 600K, capacity 616K, committed 640K, reserved 1048576K

Deoptimization events (10 events):
Event: 3,675 Thread 0x00007ff36800a000 Uncommon trap: reason=class_check action=maybe_recompile pc=0x00007ff358275fd0 method=com.android.dx.ssa.NormalSsaInsn.accept(Lcom/android/dx/ssa/SsaInsn$Visitor;)V @ 9
Event: 3,696 Thread 0x00007ff368130800 Uncommon trap: reason=null_check action=make_not_entrant pc=0x00007ff358276b08 method=com.android.dx.ssa.SsaRenamer.getLocalForNewReg(I)Lcom/android/dx/rop/code/LocalItem; @ 19
Event: 4,579 Thread 0x00007ff36812f000 Uncommon trap: reason=unstable_if action=reinterpret pc=0x00007ff3582f8a20 method=com.android.dx.ssa.SsaRenamer$BlockRenamer.visitMoveInsn(Lcom/android/dx/ssa/NormalSsaInsn;)V @ 104
Event: 4,858 Thread 0x00007ff368130800 Uncommon trap: reason=unstable_if action=reinterpret pc=0x00007ff35834c484 method=com.android.dx.ssa.NormalSsaInsn.getLocalAssignment()Lcom/android/dx/rop/code/RegisterSpec; @ 12
Event: 4,859 Thread 0x00007ff368130800 Uncommon trap: reason=unstable_if action=reinterpret pc=0x00007ff358336464 method=com.android.dx.ssa.NormalSsaInsn.getLocalAssignment()Lcom/android/dx/rop/code/RegisterSpec; @ 12
Event: 4,859 Thread 0x00007ff368130800 Uncommon trap: reason=unstable_if action=reinterpret pc=0x00007ff358317fe4 method=com.android.dx.ssa.NormalSsaInsn.getLocalAssignment()Lcom/android/dx/rop/code/RegisterSpec; @ 12
Event: 6,956 Thread 0x00007ff36812f000 Uncommon trap: reason=unstable_if action=reinterpret pc=0x00007ff358253fa0 method=java.util.HashMap.putVal(ILjava/lang/Object;Ljava/lang/Object;ZZ)Ljava/lang/Object; @ 162
Event: 7,055 Thread 0x00007ff36812f000 Uncommon trap: reason=unstable_if action=reinterpret pc=0x00007ff358155d94 method=java.util.HashMap.getNode(ILjava/lang/Object;)Ljava/util/HashMap$Node; @ 84
Event: 7,398 Thread 0x00007ff36812d000 Uncommon trap: reason=unstable_if action=reinterpret pc=0x00007ff358343ce4 method=com.android.dx.ssa.SsaRenamer$BlockRenamer.visitMoveInsn(Lcom/android/dx/ssa/NormalSsaInsn;)V @ 104
Event: 7,419 Thread 0x00007ff36812d000 Uncommon trap: reason=unstable_if action=reinterpret pc=0x00007ff35841c474 method=com.android.dx.ssa.SCCP.simulateStmt(Lcom/android/dx/ssa/SsaInsn;)V @ 59

Internal exceptions (7 events):
Event: 0,285 Thread 0x00007ff36800a000 Exception <a 'java/lang/NoSuchMethodError': Method sun.misc.Unsafe.defineClass(Ljava/lang/String;[BII)Ljava/lang/Class; name or signature does not match> (0x00000000eab07c78) thrown at [/HUDSON3/workspace/8-2-build-linux-amd64/jdk8u102/7268/hotspot/src/sh
Event: 0,286 Thread 0x00007ff36800a000 Exception <a 'java/lang/NoSuchMethodError': Method sun.misc.Unsafe.prefetchRead(Ljava/lang/Object;J)V name or signature does not match> (0x00000000eab07f60) thrown at [/HUDSON3/workspace/8-2-build-linux-amd64/jdk8u102/7268/hotspot/src/share/vm/prims/jni.c
Event: 3,331 Thread 0x00007ff36812f000 Implicit null exception at 0x00007ff3581eeea2 to 0x00007ff3581eef93
Event: 3,696 Thread 0x00007ff368130800 Implicit null exception at 0x00007ff358274f85 to 0x00007ff358276ae9
Event: 7,052 Thread 0x00007ff36812f000 Exception <a 'java/lang/ArrayIndexOutOfBoundsException': 18> (0x00000000f0abd7b0) thrown at [/HUDSON3/workspace/8-2-build-linux-amd64/jdk8u102/7268/hotspot/src/share/vm/interpreter/interpreterRuntime.cpp, line 366]
Event: 7,052 Thread 0x00007ff36812f000 Exception <a 'java/lang/ArrayIndexOutOfBoundsException': 145> (0x00000000f0abf330) thrown at [/HUDSON3/workspace/8-2-build-linux-amd64/jdk8u102/7268/hotspot/src/share/vm/interpreter/interpreterRuntime.cpp, line 366]
Event: 7,054 Thread 0x00007ff36812f000 Exception <a 'java/lang/ArrayIndexOutOfBoundsException': 40> (0x00000000f0ac0618) thrown at [/HUDSON3/workspace/8-2-build-linux-amd64/jdk8u102/7268/hotspot/src/share/vm/interpreter/interpreterRuntime.cpp, line 366]

Events (10 events):
Event: 7,398 Thread 0x00007ff36812d000 DEOPT UNPACKING pc=0x00007ff357f70229 sp=0x00007ff346c62b18 mode 2
Event: 7,412 Thread 0x00007ff36812f000 Thread exited: 0x00007ff36812f000
Event: 7,417 Thread 0x00007ff36812d000 DEOPT PACKING pc=0x00007ff35845a280 sp=0x00007ff346c62db0
Event: 7,417 Thread 0x00007ff36812d000 DEOPT UNPACKING pc=0x00007ff357fb2633 sp=0x00007ff346c62c18 mode 0
Event: 7,419 Thread 0x00007ff36812d000 Uncommon trap: trap_request=0xffffff65 fr.pc=0x00007ff35841c474
Event: 7,419 Thread 0x00007ff36812d000 DEOPT PACKING pc=0x00007ff35841c474 sp=0x00007ff346c62d40
Event: 7,419 Thread 0x00007ff36812d000 DEOPT UNPACKING pc=0x00007ff357f70229 sp=0x00007ff346c62d38 mode 2
Event: 7,513 Thread 0x00007ff36812d000 DEOPT PACKING pc=0x00007ff3583fde85 sp=0x00007ff346c62d40
Event: 7,513 Thread 0x00007ff36812d000 DEOPT UNPACKING pc=0x00007ff357fb2633 sp=0x00007ff346c62b28 mode 0
Event: 7,644 Executing VM operation: ParallelGCFailedAllocation


Dynamic libraries:
00400000-00401000 r-xp 00000000 08:04 2360749                            /opt/jdk/jdk1.8.0_102/bin/java
00600000-00601000 rw-p 00000000 08:04 2360749                            /opt/jdk/jdk1.8.0_102/bin/java
009c2000-009e3000 rw-p 00000000 00:00 0                                  [heap]
c0000000-c5300000 rw-p 00000000 00:00 0 
c5300000-eab00000 ---p 00000000 00:00 0 
eab00000-f3100000 rw-p 00000000 00:00 0 
ff300000-100000000 ---p 00000000 00:00 0 
100000000-1000a0000 rw-p 00000000 00:00 0 
1000a0000-140000000 ---p 00000000 00:00 0 
7ff304000000-7ff304021000 rw-p 00000000 00:00 0 
7ff304021000-7ff308000000 ---p 00000000 00:00 0 
7ff30c000000-7ff30c043000 rw-p 00000000 00:00 0 
7ff30c043000-7ff310000000 ---p 00000000 00:00 0 
7ff310000000-7ff310030000 rw-p 00000000 00:00 0 
7ff310030000-7ff314000000 ---p 00000000 00:00 0 
7ff314000000-7ff31404b000 rw-p 00000000 00:00 0 
7ff31404b000-7ff318000000 ---p 00000000 00:00 0 
7ff318000000-7ff318021000 rw-p 00000000 00:00 0 
7ff318021000-7ff31c000000 ---p 00000000 00:00 0 
7ff31c000000-7ff31c021000 rw-p 00000000 00:00 0 
7ff31c021000-7ff320000000 ---p 00000000 00:00 0 
7ff320000000-7ff320021000 rw-p 00000000 00:00 0 
7ff320021000-7ff324000000 ---p 00000000 00:00 0 
7ff324000000-7ff324970000 rw-p 00000000 00:00 0 
7ff324970000-7ff328000000 ---p 00000000 00:00 0 
7ff328000000-7ff328cd9000 rw-p 00000000 00:00 0 
7ff328cd9000-7ff32c000000 ---p 00000000 00:00 0 
7ff32c000000-7ff32c021000 rw-p 00000000 00:00 0 
7ff32c021000-7ff330000000 ---p 00000000 00:00 0 
7ff330000000-7ff330b11000 rw-p 00000000 00:00 0 
7ff330b11000-7ff334000000 ---p 00000000 00:00 0 
7ff334000000-7ff334021000 rw-p 00000000 00:00 0 
7ff334021000-7ff338000000 ---p 00000000 00:00 0 
7ff338000000-7ff338021000 rw-p 00000000 00:00 0 
7ff338021000-7ff33c000000 ---p 00000000 00:00 0 
7ff33c000000-7ff33c28f000 rw-p 00000000 00:00 0 
7ff33c28f000-7ff340000000 ---p 00000000 00:00 0 
7ff340000000-7ff340021000 rw-p 00000000 00:00 0 
7ff340021000-7ff344000000 ---p 00000000 00:00 0 
7ff346962000-7ff346965000 ---p 00000000 00:00 0 
7ff346965000-7ff346a63000 rw-p 00000000 00:00 0                          [stack:6806]
7ff346a63000-7ff346a66000 ---p 00000000 00:00 0 
7ff346a66000-7ff346b64000 rw-p 00000000 00:00 0 
7ff346b64000-7ff346b67000 ---p 00000000 00:00 0 
7ff346b67000-7ff346c65000 rw-p 00000000 00:00 0                          [stack:6804]
7ff346c65000-7ff346c68000 ---p 00000000 00:00 0 
7ff346c68000-7ff346d66000 rw-p 00000000 00:00 0                          [stack:6802]
7ff346d66000-7ff346d69000 ---p 00000000 00:00 0 
7ff346d69000-7ff346e67000 rw-p 00000000 00:00 0                          [stack:6799]
7ff346e67000-7ff346e68000 ---p 00000000 00:00 0 
7ff346e68000-7ff346f68000 rw-p 00000000 00:00 0                          [stack:6770]
7ff346f68000-7ff346f6b000 ---p 00000000 00:00 0 
7ff346f6b000-7ff347069000 rw-p 00000000 00:00 0                          [stack:6769]
7ff347069000-7ff34706c000 ---p 00000000 00:00 0 
7ff34706c000-7ff34716a000 rw-p 00000000 00:00 0                          [stack:6768]
7ff34716a000-7ff34716d000 ---p 00000000 00:00 0 
7ff34716d000-7ff34726b000 rw-p 00000000 00:00 0                          [stack:6767]
7ff34726b000-7ff34726e000 ---p 00000000 00:00 0 
7ff34726e000-7ff34736c000 rw-p 00000000 00:00 0                          [stack:6766]
7ff34736c000-7ff34736f000 ---p 00000000 00:00 0 
7ff34736f000-7ff34746d000 rw-p 00000000 00:00 0                          [stack:6765]
7ff34746d000-7ff3475f6000 r--p 00000000 08:04 924362                     /usr/lib/locale/locale-archive
7ff3475f6000-7ff3475f9000 ---p 00000000 00:00 0 
7ff3475f9000-7ff3476f7000 rw-p 00000000 00:00 0                          [stack:6764]
7ff3476f7000-7ff3476fa000 ---p 00000000 00:00 0 
7ff3476fa000-7ff3477f8000 rw-p 00000000 00:00 0                          [stack:6763]
7ff3477f8000-7ff3477f9000 ---p 00000000 00:00 0 
7ff3477f9000-7ff348000000 rw-p 00000000 00:00 0                          [stack:6762]
7ff348000000-7ff348021000 rw-p 00000000 00:00 0 
7ff348021000-7ff34c000000 ---p 00000000 00:00 0 
7ff34c000000-7ff34c021000 rw-p 00000000 00:00 0 
7ff34c021000-7ff350000000 ---p 00000000 00:00 0 
7ff350000000-7ff350021000 rw-p 00000000 00:00 0 
7ff350021000-7ff354000000 ---p 00000000 00:00 0 
7ff354037000-7ff35405c000 r--p 00000000 08:04 1713356                    /usr/share/locale/es/LC_MESSAGES/libc.mo
7ff35405c000-7ff35406a000 r--s 000e0000 08:04 528314                     /home/alexis/Android/Sdk/build-tools/24.0.1/lib/dx.jar
7ff35406a000-7ff354903000 rw-p 00000000 00:00 0 
7ff354903000-7ff354adb000 r--s 03d29000 08:04 2360825                    /opt/jdk/jdk1.8.0_102/jre/lib/rt.jar
7ff354adb000-7ff3551d1000 rw-p 00000000 00:00 0 
7ff3551d1000-7ff355351000 ---p 00000000 00:00 0 
7ff355351000-7ff357551000 rw-p 00000000 00:00 0 
7ff357551000-7ff357552000 ---p 00000000 00:00 0 
7ff357552000-7ff357652000 rw-p 00000000 00:00 0                          [stack:6761]
7ff357652000-7ff357653000 ---p 00000000 00:00 0 
7ff357653000-7ff357753000 rw-p 00000000 00:00 0                          [stack:6760]
7ff357753000-7ff357754000 ---p 00000000 00:00 0 
7ff357754000-7ff35787e000 rw-p 00000000 00:00 0                          [stack:6759]
7ff35787e000-7ff3579aa000 ---p 00000000 00:00 0 
7ff3579aa000-7ff3579d4000 rw-p 00000000 00:00 0 
7ff3579d4000-7ff357aff000 ---p 00000000 00:00 0 
7ff357aff000-7ff357b43000 rw-p 00000000 00:00 0 
7ff357b43000-7ff357baa000 ---p 00000000 00:00 0 
7ff357baa000-7ff357bc2000 rw-p 00000000 00:00 0 
7ff357bc2000-7ff357f6b000 ---p 00000000 00:00 0 
7ff357f6b000-7ff35850b000 rwxp 00000000 00:00 0 
7ff35850b000-7ff366f6b000 ---p 00000000 00:00 0 
7ff366f6b000-7ff366f85000 r-xp 00000000 08:04 2360856                    /opt/jdk/jdk1.8.0_102/jre/lib/amd64/libzip.so
7ff366f85000-7ff367185000 ---p 0001a000 08:04 2360856                    /opt/jdk/jdk1.8.0_102/jre/lib/amd64/libzip.so
7ff367185000-7ff367186000 rw-p 0001a000 08:04 2360856                    /opt/jdk/jdk1.8.0_102/jre/lib/amd64/libzip.so
7ff367186000-7ff367191000 r-xp 00000000 08:04 794090                     /lib/x86_64-linux-gnu/libnss_files-2.19.so
7ff367191000-7ff367390000 ---p 0000b000 08:04 794090                     /lib/x86_64-linux-gnu/libnss_files-2.19.so
7ff367390000-7ff367391000 r--p 0000a000 08:04 794090                     /lib/x86_64-linux-gnu/libnss_files-2.19.so
7ff367391000-7ff367392000 rw-p 0000b000 08:04 794090                     /lib/x86_64-linux-gnu/libnss_files-2.19.so
7ff367392000-7ff36739c000 r-xp 00000000 08:04 795042                     /lib/x86_64-linux-gnu/libnss_nis-2.19.so
7ff36739c000-7ff36759b000 ---p 0000a000 08:04 795042                     /lib/x86_64-linux-gnu/libnss_nis-2.19.so
7ff36759b000-7ff36759c000 r--p 00009000 08:04 795042                     /lib/x86_64-linux-gnu/libnss_nis-2.19.so
7ff36759c000-7ff36759d000 rw-p 0000a000 08:04 795042                     /lib/x86_64-linux-gnu/libnss_nis-2.19.so
7ff36759d000-7ff3675b2000 r-xp 00000000 08:04 794087                     /lib/x86_64-linux-gnu/libnsl-2.19.so
7ff3675b2000-7ff3677b1000 ---p 00015000 08:04 794087                     /lib/x86_64-linux-gnu/libnsl-2.19.so
7ff3677b1000-7ff3677b2000 r--p 00014000 08:04 794087                     /lib/x86_64-linux-gnu/libnsl-2.19.so
7ff3677b2000-7ff3677b3000 rw-p 00015000 08:04 794087                     /lib/x86_64-linux-gnu/libnsl-2.19.so
7ff3677b3000-7ff3677b5000 rw-p 00000000 00:00 0 
7ff3677b5000-7ff3677bc000 r-xp 00000000 08:04 794088                     /lib/x86_64-linux-gnu/libnss_compat-2.19.so
7ff3677bc000-7ff3679bb000 ---p 00007000 08:04 794088                     /lib/x86_64-linux-gnu/libnss_compat-2.19.so
7ff3679bb000-7ff3679bc000 r--p 00006000 08:04 794088                     /lib/x86_64-linux-gnu/libnss_compat-2.19.so
7ff3679bc000-7ff3679bd000 rw-p 00007000 08:04 794088                     /lib/x86_64-linux-gnu/libnss_compat-2.19.so
7ff3679bd000-7ff3679e7000 r-xp 00000000 08:04 2360883                    /opt/jdk/jdk1.8.0_102/jre/lib/amd64/libjava.so
7ff3679e7000-7ff367be7000 ---p 0002a000 08:04 2360883                    /opt/jdk/jdk1.8.0_102/jre/lib/amd64/libjava.so
7ff367be7000-7ff367be9000 rw-p 0002a000 08:04 2360883                    /opt/jdk/jdk1.8.0_102/jre/lib/amd64/libjava.so
7ff367be9000-7ff367bf6000 r-xp 00000000 08:04 2360834                    /opt/jdk/jdk1.8.0_102/jre/lib/amd64/libverify.so
7ff367bf6000-7ff367df6000 ---p 0000d000 08:04 2360834                    /opt/jdk/jdk1.8.0_102/jre/lib/amd64/libverify.so
7ff367df6000-7ff367df8000 rw-p 0000d000 08:04 2360834                    /opt/jdk/jdk1.8.0_102/jre/lib/amd64/libverify.so
7ff367df8000-7ff367dff000 r-xp 00000000 08:04 795046                     /lib/x86_64-linux-gnu/librt-2.19.so
7ff367dff000-7ff367ffe000 ---p 00007000 08:04 795046                     /lib/x86_64-linux-gnu/librt-2.19.so
7ff367ffe000-7ff367fff000 r--p 00006000 08:04 795046                     /lib/x86_64-linux-gnu/librt-2.19.so
7ff367fff000-7ff368000000 rw-p 00007000 08:04 795046                     /lib/x86_64-linux-gnu/librt-2.19.so
7ff368000000-7ff368398000 rw-p 00000000 00:00 0 
7ff368398000-7ff36c000000 ---p 00000000 00:00 0 
7ff36c000000-7ff36c021000 rw-p 00000000 00:00 0 
7ff36c021000-7ff36c022000 ---p 00000000 00:00 0 
7ff36c022000-7ff36c122000 rw-p 00000000 00:00 0                          [stack:6758]
7ff36c122000-7ff36c222000 r-xp 00000000 08:04 794085                     /lib/x86_64-linux-gnu/libm-2.19.so
7ff36c222000-7ff36c421000 ---p 00100000 08:04 794085                     /lib/x86_64-linux-gnu/libm-2.19.so
7ff36c421000-7ff36c422000 r--p 000ff000 08:04 794085                     /lib/x86_64-linux-gnu/libm-2.19.so
7ff36c422000-7ff36c423000 rw-p 00100000 08:04 794085                     /lib/x86_64-linux-gnu/libm-2.19.so
7ff36c423000-7ff36d0ef000 r-xp 00000000 08:04 2360887                    /opt/jdk/jdk1.8.0_102/jre/lib/amd64/server/libjvm.so
7ff36d0ef000-7ff36d2ef000 ---p 00ccc000 08:04 2360887                    /opt/jdk/jdk1.8.0_102/jre/lib/amd64/server/libjvm.so
7ff36d2ef000-7ff36d3c8000 rw-p 00ccc000 08:04 2360887                    /opt/jdk/jdk1.8.0_102/jre/lib/amd64/server/libjvm.so
7ff36d3c8000-7ff36d413000 rw-p 00000000 00:00 0 
7ff36d413000-7ff36d5b4000 r-xp 00000000 08:04 793880                     /lib/x86_64-linux-gnu/libc-2.19.so
7ff36d5b4000-7ff36d7b4000 ---p 001a1000 08:04 793880                     /lib/x86_64-linux-gnu/libc-2.19.so
7ff36d7b4000-7ff36d7b8000 r--p 001a1000 08:04 793880                     /lib/x86_64-linux-gnu/libc-2.19.so
7ff36d7b8000-7ff36d7ba000 rw-p 001a5000 08:04 793880                     /lib/x86_64-linux-gnu/libc-2.19.so
7ff36d7ba000-7ff36d7be000 rw-p 00000000 00:00 0 
7ff36d7be000-7ff36d7c1000 r-xp 00000000 08:04 794084                     /lib/x86_64-linux-gnu/libdl-2.19.so
7ff36d7c1000-7ff36d9c0000 ---p 00003000 08:04 794084                     /lib/x86_64-linux-gnu/libdl-2.19.so
7ff36d9c0000-7ff36d9c1000 r--p 00002000 08:04 794084                     /lib/x86_64-linux-gnu/libdl-2.19.so
7ff36d9c1000-7ff36d9c2000 rw-p 00003000 08:04 794084                     /lib/x86_64-linux-gnu/libdl-2.19.so
7ff36d9c2000-7ff36d9d7000 r-xp 00000000 08:04 2359968                    /opt/jdk/jdk1.8.0_102/lib/amd64/jli/libjli.so
7ff36d9d7000-7ff36dbd7000 ---p 00015000 08:04 2359968                    /opt/jdk/jdk1.8.0_102/lib/amd64/jli/libjli.so
7ff36dbd7000-7ff36dbd8000 rw-p 00015000 08:04 2359968                    /opt/jdk/jdk1.8.0_102/lib/amd64/jli/libjli.so
7ff36dbd8000-7ff36dbf0000 r-xp 00000000 08:04 793541                     /lib/x86_64-linux-gnu/libpthread-2.19.so
7ff36dbf0000-7ff36ddef000 ---p 00018000 08:04 793541                     /lib/x86_64-linux-gnu/libpthread-2.19.so
7ff36ddef000-7ff36ddf0000 r--p 00017000 08:04 793541                     /lib/x86_64-linux-gnu/libpthread-2.19.so
7ff36ddf0000-7ff36ddf1000 rw-p 00018000 08:04 793541                     /lib/x86_64-linux-gnu/libpthread-2.19.so
7ff36ddf1000-7ff36ddf5000 rw-p 00000000 00:00 0 
7ff36ddf5000-7ff36de15000 r-xp 00000000 08:04 793563                     /lib/x86_64-linux-gnu/ld-2.19.so
7ff36de20000-7ff36def9000 rw-p 00000000 00:00 0 
7ff36def9000-7ff36defc000 ---p 00000000 00:00 0 
7ff36defc000-7ff36dffe000 rw-p 00000000 00:00 0                          [stack:6757]
7ff36e001000-7ff36e002000 rw-p 00000000 00:00 0 
7ff36e002000-7ff36e009000 r--s 00000000 08:04 1060537                    /usr/lib/x86_64-linux-gnu/gconv/gconv-modules.cache
7ff36e009000-7ff36e011000 rw-s 00000000 08:04 2244107                    /tmp/hsperfdata_alexis/6752
7ff36e011000-7ff36e012000 rw-p 00000000 00:00 0 
7ff36e012000-7ff36e013000 ---p 00000000 00:00 0 
7ff36e013000-7ff36e015000 rw-p 00000000 00:00 0 
7ff36e015000-7ff36e016000 r--p 00020000 08:04 793563                     /lib/x86_64-linux-gnu/ld-2.19.so
7ff36e016000-7ff36e017000 rw-p 00021000 08:04 793563                     /lib/x86_64-linux-gnu/ld-2.19.so
7ff36e017000-7ff36e018000 rw-p 00000000 00:00 0 
7ffc55b11000-7ffc55b32000 rw-p 00000000 00:00 0                          [stack]
7ffc55b5e000-7ffc55b60000 r-xp 00000000 00:00 0                          [vdso]
7ffc55b60000-7ffc55b62000 r--p 00000000 00:00 0                          [vvar]
ffffffffff600000-ffffffffff601000 r-xp 00000000 00:00 0                  [vsyscall]

VM Arguments:
jvm_args: -Djava.awt.headless=true -Xmx1024M -Dfile.encoding=UTF-8 -Duser.country=AR -Duser.language=es -Duser.variant 
java_command: com.android.dx.command.Main --dex --force-jumbo --num-threads=4 --multi-dex --output /home/alexis/Geobus/app/build/intermediates/transforms/dex/debug/folders/1000/5/slice_4 /home/alexis/Geobus/app/build/intermediates/transforms/instantRunSlicer/debug/folders/1/5/slice_4
java_class_path (initial): /home/alexis/Android/Sdk/build-tools/24.0.1/lib/dx.jar
Launcher Type: SUN_STANDARD

Environment Variables:
PATH=/home/alexis/bin:/usr/sbin:/sbin:/usr/local/bin:/usr/bin:/bin:/usr/local/games:/usr/games
LD_LIBRARY_PATH=/opt/android-studio/bin/.:
SHELL=/bin/bash
DISPLAY=:0

Signal Handlers:
SIGSEGV: [libjvm.so+0xac5b30], sa_mask[0]=11111111011111111101111111111110, sa_flags=SA_RESTART|SA_SIGINFO
SIGBUS: [libjvm.so+0xac5b30], sa_mask[0]=11111111011111111101111111111110, sa_flags=SA_RESTART|SA_SIGINFO
SIGFPE: [libjvm.so+0x91f470], sa_mask[0]=11111111011111111101111111111110, sa_flags=SA_RESTART|SA_SIGINFO
SIGPIPE: [libjvm.so+0x91f470], sa_mask[0]=11111111011111111101111111111110, sa_flags=SA_RESTART|SA_SIGINFO
SIGXFSZ: [libjvm.so+0x91f470], sa_mask[0]=11111111011111111101111111111110, sa_flags=SA_RESTART|SA_SIGINFO
SIGILL: [libjvm.so+0x91f470], sa_mask[0]=11111111011111111101111111111110, sa_flags=SA_RESTART|SA_SIGINFO
SIGUSR1: SIG_DFL, sa_mask[0]=00000000000000000000000000000000, sa_flags=none
SIGUSR2: [libjvm.so+0x920aa0], sa_mask[0]=00100000000000000000000000000000, sa_flags=SA_RESTART|SA_SIGINFO
SIGHUP: [libjvm.so+0x921ea0], sa_mask[0]=11111111011111111101111111111110, sa_flags=SA_RESTART|SA_SIGINFO
SIGINT: [libjvm.so+0x921ea0], sa_mask[0]=11111111011111111101111111111110, sa_flags=SA_RESTART|SA_SIGINFO
SIGTERM: [libjvm.so+0x921ea0], sa_mask[0]=11111111011111111101111111111110, sa_flags=SA_RESTART|SA_SIGINFO
SIGQUIT: [libjvm.so+0x921ea0], sa_mask[0]=11111111011111111101111111111110, sa_flags=SA_RESTART|SA_SIGINFO


---------------  S Y S T E M  ---------------

OS:DISTRIB_ID="BunsenLabs"
DISTRIB_DESCRIPTION="BunsenLabs GNU/Linux 8.5 (Hydrogen)"
DISTRIB_RELEASE="8.5"
DISTRIB_CODENAME="bunsen-hydrogen"

uname:Linux 3.16.0-4-amd64 #1 SMP Debian 3.16.7-ckt25-2+deb8u3 (2016-07-02) x86_64
libc:glibc 2.19 NPTL 2.19 
rlimit: STACK 8192k, CORE 0k, NPROC 31341, NOFILE 65536, AS infinity
load average:13,67 4,81 2,30

/proc/meminfo:
MemTotal:        8045472 kB
MemFree:          105956 kB
MemAvailable:      75668 kB
Buffers:             736 kB
Cached:          2567784 kB
SwapCached:            0 kB
Active:          5338588 kB
Inactive:        2399096 kB
Active(anon):    5308864 kB
Inactive(anon):  2368468 kB
Active(file):      29724 kB
Inactive(file):    30628 kB
Unevictable:          32 kB
Mlocked:              32 kB
SwapTotal:             0 kB
SwapFree:              0 kB
Dirty:               888 kB
Writeback:             0 kB
AnonPages:       5169500 kB
Mapped:           841876 kB
Shmem:           2507628 kB
Slab:              99608 kB
SReclaimable:      48016 kB
SUnreclaim:        51592 kB
KernelStack:       11712 kB
PageTables:        46652 kB
NFS_Unstable:          0 kB
Bounce:                0 kB
WritebackTmp:          0 kB
CommitLimit:     4022736 kB
Committed_AS:   12275148 kB
VmallocTotal:   34359738367 kB
VmallocUsed:      552484 kB
VmallocChunk:   34359122056 kB
HardwareCorrupted:     0 kB
AnonHugePages:         0 kB
HugePages_Total:       0
HugePages_Free:        0
HugePages_Rsvd:        0
HugePages_Surp:        0
Hugepagesize:       2048 kB
DirectMap4k:       53504 kB
DirectMap2M:     8183808 kB


CPU:total 4 (2 cores per cpu, 2 threads per core) family 6 model 42 stepping 7, cmov, cx8, fxsr, mmx, sse, sse2, sse3, ssse3, sse4.1, sse4.2, popcnt, avx, aes, clmul, ht, tsc, tscinvbit

/proc/cpuinfo:
processor	: 0
vendor_id	: GenuineIntel
cpu family	: 6
model		: 42
model name	: Intel(R) Core(TM) i5-2410M CPU @ 2.30GHz
stepping	: 7
microcode	: 0x29
cpu MHz		: 2699.984
cache size	: 3072 KB
physical id	: 0
siblings	: 4
core id		: 0
cpu cores	: 2
apicid		: 0
initial apicid	: 0
fpu		: yes
fpu_exception	: yes
cpuid level	: 13
wp		: yes
flags		: fpu vme de pse tsc msr pae mce cx8 apic sep mtrr pge mca cmov pat pse36 clflush dts acpi mmx fxsr sse sse2 ss ht tm pbe syscall nx rdtscp lm constant_tsc arch_perfmon pebs bts rep_good nopl xtopology nonstop_tsc aperfmperf eagerfpu pni pclmulqdq dtes64 monitor ds_cpl vmx est tm2 ssse3 cx16 xtpr pdcm pcid sse4_1 sse4_2 x2apic popcnt tsc_deadline_timer aes xsave avx lahf_lm ida arat epb xsaveopt pln pts dtherm tpr_shadow vnmi flexpriority ept vpid
bogomips	: 4589.30
clflush size	: 64
cache_alignment	: 64
address sizes	: 36 bits physical, 48 bits virtual
power management:

processor	: 1
vendor_id	: GenuineIntel
cpu family	: 6
model		: 42
model name	: Intel(R) Core(TM) i5-2410M CPU @ 2.30GHz
stepping	: 7
microcode	: 0x29
cpu MHz		: 2699.984
cache size	: 3072 KB
physical id	: 0
siblings	: 4
core id		: 0
cpu cores	: 2
apicid		: 1
initial apicid	: 1
fpu		: yes
fpu_exception	: yes
cpuid level	: 13
wp		: yes
flags		: fpu vme de pse tsc msr pae mce cx8 apic sep mtrr pge mca cmov pat pse36 clflush dts acpi mmx fxsr sse sse2 ss ht tm pbe syscall nx rdtscp lm constant_tsc arch_perfmon pebs bts rep_good nopl xtopology nonstop_tsc aperfmperf eagerfpu pni pclmulqdq dtes64 monitor ds_cpl vmx est tm2 ssse3 cx16 xtpr pdcm pcid sse4_1 sse4_2 x2apic popcnt tsc_deadline_timer aes xsave avx lahf_lm ida arat epb xsaveopt pln pts dtherm tpr_shadow vnmi flexpriority ept vpid
bogomips	: 4589.30
clflush size	: 64
cache_alignment	: 64
address sizes	: 36 bits physical, 48 bits virtual
power management:

processor	: 2
vendor_id	: GenuineIntel
cpu family	: 6
model		: 42
model name	: Intel(R) Core(TM) i5-2410M CPU @ 2.30GHz
stepping	: 7
microcode	: 0x29
cpu MHz		: 2699.984
cache size	: 3072 KB
physical id	: 0
siblings	: 4
core id		: 1
cpu cores	: 2
apicid		: 2
initial apicid	: 2
fpu		: yes
fpu_exception	: yes
cpuid level	: 13
wp		: yes
flags		: fpu vme de pse tsc msr pae mce cx8 apic sep mtrr pge mca cmov pat pse36 clflush dts acpi mmx fxsr sse sse2 ss ht tm pbe syscall nx rdtscp lm constant_tsc arch_perfmon pebs bts rep_good nopl xtopology nonstop_tsc aperfmperf eagerfpu pni pclmulqdq dtes64 monitor ds_cpl vmx est tm2 ssse3 cx16 xtpr pdcm pcid sse4_1 sse4_2 x2apic popcnt tsc_deadline_timer aes xsave avx lahf_lm ida arat epb xsaveopt pln pts dtherm tpr_shadow vnmi flexpriority ept vpid
bogomips	: 4589.30
clflush size	: 64
cache_alignment	: 64
address sizes	: 36 bits physical, 48 bits virtual
power management:

processor	: 3
vendor_id	: GenuineIntel
cpu family	: 6
model		: 42
model name	: Intel(R) Core(TM) i5-2410M CPU @ 2.30GHz
stepping	: 7
microcode	: 0x29
cpu MHz		: 2699.984
cache size	: 3072 KB
physical id	: 0
siblings	: 4
core id		: 1
cpu cores	: 2
apicid		: 3
initial apicid	: 3
fpu		: yes
fpu_exception	: yes
cpuid level	: 13
wp		: yes
flags		: fpu vme de pse tsc msr pae mce cx8 apic sep mtrr pge mca cmov pat pse36 clflush dts acpi mmx fxsr sse sse2 ss ht tm pbe syscall nx rdtscp lm constant_tsc arch_perfmon pebs bts rep_good nopl xtopology nonstop_tsc aperfmperf eagerfpu pni pclmulqdq dtes64 monitor ds_cpl vmx est tm2 ssse3 cx16 xtpr pdcm pcid sse4_1 sse4_2 x2apic popcnt tsc_deadline_timer aes xsave avx lahf_lm ida arat epb xsaveopt pln pts dtherm tpr_shadow vnmi flexpriority ept vpid
bogomips	: 4589.30
clflush size	: 64
cache_alignment	: 64
address sizes	: 36 bits physical, 48 bits virtual
power management:



Memory: 4k page, physical 8045472k(105976k free), swap 0k(0k free)

vm_info: Java HotSpot(TM) 64-Bit Server VM (25.102-b14) for linux-amd64 JRE (1.8.0_102-b14), built on Jun 22 2016 18:43:17 by "java_re" with gcc 4.3.0 20080428 (Red Hat 4.3.0-8)

time: Thu Feb  2 22:02:03 2017
elapsed time: 7 seconds (0d 0h 0m 7s)

