#
# There is insufficient memory for the Java Runtime Environment to continue.
# Native memory allocation (mmap) failed to map 195035136 bytes for committing reserved memory.
# Possible reasons:
#   The system is out of physical RAM or swap space
#   In 32 bit mode, the process size limit was hit
# Possible solutions:
#   Reduce memory load on the system
#   Increase physical memory or swap space
#   Check if swap backing store is full
#   Use 64 bit Java on a 64 bit OS
#   Decrease Java heap size (-Xmx/-Xms)
#   Decrease number of Java threads
#   Decrease Java thread stack sizes (-Xss)
#   Set larger code cache with -XX:ReservedCodeCacheSize=
# This output file may be truncated or incomplete.
#
#  Out of Memory Error (os_linux.cpp:2627), pid=13736, tid=0x00007f9691fff700
#
# JRE version: Java(TM) SE Runtime Environment (8.0_102-b14) (build 1.8.0_102-b14)
# Java VM: Java HotSpot(TM) 64-Bit Server VM (25.102-b14 mixed mode linux-amd64 compressed oops)
# Failed to write core dump. Core dumps have been disabled. To enable core dumping, try "ulimit -c unlimited" before starting Java again
#

---------------  T H R E A D  ---------------

Current thread (0x00007f96a8078000):  VMThread [stack: 0x00007f9691eff000,0x00007f9692000000] [id=13746]

Stack: [0x00007f9691eff000,0x00007f9692000000],  sp=0x00007f9691ffe120,  free space=1020k
Native frames: (J=compiled Java code, j=interpreted, Vv=VM code, C=native code)
V  [libjvm.so+0xac52aa]  VMError::report_and_die()+0x2ba
V  [libjvm.so+0x4fc29b]  report_vm_out_of_memory(char const*, int, unsigned long, VMErrorType, char const*)+0x8b
V  [libjvm.so+0x922603]  os::Linux::commit_memory_impl(char*, unsigned long, bool)+0x103
V  [libjvm.so+0x922b59]  os::pd_commit_memory(char*, unsigned long, unsigned long, bool)+0x29
V  [libjvm.so+0x91ce5a]  os::commit_memory(char*, unsigned long, unsigned long, bool)+0x2a
V  [libjvm.so+0x9915e3]  PSVirtualSpace::expand_by(unsigned long)+0x53
V  [libjvm.so+0x9929e8]  PSYoungGen::resize_generation(unsigned long, unsigned long)+0xf8
V  [libjvm.so+0x991b42]  PSYoungGen::resize(unsigned long, unsigned long)+0x22
V  [libjvm.so+0x98ee1b]  PSScavenge::invoke_no_policy()+0xf3b
V  [libjvm.so+0x98f5a1]  PSScavenge::invoke()+0x41
V  [libjvm.so+0x9462f0]  ParallelScavengeHeap::failed_mem_allocate(unsigned long)+0x70
V  [libjvm.so+0xac6cc7]  VM_ParallelGCFailedAllocation::doit()+0x97
V  [libjvm.so+0xace7a5]  VM_Operation::evaluate()+0x55
V  [libjvm.so+0xaccb7a]  VMThread::evaluate_operation(VM_Operation*)+0xba
V  [libjvm.so+0xaccefe]  VMThread::loop()+0x1ce
V  [libjvm.so+0xacd370]  VMThread::run()+0x70
V  [libjvm.so+0x9249c8]  java_start(Thread*)+0x108

VM_Operation (0x00007f96912690e0): ParallelGCFailedAllocation, mode: safepoint, requested by thread 0x00007f96a8127000


---------------  P R O C E S S  ---------------

Java Threads: ( => current thread )
  0x00007f96a8128800 JavaThread "pool-2-thread-4" [_thread_blocked, id=13769, stack(0x00007f9691069000,0x00007f969116a000)]
  0x00007f96a8127000 JavaThread "pool-2-thread-3" [_thread_blocked, id=13768, stack(0x00007f969116a000,0x00007f969126b000)]
  0x00007f96a8125000 JavaThread "pool-2-thread-2" [_thread_blocked, id=13767, stack(0x00007f969126b000,0x00007f969136c000)]
  0x00007f96a8124000 JavaThread "pool-3-thread-1" [_thread_blocked, id=13766, stack(0x00007f969136c000,0x00007f969146d000)]
  0x00007f96a8122000 JavaThread "pool-2-thread-1" [_thread_blocked, id=13764, stack(0x00007f969146d000,0x00007f969156e000)]
  0x00007f96a80c0800 JavaThread "Service Thread" daemon [_thread_blocked, id=13753, stack(0x00007f969166f000,0x00007f9691770000)]
  0x00007f96a80bd000 JavaThread "C1 CompilerThread2" daemon [_thread_blocked, id=13752, stack(0x00007f9691770000,0x00007f9691871000)]
  0x00007f96a80bb800 JavaThread "C2 CompilerThread1" daemon [_thread_in_native, id=13751, stack(0x00007f9691871000,0x00007f9691972000)]
  0x00007f96a80b8800 JavaThread "C2 CompilerThread0" daemon [_thread_in_native, id=13750, stack(0x00007f9691972000,0x00007f9691a73000)]
  0x00007f96a80b7000 JavaThread "Signal Dispatcher" daemon [_thread_blocked, id=13749, stack(0x00007f9691a73000,0x00007f9691b74000)]
  0x00007f96a8084000 JavaThread "Finalizer" daemon [_thread_blocked, id=13748, stack(0x00007f9691cfd000,0x00007f9691dfe000)]
  0x00007f96a807f800 JavaThread "Reference Handler" daemon [_thread_blocked, id=13747, stack(0x00007f9691dfe000,0x00007f9691eff000)]
  0x00007f96a800a000 JavaThread "main" [_thread_blocked, id=13738, stack(0x00007f96b05d4000,0x00007f96b06d5000)]

Other Threads:
=>0x00007f96a8078000 VMThread [stack: 0x00007f9691eff000,0x00007f9692000000] [id=13746]
  0x00007f96a80c3000 WatcherThread [stack: 0x00007f969156e000,0x00007f969166f000] [id=13754]

VM state:at safepoint (normal execution)

VM Mutex/Monitor currently owned by a thread:  ([mutex/lock_event])
[0x00007f96a80063e0] Threads_lock - owner thread: 0x00007f96a8078000
[0x00007f96a80068e0] Heap_lock - owner thread: 0x00007f96a8127000

Heap:
 PSYoungGen      total 132096K, used 5111K [0x00000000eab00000, 0x00000000f3100000, 0x0000000100000000)
  eden space 126976K, 0% used [0x00000000eab00000,0x00000000eab00000,0x00000000f2700000)
  from space 5120K, 99% used [0x00000000f2700000,0x00000000f2bfdfb0,0x00000000f2c00000)
  to   space 5120K, 0% used [0x00000000f2c00000,0x00000000f2c00000,0x00000000f3100000)
 ParOldGen       total 84992K, used 62430K [0x00000000c0000000, 0x00000000c5300000, 0x00000000eab00000)
  object space 84992K, 73% used [0x00000000c0000000,0x00000000c3cf7888,0x00000000c5300000)
 Metaspace       used 5992K, capacity 7024K, committed 7296K, reserved 1056768K
  class space    used 597K, capacity 616K, committed 640K, reserved 1048576K

Card table byte_map: [0x00007f96ad1a7000,0x00007f96ad3a8000] byte_map_base: 0x00007f96acba7000

Marking Bits: (ParMarkBitMap*) 0x00007f96afac0c60
 Begin Bits: [0x00007f9692000000, 0x00007f9693000000)
 End Bits:   [0x00007f9693000000, 0x00007f9694000000)

Polling page: 0x00007f96b06ed000

CodeCache: size=245760Kb used=6001Kb max_used=6001Kb free=239758Kb
 bounds [0x00007f9699000000, 0x00007f96995f0000, 0x00007f96a8000000]
 total_blobs=1799 nmethods=1537 adapters=175
 compilation: enabled

Compilation events (10 events):
Event: 10,973 Thread 0x00007f96a80bd000 nmethod 1830 0x00007f96995d6650 code [0x00007f96995d6940, 0x00007f96995d7658]
Event: 10,973 Thread 0x00007f96a80bd000 1837       3       com.android.dx.ssa.SsaConverter::edgeSplitPredecessors (44 bytes)
Event: 10,974 Thread 0x00007f96a80bd000 nmethod 1837 0x00007f96995d8990 code [0x00007f96995d8ba0, 0x00007f96995d9548]
Event: 10,974 Thread 0x00007f96a80bd000 1836       3       com.android.dx.ssa.SsaMethod::convertRopToSsaBlocks (103 bytes)
Event: 10,980 Thread 0x00007f96a80bd000 nmethod 1836 0x00007f96995d9a90 code [0x00007f96995d9d00, 0x00007f96995dae88]
Event: 10,980 Thread 0x00007f96a80bd000 1838       3       com.android.dx.ssa.SsaConverter::edgeSplitMoveExceptionsAndResults (157 bytes)
Event: 11,018 Thread 0x00007f96a80bd000 nmethod 1838 0x00007f96995db850 code [0x00007f96995dbbe0, 0x00007f96995dd848]
Event: 11,018 Thread 0x00007f96a80bd000 1839       3       com.android.dx.ssa.SsaMethod::makeExitBlock (134 bytes)
Event: 11,055 Thread 0x00007f96a80bd000 nmethod 1839 0x00007f96995dead0 code [0x00007f96995ded40, 0x00007f96995dfba8]
Event: 11,056 Thread 0x00007f96a80bd000 1841       3       com.android.dx.ssa.back.SsaToRop::convertBasicBlocks (151 bytes)

GC Heap History (9 events):
Event: 3,329 GC heap before
{Heap before GC invocations=1 (full 0):
 PSYoungGen      total 36864K, used 31744K [0x00000000eab00000, 0x00000000ed400000, 0x0000000100000000)
  eden space 31744K, 100% used [0x00000000eab00000,0x00000000eca00000,0x00000000eca00000)
  from space 5120K, 0% used [0x00000000ecf00000,0x00000000ecf00000,0x00000000ed400000)
  to   space 5120K, 0% used [0x00000000eca00000,0x00000000eca00000,0x00000000ecf00000)
 ParOldGen       total 84992K, used 0K [0x00000000c0000000, 0x00000000c5300000, 0x00000000eab00000)
  object space 84992K, 0% used [0x00000000c0000000,0x00000000c0000000,0x00000000c5300000)
 Metaspace       used 5523K, capacity 6704K, committed 6784K, reserved 1056768K
  class space    used 574K, capacity 616K, committed 640K, reserved 1048576K
Event: 3,363 GC heap after
Heap after GC invocations=1 (full 0):
 PSYoungGen      total 36864K, used 5096K [0x00000000eab00000, 0x00000000ef300000, 0x0000000100000000)
  eden space 31744K, 0% used [0x00000000eab00000,0x00000000eab00000,0x00000000eca00000)
  from space 5120K, 99% used [0x00000000eca00000,0x00000000ecefa0c8,0x00000000ecf00000)
  to   space 5120K, 0% used [0x00000000eee00000,0x00000000eee00000,0x00000000ef300000)
 ParOldGen       total 84992K, used 1391K [0x00000000c0000000, 0x00000000c5300000, 0x00000000eab00000)
  object space 84992K, 1% used [0x00000000c0000000,0x00000000c015bc50,0x00000000c5300000)
 Metaspace       used 5523K, capacity 6704K, committed 6784K, reserved 1056768K
  class space    used 574K, capacity 616K, committed 640K, reserved 1048576K
}
Event: 4,721 GC heap before
{Heap before GC invocations=2 (full 0):
 PSYoungGen      total 36864K, used 36840K [0x00000000eab00000, 0x00000000ef300000, 0x0000000100000000)
  eden space 31744K, 100% used [0x00000000eab00000,0x00000000eca00000,0x00000000eca00000)
  from space 5120K, 99% used [0x00000000eca00000,0x00000000ecefa0c8,0x00000000ecf00000)
  to   space 5120K, 0% used [0x00000000eee00000,0x00000000eee00000,0x00000000ef300000)
 ParOldGen       total 84992K, used 1391K [0x00000000c0000000, 0x00000000c5300000, 0x00000000eab00000)
  object space 84992K, 1% used [0x00000000c0000000,0x00000000c015bc50,0x00000000c5300000)
 Metaspace       used 5636K, capacity 6832K, committed 7040K, reserved 1056768K
  class space    used 575K, capacity 616K, committed 640K, reserved 1048576K
Event: 4,837 GC heap after
Heap after GC invocations=2 (full 0):
 PSYoungGen      total 68608K, used 5106K [0x00000000eab00000, 0x00000000ef300000, 0x0000000100000000)
  eden space 63488K, 0% used [0x00000000eab00000,0x00000000eab00000,0x00000000ee900000)
  from space 5120K, 99% used [0x00000000eee00000,0x00000000ef2fc860,0x00000000ef300000)
  to   space 5120K, 0% used [0x00000000ee900000,0x00000000ee900000,0x00000000eee00000)
 ParOldGen       total 84992K, used 5873K [0x00000000c0000000, 0x00000000c5300000, 0x00000000eab00000)
  object space 84992K, 6% used [0x00000000c0000000,0x00000000c05bc5b0,0x00000000c5300000)
 Metaspace       used 5636K, capacity 6832K, committed 7040K, reserved 1056768K
  class space    used 575K, capacity 616K, committed 640K, reserved 1048576K
}
Event: 6,508 GC heap before
{Heap before GC invocations=3 (full 0):
 PSYoungGen      total 68608K, used 68594K [0x00000000eab00000, 0x00000000ef300000, 0x0000000100000000)
  eden space 63488K, 100% used [0x00000000eab00000,0x00000000ee900000,0x00000000ee900000)
  from space 5120K, 99% used [0x00000000eee00000,0x00000000ef2fc860,0x00000000ef300000)
  to   space 5120K, 0% used [0x00000000ee900000,0x00000000ee900000,0x00000000eee00000)
 ParOldGen       total 84992K, used 5873K [0x00000000c0000000, 0x00000000c5300000, 0x00000000eab00000)
  object space 84992K, 6% used [0x00000000c0000000,0x00000000c05bc5b0,0x00000000c5300000)
 Metaspace       used 5717K, capacity 6896K, committed 7040K, reserved 1056768K
  class space    used 575K, capacity 616K, committed 640K, reserved 1048576K
Event: 6,628 GC heap after
Heap after GC invocations=3 (full 0):
 PSYoungGen      total 68608K, used 5111K [0x00000000eab00000, 0x00000000f3100000, 0x0000000100000000)
  eden space 63488K, 0% used [0x00000000eab00000,0x00000000eab00000,0x00000000ee900000)
  from space 5120K, 99% used [0x00000000ee900000,0x00000000eedfde58,0x00000000eee00000)
  to   space 5120K, 0% used [0x00000000f2c00000,0x00000000f2c00000,0x00000000f3100000)
 ParOldGen       total 84992K, used 14511K [0x00000000c0000000, 0x00000000c5300000, 0x00000000eab00000)
  object space 84992K, 17% used [0x00000000c0000000,0x00000000c0e2beb8,0x00000000c5300000)
 Metaspace       used 5717K, capacity 6896K, committed 7040K, reserved 1056768K
  class space    used 575K, capacity 616K, committed 640K, reserved 1048576K
}
Event: 7,860 GC heap before
{Heap before GC invocations=4 (full 0):
 PSYoungGen      total 68608K, used 68599K [0x00000000eab00000, 0x00000000f3100000, 0x0000000100000000)
  eden space 63488K, 100% used [0x00000000eab00000,0x00000000ee900000,0x00000000ee900000)
  from space 5120K, 99% used [0x00000000ee900000,0x00000000eedfde58,0x00000000eee00000)
  to   space 5120K, 0% used [0x00000000f2c00000,0x00000000f2c00000,0x00000000f3100000)
 ParOldGen       total 84992K, used 14511K [0x00000000c0000000, 0x00000000c5300000, 0x00000000eab00000)
  object space 84992K, 17% used [0x00000000c0000000,0x00000000c0e2beb8,0x00000000c5300000)
 Metaspace       used 5793K, capacity 6960K, committed 7040K, reserved 1056768K
  class space    used 575K, capacity 616K, committed 640K, reserved 1048576K
Event: 8,127 GC heap after
Heap after GC invocations=4 (full 0):
 PSYoungGen      total 132096K, used 5103K [0x00000000eab00000, 0x00000000f3100000, 0x0000000100000000)
  eden space 126976K, 0% used [0x00000000eab00000,0x00000000eab00000,0x00000000f2700000)
  from space 5120K, 99% used [0x00000000f2c00000,0x00000000f30fbc50,0x00000000f3100000)
  to   space 5120K, 0% used [0x00000000f2700000,0x00000000f2700000,0x00000000f2c00000)
 ParOldGen       total 84992K, used 35805K [0x00000000c0000000, 0x00000000c5300000, 0x00000000eab00000)
  object space 84992K, 42% used [0x00000000c0000000,0x00000000c22f7740,0x00000000c5300000)
 Metaspace       used 5793K, capacity 6960K, committed 7040K, reserved 1056768K
  class space    used 575K, capacity 616K, committed 640K, reserved 1048576K
}
Event: 11,118 GC heap before
{Heap before GC invocations=5 (full 0):
 PSYoungGen      total 132096K, used 132079K [0x00000000eab00000, 0x00000000f3100000, 0x0000000100000000)
  eden space 126976K, 100% used [0x00000000eab00000,0x00000000f2700000,0x00000000f2700000)
  from space 5120K, 99% used [0x00000000f2c00000,0x00000000f30fbc50,0x00000000f3100000)
  to   space 5120K, 0% used [0x00000000f2700000,0x00000000f2700000,0x00000000f2c00000)
 ParOldGen       total 84992K, used 35805K [0x00000000c0000000, 0x00000000c5300000, 0x00000000eab00000)
  object space 84992K, 42% used [0x00000000c0000000,0x00000000c22f7740,0x00000000c5300000)
 Metaspace       used 5992K, capacity 7024K, committed 7296K, reserved 1056768K
  class space    used 597K, capacity 616K, committed 640K, reserved 1048576K

Deoptimization events (10 events):
Event: 2,789 Thread 0x00007f96a8125000 Uncommon trap: reason=null_check action=make_not_entrant pc=0x00007f9699259fac method=com.android.dx.rop.code.LocalItem.equals(Ljava/lang/Object;)Z @ 1
Event: 2,984 Thread 0x00007f96a8122000 Uncommon trap: reason=unstable_if action=reinterpret pc=0x00007f96991dabdc method=com.android.dx.rop.cst.Constant.compareTo(Lcom/android/dx/rop/cst/Constant;)I @ 12
Event: 3,465 Thread 0x00007f96a8128800 Uncommon trap: reason=unloaded action=reinterpret pc=0x00007f969927b890 method=com.android.dx.ssa.SsaRenamer$BlockRenamer.visitMoveInsn(Lcom/android/dx/ssa/NormalSsaInsn;)V @ 208
Event: 3,716 Thread 0x00007f96a8125000 Uncommon trap: reason=null_check action=make_not_entrant pc=0x00007f969926f8e0 method=com.android.dx.rop.type.Type.equals(Ljava/lang/Object;)Z @ 8
Event: 5,397 Thread 0x00007f96a8122000 Uncommon trap: reason=null_check action=make_not_entrant pc=0x00007f969938e5dc method=com.android.dx.ssa.SsaRenamer.getLocalForNewReg(I)Lcom/android/dx/rop/code/LocalItem; @ 19
Event: 5,776 Thread 0x00007f96a800a000 Uncommon trap: reason=unstable_if action=reinterpret pc=0x00007f96991c141c method=java.lang.String.<init>([CII)V @ 18
Event: 5,958 Thread 0x00007f96a8127000 Uncommon trap: reason=unstable_if action=reinterpret pc=0x00007f96993d980c method=com.android.dx.ssa.SsaRenamer$BlockRenamer.visitMoveInsn(Lcom/android/dx/ssa/NormalSsaInsn;)V @ 104
Event: 6,334 Thread 0x00007f96a8128800 Uncommon trap: reason=unstable_if action=reinterpret pc=0x00007f9699424e38 method=com.android.dx.ssa.SsaRenamer$BlockRenamer.visitMoveInsn(Lcom/android/dx/ssa/NormalSsaInsn;)V @ 104
Event: 10,499 Thread 0x00007f96a8125000 Uncommon trap: reason=unstable_if action=reinterpret pc=0x00007f96992c8090 method=java.util.HashMap.putVal(ILjava/lang/Object;Ljava/lang/Object;ZZ)Ljava/lang/Object; @ 162
Event: 10,565 Thread 0x00007f96a8125000 Uncommon trap: reason=unstable_if action=reinterpret pc=0x00007f96991dff7c method=java.util.HashMap.getNode(ILjava/lang/Object;)Ljava/util/HashMap$Node; @ 84

Internal exceptions (7 events):
Event: 0,110 Thread 0x00007f96a800a000 Exception <a 'java/lang/NoSuchMethodError': Method sun.misc.Unsafe.defineClass(Ljava/lang/String;[BII)Ljava/lang/Class; name or signature does not match> (0x00000000eab07c78) thrown at [/HUDSON3/workspace/8-2-build-linux-amd64/jdk8u102/7268/hotspot/src/sh
Event: 0,110 Thread 0x00007f96a800a000 Exception <a 'java/lang/NoSuchMethodError': Method sun.misc.Unsafe.prefetchRead(Ljava/lang/Object;J)V name or signature does not match> (0x00000000eab07f60) thrown at [/HUDSON3/workspace/8-2-build-linux-amd64/jdk8u102/7268/hotspot/src/share/vm/prims/jni.c
Event: 3,716 Thread 0x00007f96a8125000 Implicit null exception at 0x00007f969926f7e2 to 0x00007f969926f8d3
Event: 5,397 Thread 0x00007f96a8122000 Implicit null exception at 0x00007f969938b1d2 to 0x00007f969938e5b1
Event: 10,528 Thread 0x00007f96a8125000 Exception <a 'java/lang/ArrayIndexOutOfBoundsException': 18> (0x00000000f09cad18) thrown at [/HUDSON3/workspace/8-2-build-linux-amd64/jdk8u102/7268/hotspot/src/share/vm/interpreter/interpreterRuntime.cpp, line 366]
Event: 10,529 Thread 0x00007f96a8125000 Exception <a 'java/lang/ArrayIndexOutOfBoundsException': 145> (0x00000000f09cc898) thrown at [/HUDSON3/workspace/8-2-build-linux-amd64/jdk8u102/7268/hotspot/src/share/vm/interpreter/interpreterRuntime.cpp, line 366]
Event: 10,536 Thread 0x00007f96a8125000 Exception <a 'java/lang/ArrayIndexOutOfBoundsException': 40> (0x00000000f09cdb80) thrown at [/HUDSON3/workspace/8-2-build-linux-amd64/jdk8u102/7268/hotspot/src/share/vm/interpreter/interpreterRuntime.cpp, line 366]

Events (10 events):
Event: 11,018 Thread 0x00007f96a8125000 DEOPT UNPACKING pc=0x00007f9699047633 sp=0x00007f9691369c08 mode 0
Event: 11,062 Thread 0x00007f96a8128800 DEOPT PACKING pc=0x00007f96994cfc9a sp=0x00007f96911681d0
Event: 11,062 Thread 0x00007f96a8128800 DEOPT UNPACKING pc=0x00007f9699047633 sp=0x00007f9691167f80 mode 0
Event: 11,066 Thread 0x00007f96a8127000 DEOPT PACKING pc=0x00007f969948e199 sp=0x00007f96912690d0
Event: 11,066 Thread 0x00007f96a8127000 DEOPT UNPACKING pc=0x00007f9699047633 sp=0x00007f9691268ed0 mode 0
Event: 11,088 Thread 0x00007f96a8122000 DEOPT PACKING pc=0x00007f96994d44ea sp=0x00007f969156bfe0
Event: 11,088 Thread 0x00007f96a8122000 DEOPT UNPACKING pc=0x00007f9699047633 sp=0x00007f969156bd40 mode 0
Event: 11,096 Thread 0x00007f96a8127000 DEOPT PACKING pc=0x00007f9699417c18 sp=0x00007f9691269200
Event: 11,096 Thread 0x00007f96a8127000 DEOPT UNPACKING pc=0x00007f9699047633 sp=0x00007f9691268f80 mode 0
Event: 11,097 Executing VM operation: ParallelGCFailedAllocation


Dynamic libraries:
00400000-00401000 r-xp 00000000 08:04 2360749                            /opt/jdk/jdk1.8.0_102/bin/java
00600000-00601000 rw-p 00000000 08:04 2360749                            /opt/jdk/jdk1.8.0_102/bin/java
010af000-010d0000 rw-p 00000000 00:00 0                                  [heap]
c0000000-c5300000 rw-p 00000000 00:00 0 
c5300000-eab00000 ---p 00000000 00:00 0 
eab00000-f3100000 rw-p 00000000 00:00 0 
feb00000-100000000 ---p 00000000 00:00 0 
100000000-1000a0000 rw-p 00000000 00:00 0 
1000a0000-140000000 ---p 00000000 00:00 0 
7f964c000000-7f964c021000 rw-p 00000000 00:00 0 
7f964c021000-7f9650000000 ---p 00000000 00:00 0 
7f9650000000-7f9650021000 rw-p 00000000 00:00 0 
7f9650021000-7f9654000000 ---p 00000000 00:00 0 
7f9654000000-7f9654021000 rw-p 00000000 00:00 0 
7f9654021000-7f9658000000 ---p 00000000 00:00 0 
7f9658000000-7f9658031000 rw-p 00000000 00:00 0 
7f9658031000-7f965c000000 ---p 00000000 00:00 0 
7f965c000000-7f965c021000 rw-p 00000000 00:00 0 
7f965c021000-7f9660000000 ---p 00000000 00:00 0 
7f9660000000-7f966005b000 rw-p 00000000 00:00 0 
7f966005b000-7f9664000000 ---p 00000000 00:00 0 
7f9664000000-7f9664021000 rw-p 00000000 00:00 0 
7f9664021000-7f9668000000 ---p 00000000 00:00 0 
7f9668000000-7f9668a0f000 rw-p 00000000 00:00 0 
7f9668a0f000-7f966c000000 ---p 00000000 00:00 0 
7f966c000000-7f966ce4e000 rw-p 00000000 00:00 0 
7f966ce4e000-7f9670000000 ---p 00000000 00:00 0 
7f9670000000-7f9670fbf000 rw-p 00000000 00:00 0 
7f9670fbf000-7f9674000000 ---p 00000000 00:00 0 
7f9674000000-7f9674021000 rw-p 00000000 00:00 0 
7f9674021000-7f9678000000 ---p 00000000 00:00 0 
7f9678000000-7f9678021000 rw-p 00000000 00:00 0 
7f9678021000-7f967c000000 ---p 00000000 00:00 0 
7f967c000000-7f967c2a7000 rw-p 00000000 00:00 0 
7f967c2a7000-7f9680000000 ---p 00000000 00:00 0 
7f9680000000-7f9680021000 rw-p 00000000 00:00 0 
7f9680021000-7f9684000000 ---p 00000000 00:00 0 
7f9684000000-7f9684021000 rw-p 00000000 00:00 0 
7f9684021000-7f9688000000 ---p 00000000 00:00 0 
7f9688000000-7f9688021000 rw-p 00000000 00:00 0 
7f9688021000-7f968c000000 ---p 00000000 00:00 0 
7f968c000000-7f968c021000 rw-p 00000000 00:00 0 
7f968c021000-7f9690000000 ---p 00000000 00:00 0 
7f9691044000-7f9691069000 r--p 00000000 08:04 1713356                    /usr/share/locale/es/LC_MESSAGES/libc.mo
7f9691069000-7f969106c000 ---p 00000000 00:00 0 
7f969106c000-7f969116a000 rw-p 00000000 00:00 0                          [stack:13769]
7f969116a000-7f969116d000 ---p 00000000 00:00 0 
7f969116d000-7f969126b000 rw-p 00000000 00:00 0                          [stack:13768]
7f969126b000-7f969126e000 ---p 00000000 00:00 0 
7f969126e000-7f969136c000 rw-p 00000000 00:00 0                          [stack:13767]
7f969136c000-7f969136f000 ---p 00000000 00:00 0 
7f969136f000-7f969146d000 rw-p 00000000 00:00 0                          [stack:13766]
7f969146d000-7f9691470000 ---p 00000000 00:00 0 
7f9691470000-7f969156e000 rw-p 00000000 00:00 0                          [stack:13764]
7f969156e000-7f969156f000 ---p 00000000 00:00 0 
7f969156f000-7f969166f000 rw-p 00000000 00:00 0                          [stack:13754]
7f969166f000-7f9691672000 ---p 00000000 00:00 0 
7f9691672000-7f9691770000 rw-p 00000000 00:00 0                          [stack:13753]
7f9691770000-7f9691773000 ---p 00000000 00:00 0 
7f9691773000-7f9691871000 rw-p 00000000 00:00 0                          [stack:13752]
7f9691871000-7f9691874000 ---p 00000000 00:00 0 
7f9691874000-7f9691972000 rw-p 00000000 00:00 0                          [stack:13751]
7f9691972000-7f9691975000 ---p 00000000 00:00 0 
7f9691975000-7f9691a73000 rw-p 00000000 00:00 0                          [stack:13750]
7f9691a73000-7f9691a76000 ---p 00000000 00:00 0 
7f9691a76000-7f9691b74000 rw-p 00000000 00:00 0                          [stack:13749]
7f9691b74000-7f9691cfd000 r--p 00000000 08:04 924362                     /usr/lib/locale/locale-archive
7f9691cfd000-7f9691d00000 ---p 00000000 00:00 0 
7f9691d00000-7f9691dfe000 rw-p 00000000 00:00 0                          [stack:13748]
7f9691dfe000-7f9691e01000 ---p 00000000 00:00 0 
7f9691e01000-7f9691eff000 rw-p 00000000 00:00 0                          [stack:13747]
7f9691eff000-7f9691f00000 ---p 00000000 00:00 0 
7f9691f00000-7f9694000000 rw-p 00000000 00:00 0                          [stack:13746]
7f9694000000-7f9694021000 rw-p 00000000 00:00 0 
7f9694021000-7f9698000000 ---p 00000000 00:00 0 
7f969801a000-7f9698e28000 rw-p 00000000 00:00 0 
7f9698e28000-7f9699000000 r--s 03d29000 08:04 2360825                    /opt/jdk/jdk1.8.0_102/jre/lib/rt.jar
7f9699000000-7f96995f0000 rwxp 00000000 00:00 0 
7f96995f0000-7f96a8000000 ---p 00000000 00:00 0 
7f96a8000000-7f96a8391000 rw-p 00000000 00:00 0 
7f96a8391000-7f96ac000000 ---p 00000000 00:00 0 
7f96ac016000-7f96ac024000 r--s 000e0000 08:04 528314                     /home/alexis/Android/Sdk/build-tools/24.0.1/lib/dx.jar
7f96ac024000-7f96ac8cd000 rw-p 00000000 00:00 0 
7f96ac8cd000-7f96aca4d000 ---p 00000000 00:00 0 
7f96aca4d000-7f96acc4d000 rw-p 00000000 00:00 0 
7f96acc4d000-7f96acc4e000 ---p 00000000 00:00 0 
7f96acc4e000-7f96acd4e000 rw-p 00000000 00:00 0                          [stack:13744]
7f96acd4e000-7f96acd4f000 ---p 00000000 00:00 0 
7f96acd4f000-7f96ace4f000 rw-p 00000000 00:00 0                          [stack:13743]
7f96ace4f000-7f96ace50000 ---p 00000000 00:00 0 
7f96ace50000-7f96acf50000 rw-p 00000000 00:00 0                          [stack:13742]
7f96acf50000-7f96acf51000 ---p 00000000 00:00 0 
7f96acf51000-7f96ad07b000 rw-p 00000000 00:00 0                          [stack:13741]
7f96ad07b000-7f96ad1a7000 ---p 00000000 00:00 0 
7f96ad1a7000-7f96ad1d1000 rw-p 00000000 00:00 0 
7f96ad1d1000-7f96ad2fc000 ---p 00000000 00:00 0 
7f96ad2fc000-7f96ad340000 rw-p 00000000 00:00 0 
7f96ad340000-7f96ad3a7000 ---p 00000000 00:00 0 
7f96ad3a7000-7f96ad3c0000 rw-p 00000000 00:00 0 
7f96ad3c0000-7f96ad768000 ---p 00000000 00:00 0 
7f96ad768000-7f96ad782000 r-xp 00000000 08:04 2360856                    /opt/jdk/jdk1.8.0_102/jre/lib/amd64/libzip.so
7f96ad782000-7f96ad982000 ---p 0001a000 08:04 2360856                    /opt/jdk/jdk1.8.0_102/jre/lib/amd64/libzip.so
7f96ad982000-7f96ad983000 rw-p 0001a000 08:04 2360856                    /opt/jdk/jdk1.8.0_102/jre/lib/amd64/libzip.so
7f96ad983000-7f96ad98e000 r-xp 00000000 08:04 794090                     /lib/x86_64-linux-gnu/libnss_files-2.19.so
7f96ad98e000-7f96adb8d000 ---p 0000b000 08:04 794090                     /lib/x86_64-linux-gnu/libnss_files-2.19.so
7f96adb8d000-7f96adb8e000 r--p 0000a000 08:04 794090                     /lib/x86_64-linux-gnu/libnss_files-2.19.so
7f96adb8e000-7f96adb8f000 rw-p 0000b000 08:04 794090                     /lib/x86_64-linux-gnu/libnss_files-2.19.so
7f96adb8f000-7f96adb99000 r-xp 00000000 08:04 795042                     /lib/x86_64-linux-gnu/libnss_nis-2.19.so
7f96adb99000-7f96add98000 ---p 0000a000 08:04 795042                     /lib/x86_64-linux-gnu/libnss_nis-2.19.so
7f96add98000-7f96add99000 r--p 00009000 08:04 795042                     /lib/x86_64-linux-gnu/libnss_nis-2.19.so
7f96add99000-7f96add9a000 rw-p 0000a000 08:04 795042                     /lib/x86_64-linux-gnu/libnss_nis-2.19.so
7f96add9a000-7f96addaf000 r-xp 00000000 08:04 794087                     /lib/x86_64-linux-gnu/libnsl-2.19.so
7f96addaf000-7f96adfae000 ---p 00015000 08:04 794087                     /lib/x86_64-linux-gnu/libnsl-2.19.so
7f96adfae000-7f96adfaf000 r--p 00014000 08:04 794087                     /lib/x86_64-linux-gnu/libnsl-2.19.so
7f96adfaf000-7f96adfb0000 rw-p 00015000 08:04 794087                     /lib/x86_64-linux-gnu/libnsl-2.19.so
7f96adfb0000-7f96adfb2000 rw-p 00000000 00:00 0 
7f96adfb2000-7f96adfb9000 r-xp 00000000 08:04 794088                     /lib/x86_64-linux-gnu/libnss_compat-2.19.so
7f96adfb9000-7f96ae1b8000 ---p 00007000 08:04 794088                     /lib/x86_64-linux-gnu/libnss_compat-2.19.so
7f96ae1b8000-7f96ae1b9000 r--p 00006000 08:04 794088                     /lib/x86_64-linux-gnu/libnss_compat-2.19.so
7f96ae1b9000-7f96ae1ba000 rw-p 00007000 08:04 794088                     /lib/x86_64-linux-gnu/libnss_compat-2.19.so
7f96ae1ba000-7f96ae1e4000 r-xp 00000000 08:04 2360883                    /opt/jdk/jdk1.8.0_102/jre/lib/amd64/libjava.so
7f96ae1e4000-7f96ae3e4000 ---p 0002a000 08:04 2360883                    /opt/jdk/jdk1.8.0_102/jre/lib/amd64/libjava.so
7f96ae3e4000-7f96ae3e6000 rw-p 0002a000 08:04 2360883                    /opt/jdk/jdk1.8.0_102/jre/lib/amd64/libjava.so
7f96ae3e6000-7f96ae3f3000 r-xp 00000000 08:04 2360834                    /opt/jdk/jdk1.8.0_102/jre/lib/amd64/libverify.so
7f96ae3f3000-7f96ae5f3000 ---p 0000d000 08:04 2360834                    /opt/jdk/jdk1.8.0_102/jre/lib/amd64/libverify.so
7f96ae5f3000-7f96ae5f5000 rw-p 0000d000 08:04 2360834                    /opt/jdk/jdk1.8.0_102/jre/lib/amd64/libverify.so
7f96ae5f5000-7f96ae5fc000 r-xp 00000000 08:04 795046                     /lib/x86_64-linux-gnu/librt-2.19.so
7f96ae5fc000-7f96ae7fb000 ---p 00007000 08:04 795046                     /lib/x86_64-linux-gnu/librt-2.19.so
7f96ae7fb000-7f96ae7fc000 r--p 00006000 08:04 795046                     /lib/x86_64-linux-gnu/librt-2.19.so
7f96ae7fc000-7f96ae7fd000 rw-p 00007000 08:04 795046                     /lib/x86_64-linux-gnu/librt-2.19.so
7f96ae7fd000-7f96ae8fd000 r-xp 00000000 08:04 794085                     /lib/x86_64-linux-gnu/libm-2.19.so
7f96ae8fd000-7f96aeafc000 ---p 00100000 08:04 794085                     /lib/x86_64-linux-gnu/libm-2.19.so
7f96aeafc000-7f96aeafd000 r--p 000ff000 08:04 794085                     /lib/x86_64-linux-gnu/libm-2.19.so
7f96aeafd000-7f96aeafe000 rw-p 00100000 08:04 794085                     /lib/x86_64-linux-gnu/libm-2.19.so
7f96aeafe000-7f96af7ca000 r-xp 00000000 08:04 2360887                    /opt/jdk/jdk1.8.0_102/jre/lib/amd64/server/libjvm.so
7f96af7ca000-7f96af9ca000 ---p 00ccc000 08:04 2360887                    /opt/jdk/jdk1.8.0_102/jre/lib/amd64/server/libjvm.so
7f96af9ca000-7f96afaa3000 rw-p 00ccc000 08:04 2360887                    /opt/jdk/jdk1.8.0_102/jre/lib/amd64/server/libjvm.so
7f96afaa3000-7f96afaee000 rw-p 00000000 00:00 0 
7f96afaee000-7f96afc8f000 r-xp 00000000 08:04 793880                     /lib/x86_64-linux-gnu/libc-2.19.so
7f96afc8f000-7f96afe8f000 ---p 001a1000 08:04 793880                     /lib/x86_64-linux-gnu/libc-2.19.so
7f96afe8f000-7f96afe93000 r--p 001a1000 08:04 793880                     /lib/x86_64-linux-gnu/libc-2.19.so
7f96afe93000-7f96afe95000 rw-p 001a5000 08:04 793880                     /lib/x86_64-linux-gnu/libc-2.19.so
7f96afe95000-7f96afe99000 rw-p 00000000 00:00 0 
7f96afe99000-7f96afe9c000 r-xp 00000000 08:04 794084                     /lib/x86_64-linux-gnu/libdl-2.19.so
7f96afe9c000-7f96b009b000 ---p 00003000 08:04 794084                     /lib/x86_64-linux-gnu/libdl-2.19.so
7f96b009b000-7f96b009c000 r--p 00002000 08:04 794084                     /lib/x86_64-linux-gnu/libdl-2.19.so
7f96b009c000-7f96b009d000 rw-p 00003000 08:04 794084                     /lib/x86_64-linux-gnu/libdl-2.19.so
7f96b009d000-7f96b00b2000 r-xp 00000000 08:04 2359968                    /opt/jdk/jdk1.8.0_102/lib/amd64/jli/libjli.so
7f96b00b2000-7f96b02b2000 ---p 00015000 08:04 2359968                    /opt/jdk/jdk1.8.0_102/lib/amd64/jli/libjli.so
7f96b02b2000-7f96b02b3000 rw-p 00015000 08:04 2359968                    /opt/jdk/jdk1.8.0_102/lib/amd64/jli/libjli.so
7f96b02b3000-7f96b02cb000 r-xp 00000000 08:04 793541                     /lib/x86_64-linux-gnu/libpthread-2.19.so
7f96b02cb000-7f96b04ca000 ---p 00018000 08:04 793541                     /lib/x86_64-linux-gnu/libpthread-2.19.so
7f96b04ca000-7f96b04cb000 r--p 00017000 08:04 793541                     /lib/x86_64-linux-gnu/libpthread-2.19.so
7f96b04cb000-7f96b04cc000 rw-p 00018000 08:04 793541                     /lib/x86_64-linux-gnu/libpthread-2.19.so
7f96b04cc000-7f96b04d0000 rw-p 00000000 00:00 0 
7f96b04d0000-7f96b04f0000 r-xp 00000000 08:04 793563                     /lib/x86_64-linux-gnu/ld-2.19.so
7f96b04fb000-7f96b05d4000 rw-p 00000000 00:00 0 
7f96b05d4000-7f96b05d7000 ---p 00000000 00:00 0 
7f96b05d7000-7f96b06d9000 rw-p 00000000 00:00 0                          [stack:13738]
7f96b06dc000-7f96b06dd000 rw-p 00000000 00:00 0 
7f96b06dd000-7f96b06e4000 r--s 00000000 08:04 1060537                    /usr/lib/x86_64-linux-gnu/gconv/gconv-modules.cache
7f96b06e4000-7f96b06ec000 rw-s 00000000 08:04 3289761                    /tmp/hsperfdata_alexis/13736
7f96b06ec000-7f96b06ed000 rw-p 00000000 00:00 0 
7f96b06ed000-7f96b06ee000 ---p 00000000 00:00 0 
7f96b06ee000-7f96b06f0000 rw-p 00000000 00:00 0 
7f96b06f0000-7f96b06f1000 r--p 00020000 08:04 793563                     /lib/x86_64-linux-gnu/ld-2.19.so
7f96b06f1000-7f96b06f2000 rw-p 00021000 08:04 793563                     /lib/x86_64-linux-gnu/ld-2.19.so
7f96b06f2000-7f96b06f3000 rw-p 00000000 00:00 0 
7fff5a10c000-7fff5a12d000 rw-p 00000000 00:00 0                          [stack]
7fff5a142000-7fff5a144000 r-xp 00000000 00:00 0                          [vdso]
7fff5a144000-7fff5a146000 r--p 00000000 00:00 0                          [vvar]
ffffffffff600000-ffffffffff601000 r-xp 00000000 00:00 0                  [vsyscall]

VM Arguments:
jvm_args: -Djava.awt.headless=true -Xmx1024M -Dfile.encoding=UTF-8 -Duser.country=AR -Duser.language=es -Duser.variant 
java_command: com.android.dx.command.Main --dex --force-jumbo --num-threads=4 --multi-dex --output /home/alexis/Geobus/app/build/intermediates/transforms/dex/debug/folders/1000/5/slice_4 /home/alexis/Geobus/app/build/intermediates/transforms/instantRunSlicer/debug/folders/1/5/slice_4
java_class_path (initial): /home/alexis/Android/Sdk/build-tools/24.0.1/lib/dx.jar
Launcher Type: SUN_STANDARD

Environment Variables:
PATH=/home/alexis/bin:/usr/sbin:/sbin:/usr/local/bin:/usr/bin:/bin:/usr/local/games:/usr/games
LD_LIBRARY_PATH=/opt/android-studio/bin/.:
SHELL=/bin/bash
DISPLAY=:0

Signal Handlers:
SIGSEGV: [libjvm.so+0xac5b30], sa_mask[0]=11111111011111111101111111111110, sa_flags=SA_RESTART|SA_SIGINFO
SIGBUS: [libjvm.so+0xac5b30], sa_mask[0]=11111111011111111101111111111110, sa_flags=SA_RESTART|SA_SIGINFO
SIGFPE: [libjvm.so+0x91f470], sa_mask[0]=11111111011111111101111111111110, sa_flags=SA_RESTART|SA_SIGINFO
SIGPIPE: [libjvm.so+0x91f470], sa_mask[0]=11111111011111111101111111111110, sa_flags=SA_RESTART|SA_SIGINFO
SIGXFSZ: [libjvm.so+0x91f470], sa_mask[0]=11111111011111111101111111111110, sa_flags=SA_RESTART|SA_SIGINFO
SIGILL: [libjvm.so+0x91f470], sa_mask[0]=11111111011111111101111111111110, sa_flags=SA_RESTART|SA_SIGINFO
SIGUSR1: SIG_DFL, sa_mask[0]=00000000000000000000000000000000, sa_flags=none
SIGUSR2: [libjvm.so+0x920aa0], sa_mask[0]=00100000000000000000000000000000, sa_flags=SA_RESTART|SA_SIGINFO
SIGHUP: [libjvm.so+0x921ea0], sa_mask[0]=11111111011111111101111111111110, sa_flags=SA_RESTART|SA_SIGINFO
SIGINT: [libjvm.so+0x921ea0], sa_mask[0]=11111111011111111101111111111110, sa_flags=SA_RESTART|SA_SIGINFO
SIGTERM: [libjvm.so+0x921ea0], sa_mask[0]=11111111011111111101111111111110, sa_flags=SA_RESTART|SA_SIGINFO
SIGQUIT: [libjvm.so+0x921ea0], sa_mask[0]=11111111011111111101111111111110, sa_flags=SA_RESTART|SA_SIGINFO


---------------  S Y S T E M  ---------------

OS:DISTRIB_ID="BunsenLabs"
DISTRIB_DESCRIPTION="BunsenLabs GNU/Linux 8.5 (Hydrogen)"
DISTRIB_RELEASE="8.5"
DISTRIB_CODENAME="bunsen-hydrogen"

uname:Linux 3.16.0-4-amd64 #1 SMP Debian 3.16.7-ckt25-2+deb8u3 (2016-07-02) x86_64
libc:glibc 2.19 NPTL 2.19 
rlimit: STACK 8192k, CORE 0k, NPROC 31341, NOFILE 65536, AS infinity
load average:9,86 4,50 4,64

/proc/meminfo:
MemTotal:        8045472 kB
MemFree:          133756 kB
MemAvailable:     125060 kB
Buffers:            2536 kB
Cached:          1984320 kB
SwapCached:            0 kB
Active:          5920784 kB
Inactive:        1790400 kB
Active(anon):    5867916 kB
Inactive(anon):  1737840 kB
Active(file):      52868 kB
Inactive(file):    52560 kB
Unevictable:          32 kB
Mlocked:              32 kB
SwapTotal:             0 kB
SwapFree:              0 kB
Dirty:               164 kB
Writeback:             0 kB
AnonPages:       5724988 kB
Mapped:           602060 kB
Shmem:           1880736 kB
Slab:              95944 kB
SReclaimable:      46120 kB
SUnreclaim:        49824 kB
KernelStack:       11920 kB
PageTables:        47696 kB
NFS_Unstable:          0 kB
Bounce:                0 kB
WritebackTmp:          0 kB
CommitLimit:     4022736 kB
Committed_AS:   13598068 kB
VmallocTotal:   34359738367 kB
VmallocUsed:      554552 kB
VmallocChunk:   34359134188 kB
HardwareCorrupted:     0 kB
AnonHugePages:         0 kB
HugePages_Total:       0
HugePages_Free:        0
HugePages_Rsvd:        0
HugePages_Surp:        0
Hugepagesize:       2048 kB
DirectMap4k:       53504 kB
DirectMap2M:     8183808 kB


CPU:total 4 (2 cores per cpu, 2 threads per core) family 6 model 42 stepping 7, cmov, cx8, fxsr, mmx, sse, sse2, sse3, ssse3, sse4.1, sse4.2, popcnt, avx, aes, clmul, ht, tsc, tscinvbit

/proc/cpuinfo:
processor	: 0
vendor_id	: GenuineIntel
cpu family	: 6
model		: 42
model name	: Intel(R) Core(TM) i5-2410M CPU @ 2.30GHz
stepping	: 7
microcode	: 0x29
cpu MHz		: 2636.105
cache size	: 3072 KB
physical id	: 0
siblings	: 4
core id		: 0
cpu cores	: 2
apicid		: 0
initial apicid	: 0
fpu		: yes
fpu_exception	: yes
cpuid level	: 13
wp		: yes
flags		: fpu vme de pse tsc msr pae mce cx8 apic sep mtrr pge mca cmov pat pse36 clflush dts acpi mmx fxsr sse sse2 ss ht tm pbe syscall nx rdtscp lm constant_tsc arch_perfmon pebs bts rep_good nopl xtopology nonstop_tsc aperfmperf eagerfpu pni pclmulqdq dtes64 monitor ds_cpl vmx est tm2 ssse3 cx16 xtpr pdcm pcid sse4_1 sse4_2 x2apic popcnt tsc_deadline_timer aes xsave avx lahf_lm ida arat epb xsaveopt pln pts dtherm tpr_shadow vnmi flexpriority ept vpid
bogomips	: 4589.83
clflush size	: 64
cache_alignment	: 64
address sizes	: 36 bits physical, 48 bits virtual
power management:

processor	: 1
vendor_id	: GenuineIntel
cpu family	: 6
model		: 42
model name	: Intel(R) Core(TM) i5-2410M CPU @ 2.30GHz
stepping	: 7
microcode	: 0x29
cpu MHz		: 2562.433
cache size	: 3072 KB
physical id	: 0
siblings	: 4
core id		: 0
cpu cores	: 2
apicid		: 1
initial apicid	: 1
fpu		: yes
fpu_exception	: yes
cpuid level	: 13
wp		: yes
flags		: fpu vme de pse tsc msr pae mce cx8 apic sep mtrr pge mca cmov pat pse36 clflush dts acpi mmx fxsr sse sse2 ss ht tm pbe syscall nx rdtscp lm constant_tsc arch_perfmon pebs bts rep_good nopl xtopology nonstop_tsc aperfmperf eagerfpu pni pclmulqdq dtes64 monitor ds_cpl vmx est tm2 ssse3 cx16 xtpr pdcm pcid sse4_1 sse4_2 x2apic popcnt tsc_deadline_timer aes xsave avx lahf_lm ida arat epb xsaveopt pln pts dtherm tpr_shadow vnmi flexpriority ept vpid
bogomips	: 4589.83
clflush size	: 64
cache_alignment	: 64
address sizes	: 36 bits physical, 48 bits virtual
power management:

processor	: 2
vendor_id	: GenuineIntel
cpu family	: 6
model		: 42
model name	: Intel(R) Core(TM) i5-2410M CPU @ 2.30GHz
stepping	: 7
microcode	: 0x29
cpu MHz		: 2562.433
cache size	: 3072 KB
physical id	: 0
siblings	: 4
core id		: 1
cpu cores	: 2
apicid		: 2
initial apicid	: 2
fpu		: yes
fpu_exception	: yes
cpuid level	: 13
wp		: yes
flags		: fpu vme de pse tsc msr pae mce cx8 apic sep mtrr pge mca cmov pat pse36 clflush dts acpi mmx fxsr sse sse2 ss ht tm pbe syscall nx rdtscp lm constant_tsc arch_perfmon pebs bts rep_good nopl xtopology nonstop_tsc aperfmperf eagerfpu pni pclmulqdq dtes64 monitor ds_cpl vmx est tm2 ssse3 cx16 xtpr pdcm pcid sse4_1 sse4_2 x2apic popcnt tsc_deadline_timer aes xsave avx lahf_lm ida arat epb xsaveopt pln pts dtherm tpr_shadow vnmi flexpriority ept vpid
bogomips	: 4589.83
clflush size	: 64
cache_alignment	: 64
address sizes	: 36 bits physical, 48 bits virtual
power management:

processor	: 3
vendor_id	: GenuineIntel
cpu family	: 6
model		: 42
model name	: Intel(R) Core(TM) i5-2410M CPU @ 2.30GHz
stepping	: 7
microcode	: 0x29
cpu MHz		: 2562.433
cache size	: 3072 KB
physical id	: 0
siblings	: 4
core id		: 1
cpu cores	: 2
apicid		: 3
initial apicid	: 3
fpu		: yes
fpu_exception	: yes
cpuid level	: 13
wp		: yes
flags		: fpu vme de pse tsc msr pae mce cx8 apic sep mtrr pge mca cmov pat pse36 clflush dts acpi mmx fxsr sse sse2 ss ht tm pbe syscall nx rdtscp lm constant_tsc arch_perfmon pebs bts rep_good nopl xtopology nonstop_tsc aperfmperf eagerfpu pni pclmulqdq dtes64 monitor ds_cpl vmx est tm2 ssse3 cx16 xtpr pdcm pcid sse4_1 sse4_2 x2apic popcnt tsc_deadline_timer aes xsave avx lahf_lm ida arat epb xsaveopt pln pts dtherm tpr_shadow vnmi flexpriority ept vpid
bogomips	: 4589.83
clflush size	: 64
cache_alignment	: 64
address sizes	: 36 bits physical, 48 bits virtual
power management:



Memory: 4k page, physical 8045472k(133508k free), swap 0k(0k free)

vm_info: Java HotSpot(TM) 64-Bit Server VM (25.102-b14) for linux-amd64 JRE (1.8.0_102-b14), built on Jun 22 2016 18:43:17 by "java_re" with gcc 4.3.0 20080428 (Red Hat 4.3.0-8)

time: Tue Jan 31 00:41:24 2017
elapsed time: 11 seconds (0d 0h 0m 11s)

