#
# There is insufficient memory for the Java Runtime Environment to continue.
# Native memory allocation (mmap) failed to map 65011712 bytes for committing reserved memory.
# Possible reasons:
#   The system is out of physical RAM or swap space
#   In 32 bit mode, the process size limit was hit
# Possible solutions:
#   Reduce memory load on the system
#   Increase physical memory or swap space
#   Check if swap backing store is full
#   Use 64 bit Java on a 64 bit OS
#   Decrease Java heap size (-Xmx/-Xms)
#   Decrease number of Java threads
#   Decrease Java thread stack sizes (-Xss)
#   Set larger code cache with -XX:ReservedCodeCacheSize=
# This output file may be truncated or incomplete.
#
#  Out of Memory Error (os_linux.cpp:2627), pid=3501, tid=0x00007f8d57fff700
#
# JRE version: Java(TM) SE Runtime Environment (8.0_102-b14) (build 1.8.0_102-b14)
# Java VM: Java HotSpot(TM) 64-Bit Server VM (25.102-b14 mixed mode linux-amd64 compressed oops)
# Failed to write core dump. Core dumps have been disabled. To enable core dumping, try "ulimit -c unlimited" before starting Java again
#

---------------  T H R E A D  ---------------

Current thread (0x00007f8d70078000):  VMThread [stack: 0x00007f8d57eff000,0x00007f8d58000000] [id=3543]

Stack: [0x00007f8d57eff000,0x00007f8d58000000],  sp=0x00007f8d57ffe2a0,  free space=1020k
Native frames: (J=compiled Java code, j=interpreted, Vv=VM code, C=native code)
V  [libjvm.so+0xac52aa]  VMError::report_and_die()+0x2ba
V  [libjvm.so+0x4fc29b]  report_vm_out_of_memory(char const*, int, unsigned long, VMErrorType, char const*)+0x8b
V  [libjvm.so+0x922603]  os::Linux::commit_memory_impl(char*, unsigned long, bool)+0x103
V  [libjvm.so+0x922b59]  os::pd_commit_memory(char*, unsigned long, unsigned long, bool)+0x29
V  [libjvm.so+0x91ce5a]  os::commit_memory(char*, unsigned long, unsigned long, bool)+0x2a
V  [libjvm.so+0x9915e3]  PSVirtualSpace::expand_by(unsigned long)+0x53
V  [libjvm.so+0x9929e8]  PSYoungGen::resize_generation(unsigned long, unsigned long)+0xf8
V  [libjvm.so+0x991b42]  PSYoungGen::resize(unsigned long, unsigned long)+0x22
V  [libjvm.so+0x98ee1b]  PSScavenge::invoke_no_policy()+0xf3b
V  [libjvm.so+0x98f5a1]  PSScavenge::invoke()+0x41
V  [libjvm.so+0x9462f0]  ParallelScavengeHeap::failed_mem_allocate(unsigned long)+0x70
V  [libjvm.so+0xac6cc7]  VM_ParallelGCFailedAllocation::doit()+0x97
V  [libjvm.so+0xace7a5]  VM_Operation::evaluate()+0x55
V  [libjvm.so+0xaccb7a]  VMThread::evaluate_operation(VM_Operation*)+0xba
V  [libjvm.so+0xaccefe]  VMThread::loop()+0x1ce
V  [libjvm.so+0xacd370]  VMThread::run()+0x70
V  [libjvm.so+0x9249c8]  java_start(Thread*)+0x108

VM_Operation (0x00007f8d57167b70): ParallelGCFailedAllocation, mode: safepoint, requested by thread 0x00007f8d701ba000


---------------  P R O C E S S  ---------------

Java Threads: ( => current thread )
  0x00007f8d701ba000 JavaThread "pool-2-thread-4" [_thread_blocked, id=3587, stack(0x00007f8d57069000,0x00007f8d5716a000)]
  0x00007f8d701b8000 JavaThread "pool-2-thread-3" [_thread_blocked, id=3585, stack(0x00007f8d5716a000,0x00007f8d5726b000)]
  0x00007f8d701b6800 JavaThread "pool-2-thread-2" [_thread_blocked, id=3584, stack(0x00007f8d5726b000,0x00007f8d5736c000)]
  0x00007f8d701b5800 JavaThread "pool-3-thread-1" [_thread_blocked, id=3583, stack(0x00007f8d5736c000,0x00007f8d5746d000)]
  0x00007f8d701b3800 JavaThread "pool-2-thread-1" [_thread_blocked, id=3582, stack(0x00007f8d5746d000,0x00007f8d5756e000)]
  0x00007f8d700d2000 JavaThread "Service Thread" daemon [_thread_blocked, id=3572, stack(0x00007f8d5766f000,0x00007f8d57770000)]
  0x00007f8d700bd000 JavaThread "C1 CompilerThread2" daemon [_thread_blocked, id=3571, stack(0x00007f8d57770000,0x00007f8d57871000)]
  0x00007f8d700bb800 JavaThread "C2 CompilerThread1" daemon [_thread_blocked, id=3568, stack(0x00007f8d57871000,0x00007f8d57972000)]
  0x00007f8d700b8800 JavaThread "C2 CompilerThread0" daemon [_thread_blocked, id=3567, stack(0x00007f8d57972000,0x00007f8d57a73000)]
  0x00007f8d700b7000 JavaThread "Signal Dispatcher" daemon [_thread_blocked, id=3565, stack(0x00007f8d57a73000,0x00007f8d57b74000)]
  0x00007f8d70084000 JavaThread "Finalizer" daemon [_thread_blocked, id=3551, stack(0x00007f8d57cfd000,0x00007f8d57dfe000)]
  0x00007f8d7007f800 JavaThread "Reference Handler" daemon [_thread_blocked, id=3548, stack(0x00007f8d57dfe000,0x00007f8d57eff000)]
  0x00007f8d7000a000 JavaThread "main" [_thread_blocked, id=3520, stack(0x00007f8d765c4000,0x00007f8d766c5000)]

Other Threads:
=>0x00007f8d70078000 VMThread [stack: 0x00007f8d57eff000,0x00007f8d58000000] [id=3543]
  0x00007f8d700d5000 WatcherThread [stack: 0x00007f8d5756e000,0x00007f8d5766f000] [id=3577]

VM state:at safepoint (normal execution)

VM Mutex/Monitor currently owned by a thread:  ([mutex/lock_event])
[0x00007f8d700064c0] Threads_lock - owner thread: 0x00007f8d70078000
[0x00007f8d700069c0] Heap_lock - owner thread: 0x00007f8d701ba000

Heap:
 PSYoungGen      total 68608K, used 5104K [0x00000000eab00000, 0x00000000ef300000, 0x0000000100000000)
  eden space 63488K, 0% used [0x00000000eab00000,0x00000000eab00000,0x00000000ee900000)
  from space 5120K, 99% used [0x00000000ee900000,0x00000000eedfc038,0x00000000eee00000)
  to   space 5120K, 0% used [0x00000000eee00000,0x00000000eee00000,0x00000000ef300000)
 ParOldGen       total 84992K, used 12288K [0x00000000c0000000, 0x00000000c5300000, 0x00000000eab00000)
  object space 84992K, 14% used [0x00000000c0000000,0x00000000c0c00340,0x00000000c5300000)
 Metaspace       used 5902K, capacity 6896K, committed 7040K, reserved 1056768K
  class space    used 590K, capacity 616K, committed 640K, reserved 1048576K

Card table byte_map: [0x00007f8d5ffed000,0x00007f8d601ee000] byte_map_base: 0x00007f8d5f9ed000

Marking Bits: (ParMarkBitMap*) 0x00007f8d75ab0c60
 Begin Bits: [0x00007f8d5dbe9000, 0x00007f8d5ebe9000)
 End Bits:   [0x00007f8d5ebe9000, 0x00007f8d5fbe9000)

Polling page: 0x00007f8d766dd000

CodeCache: size=245760Kb used=4284Kb max_used=4284Kb free=241475Kb
 bounds [0x00007f8d605ae000, 0x00007f8d609ee000, 0x00007f8d6f5ae000]
 total_blobs=1445 nmethods=1178 adapters=181
 compilation: enabled

Compilation events (10 events):
Event: 4,546 Thread 0x00007f8d700bd000 nmethod 1338 0x00007f8d609ddc90 code [0x00007f8d609ddf00, 0x00007f8d609def18]
Event: 4,546 Thread 0x00007f8d700bd000 1337       2       com.android.dx.util.Bits::isEmpty (26 bytes)
Event: 4,546 Thread 0x00007f8d700bd000 nmethod 1337 0x00007f8d609dfb90 code [0x00007f8d609dfd00, 0x00007f8d609dfeb0]
Event: 4,546 Thread 0x00007f8d700bd000 1261       2       com.android.dx.ssa.PhiTypeResolver::equalsHandlesNulls (23 bytes)
Event: 4,546 Thread 0x00007f8d700bd000 nmethod 1261 0x00007f8d609dff90 code [0x00007f8d609e0100, 0x00007f8d609e0288]
Event: 4,546 Thread 0x00007f8d700bd000 1273       2       com.android.dx.dex.code.RopTranslator$TranslationVisitor::getNextMoveResultPseudo (55 bytes)
Event: 4,547 Thread 0x00007f8d700bd000 nmethod 1273 0x00007f8d609e0310 code [0x00007f8d609e04a0, 0x00007f8d609e06d8]
Event: 4,547 Thread 0x00007f8d700bd000 1317       2       com.android.dx.rop.code.RegisterSpecList::getType (12 bytes)
Event: 4,547 Thread 0x00007f8d700bd000 nmethod 1317 0x00007f8d609e0910 code [0x00007f8d609e0a80, 0x00007f8d609e0c58]
Event: 4,547 Thread 0x00007f8d700bd000 1310       2       com.android.dx.cf.code.Simulator$SimVisitor::visitNoArgs (2136 bytes)

GC Heap History (5 events):
Event: 2,101 GC heap before
{Heap before GC invocations=1 (full 0):
 PSYoungGen      total 36864K, used 31744K [0x00000000eab00000, 0x00000000ed400000, 0x0000000100000000)
  eden space 31744K, 100% used [0x00000000eab00000,0x00000000eca00000,0x00000000eca00000)
  from space 5120K, 0% used [0x00000000ecf00000,0x00000000ecf00000,0x00000000ed400000)
  to   space 5120K, 0% used [0x00000000eca00000,0x00000000eca00000,0x00000000ecf00000)
 ParOldGen       total 84992K, used 0K [0x00000000c0000000, 0x00000000c5300000, 0x00000000eab00000)
  object space 84992K, 0% used [0x00000000c0000000,0x00000000c0000000,0x00000000c5300000)
 Metaspace       used 5751K, capacity 6768K, committed 7040K, reserved 1056768K
  class space    used 589K, capacity 616K, committed 640K, reserved 1048576K
Event: 2,138 GC heap after
Heap after GC invocations=1 (full 0):
 PSYoungGen      total 36864K, used 5113K [0x00000000eab00000, 0x00000000ef300000, 0x0000000100000000)
  eden space 31744K, 0% used [0x00000000eab00000,0x00000000eab00000,0x00000000eca00000)
  from space 5120K, 99% used [0x00000000eca00000,0x00000000ecefe7f8,0x00000000ecf00000)
  to   space 5120K, 0% used [0x00000000eee00000,0x00000000eee00000,0x00000000ef300000)
 ParOldGen       total 84992K, used 238K [0x00000000c0000000, 0x00000000c5300000, 0x00000000eab00000)
  object space 84992K, 0% used [0x00000000c0000000,0x00000000c003bb90,0x00000000c5300000)
 Metaspace       used 5751K, capacity 6768K, committed 7040K, reserved 1056768K
  class space    used 589K, capacity 616K, committed 640K, reserved 1048576K
}
Event: 3,352 GC heap before
{Heap before GC invocations=2 (full 0):
 PSYoungGen      total 36864K, used 36857K [0x00000000eab00000, 0x00000000ef300000, 0x0000000100000000)
  eden space 31744K, 100% used [0x00000000eab00000,0x00000000eca00000,0x00000000eca00000)
  from space 5120K, 99% used [0x00000000eca00000,0x00000000ecefe7f8,0x00000000ecf00000)
  to   space 5120K, 0% used [0x00000000eee00000,0x00000000eee00000,0x00000000ef300000)
 ParOldGen       total 84992K, used 238K [0x00000000c0000000, 0x00000000c5300000, 0x00000000eab00000)
  object space 84992K, 0% used [0x00000000c0000000,0x00000000c003bb90,0x00000000c5300000)
 Metaspace       used 5836K, capacity 6832K, committed 7040K, reserved 1056768K
  class space    used 590K, capacity 616K, committed 640K, reserved 1048576K
Event: 3,420 GC heap after
Heap after GC invocations=2 (full 0):
 PSYoungGen      total 68608K, used 5111K [0x00000000eab00000, 0x00000000ef300000, 0x0000000100000000)
  eden space 63488K, 0% used [0x00000000eab00000,0x00000000eab00000,0x00000000ee900000)
  from space 5120K, 99% used [0x00000000eee00000,0x00000000ef2fdc88,0x00000000ef300000)
  to   space 5120K, 0% used [0x00000000ee900000,0x00000000ee900000,0x00000000eee00000)
 ParOldGen       total 84992K, used 4014K [0x00000000c0000000, 0x00000000c5300000, 0x00000000eab00000)
  object space 84992K, 4% used [0x00000000c0000000,0x00000000c03eb8e0,0x00000000c5300000)
 Metaspace       used 5836K, capacity 6832K, committed 7040K, reserved 1056768K
  class space    used 590K, capacity 616K, committed 640K, reserved 1048576K
}
Event: 4,615 GC heap before
{Heap before GC invocations=3 (full 0):
 PSYoungGen      total 68608K, used 68599K [0x00000000eab00000, 0x00000000ef300000, 0x0000000100000000)
  eden space 63488K, 100% used [0x00000000eab00000,0x00000000ee900000,0x00000000ee900000)
  from space 5120K, 99% used [0x00000000eee00000,0x00000000ef2fdc88,0x00000000ef300000)
  to   space 5120K, 0% used [0x00000000ee900000,0x00000000ee900000,0x00000000eee00000)
 ParOldGen       total 84992K, used 4014K [0x00000000c0000000, 0x00000000c5300000, 0x00000000eab00000)
  object space 84992K, 4% used [0x00000000c0000000,0x00000000c03eb8e0,0x00000000c5300000)
 Metaspace       used 5902K, capacity 6896K, committed 7040K, reserved 1056768K
  class space    used 590K, capacity 616K, committed 640K, reserved 1048576K

Deoptimization events (9 events):
Event: 0,533 Thread 0x00007f8d7000a000 Uncommon trap: reason=unstable_if action=reinterpret pc=0x00007f8d60700ad0 method=java.lang.String.indexOf(II)I @ 49
Event: 0,878 Thread 0x00007f8d701b6800 Uncommon trap: reason=unstable_if action=reinterpret pc=0x00007f8d60786f44 method=java.util.HashMap.getNode(ILjava/lang/Object;)Ljava/util/HashMap$Node; @ 62
Event: 0,998 Thread 0x00007f8d701b8000 Uncommon trap: reason=unstable_if action=reinterpret pc=0x00007f8d607971ac method=java.util.BitSet.nextSetBit(I)I @ 87
Event: 2,566 Thread 0x00007f8d701b6800 Uncommon trap: reason=null_check action=make_not_entrant pc=0x00007f8d60843860 method=com.android.dx.rop.type.Type.equals(Ljava/lang/Object;)Z @ 8
Event: 2,774 Thread 0x00007f8d701ba000 Uncommon trap: reason=bimorphic action=maybe_recompile pc=0x00007f8d607b4b28 method=java.util.HashMap.getNode(ILjava/lang/Object;)Ljava/util/HashMap$Node; @ 126
Event: 2,820 Thread 0x00007f8d701b3800 Uncommon trap: reason=unstable_if action=reinterpret pc=0x00007f8d607b4b0c method=java.util.HashMap.getNode(ILjava/lang/Object;)Ljava/util/HashMap$Node; @ 84
Event: 2,821 Thread 0x00007f8d701b3800 Uncommon trap: reason=unstable_if action=reinterpret pc=0x00007f8d607bd844 method=java.util.HashMap.getNode(ILjava/lang/Object;)Ljava/util/HashMap$Node; @ 84
Event: 3,705 Thread 0x00007f8d7000a000 Uncommon trap: reason=unstable_if action=reinterpret pc=0x00007f8d6089fd18 method=java.lang.String.<init>([CII)V @ 18
Event: 3,729 Thread 0x00007f8d7000a000 Uncommon trap: reason=unstable_if action=reinterpret pc=0x00007f8d607b389c method=java.lang.String.<init>([CII)V @ 18

Internal exceptions (3 events):
Event: 0,066 Thread 0x00007f8d7000a000 Exception <a 'java/lang/NoSuchMethodError': Method sun.misc.Unsafe.defineClass(Ljava/lang/String;[BII)Ljava/lang/Class; name or signature does not match> (0x00000000eab07c78) thrown at [/HUDSON3/workspace/8-2-build-linux-amd64/jdk8u102/7268/hotspot/src/sh
Event: 0,066 Thread 0x00007f8d7000a000 Exception <a 'java/lang/NoSuchMethodError': Method sun.misc.Unsafe.prefetchRead(Ljava/lang/Object;J)V name or signature does not match> (0x00000000eab07f60) thrown at [/HUDSON3/workspace/8-2-build-linux-amd64/jdk8u102/7268/hotspot/src/share/vm/prims/jni.c
Event: 2,566 Thread 0x00007f8d701b6800 Implicit null exception at 0x00007f8d60843762 to 0x00007f8d60843853

Events (10 events):
Event: 3,822 Thread 0x00007f8d701b3800 DEOPT UNPACKING pc=0x00007f8d605f5633 sp=0x00007f8d5756bee8 mode 0
Event: 4,155 Executing VM operation: EnableBiasedLocking
Event: 4,172 Executing VM operation: EnableBiasedLocking done
Event: 4,172 Thread 0x00007f8d701b6800 DEOPT PACKING pc=0x00007f8d60949b28 sp=0x00007f8d57369fb0
Event: 4,172 Thread 0x00007f8d701b6800 DEOPT UNPACKING pc=0x00007f8d605f5633 sp=0x00007f8d57369e18 mode 0
Event: 4,241 Thread 0x00007f8d7000a000 DEOPT PACKING pc=0x00007f8d6094f678 sp=0x00007f8d766c26a0
Event: 4,241 Thread 0x00007f8d7000a000 DEOPT UNPACKING pc=0x00007f8d605f5633 sp=0x00007f8d766c2430 mode 0
Event: 4,267 loading class com/android/dx/cf/code/BytecodeArray$ConstantParserVisitor
Event: 4,267 loading class com/android/dx/cf/code/BytecodeArray$ConstantParserVisitor done
Event: 4,592 Executing VM operation: ParallelGCFailedAllocation


Dynamic libraries:
00400000-00401000 r-xp 00000000 08:04 2360749                            /opt/jdk/jdk1.8.0_102/bin/java
00600000-00601000 rw-p 00000000 08:04 2360749                            /opt/jdk/jdk1.8.0_102/bin/java
00ab2000-00ad3000 rw-p 00000000 00:00 0                                  [heap]
c0000000-c5300000 rw-p 00000000 00:00 0 
c5300000-eab00000 ---p 00000000 00:00 0 
eab00000-ef300000 rw-p 00000000 00:00 0 
f3100000-100000000 ---p 00000000 00:00 0 
100000000-1000a0000 rw-p 00000000 00:00 0 
1000a0000-140000000 ---p 00000000 00:00 0 
7f8d08000000-7f8d08027000 rw-p 00000000 00:00 0 
7f8d08027000-7f8d0c000000 ---p 00000000 00:00 0 
7f8d10000000-7f8d10021000 rw-p 00000000 00:00 0 
7f8d10021000-7f8d14000000 ---p 00000000 00:00 0 
7f8d14000000-7f8d14028000 rw-p 00000000 00:00 0 
7f8d14028000-7f8d18000000 ---p 00000000 00:00 0 
7f8d18000000-7f8d18021000 rw-p 00000000 00:00 0 
7f8d18021000-7f8d1c000000 ---p 00000000 00:00 0 
7f8d1c000000-7f8d1c021000 rw-p 00000000 00:00 0 
7f8d1c021000-7f8d20000000 ---p 00000000 00:00 0 
7f8d20000000-7f8d20914000 rw-p 00000000 00:00 0 
7f8d20914000-7f8d24000000 ---p 00000000 00:00 0 
7f8d24000000-7f8d24021000 rw-p 00000000 00:00 0 
7f8d24021000-7f8d28000000 ---p 00000000 00:00 0 
7f8d28000000-7f8d285f8000 rw-p 00000000 00:00 0 
7f8d285f8000-7f8d2c000000 ---p 00000000 00:00 0 
7f8d2c000000-7f8d2c021000 rw-p 00000000 00:00 0 
7f8d2c021000-7f8d30000000 ---p 00000000 00:00 0 
7f8d30000000-7f8d30021000 rw-p 00000000 00:00 0 
7f8d30021000-7f8d34000000 ---p 00000000 00:00 0 
7f8d34000000-7f8d34711000 rw-p 00000000 00:00 0 
7f8d34711000-7f8d38000000 ---p 00000000 00:00 0 
7f8d38000000-7f8d38021000 rw-p 00000000 00:00 0 
7f8d38021000-7f8d3c000000 ---p 00000000 00:00 0 
7f8d3c000000-7f8d3c021000 rw-p 00000000 00:00 0 
7f8d3c021000-7f8d40000000 ---p 00000000 00:00 0 
7f8d40000000-7f8d40021000 rw-p 00000000 00:00 0 
7f8d40021000-7f8d44000000 ---p 00000000 00:00 0 
7f8d44000000-7f8d4428f000 rw-p 00000000 00:00 0 
7f8d4428f000-7f8d48000000 ---p 00000000 00:00 0 
7f8d48000000-7f8d48021000 rw-p 00000000 00:00 0 
7f8d48021000-7f8d4c000000 ---p 00000000 00:00 0 
7f8d50000000-7f8d50021000 rw-p 00000000 00:00 0 
7f8d50021000-7f8d54000000 ---p 00000000 00:00 0 
7f8d57044000-7f8d57069000 r--p 00000000 08:04 1713356                    /usr/share/locale/es/LC_MESSAGES/libc.mo
7f8d57069000-7f8d5706c000 ---p 00000000 00:00 0 
7f8d5706c000-7f8d5716a000 rw-p 00000000 00:00 0                          [stack:3587]
7f8d5716a000-7f8d5716d000 ---p 00000000 00:00 0 
7f8d5716d000-7f8d5726b000 rw-p 00000000 00:00 0                          [stack:3585]
7f8d5726b000-7f8d5726e000 ---p 00000000 00:00 0 
7f8d5726e000-7f8d5736c000 rw-p 00000000 00:00 0                          [stack:3584]
7f8d5736c000-7f8d5736f000 ---p 00000000 00:00 0 
7f8d5736f000-7f8d5746d000 rw-p 00000000 00:00 0                          [stack:3583]
7f8d5746d000-7f8d57470000 ---p 00000000 00:00 0 
7f8d57470000-7f8d5756e000 rw-p 00000000 00:00 0                          [stack:3582]
7f8d5756e000-7f8d5756f000 ---p 00000000 00:00 0 
7f8d5756f000-7f8d5766f000 rw-p 00000000 00:00 0                          [stack:3577]
7f8d5766f000-7f8d57672000 ---p 00000000 00:00 0 
7f8d57672000-7f8d57770000 rw-p 00000000 00:00 0                          [stack:3572]
7f8d57770000-7f8d57773000 ---p 00000000 00:00 0 
7f8d57773000-7f8d57871000 rw-p 00000000 00:00 0                          [stack:3571]
7f8d57871000-7f8d57874000 ---p 00000000 00:00 0 
7f8d57874000-7f8d57972000 rw-p 00000000 00:00 0                          [stack:3568]
7f8d57972000-7f8d57975000 ---p 00000000 00:00 0 
7f8d57975000-7f8d57a73000 rw-p 00000000 00:00 0                          [stack:3567]
7f8d57a73000-7f8d57a76000 ---p 00000000 00:00 0 
7f8d57a76000-7f8d57b74000 rw-p 00000000 00:00 0                          [stack:3565]
7f8d57b74000-7f8d57cfd000 r--p 00000000 08:04 924362                     /usr/lib/locale/locale-archive
7f8d57cfd000-7f8d57d00000 ---p 00000000 00:00 0 
7f8d57d00000-7f8d57dfe000 rw-p 00000000 00:00 0                          [stack:3551]
7f8d57dfe000-7f8d57e01000 ---p 00000000 00:00 0 
7f8d57e01000-7f8d57eff000 rw-p 00000000 00:00 0                          [stack:3548]
7f8d57eff000-7f8d57f00000 ---p 00000000 00:00 0 
7f8d57f00000-7f8d58000000 rw-p 00000000 00:00 0                          [stack:3543]
7f8d58000000-7f8d58021000 rw-p 00000000 00:00 0 
7f8d58021000-7f8d5c000000 ---p 00000000 00:00 0 
7f8d5c00d000-7f8d5c01b000 r--s 0007c000 08:04 1620279                    /home/alexis/Geobus/app/build/intermediates/exploded-aar/com.google.android.gms/play-services-basement/9.4.0/jars/classes.jar
7f8d5c01b000-7f8d5c029000 r--s 000e0000 08:04 528314                     /home/alexis/Android/Sdk/build-tools/24.0.1/lib/dx.jar
7f8d5c029000-7f8d5cf9b000 rw-p 00000000 00:00 0 
7f8d5cf9b000-7f8d5d173000 r--s 03d29000 08:04 2360825                    /opt/jdk/jdk1.8.0_102/jre/lib/rt.jar
7f8d5d173000-7f8d5d829000 rw-p 00000000 00:00 0 
7f8d5d829000-7f8d5d9e9000 ---p 00000000 00:00 0 
7f8d5d9e9000-7f8d5fbe9000 rw-p 00000000 00:00 0 
7f8d5fbe9000-7f8d5fbea000 ---p 00000000 00:00 0 
7f8d5fbea000-7f8d5fcea000 rw-p 00000000 00:00 0                          [stack:3542]
7f8d5fcea000-7f8d5fceb000 ---p 00000000 00:00 0 
7f8d5fceb000-7f8d5fdeb000 rw-p 00000000 00:00 0                          [stack:3538]
7f8d5fdeb000-7f8d5fdec000 ---p 00000000 00:00 0 
7f8d5fdec000-7f8d5feec000 rw-p 00000000 00:00 0                          [stack:3537]
7f8d5feec000-7f8d5feed000 ---p 00000000 00:00 0 
7f8d5feed000-7f8d60017000 rw-p 00000000 00:00 0                          [stack:3535]
7f8d60017000-7f8d60142000 ---p 00000000 00:00 0 
7f8d60142000-7f8d60167000 rw-p 00000000 00:00 0 
7f8d60167000-7f8d601ed000 ---p 00000000 00:00 0 
7f8d601ed000-7f8d601ff000 rw-p 00000000 00:00 0 
7f8d601ff000-7f8d605ae000 ---p 00000000 00:00 0 
7f8d605ae000-7f8d609ee000 rwxp 00000000 00:00 0 
7f8d609ee000-7f8d6f5ae000 ---p 00000000 00:00 0 
7f8d6f5ae000-7f8d6f5c8000 r-xp 00000000 08:04 2360856                    /opt/jdk/jdk1.8.0_102/jre/lib/amd64/libzip.so
7f8d6f5c8000-7f8d6f7c8000 ---p 0001a000 08:04 2360856                    /opt/jdk/jdk1.8.0_102/jre/lib/amd64/libzip.so
7f8d6f7c8000-7f8d6f7c9000 rw-p 0001a000 08:04 2360856                    /opt/jdk/jdk1.8.0_102/jre/lib/amd64/libzip.so
7f8d6f7c9000-7f8d6f7d4000 r-xp 00000000 08:04 794090                     /lib/x86_64-linux-gnu/libnss_files-2.19.so
7f8d6f7d4000-7f8d6f9d3000 ---p 0000b000 08:04 794090                     /lib/x86_64-linux-gnu/libnss_files-2.19.so
7f8d6f9d3000-7f8d6f9d4000 r--p 0000a000 08:04 794090                     /lib/x86_64-linux-gnu/libnss_files-2.19.so
7f8d6f9d4000-7f8d6f9d5000 rw-p 0000b000 08:04 794090                     /lib/x86_64-linux-gnu/libnss_files-2.19.so
7f8d6f9d5000-7f8d6f9df000 r-xp 00000000 08:04 795042                     /lib/x86_64-linux-gnu/libnss_nis-2.19.so
7f8d6f9df000-7f8d6fbde000 ---p 0000a000 08:04 795042                     /lib/x86_64-linux-gnu/libnss_nis-2.19.so
7f8d6fbde000-7f8d6fbdf000 r--p 00009000 08:04 795042                     /lib/x86_64-linux-gnu/libnss_nis-2.19.so
7f8d6fbdf000-7f8d6fbe0000 rw-p 0000a000 08:04 795042                     /lib/x86_64-linux-gnu/libnss_nis-2.19.so
7f8d6fbe0000-7f8d6fbf5000 r-xp 00000000 08:04 794087                     /lib/x86_64-linux-gnu/libnsl-2.19.so
7f8d6fbf5000-7f8d6fdf4000 ---p 00015000 08:04 794087                     /lib/x86_64-linux-gnu/libnsl-2.19.so
7f8d6fdf4000-7f8d6fdf5000 r--p 00014000 08:04 794087                     /lib/x86_64-linux-gnu/libnsl-2.19.so
7f8d6fdf5000-7f8d6fdf6000 rw-p 00015000 08:04 794087                     /lib/x86_64-linux-gnu/libnsl-2.19.so
7f8d6fdf6000-7f8d6fdf8000 rw-p 00000000 00:00 0 
7f8d6fdf8000-7f8d6fdff000 r-xp 00000000 08:04 794088                     /lib/x86_64-linux-gnu/libnss_compat-2.19.so
7f8d6fdff000-7f8d6fffe000 ---p 00007000 08:04 794088                     /lib/x86_64-linux-gnu/libnss_compat-2.19.so
7f8d6fffe000-7f8d6ffff000 r--p 00006000 08:04 794088                     /lib/x86_64-linux-gnu/libnss_compat-2.19.so
7f8d6ffff000-7f8d70000000 rw-p 00007000 08:04 794088                     /lib/x86_64-linux-gnu/libnss_compat-2.19.so
7f8d70000000-7f8d703a9000 rw-p 00000000 00:00 0 
7f8d703a9000-7f8d74000000 ---p 00000000 00:00 0 
7f8d74005000-7f8d7407e000 rw-p 00000000 00:00 0 
7f8d7407e000-7f8d741aa000 ---p 00000000 00:00 0 
7f8d741aa000-7f8d741d4000 r-xp 00000000 08:04 2360883                    /opt/jdk/jdk1.8.0_102/jre/lib/amd64/libjava.so
7f8d741d4000-7f8d743d4000 ---p 0002a000 08:04 2360883                    /opt/jdk/jdk1.8.0_102/jre/lib/amd64/libjava.so
7f8d743d4000-7f8d743d6000 rw-p 0002a000 08:04 2360883                    /opt/jdk/jdk1.8.0_102/jre/lib/amd64/libjava.so
7f8d743d6000-7f8d743e3000 r-xp 00000000 08:04 2360834                    /opt/jdk/jdk1.8.0_102/jre/lib/amd64/libverify.so
7f8d743e3000-7f8d745e3000 ---p 0000d000 08:04 2360834                    /opt/jdk/jdk1.8.0_102/jre/lib/amd64/libverify.so
7f8d745e3000-7f8d745e5000 rw-p 0000d000 08:04 2360834                    /opt/jdk/jdk1.8.0_102/jre/lib/amd64/libverify.so
7f8d745e5000-7f8d745ec000 r-xp 00000000 08:04 795046                     /lib/x86_64-linux-gnu/librt-2.19.so
7f8d745ec000-7f8d747eb000 ---p 00007000 08:04 795046                     /lib/x86_64-linux-gnu/librt-2.19.so
7f8d747eb000-7f8d747ec000 r--p 00006000 08:04 795046                     /lib/x86_64-linux-gnu/librt-2.19.so
7f8d747ec000-7f8d747ed000 rw-p 00007000 08:04 795046                     /lib/x86_64-linux-gnu/librt-2.19.so
7f8d747ed000-7f8d748ed000 r-xp 00000000 08:04 794085                     /lib/x86_64-linux-gnu/libm-2.19.so
7f8d748ed000-7f8d74aec000 ---p 00100000 08:04 794085                     /lib/x86_64-linux-gnu/libm-2.19.so
7f8d74aec000-7f8d74aed000 r--p 000ff000 08:04 794085                     /lib/x86_64-linux-gnu/libm-2.19.so
7f8d74aed000-7f8d74aee000 rw-p 00100000 08:04 794085                     /lib/x86_64-linux-gnu/libm-2.19.so
7f8d74aee000-7f8d757ba000 r-xp 00000000 08:04 2360887                    /opt/jdk/jdk1.8.0_102/jre/lib/amd64/server/libjvm.so
7f8d757ba000-7f8d759ba000 ---p 00ccc000 08:04 2360887                    /opt/jdk/jdk1.8.0_102/jre/lib/amd64/server/libjvm.so
7f8d759ba000-7f8d75a93000 rw-p 00ccc000 08:04 2360887                    /opt/jdk/jdk1.8.0_102/jre/lib/amd64/server/libjvm.so
7f8d75a93000-7f8d75ade000 rw-p 00000000 00:00 0 
7f8d75ade000-7f8d75c7f000 r-xp 00000000 08:04 793880                     /lib/x86_64-linux-gnu/libc-2.19.so
7f8d75c7f000-7f8d75e7f000 ---p 001a1000 08:04 793880                     /lib/x86_64-linux-gnu/libc-2.19.so
7f8d75e7f000-7f8d75e83000 r--p 001a1000 08:04 793880                     /lib/x86_64-linux-gnu/libc-2.19.so
7f8d75e83000-7f8d75e85000 rw-p 001a5000 08:04 793880                     /lib/x86_64-linux-gnu/libc-2.19.so
7f8d75e85000-7f8d75e89000 rw-p 00000000 00:00 0 
7f8d75e89000-7f8d75e8c000 r-xp 00000000 08:04 794084                     /lib/x86_64-linux-gnu/libdl-2.19.so
7f8d75e8c000-7f8d7608b000 ---p 00003000 08:04 794084                     /lib/x86_64-linux-gnu/libdl-2.19.so
7f8d7608b000-7f8d7608c000 r--p 00002000 08:04 794084                     /lib/x86_64-linux-gnu/libdl-2.19.so
7f8d7608c000-7f8d7608d000 rw-p 00003000 08:04 794084                     /lib/x86_64-linux-gnu/libdl-2.19.so
7f8d7608d000-7f8d760a2000 r-xp 00000000 08:04 2359968                    /opt/jdk/jdk1.8.0_102/lib/amd64/jli/libjli.so
7f8d760a2000-7f8d762a2000 ---p 00015000 08:04 2359968                    /opt/jdk/jdk1.8.0_102/lib/amd64/jli/libjli.so
7f8d762a2000-7f8d762a3000 rw-p 00015000 08:04 2359968                    /opt/jdk/jdk1.8.0_102/lib/amd64/jli/libjli.so
7f8d762a3000-7f8d762bb000 r-xp 00000000 08:04 793541                     /lib/x86_64-linux-gnu/libpthread-2.19.so
7f8d762bb000-7f8d764ba000 ---p 00018000 08:04 793541                     /lib/x86_64-linux-gnu/libpthread-2.19.so
7f8d764ba000-7f8d764bb000 r--p 00017000 08:04 793541                     /lib/x86_64-linux-gnu/libpthread-2.19.so
7f8d764bb000-7f8d764bc000 rw-p 00018000 08:04 793541                     /lib/x86_64-linux-gnu/libpthread-2.19.so
7f8d764bc000-7f8d764c0000 rw-p 00000000 00:00 0 
7f8d764c0000-7f8d764e0000 r-xp 00000000 08:04 793563                     /lib/x86_64-linux-gnu/ld-2.19.so
7f8d764eb000-7f8d765c4000 rw-p 00000000 00:00 0 
7f8d765c4000-7f8d765c7000 ---p 00000000 00:00 0 
7f8d765c7000-7f8d766c9000 rw-p 00000000 00:00 0                          [stack:3520]
7f8d766cc000-7f8d766cd000 rw-p 00000000 00:00 0 
7f8d766cd000-7f8d766d4000 r--s 00000000 08:04 1060537                    /usr/lib/x86_64-linux-gnu/gconv/gconv-modules.cache
7f8d766d4000-7f8d766dc000 rw-s 00000000 08:04 2232989                    /tmp/hsperfdata_alexis/3501
7f8d766dc000-7f8d766dd000 rw-p 00000000 00:00 0 
7f8d766dd000-7f8d766de000 ---p 00000000 00:00 0 
7f8d766de000-7f8d766e0000 rw-p 00000000 00:00 0 
7f8d766e0000-7f8d766e1000 r--p 00020000 08:04 793563                     /lib/x86_64-linux-gnu/ld-2.19.so
7f8d766e1000-7f8d766e2000 rw-p 00021000 08:04 793563                     /lib/x86_64-linux-gnu/ld-2.19.so
7f8d766e2000-7f8d766e3000 rw-p 00000000 00:00 0 
7ffed4301000-7ffed4322000 rw-p 00000000 00:00 0                          [stack]
7ffed43b9000-7ffed43bb000 r-xp 00000000 00:00 0                          [vdso]
7ffed43bb000-7ffed43bd000 r--p 00000000 00:00 0                          [vvar]
ffffffffff600000-ffffffffff601000 r-xp 00000000 00:00 0                  [vsyscall]

VM Arguments:
jvm_args: -Djava.awt.headless=true -Xmx1024M -Dfile.encoding=UTF-8 -Duser.country=AR -Duser.language=es -Duser.variant 
java_command: com.android.dx.command.Main --dex --force-jumbo --num-threads=4 --multi-dex --output /home/alexis/Geobus/app/build/intermediates/transforms/dex/debug/folders/1000/10/com.google.android.gms-play-services-basement-9.4.0_eb921df65660f1724771673bc419d4e063630778 /home/alexis/Geobus/app/build/intermediates/exploded-aar/com.google.android.gms/play-services-basement/9.4.0/jars/classes.jar
java_class_path (initial): /home/alexis/Android/Sdk/build-tools/24.0.1/lib/dx.jar
Launcher Type: SUN_STANDARD

Environment Variables:
PATH=/home/alexis/bin:/usr/sbin:/sbin:/usr/local/bin:/usr/bin:/bin:/usr/local/games:/usr/games
LD_LIBRARY_PATH=/opt/android-studio/bin/.:
SHELL=/bin/bash
DISPLAY=:0

Signal Handlers:
SIGSEGV: [libjvm.so+0xac5b30], sa_mask[0]=11111111011111111101111111111110, sa_flags=SA_RESTART|SA_SIGINFO
SIGBUS: [libjvm.so+0xac5b30], sa_mask[0]=11111111011111111101111111111110, sa_flags=SA_RESTART|SA_SIGINFO
SIGFPE: [libjvm.so+0x91f470], sa_mask[0]=11111111011111111101111111111110, sa_flags=SA_RESTART|SA_SIGINFO
SIGPIPE: [libjvm.so+0x91f470], sa_mask[0]=11111111011111111101111111111110, sa_flags=SA_RESTART|SA_SIGINFO
SIGXFSZ: [libjvm.so+0x91f470], sa_mask[0]=11111111011111111101111111111110, sa_flags=SA_RESTART|SA_SIGINFO
SIGILL: [libjvm.so+0x91f470], sa_mask[0]=11111111011111111101111111111110, sa_flags=SA_RESTART|SA_SIGINFO
SIGUSR1: SIG_DFL, sa_mask[0]=00000000000000000000000000000000, sa_flags=none
SIGUSR2: [libjvm.so+0x920aa0], sa_mask[0]=00100000000000000000000000000000, sa_flags=SA_RESTART|SA_SIGINFO
SIGHUP: [libjvm.so+0x921ea0], sa_mask[0]=11111111011111111101111111111110, sa_flags=SA_RESTART|SA_SIGINFO
SIGINT: [libjvm.so+0x921ea0], sa_mask[0]=11111111011111111101111111111110, sa_flags=SA_RESTART|SA_SIGINFO
SIGTERM: [libjvm.so+0x921ea0], sa_mask[0]=11111111011111111101111111111110, sa_flags=SA_RESTART|SA_SIGINFO
SIGQUIT: [libjvm.so+0x921ea0], sa_mask[0]=11111111011111111101111111111110, sa_flags=SA_RESTART|SA_SIGINFO


---------------  S Y S T E M  ---------------

OS:DISTRIB_ID="BunsenLabs"
DISTRIB_DESCRIPTION="BunsenLabs GNU/Linux 8.5 (Hydrogen)"
DISTRIB_RELEASE="8.5"
DISTRIB_CODENAME="bunsen-hydrogen"

uname:Linux 3.16.0-4-amd64 #1 SMP Debian 3.16.7-ckt25-2+deb8u3 (2016-07-02) x86_64
libc:glibc 2.19 NPTL 2.19 
rlimit: STACK 8192k, CORE 0k, NPROC 31341, NOFILE 65536, AS infinity
load average:17,84 5,59 2,54

/proc/meminfo:
MemTotal:        8045472 kB
MemFree:          118132 kB
MemAvailable:      78880 kB
Buffers:             668 kB
Cached:          2282224 kB
SwapCached:            0 kB
Active:          5630192 kB
Inactive:        2105620 kB
Active(anon):    5601612 kB
Inactive(anon):  2083788 kB
Active(file):      28580 kB
Inactive(file):    21832 kB
Unevictable:          32 kB
Mlocked:              32 kB
SwapTotal:             0 kB
SwapFree:              0 kB
Dirty:                44 kB
Writeback:            52 kB
AnonPages:       5454240 kB
Mapped:           764384 kB
Shmem:           2231248 kB
Slab:              88764 kB
SReclaimable:      40024 kB
SUnreclaim:        48740 kB
KernelStack:       10656 kB
PageTables:        47580 kB
NFS_Unstable:          0 kB
Bounce:                0 kB
WritebackTmp:          0 kB
CommitLimit:     4022736 kB
Committed_AS:   13396984 kB
VmallocTotal:   34359738367 kB
VmallocUsed:      554616 kB
VmallocChunk:   34359123128 kB
HardwareCorrupted:     0 kB
AnonHugePages:         0 kB
HugePages_Total:       0
HugePages_Free:        0
HugePages_Rsvd:        0
HugePages_Surp:        0
Hugepagesize:       2048 kB
DirectMap4k:       73984 kB
DirectMap2M:     8163328 kB


CPU:total 4 (2 cores per cpu, 2 threads per core) family 6 model 42 stepping 7, cmov, cx8, fxsr, mmx, sse, sse2, sse3, ssse3, sse4.1, sse4.2, popcnt, avx, aes, clmul, ht, tsc, tscinvbit

/proc/cpuinfo:
processor	: 0
vendor_id	: GenuineIntel
cpu family	: 6
model		: 42
model name	: Intel(R) Core(TM) i5-2410M CPU @ 2.30GHz
stepping	: 7
microcode	: 0x29
cpu MHz		: 2699.984
cache size	: 3072 KB
physical id	: 0
siblings	: 4
core id		: 0
cpu cores	: 2
apicid		: 0
initial apicid	: 0
fpu		: yes
fpu_exception	: yes
cpuid level	: 13
wp		: yes
flags		: fpu vme de pse tsc msr pae mce cx8 apic sep mtrr pge mca cmov pat pse36 clflush dts acpi mmx fxsr sse sse2 ss ht tm pbe syscall nx rdtscp lm constant_tsc arch_perfmon pebs bts rep_good nopl xtopology nonstop_tsc aperfmperf eagerfpu pni pclmulqdq dtes64 monitor ds_cpl vmx est tm2 ssse3 cx16 xtpr pdcm pcid sse4_1 sse4_2 x2apic popcnt tsc_deadline_timer aes xsave avx lahf_lm ida arat epb xsaveopt pln pts dtherm tpr_shadow vnmi flexpriority ept vpid
bogomips	: 4589.51
clflush size	: 64
cache_alignment	: 64
address sizes	: 36 bits physical, 48 bits virtual
power management:

processor	: 1
vendor_id	: GenuineIntel
cpu family	: 6
model		: 42
model name	: Intel(R) Core(TM) i5-2410M CPU @ 2.30GHz
stepping	: 7
microcode	: 0x29
cpu MHz		: 2699.984
cache size	: 3072 KB
physical id	: 0
siblings	: 4
core id		: 0
cpu cores	: 2
apicid		: 1
initial apicid	: 1
fpu		: yes
fpu_exception	: yes
cpuid level	: 13
wp		: yes
flags		: fpu vme de pse tsc msr pae mce cx8 apic sep mtrr pge mca cmov pat pse36 clflush dts acpi mmx fxsr sse sse2 ss ht tm pbe syscall nx rdtscp lm constant_tsc arch_perfmon pebs bts rep_good nopl xtopology nonstop_tsc aperfmperf eagerfpu pni pclmulqdq dtes64 monitor ds_cpl vmx est tm2 ssse3 cx16 xtpr pdcm pcid sse4_1 sse4_2 x2apic popcnt tsc_deadline_timer aes xsave avx lahf_lm ida arat epb xsaveopt pln pts dtherm tpr_shadow vnmi flexpriority ept vpid
bogomips	: 4589.51
clflush size	: 64
cache_alignment	: 64
address sizes	: 36 bits physical, 48 bits virtual
power management:

processor	: 2
vendor_id	: GenuineIntel
cpu family	: 6
model		: 42
model name	: Intel(R) Core(TM) i5-2410M CPU @ 2.30GHz
stepping	: 7
microcode	: 0x29
cpu MHz		: 2699.984
cache size	: 3072 KB
physical id	: 0
siblings	: 4
core id		: 1
cpu cores	: 2
apicid		: 2
initial apicid	: 2
fpu		: yes
fpu_exception	: yes
cpuid level	: 13
wp		: yes
flags		: fpu vme de pse tsc msr pae mce cx8 apic sep mtrr pge mca cmov pat pse36 clflush dts acpi mmx fxsr sse sse2 ss ht tm pbe syscall nx rdtscp lm constant_tsc arch_perfmon pebs bts rep_good nopl xtopology nonstop_tsc aperfmperf eagerfpu pni pclmulqdq dtes64 monitor ds_cpl vmx est tm2 ssse3 cx16 xtpr pdcm pcid sse4_1 sse4_2 x2apic popcnt tsc_deadline_timer aes xsave avx lahf_lm ida arat epb xsaveopt pln pts dtherm tpr_shadow vnmi flexpriority ept vpid
bogomips	: 4589.51
clflush size	: 64
cache_alignment	: 64
address sizes	: 36 bits physical, 48 bits virtual
power management:

processor	: 3
vendor_id	: GenuineIntel
cpu family	: 6
model		: 42
model name	: Intel(R) Core(TM) i5-2410M CPU @ 2.30GHz
stepping	: 7
microcode	: 0x29
cpu MHz		: 2699.984
cache size	: 3072 KB
physical id	: 0
siblings	: 4
core id		: 1
cpu cores	: 2
apicid		: 3
initial apicid	: 3
fpu		: yes
fpu_exception	: yes
cpuid level	: 13
wp		: yes
flags		: fpu vme de pse tsc msr pae mce cx8 apic sep mtrr pge mca cmov pat pse36 clflush dts acpi mmx fxsr sse sse2 ss ht tm pbe syscall nx rdtscp lm constant_tsc arch_perfmon pebs bts rep_good nopl xtopology nonstop_tsc aperfmperf eagerfpu pni pclmulqdq dtes64 monitor ds_cpl vmx est tm2 ssse3 cx16 xtpr pdcm pcid sse4_1 sse4_2 x2apic popcnt tsc_deadline_timer aes xsave avx lahf_lm ida arat epb xsaveopt pln pts dtherm tpr_shadow vnmi flexpriority ept vpid
bogomips	: 4589.51
clflush size	: 64
cache_alignment	: 64
address sizes	: 36 bits physical, 48 bits virtual
power management:



Memory: 4k page, physical 8045472k(117884k free), swap 0k(0k free)

vm_info: Java HotSpot(TM) 64-Bit Server VM (25.102-b14) for linux-amd64 JRE (1.8.0_102-b14), built on Jun 22 2016 18:43:17 by "java_re" with gcc 4.3.0 20080428 (Red Hat 4.3.0-8)

time: Wed Feb  1 16:15:32 2017
elapsed time: 33 seconds (0d 0h 0m 33s)

