#
# There is insufficient memory for the Java Runtime Environment to continue.
# Native memory allocation (mmap) failed to map 93323264 bytes for committing reserved memory.
# Possible reasons:
#   The system is out of physical RAM or swap space
#   In 32 bit mode, the process size limit was hit
# Possible solutions:
#   Reduce memory load on the system
#   Increase physical memory or swap space
#   Check if swap backing store is full
#   Use 64 bit Java on a 64 bit OS
#   Decrease Java heap size (-Xmx/-Xms)
#   Decrease number of Java threads
#   Decrease Java thread stack sizes (-Xss)
#   Set larger code cache with -XX:ReservedCodeCacheSize=
# This output file may be truncated or incomplete.
#
#  Out of Memory Error (os_linux.cpp:2627), pid=10749, tid=0x00007f09675f5700
#
# JRE version: Java(TM) SE Runtime Environment (8.0_102-b14) (build 1.8.0_102-b14)
# Java VM: Java HotSpot(TM) 64-Bit Server VM (25.102-b14 mixed mode linux-amd64 compressed oops)
# Failed to write core dump. Core dumps have been disabled. To enable core dumping, try "ulimit -c unlimited" before starting Java again
#

---------------  T H R E A D  ---------------

Current thread (0x00007f097c078000):  VMThread [stack: 0x00007f09674f5000,0x00007f09675f6000] [id=10758]

Stack: [0x00007f09674f5000,0x00007f09675f6000],  sp=0x00007f09675f42a0,  free space=1020k
Native frames: (J=compiled Java code, j=interpreted, Vv=VM code, C=native code)
V  [libjvm.so+0xac52aa]  VMError::report_and_die()+0x2ba
V  [libjvm.so+0x4fc29b]  report_vm_out_of_memory(char const*, int, unsigned long, VMErrorType, char const*)+0x8b
V  [libjvm.so+0x922603]  os::Linux::commit_memory_impl(char*, unsigned long, bool)+0x103
V  [libjvm.so+0x922b59]  os::pd_commit_memory(char*, unsigned long, unsigned long, bool)+0x29
V  [libjvm.so+0x91ce5a]  os::commit_memory(char*, unsigned long, unsigned long, bool)+0x2a
V  [libjvm.so+0x9915e3]  PSVirtualSpace::expand_by(unsigned long)+0x53
V  [libjvm.so+0x9929e8]  PSYoungGen::resize_generation(unsigned long, unsigned long)+0xf8
V  [libjvm.so+0x991b42]  PSYoungGen::resize(unsigned long, unsigned long)+0x22
V  [libjvm.so+0x98ee1b]  PSScavenge::invoke_no_policy()+0xf3b
V  [libjvm.so+0x98f5a1]  PSScavenge::invoke()+0x41
V  [libjvm.so+0x9462f0]  ParallelScavengeHeap::failed_mem_allocate(unsigned long)+0x70
V  [libjvm.so+0xac6cc7]  VM_ParallelGCFailedAllocation::doit()+0x97
V  [libjvm.so+0xace7a5]  VM_Operation::evaluate()+0x55
V  [libjvm.so+0xaccb7a]  VMThread::evaluate_operation(VM_Operation*)+0xba
V  [libjvm.so+0xaccefe]  VMThread::loop()+0x1ce
V  [libjvm.so+0xacd370]  VMThread::run()+0x70
V  [libjvm.so+0x9249c8]  java_start(Thread*)+0x108

VM_Operation (0x00007f096685ec50): ParallelGCFailedAllocation, mode: safepoint, requested by thread 0x00007f097c13f800


---------------  P R O C E S S  ---------------

Java Threads: ( => current thread )
  0x00007f097c141000 JavaThread "pool-2-thread-4" [_thread_blocked, id=10795, stack(0x00007f096665f000,0x00007f0966760000)]
  0x00007f097c13f800 JavaThread "pool-2-thread-3" [_thread_blocked, id=10794, stack(0x00007f0966760000,0x00007f0966861000)]
  0x00007f097c13b000 JavaThread "pool-2-thread-2" [_thread_blocked, id=10793, stack(0x00007f0966861000,0x00007f0966962000)]
  0x00007f097c138800 JavaThread "pool-3-thread-1" [_thread_blocked, id=10792, stack(0x00007f0966962000,0x00007f0966a63000)]
  0x00007f097c130800 JavaThread "pool-2-thread-1" [_thread_blocked, id=10791, stack(0x00007f0966a63000,0x00007f0966b64000)]
  0x00007f097c0c0000 JavaThread "Service Thread" daemon [_thread_blocked, id=10781, stack(0x00007f0966c65000,0x00007f0966d66000)]
  0x00007f097c0bd000 JavaThread "C1 CompilerThread2" daemon [_thread_blocked, id=10779, stack(0x00007f0966d66000,0x00007f0966e67000)]
  0x00007f097c0bb800 JavaThread "C2 CompilerThread1" daemon [_thread_in_native, id=10778, stack(0x00007f0966e67000,0x00007f0966f68000)]
  0x00007f097c0b8800 JavaThread "C2 CompilerThread0" daemon [_thread_blocked, id=10777, stack(0x00007f0966f68000,0x00007f0967069000)]
  0x00007f097c0b7000 JavaThread "Signal Dispatcher" daemon [_thread_blocked, id=10776, stack(0x00007f0967069000,0x00007f096716a000)]
  0x00007f097c084000 JavaThread "Finalizer" daemon [_thread_blocked, id=10760, stack(0x00007f09672f3000,0x00007f09673f4000)]
  0x00007f097c07f800 JavaThread "Reference Handler" daemon [_thread_blocked, id=10759, stack(0x00007f09673f4000,0x00007f09674f5000)]
  0x00007f097c00a000 JavaThread "main" [_thread_blocked, id=10750, stack(0x00007f0985bb7000,0x00007f0985cb8000)]

Other Threads:
=>0x00007f097c078000 VMThread [stack: 0x00007f09674f5000,0x00007f09675f6000] [id=10758]
  0x00007f097c0c3000 WatcherThread [stack: 0x00007f0966b64000,0x00007f0966c65000] [id=10782]

VM state:at safepoint (normal execution)

VM Mutex/Monitor currently owned by a thread:  ([mutex/lock_event])
[0x00007f097c0064c0] Threads_lock - owner thread: 0x00007f097c078000
[0x00007f097c0069c0] Heap_lock - owner thread: 0x00007f097c13f800

Heap:
 PSYoungGen      total 68608K, used 5091K [0x00000000eab00000, 0x00000000ef300000, 0x0000000100000000)
  eden space 63488K, 0% used [0x00000000eab00000,0x00000000eab00000,0x00000000ee900000)
  from space 5120K, 99% used [0x00000000ee900000,0x00000000eedf8f20,0x00000000eee00000)
  to   space 5120K, 0% used [0x00000000eee00000,0x00000000eee00000,0x00000000ef300000)
 ParOldGen       total 84992K, used 28404K [0x00000000c0000000, 0x00000000c5300000, 0x00000000eab00000)
  object space 84992K, 33% used [0x00000000c0000000,0x00000000c1bbd3c0,0x00000000c5300000)
 Metaspace       used 5924K, capacity 6896K, committed 7040K, reserved 1056768K
  class space    used 589K, capacity 616K, committed 640K, reserved 1048576K

Card table byte_map: [0x00007f098278a000,0x00007f098298b000] byte_map_base: 0x00007f098218a000

Marking Bits: (ParMarkBitMap*) 0x00007f09850a3c60
 Begin Bits: [0x00007f0980230000, 0x00007f0981230000)
 End Bits:   [0x00007f0981230000, 0x00007f0982230000)

Polling page: 0x00007f0985cd0000

CodeCache: size=245760Kb used=5202Kb max_used=5202Kb free=240557Kb
 bounds [0x00007f096d000000, 0x00007f096d520000, 0x00007f097c000000]
 total_blobs=1572 nmethods=1305 adapters=181
 compilation: enabled

Compilation events (10 events):
Event: 5,656 Thread 0x00007f097c0bd000 nmethod 1544 0x00007f096d50a750 code [0x00007f096d50a900, 0x00007f096d50afa8]
Event: 5,657 Thread 0x00007f097c0bd000 1536       2       com.android.dx.ssa.back.FirstFitLocalCombiningAllocator::handleUnassociatedParameters (60 bytes)
Event: 5,670 Thread 0x00007f097c0b8800 nmethod 1222 0x00007f096d50b2d0 code [0x00007f096d50b940, 0x00007f096d50f160]
Event: 5,696 Thread 0x00007f097c0b8800 1548       4       com.android.dx.rop.code.BasicBlockList::set (12 bytes)
Event: 5,684 Thread 0x00007f097c0bd000 nmethod 1536 0x00007f096d5057d0 code [0x00007f096d505960, 0x00007f096d505c18]
Event: 5,697 Thread 0x00007f097c0bd000 1553       3       com.android.dx.ssa.Dominators::compress (229 bytes)
Event: 5,700 Thread 0x00007f097c0bd000 nmethod 1553 0x00007f096d501b90 code [0x00007f096d501f00, 0x00007f096d503e28]
Event: 5,700 Thread 0x00007f097c0bd000 1551 %     3       com.android.dx.dex.code.RopTranslator::pickOrder @ 107 (400 bytes)
Event: 5,706 Thread 0x00007f097c0bd000 nmethod 1551% 0x00007f096d514a50 code [0x00007f096d514da0, 0x00007f096d517278]
Event: 5,706 Thread 0x00007f097c0bd000 1533       2       com.android.dx.ssa.DomFront::<init> (60 bytes)

GC Heap History (9 events):
Event: 2,782 GC heap before
{Heap before GC invocations=1 (full 0):
 PSYoungGen      total 36864K, used 31744K [0x00000000eab00000, 0x00000000ed400000, 0x0000000100000000)
  eden space 31744K, 100% used [0x00000000eab00000,0x00000000eca00000,0x00000000eca00000)
  from space 5120K, 0% used [0x00000000ecf00000,0x00000000ecf00000,0x00000000ed400000)
  to   space 5120K, 0% used [0x00000000eca00000,0x00000000eca00000,0x00000000ecf00000)
 ParOldGen       total 84992K, used 0K [0x00000000c0000000, 0x00000000c5300000, 0x00000000eab00000)
  object space 84992K, 0% used [0x00000000c0000000,0x00000000c0000000,0x00000000c5300000)
 Metaspace       used 5677K, capacity 6704K, committed 6784K, reserved 1056768K
  class space    used 583K, capacity 616K, committed 640K, reserved 1048576K
Event: 2,796 GC heap after
Heap after GC invocations=1 (full 0):
 PSYoungGen      total 36864K, used 5105K [0x00000000eab00000, 0x00000000ed400000, 0x0000000100000000)
  eden space 31744K, 0% used [0x00000000eab00000,0x00000000eab00000,0x00000000eca00000)
  from space 5120K, 99% used [0x00000000eca00000,0x00000000ecefc460,0x00000000ecf00000)
  to   space 5120K, 0% used [0x00000000ecf00000,0x00000000ecf00000,0x00000000ed400000)
 ParOldGen       total 84992K, used 638K [0x00000000c0000000, 0x00000000c5300000, 0x00000000eab00000)
  object space 84992K, 0% used [0x00000000c0000000,0x00000000c009fbc8,0x00000000c5300000)
 Metaspace       used 5677K, capacity 6704K, committed 6784K, reserved 1056768K
  class space    used 583K, capacity 616K, committed 640K, reserved 1048576K
}
Event: 3,801 GC heap before
{Heap before GC invocations=2 (full 0):
 PSYoungGen      total 36864K, used 36849K [0x00000000eab00000, 0x00000000ed400000, 0x0000000100000000)
  eden space 31744K, 100% used [0x00000000eab00000,0x00000000eca00000,0x00000000eca00000)
  from space 5120K, 99% used [0x00000000eca00000,0x00000000ecefc460,0x00000000ecf00000)
  to   space 5120K, 0% used [0x00000000ecf00000,0x00000000ecf00000,0x00000000ed400000)
 ParOldGen       total 84992K, used 638K [0x00000000c0000000, 0x00000000c5300000, 0x00000000eab00000)
  object space 84992K, 0% used [0x00000000c0000000,0x00000000c009fbc8,0x00000000c5300000)
 Metaspace       used 5748K, capacity 6768K, committed 7040K, reserved 1056768K
  class space    used 583K, capacity 616K, committed 640K, reserved 1048576K
Event: 3,837 GC heap after
Heap after GC invocations=2 (full 0):
 PSYoungGen      total 36864K, used 5114K [0x00000000eab00000, 0x00000000ef300000, 0x0000000100000000)
  eden space 31744K, 0% used [0x00000000eab00000,0x00000000eab00000,0x00000000eca00000)
  from space 5120K, 99% used [0x00000000ecf00000,0x00000000ed3feaa8,0x00000000ed400000)
  to   space 5120K, 0% used [0x00000000eca00000,0x00000000eca00000,0x00000000ecf00000)
 ParOldGen       total 84992K, used 3674K [0x00000000c0000000, 0x00000000c5300000, 0x00000000eab00000)
  object space 84992K, 4% used [0x00000000c0000000,0x00000000c0396950,0x00000000c5300000)
 Metaspace       used 5748K, capacity 6768K, committed 7040K, reserved 1056768K
  class space    used 583K, capacity 616K, committed 640K, reserved 1048576K
}
Event: 4,468 GC heap before
{Heap before GC invocations=3 (full 0):
 PSYoungGen      total 36864K, used 36858K [0x00000000eab00000, 0x00000000ef300000, 0x0000000100000000)
  eden space 31744K, 100% used [0x00000000eab00000,0x00000000eca00000,0x00000000eca00000)
  from space 5120K, 99% used [0x00000000ecf00000,0x00000000ed3feaa8,0x00000000ed400000)
  to   space 5120K, 0% used [0x00000000eca00000,0x00000000eca00000,0x00000000ecf00000)
 ParOldGen       total 84992K, used 3674K [0x00000000c0000000, 0x00000000c5300000, 0x00000000eab00000)
  object space 84992K, 4% used [0x00000000c0000000,0x00000000c0396950,0x00000000c5300000)
 Metaspace       used 5880K, capacity 6896K, committed 7040K, reserved 1056768K
  class space    used 588K, capacity 616K, committed 640K, reserved 1048576K
Event: 4,550 GC heap after
Heap after GC invocations=3 (full 0):
 PSYoungGen      total 36864K, used 5101K [0x00000000eab00000, 0x00000000ef300000, 0x0000000100000000)
  eden space 31744K, 0% used [0x00000000eab00000,0x00000000eab00000,0x00000000eca00000)
  from space 5120K, 99% used [0x00000000eca00000,0x00000000ecefb790,0x00000000ecf00000)
  to   space 5120K, 0% used [0x00000000eee00000,0x00000000eee00000,0x00000000ef300000)
 ParOldGen       total 84992K, used 8819K [0x00000000c0000000, 0x00000000c5300000, 0x00000000eab00000)
  object space 84992K, 10% used [0x00000000c0000000,0x00000000c089cd48,0x00000000c5300000)
 Metaspace       used 5880K, capacity 6896K, committed 7040K, reserved 1056768K
  class space    used 588K, capacity 616K, committed 640K, reserved 1048576K
}
Event: 4,929 GC heap before
{Heap before GC invocations=4 (full 0):
 PSYoungGen      total 36864K, used 36845K [0x00000000eab00000, 0x00000000ef300000, 0x0000000100000000)
  eden space 31744K, 100% used [0x00000000eab00000,0x00000000eca00000,0x00000000eca00000)
  from space 5120K, 99% used [0x00000000eca00000,0x00000000ecefb790,0x00000000ecf00000)
  to   space 5120K, 0% used [0x00000000eee00000,0x00000000eee00000,0x00000000ef300000)
 ParOldGen       total 84992K, used 8819K [0x00000000c0000000, 0x00000000c5300000, 0x00000000eab00000)
  object space 84992K, 10% used [0x00000000c0000000,0x00000000c089cd48,0x00000000c5300000)
 Metaspace       used 5901K, capacity 6896K, committed 7040K, reserved 1056768K
  class space    used 589K, capacity 616K, committed 640K, reserved 1048576K
Event: 4,996 GC heap after
Heap after GC invocations=4 (full 0):
 PSYoungGen      total 68608K, used 5093K [0x00000000eab00000, 0x00000000ef300000, 0x0000000100000000)
  eden space 63488K, 0% used [0x00000000eab00000,0x00000000eab00000,0x00000000ee900000)
  from space 5120K, 99% used [0x00000000eee00000,0x00000000ef2f96d8,0x00000000ef300000)
  to   space 5120K, 0% used [0x00000000ee900000,0x00000000ee900000,0x00000000eee00000)
 ParOldGen       total 84992K, used 14771K [0x00000000c0000000, 0x00000000c5300000, 0x00000000eab00000)
  object space 84992K, 17% used [0x00000000c0000000,0x00000000c0e6cc58,0x00000000c5300000)
 Metaspace       used 5901K, capacity 6896K, committed 7040K, reserved 1056768K
  class space    used 589K, capacity 616K, committed 640K, reserved 1048576K
}
Event: 5,730 GC heap before
{Heap before GC invocations=5 (full 0):
 PSYoungGen      total 68608K, used 68581K [0x00000000eab00000, 0x00000000ef300000, 0x0000000100000000)
  eden space 63488K, 100% used [0x00000000eab00000,0x00000000ee900000,0x00000000ee900000)
  from space 5120K, 99% used [0x00000000eee00000,0x00000000ef2f96d8,0x00000000ef300000)
  to   space 5120K, 0% used [0x00000000ee900000,0x00000000ee900000,0x00000000eee00000)
 ParOldGen       total 84992K, used 14771K [0x00000000c0000000, 0x00000000c5300000, 0x00000000eab00000)
  object space 84992K, 17% used [0x00000000c0000000,0x00000000c0e6cc58,0x00000000c5300000)
 Metaspace       used 5924K, capacity 6896K, committed 7040K, reserved 1056768K
  class space    used 589K, capacity 616K, committed 640K, reserved 1048576K

Deoptimization events (10 events):
Event: 1,941 Thread 0x00007f097c130800 Uncommon trap: reason=unstable_if action=reinterpret pc=0x00007f096d1f2db8 method=java.util.BitSet.ensureCapacity(I)V @ 6
Event: 2,715 Thread 0x00007f097c13b000 Uncommon trap: reason=bimorphic action=maybe_recompile pc=0x00007f096d1ef6e0 method=java.util.HashMap.getNode(ILjava/lang/Object;)Ljava/util/HashMap$Node; @ 126
Event: 2,715 Thread 0x00007f097c13b000 Uncommon trap: reason=bimorphic action=maybe_recompile pc=0x00007f096d1ef6e0 method=java.util.HashMap.getNode(ILjava/lang/Object;)Ljava/util/HashMap$Node; @ 126
Event: 2,715 Thread 0x00007f097c13b000 Uncommon trap: reason=unstable_if action=reinterpret pc=0x00007f096d255c9c method=com.android.dx.rop.cst.Constant.compareTo(Lcom/android/dx/rop/cst/Constant;)I @ 12
Event: 2,715 Thread 0x00007f097c13b000 Uncommon trap: reason=bimorphic action=maybe_recompile pc=0x00007f096d1ef6e0 method=java.util.HashMap.getNode(ILjava/lang/Object;)Ljava/util/HashMap$Node; @ 126
Event: 2,715 Thread 0x00007f097c13b000 Uncommon trap: reason=bimorphic action=maybe_recompile pc=0x00007f096d1ef6e0 method=java.util.HashMap.getNode(ILjava/lang/Object;)Ljava/util/HashMap$Node; @ 126
Event: 2,715 Thread 0x00007f097c13b000 Uncommon trap: reason=bimorphic action=maybe_recompile pc=0x00007f096d23ead8 method=java.util.HashMap.getNode(ILjava/lang/Object;)Ljava/util/HashMap$Node; @ 126
Event: 3,250 Thread 0x00007f097c13b000 Uncommon trap: reason=null_check action=make_not_entrant pc=0x00007f096d1f1760 method=com.android.dx.rop.type.Type.equals(Ljava/lang/Object;)Z @ 8
Event: 4,143 Thread 0x00007f097c13f800 Uncommon trap: reason=unstable_if action=reinterpret pc=0x00007f096d38959c method=com.android.dx.util.LabeledList.set(ILcom/android/dx/util/LabeledItem;)V @ 16
Event: 4,886 Thread 0x00007f097c13f800 Uncommon trap: reason=unstable_if action=reinterpret pc=0x00007f096d33953c method=com.android.dx.ssa.SsaMethod.updateOneDefinition(Lcom/android/dx/ssa/SsaInsn;Lcom/android/dx/rop/code/RegisterSpec;)V @ 4

Internal exceptions (3 events):
Event: 0,091 Thread 0x00007f097c00a000 Exception <a 'java/lang/NoSuchMethodError': Method sun.misc.Unsafe.defineClass(Ljava/lang/String;[BII)Ljava/lang/Class; name or signature does not match> (0x00000000eab07c78) thrown at [/HUDSON3/workspace/8-2-build-linux-amd64/jdk8u102/7268/hotspot/src/sh
Event: 0,091 Thread 0x00007f097c00a000 Exception <a 'java/lang/NoSuchMethodError': Method sun.misc.Unsafe.prefetchRead(Ljava/lang/Object;J)V name or signature does not match> (0x00000000eab07f60) thrown at [/HUDSON3/workspace/8-2-build-linux-amd64/jdk8u102/7268/hotspot/src/share/vm/prims/jni.c
Event: 3,250 Thread 0x00007f097c13b000 Implicit null exception at 0x00007f096d1f1662 to 0x00007f096d1f1753

Events (10 events):
Event: 5,545 loading class com/android/dx/cf/code/BytecodeArray$ConstantParserVisitor done
Event: 5,597 Thread 0x00007f097c13b000 DEOPT PACKING pc=0x00007f096d22b7d1 sp=0x00007f096695fe10
Event: 5,597 Thread 0x00007f097c13b000 DEOPT UNPACKING pc=0x00007f096d047633 sp=0x00007f096695fb68 mode 0
Event: 5,625 Thread 0x00007f097c130800 DEOPT PACKING pc=0x00007f096d23b04b sp=0x00007f0966b62050
Event: 5,625 Thread 0x00007f097c130800 DEOPT UNPACKING pc=0x00007f096d047633 sp=0x00007f0966b61dc8 mode 0
Event: 5,636 Thread 0x00007f097c13f800 DEOPT PACKING pc=0x00007f096d37196c sp=0x00007f096685eeb0
Event: 5,636 Thread 0x00007f097c13f800 DEOPT UNPACKING pc=0x00007f096d047633 sp=0x00007f096685ebb0 mode 0
Event: 5,698 Thread 0x00007f097c141000 DEOPT PACKING pc=0x00007f096d23b04b sp=0x00007f096675de50
Event: 5,698 Thread 0x00007f097c141000 DEOPT UNPACKING pc=0x00007f096d047633 sp=0x00007f096675dbc8 mode 0
Event: 5,717 Executing VM operation: ParallelGCFailedAllocation


Dynamic libraries:
00400000-00401000 r-xp 00000000 08:04 2360749                            /opt/jdk/jdk1.8.0_102/bin/java
00600000-00601000 rw-p 00000000 08:04 2360749                            /opt/jdk/jdk1.8.0_102/bin/java
01dd9000-01dfa000 rw-p 00000000 00:00 0                                  [heap]
c0000000-c5300000 rw-p 00000000 00:00 0 
c5300000-eab00000 ---p 00000000 00:00 0 
eab00000-ef300000 rw-p 00000000 00:00 0 
f4c00000-100000000 ---p 00000000 00:00 0 
100000000-1000a0000 rw-p 00000000 00:00 0 
1000a0000-140000000 ---p 00000000 00:00 0 
7f0920000000-7f0920021000 rw-p 00000000 00:00 0 
7f0920021000-7f0924000000 ---p 00000000 00:00 0 
7f0924000000-7f092403a000 rw-p 00000000 00:00 0 
7f092403a000-7f0928000000 ---p 00000000 00:00 0 
7f0928000000-7f0928021000 rw-p 00000000 00:00 0 
7f0928021000-7f092c000000 ---p 00000000 00:00 0 
7f092c000000-7f092c037000 rw-p 00000000 00:00 0 
7f092c037000-7f0930000000 ---p 00000000 00:00 0 
7f0930000000-7f0930021000 rw-p 00000000 00:00 0 
7f0930021000-7f0934000000 ---p 00000000 00:00 0 
7f0934000000-7f093403c000 rw-p 00000000 00:00 0 
7f093403c000-7f0938000000 ---p 00000000 00:00 0 
7f0938000000-7f09386b3000 rw-p 00000000 00:00 0 
7f09386b3000-7f093c000000 ---p 00000000 00:00 0 
7f093c000000-7f093c021000 rw-p 00000000 00:00 0 
7f093c021000-7f0940000000 ---p 00000000 00:00 0 
7f0940000000-7f094066f000 rw-p 00000000 00:00 0 
7f094066f000-7f0944000000 ---p 00000000 00:00 0 
7f0944000000-7f0944720000 rw-p 00000000 00:00 0 
7f0944720000-7f0948000000 ---p 00000000 00:00 0 
7f0948000000-7f0948021000 rw-p 00000000 00:00 0 
7f0948021000-7f094c000000 ---p 00000000 00:00 0 
7f094c000000-7f094c021000 rw-p 00000000 00:00 0 
7f094c021000-7f0950000000 ---p 00000000 00:00 0 
7f0950000000-7f0950297000 rw-p 00000000 00:00 0 
7f0950297000-7f0954000000 ---p 00000000 00:00 0 
7f0954000000-7f0954021000 rw-p 00000000 00:00 0 
7f0954021000-7f0958000000 ---p 00000000 00:00 0 
7f0958000000-7f0958021000 rw-p 00000000 00:00 0 
7f0958021000-7f095c000000 ---p 00000000 00:00 0 
7f095c000000-7f095c021000 rw-p 00000000 00:00 0 
7f095c021000-7f0960000000 ---p 00000000 00:00 0 
7f0960000000-7f0960021000 rw-p 00000000 00:00 0 
7f0960021000-7f0964000000 ---p 00000000 00:00 0 
7f096663a000-7f096665f000 r--p 00000000 08:04 1713356                    /usr/share/locale/es/LC_MESSAGES/libc.mo
7f096665f000-7f0966662000 ---p 00000000 00:00 0 
7f0966662000-7f0966760000 rw-p 00000000 00:00 0                          [stack:10795]
7f0966760000-7f0966763000 ---p 00000000 00:00 0 
7f0966763000-7f0966861000 rw-p 00000000 00:00 0                          [stack:10794]
7f0966861000-7f0966864000 ---p 00000000 00:00 0 
7f0966864000-7f0966962000 rw-p 00000000 00:00 0                          [stack:10793]
7f0966962000-7f0966965000 ---p 00000000 00:00 0 
7f0966965000-7f0966a63000 rw-p 00000000 00:00 0                          [stack:10792]
7f0966a63000-7f0966a66000 ---p 00000000 00:00 0 
7f0966a66000-7f0966b64000 rw-p 00000000 00:00 0                          [stack:10791]
7f0966b64000-7f0966b65000 ---p 00000000 00:00 0 
7f0966b65000-7f0966c65000 rw-p 00000000 00:00 0                          [stack:10782]
7f0966c65000-7f0966c68000 ---p 00000000 00:00 0 
7f0966c68000-7f0966d66000 rw-p 00000000 00:00 0                          [stack:10781]
7f0966d66000-7f0966d69000 ---p 00000000 00:00 0 
7f0966d69000-7f0966e67000 rw-p 00000000 00:00 0                          [stack:10779]
7f0966e67000-7f0966e6a000 ---p 00000000 00:00 0 
7f0966e6a000-7f0966f68000 rw-p 00000000 00:00 0                          [stack:10778]
7f0966f68000-7f0966f6b000 ---p 00000000 00:00 0 
7f0966f6b000-7f0967069000 rw-p 00000000 00:00 0                          [stack:10777]
7f0967069000-7f096706c000 ---p 00000000 00:00 0 
7f096706c000-7f096716a000 rw-p 00000000 00:00 0                          [stack:10776]
7f096716a000-7f09672f3000 r--p 00000000 08:04 924362                     /usr/lib/locale/locale-archive
7f09672f3000-7f09672f6000 ---p 00000000 00:00 0 
7f09672f6000-7f09673f4000 rw-p 00000000 00:00 0                          [stack:10760]
7f09673f4000-7f09673f7000 ---p 00000000 00:00 0 
7f09673f7000-7f09674f5000 rw-p 00000000 00:00 0                          [stack:10759]
7f09674f5000-7f09674f6000 ---p 00000000 00:00 0 
7f09674f6000-7f0968000000 rw-p 00000000 00:00 0                          [stack:10758]
7f0968000000-7f0968021000 rw-p 00000000 00:00 0 
7f0968021000-7f096c000000 ---p 00000000 00:00 0 
7f096c003000-7f096c01c000 r--s 00097000 08:04 1984830                    /home/alexis/Geobus/app/build/intermediates/exploded-aar/com.google.android.gms/play-services-games/9.4.0/jars/classes.jar
7f096c01c000-7f096c5b2000 rw-p 00000000 00:00 0 
7f096c5b2000-7f096c78a000 r--s 03d29000 08:04 2360825                    /opt/jdk/jdk1.8.0_102/jre/lib/rt.jar
7f096c78a000-7f096ce40000 rw-p 00000000 00:00 0 
7f096ce40000-7f096d000000 ---p 00000000 00:00 0 
7f096d000000-7f096d520000 rwxp 00000000 00:00 0 
7f096d520000-7f097c000000 ---p 00000000 00:00 0 
7f097c000000-7f097c391000 rw-p 00000000 00:00 0 
7f097c391000-7f0980000000 ---p 00000000 00:00 0 
7f0980001000-7f098000f000 r--s 000e0000 08:04 528314                     /home/alexis/Android/Sdk/build-tools/24.0.1/lib/dx.jar
7f098000f000-7f0982230000 rw-p 00000000 00:00 0 
7f0982230000-7f0982231000 ---p 00000000 00:00 0 
7f0982231000-7f0982331000 rw-p 00000000 00:00 0                          [stack:10756]
7f0982331000-7f0982332000 ---p 00000000 00:00 0 
7f0982332000-7f0982432000 rw-p 00000000 00:00 0                          [stack:10754]
7f0982432000-7f0982433000 ---p 00000000 00:00 0 
7f0982433000-7f0982533000 rw-p 00000000 00:00 0                          [stack:10753]
7f0982533000-7f0982534000 ---p 00000000 00:00 0 
7f0982534000-7f098265e000 rw-p 00000000 00:00 0                          [stack:10752]
7f098265e000-7f098278a000 ---p 00000000 00:00 0 
7f098278a000-7f09827b4000 rw-p 00000000 00:00 0 
7f09827b4000-7f09828df000 ---p 00000000 00:00 0 
7f09828df000-7f0982904000 rw-p 00000000 00:00 0 
7f0982904000-7f098298a000 ---p 00000000 00:00 0 
7f098298a000-7f09829a0000 rw-p 00000000 00:00 0 
7f09829a0000-7f0982d4b000 ---p 00000000 00:00 0 
7f0982d4b000-7f0982d65000 r-xp 00000000 08:04 2360856                    /opt/jdk/jdk1.8.0_102/jre/lib/amd64/libzip.so
7f0982d65000-7f0982f65000 ---p 0001a000 08:04 2360856                    /opt/jdk/jdk1.8.0_102/jre/lib/amd64/libzip.so
7f0982f65000-7f0982f66000 rw-p 0001a000 08:04 2360856                    /opt/jdk/jdk1.8.0_102/jre/lib/amd64/libzip.so
7f0982f66000-7f0982f71000 r-xp 00000000 08:04 794090                     /lib/x86_64-linux-gnu/libnss_files-2.19.so
7f0982f71000-7f0983170000 ---p 0000b000 08:04 794090                     /lib/x86_64-linux-gnu/libnss_files-2.19.so
7f0983170000-7f0983171000 r--p 0000a000 08:04 794090                     /lib/x86_64-linux-gnu/libnss_files-2.19.so
7f0983171000-7f0983172000 rw-p 0000b000 08:04 794090                     /lib/x86_64-linux-gnu/libnss_files-2.19.so
7f0983172000-7f098317c000 r-xp 00000000 08:04 795042                     /lib/x86_64-linux-gnu/libnss_nis-2.19.so
7f098317c000-7f098337b000 ---p 0000a000 08:04 795042                     /lib/x86_64-linux-gnu/libnss_nis-2.19.so
7f098337b000-7f098337c000 r--p 00009000 08:04 795042                     /lib/x86_64-linux-gnu/libnss_nis-2.19.so
7f098337c000-7f098337d000 rw-p 0000a000 08:04 795042                     /lib/x86_64-linux-gnu/libnss_nis-2.19.so
7f098337d000-7f0983392000 r-xp 00000000 08:04 794087                     /lib/x86_64-linux-gnu/libnsl-2.19.so
7f0983392000-7f0983591000 ---p 00015000 08:04 794087                     /lib/x86_64-linux-gnu/libnsl-2.19.so
7f0983591000-7f0983592000 r--p 00014000 08:04 794087                     /lib/x86_64-linux-gnu/libnsl-2.19.so
7f0983592000-7f0983593000 rw-p 00015000 08:04 794087                     /lib/x86_64-linux-gnu/libnsl-2.19.so
7f0983593000-7f0983595000 rw-p 00000000 00:00 0 
7f0983595000-7f098359c000 r-xp 00000000 08:04 794088                     /lib/x86_64-linux-gnu/libnss_compat-2.19.so
7f098359c000-7f098379b000 ---p 00007000 08:04 794088                     /lib/x86_64-linux-gnu/libnss_compat-2.19.so
7f098379b000-7f098379c000 r--p 00006000 08:04 794088                     /lib/x86_64-linux-gnu/libnss_compat-2.19.so
7f098379c000-7f098379d000 rw-p 00007000 08:04 794088                     /lib/x86_64-linux-gnu/libnss_compat-2.19.so
7f098379d000-7f09837c7000 r-xp 00000000 08:04 2360883                    /opt/jdk/jdk1.8.0_102/jre/lib/amd64/libjava.so
7f09837c7000-7f09839c7000 ---p 0002a000 08:04 2360883                    /opt/jdk/jdk1.8.0_102/jre/lib/amd64/libjava.so
7f09839c7000-7f09839c9000 rw-p 0002a000 08:04 2360883                    /opt/jdk/jdk1.8.0_102/jre/lib/amd64/libjava.so
7f09839c9000-7f09839d6000 r-xp 00000000 08:04 2360834                    /opt/jdk/jdk1.8.0_102/jre/lib/amd64/libverify.so
7f09839d6000-7f0983bd6000 ---p 0000d000 08:04 2360834                    /opt/jdk/jdk1.8.0_102/jre/lib/amd64/libverify.so
7f0983bd6000-7f0983bd8000 rw-p 0000d000 08:04 2360834                    /opt/jdk/jdk1.8.0_102/jre/lib/amd64/libverify.so
7f0983bd8000-7f0983bdf000 r-xp 00000000 08:04 795046                     /lib/x86_64-linux-gnu/librt-2.19.so
7f0983bdf000-7f0983dde000 ---p 00007000 08:04 795046                     /lib/x86_64-linux-gnu/librt-2.19.so
7f0983dde000-7f0983ddf000 r--p 00006000 08:04 795046                     /lib/x86_64-linux-gnu/librt-2.19.so
7f0983ddf000-7f0983de0000 rw-p 00007000 08:04 795046                     /lib/x86_64-linux-gnu/librt-2.19.so
7f0983de0000-7f0983ee0000 r-xp 00000000 08:04 794085                     /lib/x86_64-linux-gnu/libm-2.19.so
7f0983ee0000-7f09840df000 ---p 00100000 08:04 794085                     /lib/x86_64-linux-gnu/libm-2.19.so
7f09840df000-7f09840e0000 r--p 000ff000 08:04 794085                     /lib/x86_64-linux-gnu/libm-2.19.so
7f09840e0000-7f09840e1000 rw-p 00100000 08:04 794085                     /lib/x86_64-linux-gnu/libm-2.19.so
7f09840e1000-7f0984dad000 r-xp 00000000 08:04 2360887                    /opt/jdk/jdk1.8.0_102/jre/lib/amd64/server/libjvm.so
7f0984dad000-7f0984fad000 ---p 00ccc000 08:04 2360887                    /opt/jdk/jdk1.8.0_102/jre/lib/amd64/server/libjvm.so
7f0984fad000-7f0985086000 rw-p 00ccc000 08:04 2360887                    /opt/jdk/jdk1.8.0_102/jre/lib/amd64/server/libjvm.so
7f0985086000-7f09850d1000 rw-p 00000000 00:00 0 
7f09850d1000-7f0985272000 r-xp 00000000 08:04 793880                     /lib/x86_64-linux-gnu/libc-2.19.so
7f0985272000-7f0985472000 ---p 001a1000 08:04 793880                     /lib/x86_64-linux-gnu/libc-2.19.so
7f0985472000-7f0985476000 r--p 001a1000 08:04 793880                     /lib/x86_64-linux-gnu/libc-2.19.so
7f0985476000-7f0985478000 rw-p 001a5000 08:04 793880                     /lib/x86_64-linux-gnu/libc-2.19.so
7f0985478000-7f098547c000 rw-p 00000000 00:00 0 
7f098547c000-7f098547f000 r-xp 00000000 08:04 794084                     /lib/x86_64-linux-gnu/libdl-2.19.so
7f098547f000-7f098567e000 ---p 00003000 08:04 794084                     /lib/x86_64-linux-gnu/libdl-2.19.so
7f098567e000-7f098567f000 r--p 00002000 08:04 794084                     /lib/x86_64-linux-gnu/libdl-2.19.so
7f098567f000-7f0985680000 rw-p 00003000 08:04 794084                     /lib/x86_64-linux-gnu/libdl-2.19.so
7f0985680000-7f0985695000 r-xp 00000000 08:04 2359968                    /opt/jdk/jdk1.8.0_102/lib/amd64/jli/libjli.so
7f0985695000-7f0985895000 ---p 00015000 08:04 2359968                    /opt/jdk/jdk1.8.0_102/lib/amd64/jli/libjli.so
7f0985895000-7f0985896000 rw-p 00015000 08:04 2359968                    /opt/jdk/jdk1.8.0_102/lib/amd64/jli/libjli.so
7f0985896000-7f09858ae000 r-xp 00000000 08:04 793541                     /lib/x86_64-linux-gnu/libpthread-2.19.so
7f09858ae000-7f0985aad000 ---p 00018000 08:04 793541                     /lib/x86_64-linux-gnu/libpthread-2.19.so
7f0985aad000-7f0985aae000 r--p 00017000 08:04 793541                     /lib/x86_64-linux-gnu/libpthread-2.19.so
7f0985aae000-7f0985aaf000 rw-p 00018000 08:04 793541                     /lib/x86_64-linux-gnu/libpthread-2.19.so
7f0985aaf000-7f0985ab3000 rw-p 00000000 00:00 0 
7f0985ab3000-7f0985ad3000 r-xp 00000000 08:04 793563                     /lib/x86_64-linux-gnu/ld-2.19.so
7f0985ade000-7f0985bb7000 rw-p 00000000 00:00 0 
7f0985bb7000-7f0985bba000 ---p 00000000 00:00 0 
7f0985bba000-7f0985cbc000 rw-p 00000000 00:00 0                          [stack:10750]
7f0985cbf000-7f0985cc0000 rw-p 00000000 00:00 0 
7f0985cc0000-7f0985cc7000 r--s 00000000 08:04 1060537                    /usr/lib/x86_64-linux-gnu/gconv/gconv-modules.cache
7f0985cc7000-7f0985ccf000 rw-s 00000000 08:04 2244350                    /tmp/hsperfdata_alexis/10749
7f0985ccf000-7f0985cd0000 rw-p 00000000 00:00 0 
7f0985cd0000-7f0985cd1000 ---p 00000000 00:00 0 
7f0985cd1000-7f0985cd3000 rw-p 00000000 00:00 0 
7f0985cd3000-7f0985cd4000 r--p 00020000 08:04 793563                     /lib/x86_64-linux-gnu/ld-2.19.so
7f0985cd4000-7f0985cd5000 rw-p 00021000 08:04 793563                     /lib/x86_64-linux-gnu/ld-2.19.so
7f0985cd5000-7f0985cd6000 rw-p 00000000 00:00 0 
7ffe06c54000-7ffe06c75000 rw-p 00000000 00:00 0                          [stack]
7ffe06d18000-7ffe06d1a000 r-xp 00000000 00:00 0                          [vdso]
7ffe06d1a000-7ffe06d1c000 r--p 00000000 00:00 0                          [vvar]
ffffffffff600000-ffffffffff601000 r-xp 00000000 00:00 0                  [vsyscall]

VM Arguments:
jvm_args: -Djava.awt.headless=true -Xmx1024M -Dfile.encoding=UTF-8 -Duser.country=AR -Duser.language=es -Duser.variant 
java_command: com.android.dx.command.Main --dex --force-jumbo --num-threads=4 --multi-dex --output /home/alexis/Geobus/app/build/intermediates/transforms/dex/debug/folders/1000/10/com.google.android.gms-play-services-games-9.4.0_8377e3f572b8723abc2b6ec123c4f78619095b97 /home/alexis/Geobus/app/build/intermediates/exploded-aar/com.google.android.gms/play-services-games/9.4.0/jars/classes.jar
java_class_path (initial): /home/alexis/Android/Sdk/build-tools/24.0.1/lib/dx.jar
Launcher Type: SUN_STANDARD

Environment Variables:
PATH=/home/alexis/bin:/usr/sbin:/sbin:/usr/local/bin:/usr/bin:/bin:/usr/local/games:/usr/games
LD_LIBRARY_PATH=/opt/android-studio/bin/.:
SHELL=/bin/bash
DISPLAY=:0

Signal Handlers:
SIGSEGV: [libjvm.so+0xac5b30], sa_mask[0]=11111111011111111101111111111110, sa_flags=SA_RESTART|SA_SIGINFO
SIGBUS: [libjvm.so+0xac5b30], sa_mask[0]=11111111011111111101111111111110, sa_flags=SA_RESTART|SA_SIGINFO
SIGFPE: [libjvm.so+0x91f470], sa_mask[0]=11111111011111111101111111111110, sa_flags=SA_RESTART|SA_SIGINFO
SIGPIPE: [libjvm.so+0x91f470], sa_mask[0]=11111111011111111101111111111110, sa_flags=SA_RESTART|SA_SIGINFO
SIGXFSZ: [libjvm.so+0x91f470], sa_mask[0]=11111111011111111101111111111110, sa_flags=SA_RESTART|SA_SIGINFO
SIGILL: [libjvm.so+0x91f470], sa_mask[0]=11111111011111111101111111111110, sa_flags=SA_RESTART|SA_SIGINFO
SIGUSR1: SIG_DFL, sa_mask[0]=00000000000000000000000000000000, sa_flags=none
SIGUSR2: [libjvm.so+0x920aa0], sa_mask[0]=00100000000000000000000000000000, sa_flags=SA_RESTART|SA_SIGINFO
SIGHUP: [libjvm.so+0x921ea0], sa_mask[0]=11111111011111111101111111111110, sa_flags=SA_RESTART|SA_SIGINFO
SIGINT: [libjvm.so+0x921ea0], sa_mask[0]=11111111011111111101111111111110, sa_flags=SA_RESTART|SA_SIGINFO
SIGTERM: [libjvm.so+0x921ea0], sa_mask[0]=11111111011111111101111111111110, sa_flags=SA_RESTART|SA_SIGINFO
SIGQUIT: [libjvm.so+0x921ea0], sa_mask[0]=11111111011111111101111111111110, sa_flags=SA_RESTART|SA_SIGINFO


---------------  S Y S T E M  ---------------

OS:DISTRIB_ID="BunsenLabs"
DISTRIB_DESCRIPTION="BunsenLabs GNU/Linux 8.5 (Hydrogen)"
DISTRIB_RELEASE="8.5"
DISTRIB_CODENAME="bunsen-hydrogen"

uname:Linux 3.16.0-4-amd64 #1 SMP Debian 3.16.7-ckt25-2+deb8u3 (2016-07-02) x86_64
libc:glibc 2.19 NPTL 2.19 
rlimit: STACK 8192k, CORE 0k, NPROC 31341, NOFILE 65536, AS infinity
load average:10,10 3,79 2,95

/proc/meminfo:
MemTotal:        8045472 kB
MemFree:          104744 kB
MemAvailable:      53376 kB
Buffers:             464 kB
Cached:          2480320 kB
SwapCached:            0 kB
Active:          5413168 kB
Inactive:        2329832 kB
Active(anon):    5401696 kB
Inactive(anon):  2323404 kB
Active(file):      11472 kB
Inactive(file):     6428 kB
Unevictable:          32 kB
Mlocked:              32 kB
SwapTotal:             0 kB
SwapFree:              0 kB
Dirty:               120 kB
Writeback:             0 kB
AnonPages:       5262460 kB
Mapped:           729536 kB
Shmem:           2462604 kB
Slab:              99596 kB
SReclaimable:      48300 kB
SUnreclaim:        51296 kB
KernelStack:       11360 kB
PageTables:        45408 kB
NFS_Unstable:          0 kB
Bounce:                0 kB
WritebackTmp:          0 kB
CommitLimit:     4022736 kB
Committed_AS:   12041724 kB
VmallocTotal:   34359738367 kB
VmallocUsed:      552484 kB
VmallocChunk:   34359122056 kB
HardwareCorrupted:     0 kB
AnonHugePages:         0 kB
HugePages_Total:       0
HugePages_Free:        0
HugePages_Rsvd:        0
HugePages_Surp:        0
Hugepagesize:       2048 kB
DirectMap4k:       53504 kB
DirectMap2M:     8183808 kB


CPU:total 4 (2 cores per cpu, 2 threads per core) family 6 model 42 stepping 7, cmov, cx8, fxsr, mmx, sse, sse2, sse3, ssse3, sse4.1, sse4.2, popcnt, avx, aes, clmul, ht, tsc, tscinvbit

/proc/cpuinfo:
processor	: 0
vendor_id	: GenuineIntel
cpu family	: 6
model		: 42
model name	: Intel(R) Core(TM) i5-2410M CPU @ 2.30GHz
stepping	: 7
microcode	: 0x29
cpu MHz		: 2699.984
cache size	: 3072 KB
physical id	: 0
siblings	: 4
core id		: 0
cpu cores	: 2
apicid		: 0
initial apicid	: 0
fpu		: yes
fpu_exception	: yes
cpuid level	: 13
wp		: yes
flags		: fpu vme de pse tsc msr pae mce cx8 apic sep mtrr pge mca cmov pat pse36 clflush dts acpi mmx fxsr sse sse2 ss ht tm pbe syscall nx rdtscp lm constant_tsc arch_perfmon pebs bts rep_good nopl xtopology nonstop_tsc aperfmperf eagerfpu pni pclmulqdq dtes64 monitor ds_cpl vmx est tm2 ssse3 cx16 xtpr pdcm pcid sse4_1 sse4_2 x2apic popcnt tsc_deadline_timer aes xsave avx lahf_lm ida arat epb xsaveopt pln pts dtherm tpr_shadow vnmi flexpriority ept vpid
bogomips	: 4589.30
clflush size	: 64
cache_alignment	: 64
address sizes	: 36 bits physical, 48 bits virtual
power management:

processor	: 1
vendor_id	: GenuineIntel
cpu family	: 6
model		: 42
model name	: Intel(R) Core(TM) i5-2410M CPU @ 2.30GHz
stepping	: 7
microcode	: 0x29
cpu MHz		: 2699.984
cache size	: 3072 KB
physical id	: 0
siblings	: 4
core id		: 0
cpu cores	: 2
apicid		: 1
initial apicid	: 1
fpu		: yes
fpu_exception	: yes
cpuid level	: 13
wp		: yes
flags		: fpu vme de pse tsc msr pae mce cx8 apic sep mtrr pge mca cmov pat pse36 clflush dts acpi mmx fxsr sse sse2 ss ht tm pbe syscall nx rdtscp lm constant_tsc arch_perfmon pebs bts rep_good nopl xtopology nonstop_tsc aperfmperf eagerfpu pni pclmulqdq dtes64 monitor ds_cpl vmx est tm2 ssse3 cx16 xtpr pdcm pcid sse4_1 sse4_2 x2apic popcnt tsc_deadline_timer aes xsave avx lahf_lm ida arat epb xsaveopt pln pts dtherm tpr_shadow vnmi flexpriority ept vpid
bogomips	: 4589.30
clflush size	: 64
cache_alignment	: 64
address sizes	: 36 bits physical, 48 bits virtual
power management:

processor	: 2
vendor_id	: GenuineIntel
cpu family	: 6
model		: 42
model name	: Intel(R) Core(TM) i5-2410M CPU @ 2.30GHz
stepping	: 7
microcode	: 0x29
cpu MHz		: 2699.984
cache size	: 3072 KB
physical id	: 0
siblings	: 4
core id		: 1
cpu cores	: 2
apicid		: 2
initial apicid	: 2
fpu		: yes
fpu_exception	: yes
cpuid level	: 13
wp		: yes
flags		: fpu vme de pse tsc msr pae mce cx8 apic sep mtrr pge mca cmov pat pse36 clflush dts acpi mmx fxsr sse sse2 ss ht tm pbe syscall nx rdtscp lm constant_tsc arch_perfmon pebs bts rep_good nopl xtopology nonstop_tsc aperfmperf eagerfpu pni pclmulqdq dtes64 monitor ds_cpl vmx est tm2 ssse3 cx16 xtpr pdcm pcid sse4_1 sse4_2 x2apic popcnt tsc_deadline_timer aes xsave avx lahf_lm ida arat epb xsaveopt pln pts dtherm tpr_shadow vnmi flexpriority ept vpid
bogomips	: 4589.30
clflush size	: 64
cache_alignment	: 64
address sizes	: 36 bits physical, 48 bits virtual
power management:

processor	: 3
vendor_id	: GenuineIntel
cpu family	: 6
model		: 42
model name	: Intel(R) Core(TM) i5-2410M CPU @ 2.30GHz
stepping	: 7
microcode	: 0x29
cpu MHz		: 2699.984
cache size	: 3072 KB
physical id	: 0
siblings	: 4
core id		: 1
cpu cores	: 2
apicid		: 3
initial apicid	: 3
fpu		: yes
fpu_exception	: yes
cpuid level	: 13
wp		: yes
flags		: fpu vme de pse tsc msr pae mce cx8 apic sep mtrr pge mca cmov pat pse36 clflush dts acpi mmx fxsr sse sse2 ss ht tm pbe syscall nx rdtscp lm constant_tsc arch_perfmon pebs bts rep_good nopl xtopology nonstop_tsc aperfmperf eagerfpu pni pclmulqdq dtes64 monitor ds_cpl vmx est tm2 ssse3 cx16 xtpr pdcm pcid sse4_1 sse4_2 x2apic popcnt tsc_deadline_timer aes xsave avx lahf_lm ida arat epb xsaveopt pln pts dtherm tpr_shadow vnmi flexpriority ept vpid
bogomips	: 4589.30
clflush size	: 64
cache_alignment	: 64
address sizes	: 36 bits physical, 48 bits virtual
power management:



Memory: 4k page, physical 8045472k(104744k free), swap 0k(0k free)

vm_info: Java HotSpot(TM) 64-Bit Server VM (25.102-b14) for linux-amd64 JRE (1.8.0_102-b14), built on Jun 22 2016 18:43:17 by "java_re" with gcc 4.3.0 20080428 (Red Hat 4.3.0-8)

time: Thu Feb  2 22:39:27 2017
elapsed time: 5 seconds (0d 0h 0m 5s)

