#
# There is insufficient memory for the Java Runtime Environment to continue.
# Native memory allocation (mmap) failed to map 65011712 bytes for committing reserved memory.
# Possible reasons:
#   The system is out of physical RAM or swap space
#   In 32 bit mode, the process size limit was hit
# Possible solutions:
#   Reduce memory load on the system
#   Increase physical memory or swap space
#   Check if swap backing store is full
#   Use 64 bit Java on a 64 bit OS
#   Decrease Java heap size (-Xmx/-Xms)
#   Decrease number of Java threads
#   Decrease Java thread stack sizes (-Xss)
#   Set larger code cache with -XX:ReservedCodeCacheSize=
# This output file may be truncated or incomplete.
#
#  Out of Memory Error (os_linux.cpp:2627), pid=10803, tid=0x00007f486411c700
#
# JRE version: Java(TM) SE Runtime Environment (8.0_102-b14) (build 1.8.0_102-b14)
# Java VM: Java HotSpot(TM) 64-Bit Server VM (25.102-b14 mixed mode linux-amd64 compressed oops)
# Failed to write core dump. Core dumps have been disabled. To enable core dumping, try "ulimit -c unlimited" before starting Java again
#

---------------  T H R E A D  ---------------

Current thread (0x00007f4860078000):  VMThread [stack: 0x00007f486401c000,0x00007f486411d000] [id=10812]

Stack: [0x00007f486401c000,0x00007f486411d000],  sp=0x00007f486411afa0,  free space=1019k
Native frames: (J=compiled Java code, j=interpreted, Vv=VM code, C=native code)
V  [libjvm.so+0xac52aa]  VMError::report_and_die()+0x2ba
V  [libjvm.so+0x4fc29b]  report_vm_out_of_memory(char const*, int, unsigned long, VMErrorType, char const*)+0x8b
V  [libjvm.so+0x922603]  os::Linux::commit_memory_impl(char*, unsigned long, bool)+0x103
V  [libjvm.so+0x922b59]  os::pd_commit_memory(char*, unsigned long, unsigned long, bool)+0x29
V  [libjvm.so+0x91ce5a]  os::commit_memory(char*, unsigned long, unsigned long, bool)+0x2a
V  [libjvm.so+0x9915e3]  PSVirtualSpace::expand_by(unsigned long)+0x53
V  [libjvm.so+0x9929e8]  PSYoungGen::resize_generation(unsigned long, unsigned long)+0xf8
V  [libjvm.so+0x991b42]  PSYoungGen::resize(unsigned long, unsigned long)+0x22
V  [libjvm.so+0x98ee1b]  PSScavenge::invoke_no_policy()+0xf3b
V  [libjvm.so+0x98f5a1]  PSScavenge::invoke()+0x41
V  [libjvm.so+0x9462f0]  ParallelScavengeHeap::failed_mem_allocate(unsigned long)+0x70
V  [libjvm.so+0xac6cc7]  VM_ParallelGCFailedAllocation::doit()+0x97
V  [libjvm.so+0xace7a5]  VM_Operation::evaluate()+0x55
V  [libjvm.so+0xaccb7a]  VMThread::evaluate_operation(VM_Operation*)+0xba
V  [libjvm.so+0xaccefe]  VMThread::loop()+0x1ce
V  [libjvm.so+0xacd370]  VMThread::run()+0x70
V  [libjvm.so+0x9249c8]  java_start(Thread*)+0x108

VM_Operation (0x00007f4850268db0): ParallelGCFailedAllocation, mode: safepoint, requested by thread 0x00007f486013b800


---------------  P R O C E S S  ---------------

Java Threads: ( => current thread )
  0x00007f486013b800 JavaThread "pool-2-thread-4" [_thread_blocked, id=10834, stack(0x00007f485016a000,0x00007f485026b000)]
  0x00007f486013a000 JavaThread "pool-2-thread-3" [_thread_blocked, id=10831, stack(0x00007f485026b000,0x00007f485036c000)]
  0x00007f4860136800 JavaThread "pool-2-thread-2" [_thread_blocked, id=10830, stack(0x00007f485036c000,0x00007f485046d000)]
  0x00007f4860134800 JavaThread "pool-3-thread-1" [_thread_blocked, id=10829, stack(0x00007f485046d000,0x00007f485056e000)]
  0x00007f4860133000 JavaThread "pool-2-thread-1" [_thread_blocked, id=10825, stack(0x00007f485056e000,0x00007f485066f000)]
  0x00007f48600c0000 JavaThread "Service Thread" daemon [_thread_blocked, id=10820, stack(0x00007f4850770000,0x00007f4850871000)]
  0x00007f48600bd000 JavaThread "C1 CompilerThread2" daemon [_thread_blocked, id=10819, stack(0x00007f4850871000,0x00007f4850972000)]
  0x00007f48600bb800 JavaThread "C2 CompilerThread1" daemon [_thread_blocked, id=10818, stack(0x00007f4850972000,0x00007f4850a73000)]
  0x00007f48600b8800 JavaThread "C2 CompilerThread0" daemon [_thread_blocked, id=10817, stack(0x00007f4850a73000,0x00007f4850b74000)]
  0x00007f48600b7000 JavaThread "Signal Dispatcher" daemon [_thread_blocked, id=10815, stack(0x00007f4850b74000,0x00007f4850c75000)]
  0x00007f4860084000 JavaThread "Finalizer" daemon [_thread_blocked, id=10814, stack(0x00007f4850dfe000,0x00007f4850eff000)]
  0x00007f486007f800 JavaThread "Reference Handler" daemon [_thread_blocked, id=10813, stack(0x00007f4850eff000,0x00007f4851000000)]
  0x00007f486000a000 JavaThread "main" [_thread_blocked, id=10805, stack(0x00007f48696b3000,0x00007f48697b4000)]

Other Threads:
=>0x00007f4860078000 VMThread [stack: 0x00007f486401c000,0x00007f486411d000] [id=10812]
  0x00007f48600c3000 WatcherThread [stack: 0x00007f485066f000,0x00007f4850770000] [id=10821]

VM state:at safepoint (normal execution)

VM Mutex/Monitor currently owned by a thread:  ([mutex/lock_event])
[0x00007f48600064c0] Threads_lock - owner thread: 0x00007f4860078000
[0x00007f48600069c0] Heap_lock - owner thread: 0x00007f486013b800

Heap:
 PSYoungGen      total 68608K, used 5120K [0x00000000eab00000, 0x00000000ef300000, 0x0000000100000000)
  eden space 63488K, 0% used [0x00000000eab00000,0x00000000eab00000,0x00000000ee900000)
  from space 5120K, 100% used [0x00000000ee900000,0x00000000eee00000,0x00000000eee00000)
  to   space 5120K, 0% used [0x00000000eee00000,0x00000000eee00000,0x00000000ef300000)
 ParOldGen       total 84992K, used 13768K [0x00000000c0000000, 0x00000000c5300000, 0x00000000eab00000)
  object space 84992K, 16% used [0x00000000c0000000,0x00000000c0d72228,0x00000000c5300000)
 Metaspace       used 5887K, capacity 6896K, committed 7040K, reserved 1056768K
  class space    used 589K, capacity 616K, committed 640K, reserved 1048576K

Card table byte_map: [0x00007f4866286000,0x00007f4866487000] byte_map_base: 0x00007f4865c86000

Marking Bits: (ParMarkBitMap*) 0x00007f4868b9fc60
 Begin Bits: [0x00007f484a000000, 0x00007f484b000000)
 End Bits:   [0x00007f484b000000, 0x00007f484c000000)

Polling page: 0x00007f48697cc000

CodeCache: size=245760Kb used=4568Kb max_used=4568Kb free=241191Kb
 bounds [0x00007f4851000000, 0x00007f4851480000, 0x00007f4860000000]
 total_blobs=1468 nmethods=1201 adapters=181
 compilation: enabled

Compilation events (10 events):
Event: 5,004 Thread 0x00007f48600bd000 nmethod 1307 0x00007f4851476cd0 code [0x00007f4851476e20, 0x00007f4851476f30]
Event: 5,004 Thread 0x00007f48600bd000 1327       1       java.util.concurrent.locks.AbstractOwnableSynchronizer::setExclusiveOwnerThread (6 bytes)
Event: 5,005 Thread 0x00007f48600bd000 nmethod 1327 0x00007f4851476f90 code [0x00007f48514770e0, 0x00007f4851477210]
Event: 5,005 Thread 0x00007f48600bd000 1362       2       com.android.dx.ssa.PhiInsn::predBlocksForReg (73 bytes)
Event: 5,006 Thread 0x00007f48600bd000 nmethod 1362 0x00007f4851477250 code [0x00007f4851477420, 0x00007f48514779f8]
Event: 5,006 Thread 0x00007f48600bd000 1342       2       com.android.dx.cf.code.Merger::mergeLocals (122 bytes)
Event: 5,007 Thread 0x00007f48600bd000 nmethod 1342 0x00007f4851478110 code [0x00007f4851478300, 0x00007f4851478ae8]
Event: 5,007 Thread 0x00007f48600bd000 1347       2       com.android.dx.rop.code.RegisterSpecSet::intersect (117 bytes)
Event: 5,008 Thread 0x00007f48600bd000 nmethod 1347 0x00007f4851479350 code [0x00007f4851479500, 0x00007f48514799b8]
Event: 5,008 Thread 0x00007f48600bd000 1264       2       com.android.dx.cf.code.Ropper::addExceptionSetupBlocks (203 bytes)

GC Heap History (5 events):
Event: 2,825 GC heap before
{Heap before GC invocations=1 (full 0):
 PSYoungGen      total 36864K, used 31744K [0x00000000eab00000, 0x00000000ed400000, 0x0000000100000000)
  eden space 31744K, 100% used [0x00000000eab00000,0x00000000eca00000,0x00000000eca00000)
  from space 5120K, 0% used [0x00000000ecf00000,0x00000000ecf00000,0x00000000ed400000)
  to   space 5120K, 0% used [0x00000000eca00000,0x00000000eca00000,0x00000000ecf00000)
 ParOldGen       total 84992K, used 0K [0x00000000c0000000, 0x00000000c5300000, 0x00000000eab00000)
  object space 84992K, 0% used [0x00000000c0000000,0x00000000c0000000,0x00000000c5300000)
 Metaspace       used 5737K, capacity 6768K, committed 7040K, reserved 1056768K
  class space    used 584K, capacity 616K, committed 640K, reserved 1048576K
Event: 2,862 GC heap after
Heap after GC invocations=1 (full 0):
 PSYoungGen      total 36864K, used 5107K [0x00000000eab00000, 0x00000000ef300000, 0x0000000100000000)
  eden space 31744K, 0% used [0x00000000eab00000,0x00000000eab00000,0x00000000eca00000)
  from space 5120K, 99% used [0x00000000eca00000,0x00000000ecefcea8,0x00000000ecf00000)
  to   space 5120K, 0% used [0x00000000eee00000,0x00000000eee00000,0x00000000ef300000)
 ParOldGen       total 84992K, used 726K [0x00000000c0000000, 0x00000000c5300000, 0x00000000eab00000)
  object space 84992K, 0% used [0x00000000c0000000,0x00000000c00b58e0,0x00000000c5300000)
 Metaspace       used 5737K, capacity 6768K, committed 7040K, reserved 1056768K
  class space    used 584K, capacity 616K, committed 640K, reserved 1048576K
}
Event: 3,747 GC heap before
{Heap before GC invocations=2 (full 0):
 PSYoungGen      total 36864K, used 36851K [0x00000000eab00000, 0x00000000ef300000, 0x0000000100000000)
  eden space 31744K, 100% used [0x00000000eab00000,0x00000000eca00000,0x00000000eca00000)
  from space 5120K, 99% used [0x00000000eca00000,0x00000000ecefcea8,0x00000000ecf00000)
  to   space 5120K, 0% used [0x00000000eee00000,0x00000000eee00000,0x00000000ef300000)
 ParOldGen       total 84992K, used 726K [0x00000000c0000000, 0x00000000c5300000, 0x00000000eab00000)
  object space 84992K, 0% used [0x00000000c0000000,0x00000000c00b58e0,0x00000000c5300000)
 Metaspace       used 5807K, capacity 6832K, committed 7040K, reserved 1056768K
  class space    used 586K, capacity 616K, committed 640K, reserved 1048576K
Event: 3,814 GC heap after
Heap after GC invocations=2 (full 0):
 PSYoungGen      total 68608K, used 5098K [0x00000000eab00000, 0x00000000ef300000, 0x0000000100000000)
  eden space 63488K, 0% used [0x00000000eab00000,0x00000000eab00000,0x00000000ee900000)
  from space 5120K, 99% used [0x00000000eee00000,0x00000000ef2faab8,0x00000000ef300000)
  to   space 5120K, 0% used [0x00000000ee900000,0x00000000ee900000,0x00000000eee00000)
 ParOldGen       total 84992K, used 4818K [0x00000000c0000000, 0x00000000c5300000, 0x00000000eab00000)
  object space 84992K, 5% used [0x00000000c0000000,0x00000000c04b4a68,0x00000000c5300000)
 Metaspace       used 5807K, capacity 6832K, committed 7040K, reserved 1056768K
  class space    used 586K, capacity 616K, committed 640K, reserved 1048576K
}
Event: 5,048 GC heap before
{Heap before GC invocations=3 (full 0):
 PSYoungGen      total 68608K, used 68586K [0x00000000eab00000, 0x00000000ef300000, 0x0000000100000000)
  eden space 63488K, 100% used [0x00000000eab00000,0x00000000ee900000,0x00000000ee900000)
  from space 5120K, 99% used [0x00000000eee00000,0x00000000ef2faab8,0x00000000ef300000)
  to   space 5120K, 0% used [0x00000000ee900000,0x00000000ee900000,0x00000000eee00000)
 ParOldGen       total 84992K, used 4818K [0x00000000c0000000, 0x00000000c5300000, 0x00000000eab00000)
  object space 84992K, 5% used [0x00000000c0000000,0x00000000c04b4a68,0x00000000c5300000)
 Metaspace       used 5887K, capacity 6896K, committed 7040K, reserved 1056768K
  class space    used 589K, capacity 616K, committed 640K, reserved 1048576K

Deoptimization events (10 events):
Event: 2,209 Thread 0x00007f4860136800 Uncommon trap: reason=bimorphic action=maybe_recompile pc=0x00007f4851209db4 method=java.util.HashMap.getNode(ILjava/lang/Object;)Ljava/util/HashMap$Node; @ 126
Event: 2,210 Thread 0x00007f4860136800 Uncommon trap: reason=bimorphic action=maybe_recompile pc=0x00007f4851209db4 method=java.util.HashMap.getNode(ILjava/lang/Object;)Ljava/util/HashMap$Node; @ 126
Event: 2,210 Thread 0x00007f4860136800 Uncommon trap: reason=bimorphic action=maybe_recompile pc=0x00007f4851209db4 method=java.util.HashMap.getNode(ILjava/lang/Object;)Ljava/util/HashMap$Node; @ 126
Event: 2,210 Thread 0x00007f4860136800 Uncommon trap: reason=bimorphic action=maybe_recompile pc=0x00007f4851209db4 method=java.util.HashMap.getNode(ILjava/lang/Object;)Ljava/util/HashMap$Node; @ 126
Event: 2,210 Thread 0x00007f4860136800 Uncommon trap: reason=bimorphic action=maybe_recompile pc=0x00007f48511ebe6c method=java.util.HashMap.getNode(ILjava/lang/Object;)Ljava/util/HashMap$Node; @ 126
Event: 2,259 Thread 0x00007f486013b800 Uncommon trap: reason=class_check action=maybe_recompile pc=0x00007f485124d45c method=com.android.dx.ssa.NormalSsaInsn.accept(Lcom/android/dx/ssa/SsaInsn$Visitor;)V @ 9
Event: 2,259 Thread 0x00007f486013b800 Uncommon trap: reason=class_check action=maybe_recompile pc=0x00007f4851202950 method=com.android.dx.ssa.NormalSsaInsn.accept(Lcom/android/dx/ssa/SsaInsn$Visitor;)V @ 9
Event: 2,259 Thread 0x00007f486013b800 Uncommon trap: reason=class_check action=maybe_recompile pc=0x00007f4851202950 method=com.android.dx.ssa.NormalSsaInsn.accept(Lcom/android/dx/ssa/SsaInsn$Visitor;)V @ 9
Event: 2,290 Thread 0x00007f486013b800 Uncommon trap: reason=class_check action=maybe_recompile pc=0x00007f485124d45c method=com.android.dx.ssa.NormalSsaInsn.accept(Lcom/android/dx/ssa/SsaInsn$Visitor;)V @ 9
Event: 2,290 Thread 0x00007f486013b800 Uncommon trap: reason=class_check action=maybe_recompile pc=0x00007f4851202950 method=com.android.dx.ssa.NormalSsaInsn.accept(Lcom/android/dx/ssa/SsaInsn$Visitor;)V @ 9

Internal exceptions (2 events):
Event: 0,281 Thread 0x00007f486000a000 Exception <a 'java/lang/NoSuchMethodError': Method sun.misc.Unsafe.defineClass(Ljava/lang/String;[BII)Ljava/lang/Class; name or signature does not match> (0x00000000eab07c78) thrown at [/HUDSON3/workspace/8-2-build-linux-amd64/jdk8u102/7268/hotspot/src/sh
Event: 0,281 Thread 0x00007f486000a000 Exception <a 'java/lang/NoSuchMethodError': Method sun.misc.Unsafe.prefetchRead(Ljava/lang/Object;J)V name or signature does not match> (0x00000000eab07f60) thrown at [/HUDSON3/workspace/8-2-build-linux-amd64/jdk8u102/7268/hotspot/src/share/vm/prims/jni.c

Events (10 events):
Event: 4,777 loading class com/android/dx/dex/file/ParameterAnnotationStruct done
Event: 4,782 loading class com/android/dx/dex/file/UniformListItem
Event: 4,782 loading class com/android/dx/dex/file/UniformListItem done
Event: 4,783 loading class com/android/dx/dex/file/AnnotationSetRefItem
Event: 4,783 loading class com/android/dx/dex/file/AnnotationSetRefItem done
Event: 4,883 Thread 0x00007f4860136800 DEOPT PACKING pc=0x00007f4851385b8f sp=0x00007f485046b120
Event: 4,883 Thread 0x00007f4860136800 DEOPT UNPACKING pc=0x00007f4851047633 sp=0x00007f485046ae60 mode 0
Event: 4,935 Thread 0x00007f486013a000 DEOPT PACKING pc=0x00007f485139e6b0 sp=0x00007f4850369e70
Event: 4,935 Thread 0x00007f486013a000 DEOPT UNPACKING pc=0x00007f4851047633 sp=0x00007f4850369ba0 mode 0
Event: 5,032 Executing VM operation: ParallelGCFailedAllocation


Dynamic libraries:
00400000-00401000 r-xp 00000000 08:04 2360749                            /opt/jdk/jdk1.8.0_102/bin/java
00600000-00601000 rw-p 00000000 08:04 2360749                            /opt/jdk/jdk1.8.0_102/bin/java
01c7b000-01c9c000 rw-p 00000000 00:00 0                                  [heap]
c0000000-c5300000 rw-p 00000000 00:00 0 
c5300000-eab00000 ---p 00000000 00:00 0 
eab00000-ef300000 rw-p 00000000 00:00 0 
f3100000-100000000 ---p 00000000 00:00 0 
100000000-1000a0000 rw-p 00000000 00:00 0 
1000a0000-140000000 ---p 00000000 00:00 0 
7f4804000000-7f480402c000 rw-p 00000000 00:00 0 
7f480402c000-7f4808000000 ---p 00000000 00:00 0 
7f4808000000-7f4808021000 rw-p 00000000 00:00 0 
7f4808021000-7f480c000000 ---p 00000000 00:00 0 
7f480c000000-7f480c021000 rw-p 00000000 00:00 0 
7f480c021000-7f4810000000 ---p 00000000 00:00 0 
7f4810000000-7f4810021000 rw-p 00000000 00:00 0 
7f4810021000-7f4814000000 ---p 00000000 00:00 0 
7f4814000000-7f4814021000 rw-p 00000000 00:00 0 
7f4814021000-7f4818000000 ---p 00000000 00:00 0 
7f4818000000-7f4818046000 rw-p 00000000 00:00 0 
7f4818046000-7f481c000000 ---p 00000000 00:00 0 
7f481c000000-7f481caa1000 rw-p 00000000 00:00 0 
7f481caa1000-7f4820000000 ---p 00000000 00:00 0 
7f4820000000-7f4820021000 rw-p 00000000 00:00 0 
7f4820021000-7f4824000000 ---p 00000000 00:00 0 
7f4824000000-7f48246d3000 rw-p 00000000 00:00 0 
7f48246d3000-7f4828000000 ---p 00000000 00:00 0 
7f4828000000-7f48286a8000 rw-p 00000000 00:00 0 
7f48286a8000-7f482c000000 ---p 00000000 00:00 0 
7f482c000000-7f482c021000 rw-p 00000000 00:00 0 
7f482c021000-7f4830000000 ---p 00000000 00:00 0 
7f4830000000-7f4830021000 rw-p 00000000 00:00 0 
7f4830021000-7f4834000000 ---p 00000000 00:00 0 
7f4834000000-7f483428f000 rw-p 00000000 00:00 0 
7f483428f000-7f4838000000 ---p 00000000 00:00 0 
7f4838000000-7f4838021000 rw-p 00000000 00:00 0 
7f4838021000-7f483c000000 ---p 00000000 00:00 0 
7f483c000000-7f483c021000 rw-p 00000000 00:00 0 
7f483c021000-7f4840000000 ---p 00000000 00:00 0 
7f4840000000-7f4840021000 rw-p 00000000 00:00 0 
7f4840021000-7f4844000000 ---p 00000000 00:00 0 
7f4844000000-7f4844021000 rw-p 00000000 00:00 0 
7f4844021000-7f4848000000 ---p 00000000 00:00 0 
7f484a000000-7f484c000000 rw-p 00000000 00:00 0 
7f484c000000-7f484c021000 rw-p 00000000 00:00 0 
7f484c021000-7f4850000000 ---p 00000000 00:00 0 
7f4850145000-7f485016a000 r--p 00000000 08:04 1713356                    /usr/share/locale/es/LC_MESSAGES/libc.mo
7f485016a000-7f485016d000 ---p 00000000 00:00 0 
7f485016d000-7f485026b000 rw-p 00000000 00:00 0                          [stack:10834]
7f485026b000-7f485026e000 ---p 00000000 00:00 0 
7f485026e000-7f485036c000 rw-p 00000000 00:00 0                          [stack:10831]
7f485036c000-7f485036f000 ---p 00000000 00:00 0 
7f485036f000-7f485046d000 rw-p 00000000 00:00 0                          [stack:10830]
7f485046d000-7f4850470000 ---p 00000000 00:00 0 
7f4850470000-7f485056e000 rw-p 00000000 00:00 0                          [stack:10829]
7f485056e000-7f4850571000 ---p 00000000 00:00 0 
7f4850571000-7f485066f000 rw-p 00000000 00:00 0                          [stack:10825]
7f485066f000-7f4850670000 ---p 00000000 00:00 0 
7f4850670000-7f4850770000 rw-p 00000000 00:00 0                          [stack:10821]
7f4850770000-7f4850773000 ---p 00000000 00:00 0 
7f4850773000-7f4850871000 rw-p 00000000 00:00 0                          [stack:10820]
7f4850871000-7f4850874000 ---p 00000000 00:00 0 
7f4850874000-7f4850972000 rw-p 00000000 00:00 0                          [stack:10819]
7f4850972000-7f4850975000 ---p 00000000 00:00 0 
7f4850975000-7f4850a73000 rw-p 00000000 00:00 0                          [stack:10818]
7f4850a73000-7f4850a76000 ---p 00000000 00:00 0 
7f4850a76000-7f4850b74000 rw-p 00000000 00:00 0                          [stack:10817]
7f4850b74000-7f4850b77000 ---p 00000000 00:00 0 
7f4850b77000-7f4850c75000 rw-p 00000000 00:00 0                          [stack:10815]
7f4850c75000-7f4850dfe000 r--p 00000000 08:04 924362                     /usr/lib/locale/locale-archive
7f4850dfe000-7f4850e01000 ---p 00000000 00:00 0 
7f4850e01000-7f4850eff000 rw-p 00000000 00:00 0                          [stack:10814]
7f4850eff000-7f4850f02000 ---p 00000000 00:00 0 
7f4850f02000-7f4851000000 rw-p 00000000 00:00 0                          [stack:10813]
7f4851000000-7f4851480000 rwxp 00000000 00:00 0 
7f4851480000-7f4860000000 ---p 00000000 00:00 0 
7f4860000000-7f4860391000 rw-p 00000000 00:00 0 
7f4860391000-7f4864000000 ---p 00000000 00:00 0 
7f486400e000-7f486401c000 r--s 000e0000 08:04 528314                     /home/alexis/Android/Sdk/build-tools/24.0.1/lib/dx.jar
7f486401c000-7f486401d000 ---p 00000000 00:00 0 
7f486401d000-7f48650de000 rw-p 00000000 00:00 0                          [stack:10812]
7f48650de000-7f48652b6000 r--s 03d29000 08:04 2360825                    /opt/jdk/jdk1.8.0_102/jre/lib/rt.jar
7f48652b6000-7f486596c000 rw-p 00000000 00:00 0 
7f486596c000-7f4865b2c000 ---p 00000000 00:00 0 
7f4865b2c000-7f4865d2c000 rw-p 00000000 00:00 0 
7f4865d2c000-7f4865d2d000 ---p 00000000 00:00 0 
7f4865d2d000-7f4865e2d000 rw-p 00000000 00:00 0                          [stack:10811]
7f4865e2d000-7f4865e2e000 ---p 00000000 00:00 0 
7f4865e2e000-7f4865f2e000 rw-p 00000000 00:00 0                          [stack:10810]
7f4865f2e000-7f4865f2f000 ---p 00000000 00:00 0 
7f4865f2f000-7f486602f000 rw-p 00000000 00:00 0                          [stack:10809]
7f486602f000-7f4866030000 ---p 00000000 00:00 0 
7f4866030000-7f486615a000 rw-p 00000000 00:00 0                          [stack:10808]
7f486615a000-7f4866286000 ---p 00000000 00:00 0 
7f4866286000-7f48662b0000 rw-p 00000000 00:00 0 
7f48662b0000-7f48663db000 ---p 00000000 00:00 0 
7f48663db000-7f4866400000 rw-p 00000000 00:00 0 
7f4866400000-7f4866486000 ---p 00000000 00:00 0 
7f4866486000-7f4866499000 rw-p 00000000 00:00 0 
7f4866499000-7f4866847000 ---p 00000000 00:00 0 
7f4866847000-7f4866861000 r-xp 00000000 08:04 2360856                    /opt/jdk/jdk1.8.0_102/jre/lib/amd64/libzip.so
7f4866861000-7f4866a61000 ---p 0001a000 08:04 2360856                    /opt/jdk/jdk1.8.0_102/jre/lib/amd64/libzip.so
7f4866a61000-7f4866a62000 rw-p 0001a000 08:04 2360856                    /opt/jdk/jdk1.8.0_102/jre/lib/amd64/libzip.so
7f4866a62000-7f4866a6d000 r-xp 00000000 08:04 794090                     /lib/x86_64-linux-gnu/libnss_files-2.19.so
7f4866a6d000-7f4866c6c000 ---p 0000b000 08:04 794090                     /lib/x86_64-linux-gnu/libnss_files-2.19.so
7f4866c6c000-7f4866c6d000 r--p 0000a000 08:04 794090                     /lib/x86_64-linux-gnu/libnss_files-2.19.so
7f4866c6d000-7f4866c6e000 rw-p 0000b000 08:04 794090                     /lib/x86_64-linux-gnu/libnss_files-2.19.so
7f4866c6e000-7f4866c78000 r-xp 00000000 08:04 795042                     /lib/x86_64-linux-gnu/libnss_nis-2.19.so
7f4866c78000-7f4866e77000 ---p 0000a000 08:04 795042                     /lib/x86_64-linux-gnu/libnss_nis-2.19.so
7f4866e77000-7f4866e78000 r--p 00009000 08:04 795042                     /lib/x86_64-linux-gnu/libnss_nis-2.19.so
7f4866e78000-7f4866e79000 rw-p 0000a000 08:04 795042                     /lib/x86_64-linux-gnu/libnss_nis-2.19.so
7f4866e79000-7f4866e8e000 r-xp 00000000 08:04 794087                     /lib/x86_64-linux-gnu/libnsl-2.19.so
7f4866e8e000-7f486708d000 ---p 00015000 08:04 794087                     /lib/x86_64-linux-gnu/libnsl-2.19.so
7f486708d000-7f486708e000 r--p 00014000 08:04 794087                     /lib/x86_64-linux-gnu/libnsl-2.19.so
7f486708e000-7f486708f000 rw-p 00015000 08:04 794087                     /lib/x86_64-linux-gnu/libnsl-2.19.so
7f486708f000-7f4867091000 rw-p 00000000 00:00 0 
7f4867091000-7f4867098000 r-xp 00000000 08:04 794088                     /lib/x86_64-linux-gnu/libnss_compat-2.19.so
7f4867098000-7f4867297000 ---p 00007000 08:04 794088                     /lib/x86_64-linux-gnu/libnss_compat-2.19.so
7f4867297000-7f4867298000 r--p 00006000 08:04 794088                     /lib/x86_64-linux-gnu/libnss_compat-2.19.so
7f4867298000-7f4867299000 rw-p 00007000 08:04 794088                     /lib/x86_64-linux-gnu/libnss_compat-2.19.so
7f4867299000-7f48672c3000 r-xp 00000000 08:04 2360883                    /opt/jdk/jdk1.8.0_102/jre/lib/amd64/libjava.so
7f48672c3000-7f48674c3000 ---p 0002a000 08:04 2360883                    /opt/jdk/jdk1.8.0_102/jre/lib/amd64/libjava.so
7f48674c3000-7f48674c5000 rw-p 0002a000 08:04 2360883                    /opt/jdk/jdk1.8.0_102/jre/lib/amd64/libjava.so
7f48674c5000-7f48674d2000 r-xp 00000000 08:04 2360834                    /opt/jdk/jdk1.8.0_102/jre/lib/amd64/libverify.so
7f48674d2000-7f48676d2000 ---p 0000d000 08:04 2360834                    /opt/jdk/jdk1.8.0_102/jre/lib/amd64/libverify.so
7f48676d2000-7f48676d4000 rw-p 0000d000 08:04 2360834                    /opt/jdk/jdk1.8.0_102/jre/lib/amd64/libverify.so
7f48676d4000-7f48676db000 r-xp 00000000 08:04 795046                     /lib/x86_64-linux-gnu/librt-2.19.so
7f48676db000-7f48678da000 ---p 00007000 08:04 795046                     /lib/x86_64-linux-gnu/librt-2.19.so
7f48678da000-7f48678db000 r--p 00006000 08:04 795046                     /lib/x86_64-linux-gnu/librt-2.19.so
7f48678db000-7f48678dc000 rw-p 00007000 08:04 795046                     /lib/x86_64-linux-gnu/librt-2.19.so
7f48678dc000-7f48679dc000 r-xp 00000000 08:04 794085                     /lib/x86_64-linux-gnu/libm-2.19.so
7f48679dc000-7f4867bdb000 ---p 00100000 08:04 794085                     /lib/x86_64-linux-gnu/libm-2.19.so
7f4867bdb000-7f4867bdc000 r--p 000ff000 08:04 794085                     /lib/x86_64-linux-gnu/libm-2.19.so
7f4867bdc000-7f4867bdd000 rw-p 00100000 08:04 794085                     /lib/x86_64-linux-gnu/libm-2.19.so
7f4867bdd000-7f48688a9000 r-xp 00000000 08:04 2360887                    /opt/jdk/jdk1.8.0_102/jre/lib/amd64/server/libjvm.so
7f48688a9000-7f4868aa9000 ---p 00ccc000 08:04 2360887                    /opt/jdk/jdk1.8.0_102/jre/lib/amd64/server/libjvm.so
7f4868aa9000-7f4868b82000 rw-p 00ccc000 08:04 2360887                    /opt/jdk/jdk1.8.0_102/jre/lib/amd64/server/libjvm.so
7f4868b82000-7f4868bcd000 rw-p 00000000 00:00 0 
7f4868bcd000-7f4868d6e000 r-xp 00000000 08:04 793880                     /lib/x86_64-linux-gnu/libc-2.19.so
7f4868d6e000-7f4868f6e000 ---p 001a1000 08:04 793880                     /lib/x86_64-linux-gnu/libc-2.19.so
7f4868f6e000-7f4868f72000 r--p 001a1000 08:04 793880                     /lib/x86_64-linux-gnu/libc-2.19.so
7f4868f72000-7f4868f74000 rw-p 001a5000 08:04 793880                     /lib/x86_64-linux-gnu/libc-2.19.so
7f4868f74000-7f4868f78000 rw-p 00000000 00:00 0 
7f4868f78000-7f4868f7b000 r-xp 00000000 08:04 794084                     /lib/x86_64-linux-gnu/libdl-2.19.so
7f4868f7b000-7f486917a000 ---p 00003000 08:04 794084                     /lib/x86_64-linux-gnu/libdl-2.19.so
7f486917a000-7f486917b000 r--p 00002000 08:04 794084                     /lib/x86_64-linux-gnu/libdl-2.19.so
7f486917b000-7f486917c000 rw-p 00003000 08:04 794084                     /lib/x86_64-linux-gnu/libdl-2.19.so
7f486917c000-7f4869191000 r-xp 00000000 08:04 2359968                    /opt/jdk/jdk1.8.0_102/lib/amd64/jli/libjli.so
7f4869191000-7f4869391000 ---p 00015000 08:04 2359968                    /opt/jdk/jdk1.8.0_102/lib/amd64/jli/libjli.so
7f4869391000-7f4869392000 rw-p 00015000 08:04 2359968                    /opt/jdk/jdk1.8.0_102/lib/amd64/jli/libjli.so
7f4869392000-7f48693aa000 r-xp 00000000 08:04 793541                     /lib/x86_64-linux-gnu/libpthread-2.19.so
7f48693aa000-7f48695a9000 ---p 00018000 08:04 793541                     /lib/x86_64-linux-gnu/libpthread-2.19.so
7f48695a9000-7f48695aa000 r--p 00017000 08:04 793541                     /lib/x86_64-linux-gnu/libpthread-2.19.so
7f48695aa000-7f48695ab000 rw-p 00018000 08:04 793541                     /lib/x86_64-linux-gnu/libpthread-2.19.so
7f48695ab000-7f48695af000 rw-p 00000000 00:00 0 
7f48695af000-7f48695cf000 r-xp 00000000 08:04 793563                     /lib/x86_64-linux-gnu/ld-2.19.so
7f48695d3000-7f48695da000 r--s 00000000 08:04 1060537                    /usr/lib/x86_64-linux-gnu/gconv/gconv-modules.cache
7f48695da000-7f48696b3000 rw-p 00000000 00:00 0 
7f48696b3000-7f48696b6000 ---p 00000000 00:00 0 
7f48696b6000-7f48697b8000 rw-p 00000000 00:00 0                          [stack:10805]
7f48697bb000-7f48697bc000 rw-p 00000000 00:00 0 
7f48697bc000-7f48697c3000 r--s 00038000 08:04 2098687                    /home/alexis/Geobus/app/build/intermediates/exploded-aar/com.google.android.gms/play-services-wearable/9.4.0/jars/classes.jar
7f48697c3000-7f48697cb000 rw-s 00000000 08:04 2244349                    /tmp/hsperfdata_alexis/10803
7f48697cb000-7f48697cc000 rw-p 00000000 00:00 0 
7f48697cc000-7f48697cd000 ---p 00000000 00:00 0 
7f48697cd000-7f48697cf000 rw-p 00000000 00:00 0 
7f48697cf000-7f48697d0000 r--p 00020000 08:04 793563                     /lib/x86_64-linux-gnu/ld-2.19.so
7f48697d0000-7f48697d1000 rw-p 00021000 08:04 793563                     /lib/x86_64-linux-gnu/ld-2.19.so
7f48697d1000-7f48697d2000 rw-p 00000000 00:00 0 
7ffe19ad4000-7ffe19af5000 rw-p 00000000 00:00 0                          [stack]
7ffe19b74000-7ffe19b76000 r-xp 00000000 00:00 0                          [vdso]
7ffe19b76000-7ffe19b78000 r--p 00000000 00:00 0                          [vvar]
ffffffffff600000-ffffffffff601000 r-xp 00000000 00:00 0                  [vsyscall]

VM Arguments:
jvm_args: -Djava.awt.headless=true -Xmx1024M -Dfile.encoding=UTF-8 -Duser.country=AR -Duser.language=es -Duser.variant 
java_command: com.android.dx.command.Main --dex --force-jumbo --num-threads=4 --multi-dex --output /home/alexis/Geobus/app/build/intermediates/transforms/dex/debug/folders/1000/10/com.google.android.gms-play-services-wearable-9.4.0_058f30e604e0979b117dc0ddc6e790f487483e3b /home/alexis/Geobus/app/build/intermediates/exploded-aar/com.google.android.gms/play-services-wearable/9.4.0/jars/classes.jar
java_class_path (initial): /home/alexis/Android/Sdk/build-tools/24.0.1/lib/dx.jar
Launcher Type: SUN_STANDARD

Environment Variables:
PATH=/home/alexis/bin:/usr/sbin:/sbin:/usr/local/bin:/usr/bin:/bin:/usr/local/games:/usr/games
LD_LIBRARY_PATH=/opt/android-studio/bin/.:
SHELL=/bin/bash
DISPLAY=:0

Signal Handlers:
SIGSEGV: [libjvm.so+0xac5b30], sa_mask[0]=11111111011111111101111111111110, sa_flags=SA_RESTART|SA_SIGINFO
SIGBUS: [libjvm.so+0xac5b30], sa_mask[0]=11111111011111111101111111111110, sa_flags=SA_RESTART|SA_SIGINFO
SIGFPE: [libjvm.so+0x91f470], sa_mask[0]=11111111011111111101111111111110, sa_flags=SA_RESTART|SA_SIGINFO
SIGPIPE: [libjvm.so+0x91f470], sa_mask[0]=11111111011111111101111111111110, sa_flags=SA_RESTART|SA_SIGINFO
SIGXFSZ: [libjvm.so+0x91f470], sa_mask[0]=11111111011111111101111111111110, sa_flags=SA_RESTART|SA_SIGINFO
SIGILL: [libjvm.so+0x91f470], sa_mask[0]=11111111011111111101111111111110, sa_flags=SA_RESTART|SA_SIGINFO
SIGUSR1: SIG_DFL, sa_mask[0]=00000000000000000000000000000000, sa_flags=none
SIGUSR2: [libjvm.so+0x920aa0], sa_mask[0]=00100000000000000000000000000000, sa_flags=SA_RESTART|SA_SIGINFO
SIGHUP: [libjvm.so+0x921ea0], sa_mask[0]=11111111011111111101111111111110, sa_flags=SA_RESTART|SA_SIGINFO
SIGINT: [libjvm.so+0x921ea0], sa_mask[0]=11111111011111111101111111111110, sa_flags=SA_RESTART|SA_SIGINFO
SIGTERM: [libjvm.so+0x921ea0], sa_mask[0]=11111111011111111101111111111110, sa_flags=SA_RESTART|SA_SIGINFO
SIGQUIT: [libjvm.so+0x921ea0], sa_mask[0]=11111111011111111101111111111110, sa_flags=SA_RESTART|SA_SIGINFO


---------------  S Y S T E M  ---------------

OS:DISTRIB_ID="BunsenLabs"
DISTRIB_DESCRIPTION="BunsenLabs GNU/Linux 8.5 (Hydrogen)"
DISTRIB_RELEASE="8.5"
DISTRIB_CODENAME="bunsen-hydrogen"

uname:Linux 3.16.0-4-amd64 #1 SMP Debian 3.16.7-ckt25-2+deb8u3 (2016-07-02) x86_64
libc:glibc 2.19 NPTL 2.19 
rlimit: STACK 8192k, CORE 0k, NPROC 31341, NOFILE 65536, AS infinity
load average:33,10 11,60 5,69

/proc/meminfo:
MemTotal:        8045472 kB
MemFree:          229580 kB
MemAvailable:     188592 kB
Buffers:             684 kB
Cached:          2508412 kB
SwapCached:            0 kB
Active:          5258172 kB
Inactive:        2364268 kB
Active(anon):    5253552 kB
Inactive(anon):  2327620 kB
Active(file):       4620 kB
Inactive(file):    36648 kB
Unevictable:          32 kB
Mlocked:              32 kB
SwapTotal:             0 kB
SwapFree:              0 kB
Dirty:                68 kB
Writeback:            68 kB
AnonPages:       5114388 kB
Mapped:           750132 kB
Shmem:           2466888 kB
Slab:              97164 kB
SReclaimable:      45696 kB
SUnreclaim:        51468 kB
KernelStack:       11504 kB
PageTables:        44576 kB
NFS_Unstable:          0 kB
Bounce:                0 kB
WritebackTmp:          0 kB
CommitLimit:     4022736 kB
Committed_AS:   11772720 kB
VmallocTotal:   34359738367 kB
VmallocUsed:      552484 kB
VmallocChunk:   34359122056 kB
HardwareCorrupted:     0 kB
AnonHugePages:         0 kB
HugePages_Total:       0
HugePages_Free:        0
HugePages_Rsvd:        0
HugePages_Surp:        0
Hugepagesize:       2048 kB
DirectMap4k:       53504 kB
DirectMap2M:     8183808 kB


CPU:total 4 (2 cores per cpu, 2 threads per core) family 6 model 42 stepping 7, cmov, cx8, fxsr, mmx, sse, sse2, sse3, ssse3, sse4.1, sse4.2, popcnt, avx, aes, clmul, ht, tsc, tscinvbit

/proc/cpuinfo:
processor	: 0
vendor_id	: GenuineIntel
cpu family	: 6
model		: 42
model name	: Intel(R) Core(TM) i5-2410M CPU @ 2.30GHz
stepping	: 7
microcode	: 0x29
cpu MHz		: 2699.984
cache size	: 3072 KB
physical id	: 0
siblings	: 4
core id		: 0
cpu cores	: 2
apicid		: 0
initial apicid	: 0
fpu		: yes
fpu_exception	: yes
cpuid level	: 13
wp		: yes
flags		: fpu vme de pse tsc msr pae mce cx8 apic sep mtrr pge mca cmov pat pse36 clflush dts acpi mmx fxsr sse sse2 ss ht tm pbe syscall nx rdtscp lm constant_tsc arch_perfmon pebs bts rep_good nopl xtopology nonstop_tsc aperfmperf eagerfpu pni pclmulqdq dtes64 monitor ds_cpl vmx est tm2 ssse3 cx16 xtpr pdcm pcid sse4_1 sse4_2 x2apic popcnt tsc_deadline_timer aes xsave avx lahf_lm ida arat epb xsaveopt pln pts dtherm tpr_shadow vnmi flexpriority ept vpid
bogomips	: 4589.30
clflush size	: 64
cache_alignment	: 64
address sizes	: 36 bits physical, 48 bits virtual
power management:

processor	: 1
vendor_id	: GenuineIntel
cpu family	: 6
model		: 42
model name	: Intel(R) Core(TM) i5-2410M CPU @ 2.30GHz
stepping	: 7
microcode	: 0x29
cpu MHz		: 2699.984
cache size	: 3072 KB
physical id	: 0
siblings	: 4
core id		: 0
cpu cores	: 2
apicid		: 1
initial apicid	: 1
fpu		: yes
fpu_exception	: yes
cpuid level	: 13
wp		: yes
flags		: fpu vme de pse tsc msr pae mce cx8 apic sep mtrr pge mca cmov pat pse36 clflush dts acpi mmx fxsr sse sse2 ss ht tm pbe syscall nx rdtscp lm constant_tsc arch_perfmon pebs bts rep_good nopl xtopology nonstop_tsc aperfmperf eagerfpu pni pclmulqdq dtes64 monitor ds_cpl vmx est tm2 ssse3 cx16 xtpr pdcm pcid sse4_1 sse4_2 x2apic popcnt tsc_deadline_timer aes xsave avx lahf_lm ida arat epb xsaveopt pln pts dtherm tpr_shadow vnmi flexpriority ept vpid
bogomips	: 4589.30
clflush size	: 64
cache_alignment	: 64
address sizes	: 36 bits physical, 48 bits virtual
power management:

processor	: 2
vendor_id	: GenuineIntel
cpu family	: 6
model		: 42
model name	: Intel(R) Core(TM) i5-2410M CPU @ 2.30GHz
stepping	: 7
microcode	: 0x29
cpu MHz		: 2699.984
cache size	: 3072 KB
physical id	: 0
siblings	: 4
core id		: 1
cpu cores	: 2
apicid		: 2
initial apicid	: 2
fpu		: yes
fpu_exception	: yes
cpuid level	: 13
wp		: yes
flags		: fpu vme de pse tsc msr pae mce cx8 apic sep mtrr pge mca cmov pat pse36 clflush dts acpi mmx fxsr sse sse2 ss ht tm pbe syscall nx rdtscp lm constant_tsc arch_perfmon pebs bts rep_good nopl xtopology nonstop_tsc aperfmperf eagerfpu pni pclmulqdq dtes64 monitor ds_cpl vmx est tm2 ssse3 cx16 xtpr pdcm pcid sse4_1 sse4_2 x2apic popcnt tsc_deadline_timer aes xsave avx lahf_lm ida arat epb xsaveopt pln pts dtherm tpr_shadow vnmi flexpriority ept vpid
bogomips	: 4589.30
clflush size	: 64
cache_alignment	: 64
address sizes	: 36 bits physical, 48 bits virtual
power management:

processor	: 3
vendor_id	: GenuineIntel
cpu family	: 6
model		: 42
model name	: Intel(R) Core(TM) i5-2410M CPU @ 2.30GHz
stepping	: 7
microcode	: 0x29
cpu MHz		: 2699.984
cache size	: 3072 KB
physical id	: 0
siblings	: 4
core id		: 1
cpu cores	: 2
apicid		: 3
initial apicid	: 3
fpu		: yes
fpu_exception	: yes
cpuid level	: 13
wp		: yes
flags		: fpu vme de pse tsc msr pae mce cx8 apic sep mtrr pge mca cmov pat pse36 clflush dts acpi mmx fxsr sse sse2 ss ht tm pbe syscall nx rdtscp lm constant_tsc arch_perfmon pebs bts rep_good nopl xtopology nonstop_tsc aperfmperf eagerfpu pni pclmulqdq dtes64 monitor ds_cpl vmx est tm2 ssse3 cx16 xtpr pdcm pcid sse4_1 sse4_2 x2apic popcnt tsc_deadline_timer aes xsave avx lahf_lm ida arat epb xsaveopt pln pts dtherm tpr_shadow vnmi flexpriority ept vpid
bogomips	: 4589.30
clflush size	: 64
cache_alignment	: 64
address sizes	: 36 bits physical, 48 bits virtual
power management:



Memory: 4k page, physical 8045472k(229084k free), swap 0k(0k free)

vm_info: Java HotSpot(TM) 64-Bit Server VM (25.102-b14) for linux-amd64 JRE (1.8.0_102-b14), built on Jun 22 2016 18:43:17 by "java_re" with gcc 4.3.0 20080428 (Red Hat 4.3.0-8)

time: Thu Feb  2 22:40:26 2017
elapsed time: 61 seconds (0d 0h 1m 1s)

