#
# There is insufficient memory for the Java Runtime Environment to continue.
# Native memory allocation (mmap) failed to map 93323264 bytes for committing reserved memory.
# Possible reasons:
#   The system is out of physical RAM or swap space
#   In 32 bit mode, the process size limit was hit
# Possible solutions:
#   Reduce memory load on the system
#   Increase physical memory or swap space
#   Check if swap backing store is full
#   Use 64 bit Java on a 64 bit OS
#   Decrease Java heap size (-Xmx/-Xms)
#   Decrease number of Java threads
#   Decrease Java thread stack sizes (-Xss)
#   Set larger code cache with -XX:ReservedCodeCacheSize=
# This output file may be truncated or incomplete.
#
#  Out of Memory Error (os_linux.cpp:2627), pid=25905, tid=0x00007f6da8666700
#
# JRE version: Java(TM) SE Runtime Environment (8.0_102-b14) (build 1.8.0_102-b14)
# Java VM: Java HotSpot(TM) 64-Bit Server VM (25.102-b14 mixed mode linux-amd64 compressed oops)
# Failed to write core dump. Core dumps have been disabled. To enable core dumping, try "ulimit -c unlimited" before starting Java again
#

---------------  T H R E A D  ---------------

Current thread (0x00007f6dc0078000):  VMThread [stack: 0x00007f6da8566000,0x00007f6da8667000] [id=25919]

Stack: [0x00007f6da8566000,0x00007f6da8667000],  sp=0x00007f6da8665120,  free space=1020k
Native frames: (J=compiled Java code, j=interpreted, Vv=VM code, C=native code)
V  [libjvm.so+0xac52aa]  VMError::report_and_die()+0x2ba
V  [libjvm.so+0x4fc29b]  report_vm_out_of_memory(char const*, int, unsigned long, VMErrorType, char const*)+0x8b
V  [libjvm.so+0x922603]  os::Linux::commit_memory_impl(char*, unsigned long, bool)+0x103
V  [libjvm.so+0x922b59]  os::pd_commit_memory(char*, unsigned long, unsigned long, bool)+0x29
V  [libjvm.so+0x91ce5a]  os::commit_memory(char*, unsigned long, unsigned long, bool)+0x2a
V  [libjvm.so+0x9915e3]  PSVirtualSpace::expand_by(unsigned long)+0x53
V  [libjvm.so+0x981ea0]  PSOldGen::expand(unsigned long)+0x170
V  [libjvm.so+0x9820ab]  PSOldGen::resize(unsigned long)+0x1cb
V  [libjvm.so+0x989db1]  PSParallelCompact::invoke_no_policy(bool)+0x991
V  [libjvm.so+0x98f70d]  PSScavenge::invoke()+0x1ad
V  [libjvm.so+0x9462f0]  ParallelScavengeHeap::failed_mem_allocate(unsigned long)+0x70
V  [libjvm.so+0xac6cc7]  VM_ParallelGCFailedAllocation::doit()+0x97
V  [libjvm.so+0xace7a5]  VM_Operation::evaluate()+0x55
V  [libjvm.so+0xaccb7a]  VMThread::evaluate_operation(VM_Operation*)+0xba
V  [libjvm.so+0xaccefe]  VMThread::loop()+0x1ce
V  [libjvm.so+0xacd370]  VMThread::run()+0x70
V  [libjvm.so+0x9249c8]  java_start(Thread*)+0x108

VM_Operation (0x00007f6da37f5f50): ParallelGCFailedAllocation, mode: safepoint, requested by thread 0x00007f6dc0145000


---------------  P R O C E S S  ---------------

Java Threads: ( => current thread )
  0x00007f6dc014b800 JavaThread "pool-2-thread-4" [_thread_blocked, id=25960, stack(0x00007f6da35f6000,0x00007f6da36f7000)]
  0x00007f6dc0145000 JavaThread "pool-2-thread-3" [_thread_blocked, id=25959, stack(0x00007f6da36f7000,0x00007f6da37f8000)]
  0x00007f6dc0143800 JavaThread "pool-2-thread-2" [_thread_blocked, id=25958, stack(0x00007f6da37f8000,0x00007f6da38f9000)]
  0x00007f6dc0142800 JavaThread "pool-3-thread-1" [_thread_blocked, id=25957, stack(0x00007f6da38f9000,0x00007f6da39fa000)]
  0x00007f6dc0140000 JavaThread "pool-2-thread-1" [_thread_blocked, id=25956, stack(0x00007f6da39fa000,0x00007f6da3afb000)]
  0x00007f6dc00c0000 JavaThread "Service Thread" daemon [_thread_blocked, id=25934, stack(0x00007f6da3bfc000,0x00007f6da3cfd000)]
  0x00007f6dc00bd000 JavaThread "C1 CompilerThread2" daemon [_thread_blocked, id=25933, stack(0x00007f6da3cfd000,0x00007f6da3dfe000)]
  0x00007f6dc00bb800 JavaThread "C2 CompilerThread1" daemon [_thread_blocked, id=25932, stack(0x00007f6da3dfe000,0x00007f6da3eff000)]
  0x00007f6dc00b8800 JavaThread "C2 CompilerThread0" daemon [_thread_blocked, id=25931, stack(0x00007f6da3eff000,0x00007f6da4000000)]
  0x00007f6dc00b7000 JavaThread "Signal Dispatcher" daemon [_thread_blocked, id=25930, stack(0x00007f6da80da000,0x00007f6da81db000)]
  0x00007f6dc0084000 JavaThread "Finalizer" daemon [_thread_blocked, id=25924, stack(0x00007f6da8364000,0x00007f6da8465000)]
  0x00007f6dc007f800 JavaThread "Reference Handler" daemon [_thread_blocked, id=25923, stack(0x00007f6da8465000,0x00007f6da8566000)]
  0x00007f6dc000a000 JavaThread "main" [_thread_blocked, id=25907, stack(0x00007f6dc6c2c000,0x00007f6dc6d2d000)]

Other Threads:
=>0x00007f6dc0078000 VMThread [stack: 0x00007f6da8566000,0x00007f6da8667000] [id=25919]
  0x00007f6dc00c3000 WatcherThread [stack: 0x00007f6da3afb000,0x00007f6da3bfc000] [id=25935]

VM state:at safepoint (normal execution)

VM Mutex/Monitor currently owned by a thread:  ([mutex/lock_event])
[0x00007f6dc0005e40] ExpandHeap_lock - owner thread: 0x00007f6dc0078000
[0x00007f6dc00064c0] Threads_lock - owner thread: 0x00007f6dc0078000
[0x00007f6dc00069c0] Heap_lock - owner thread: 0x00007f6dc0145000

Heap:
 PSYoungGen      total 232960K, used 0K [0x00000000eab00000, 0x0000000100000000, 0x0000000100000000)
  eden space 116736K, 0% used [0x00000000eab00000,0x00000000eab00000,0x00000000f1d00000)
  from space 116224K, 0% used [0x00000000f8e80000,0x00000000f8e80000,0x0000000100000000)
  to   space 116224K, 0% used [0x00000000f1d00000,0x00000000f1d00000,0x00000000f8e80000)
 ParOldGen       total 297472K, used 201920K [0x00000000c0000000, 0x00000000d2280000, 0x00000000eab00000)
  object space 297472K, 67% used [0x00000000c0000000,0x00000000cc530290,0x00000000d2280000)
 Metaspace       used 6397K, capacity 7192K, committed 7424K, reserved 1056768K
  class space    used 610K, capacity 656K, committed 768K, reserved 1048576K

Card table byte_map: [0x00007f6db0618000,0x00007f6db0819000] byte_map_base: 0x00007f6db0018000

Marking Bits: (ParMarkBitMap*) 0x00007f6dc6118c60
 Begin Bits: [0x00007f6daa000000, 0x00007f6dab000000)
 End Bits:   [0x00007f6dab000000, 0x00007f6dac000000)

Polling page: 0x00007f6dc6d45000

CodeCache: size=245760Kb used=8044Kb max_used=8063Kb free=237715Kb
 bounds [0x00007f6db0bd9000, 0x00007f6db13c9000, 0x00007f6dbfbd9000]
 total_blobs=2236 nmethods=1969 adapters=181
 compilation: enabled

Compilation events (10 events):
Event: 27,173 Thread 0x00007f6dc00bd000 2204 %     3       com.android.dx.ssa.back.FirstFitLocalCombiningAllocator::processPhiInsn @ 88 (255 bytes)
Event: 27,177 Thread 0x00007f6dc00bd000 nmethod 2204% 0x00007f6db13abd90 code [0x00007f6db13ac180, 0x00007f6db13ae778]
Event: 27,236 Thread 0x00007f6dc00bb800 nmethod 2171 0x00007f6db13b6110 code [0x00007f6db13b64e0, 0x00007f6db13b9750]
Event: 27,236 Thread 0x00007f6dc00bb800 1434       4       com.android.dx.rop.code.BasicBlockList$RegCountVisitor::visitPlainInsn (6 bytes)
Event: 27,268 Thread 0x00007f6dc00bb800 nmethod 1434 0x00007f6db13b2890 code [0x00007f6db13b2a20, 0x00007f6db13b2cf8]
Event: 27,268 Thread 0x00007f6dc00bb800 1465       4       com.android.dx.rop.code.ThrowingCstInsn::<init> (51 bytes)
Event: 27,270 Thread 0x00007f6dc00bb800 nmethod 1465 0x00007f6db13b0e50 code [0x00007f6db13b0fa0, 0x00007f6db13b1178]
Event: 27,271 Thread 0x00007f6dc00bb800 1490       4       com.android.dx.ssa.MoveParamCombiner$1::visitNonMoveInsn (213 bytes)
Event: 27,289 Thread 0x00007f6dc00bb800 nmethod 1490 0x00007f6db13b07d0 code [0x00007f6db13b0940, 0x00007f6db13b0af8]
Event: 27,289 Thread 0x00007f6dc00bb800 1499       4       com.android.dx.ssa.SsaRenamer$BlockRenamer::visitNonMoveInsn (14 bytes)

GC Heap History (10 events):
Event: 18,260 GC heap after
Heap after GC invocations=12 (full 2):
 PSYoungGen      total 212480K, used 88784K [0x00000000eab00000, 0x0000000100000000, 0x0000000100000000)
  eden space 118784K, 0% used [0x00000000eab00000,0x00000000eab00000,0x00000000f1f00000)
  from space 93696K, 94% used [0x00000000f8800000,0x00000000fdeb43f0,0x00000000fe380000)
  to   space 107520K, 0% used [0x00000000f1f00000,0x00000000f1f00000,0x00000000f8800000)
 ParOldGen       total 283136K, used 154031K [0x00000000c0000000, 0x00000000d1480000, 0x00000000eab00000)
  object space 283136K, 54% used [0x00000000c0000000,0x00000000c966bcd0,0x00000000d1480000)
 Metaspace       used 6131K, capacity 7064K, committed 7424K, reserved 1056768K
  class space    used 610K, capacity 656K, committed 768K, reserved 1048576K
}
Event: 20,033 GC heap before
{Heap before GC invocations=13 (full 2):
 PSYoungGen      total 212480K, used 207568K [0x00000000eab00000, 0x0000000100000000, 0x0000000100000000)
  eden space 118784K, 100% used [0x00000000eab00000,0x00000000f1f00000,0x00000000f1f00000)
  from space 93696K, 94% used [0x00000000f8800000,0x00000000fdeb43f0,0x00000000fe380000)
  to   space 107520K, 0% used [0x00000000f1f00000,0x00000000f1f00000,0x00000000f8800000)
 ParOldGen       total 283136K, used 154031K [0x00000000c0000000, 0x00000000d1480000, 0x00000000eab00000)
  object space 283136K, 54% used [0x00000000c0000000,0x00000000c966bcd0,0x00000000d1480000)
 Metaspace       used 6220K, capacity 7128K, committed 7424K, reserved 1056768K
  class space    used 610K, capacity 656K, committed 768K, reserved 1048576K
Event: 20,328 GC heap after
Heap after GC invocations=13 (full 2):
 PSYoungGen      total 226304K, used 92387K [0x00000000eab00000, 0x0000000100000000, 0x0000000100000000)
  eden space 118784K, 0% used [0x00000000eab00000,0x00000000eab00000,0x00000000f1f00000)
  from space 107520K, 85% used [0x00000000f1f00000,0x00000000f7938c48,0x00000000f8800000)
  to   space 116224K, 0% used [0x00000000f8e80000,0x00000000f8e80000,0x0000000100000000)
 ParOldGen       total 283136K, used 154031K [0x00000000c0000000, 0x00000000d1480000, 0x00000000eab00000)
  object space 283136K, 54% used [0x00000000c0000000,0x00000000c966bcd0,0x00000000d1480000)
 Metaspace       used 6220K, capacity 7128K, committed 7424K, reserved 1056768K
  class space    used 610K, capacity 656K, committed 768K, reserved 1048576K
}
Event: 25,185 GC heap before
{Heap before GC invocations=14 (full 2):
 PSYoungGen      total 226304K, used 211171K [0x00000000eab00000, 0x0000000100000000, 0x0000000100000000)
  eden space 118784K, 100% used [0x00000000eab00000,0x00000000f1f00000,0x00000000f1f00000)
  from space 107520K, 85% used [0x00000000f1f00000,0x00000000f7938c48,0x00000000f8800000)
  to   space 116224K, 0% used [0x00000000f8e80000,0x00000000f8e80000,0x0000000100000000)
 ParOldGen       total 283136K, used 154031K [0x00000000c0000000, 0x00000000d1480000, 0x00000000eab00000)
  object space 283136K, 54% used [0x00000000c0000000,0x00000000c966bcd0,0x00000000d1480000)
 Metaspace       used 6384K, capacity 7192K, committed 7424K, reserved 1056768K
  class space    used 610K, capacity 656K, committed 768K, reserved 1048576K
Event: 25,570 GC heap after
Heap after GC invocations=14 (full 2):
 PSYoungGen      total 232960K, used 116205K [0x00000000eab00000, 0x0000000100000000, 0x0000000100000000)
  eden space 116736K, 0% used [0x00000000eab00000,0x00000000eab00000,0x00000000f1d00000)
  from space 116224K, 99% used [0x00000000f8e80000,0x00000000ffffb5e0,0x0000000100000000)
  to   space 116224K, 0% used [0x00000000f1d00000,0x00000000f1d00000,0x00000000f8e80000)
 ParOldGen       total 283136K, used 176550K [0x00000000c0000000, 0x00000000d1480000, 0x00000000eab00000)
  object space 283136K, 62% used [0x00000000c0000000,0x00000000cac69838,0x00000000d1480000)
 Metaspace       used 6384K, capacity 7192K, committed 7424K, reserved 1056768K
  class space    used 610K, capacity 656K, committed 768K, reserved 1048576K
}
Event: 26,128 GC heap before
{Heap before GC invocations=15 (full 2):
 PSYoungGen      total 232960K, used 232941K [0x00000000eab00000, 0x0000000100000000, 0x0000000100000000)
  eden space 116736K, 100% used [0x00000000eab00000,0x00000000f1d00000,0x00000000f1d00000)
  from space 116224K, 99% used [0x00000000f8e80000,0x00000000ffffb5e0,0x0000000100000000)
  to   space 116224K, 0% used [0x00000000f1d00000,0x00000000f1d00000,0x00000000f8e80000)
 ParOldGen       total 283136K, used 176550K [0x00000000c0000000, 0x00000000d1480000, 0x00000000eab00000)
  object space 283136K, 62% used [0x00000000c0000000,0x00000000cac69838,0x00000000d1480000)
 Metaspace       used 6385K, capacity 7192K, committed 7424K, reserved 1056768K
  class space    used 610K, capacity 656K, committed 768K, reserved 1048576K
Event: 26,525 GC heap after
Heap after GC invocations=15 (full 2):
 PSYoungGen      total 232960K, used 116218K [0x00000000eab00000, 0x0000000100000000, 0x0000000100000000)
  eden space 116736K, 0% used [0x00000000eab00000,0x00000000eab00000,0x00000000f1d00000)
  from space 116224K, 99% used [0x00000000f1d00000,0x00000000f8e7eab0,0x00000000f8e80000)
  to   space 116224K, 0% used [0x00000000f8e80000,0x00000000f8e80000,0x0000000100000000)
 ParOldGen       total 283136K, used 223349K [0x00000000c0000000, 0x00000000d1480000, 0x00000000eab00000)
  object space 283136K, 78% used [0x00000000c0000000,0x00000000cda1d730,0x00000000d1480000)
 Metaspace       used 6385K, capacity 7192K, committed 7424K, reserved 1056768K
  class space    used 610K, capacity 656K, committed 768K, reserved 1048576K
}
Event: 27,389 GC heap before
{Heap before GC invocations=16 (full 2):
 PSYoungGen      total 232960K, used 232954K [0x00000000eab00000, 0x0000000100000000, 0x0000000100000000)
  eden space 116736K, 100% used [0x00000000eab00000,0x00000000f1d00000,0x00000000f1d00000)
  from space 116224K, 99% used [0x00000000f1d00000,0x00000000f8e7eab0,0x00000000f8e80000)
  to   space 116224K, 0% used [0x00000000f8e80000,0x00000000f8e80000,0x0000000100000000)
 ParOldGen       total 283136K, used 223349K [0x00000000c0000000, 0x00000000d1480000, 0x00000000eab00000)
  object space 283136K, 78% used [0x00000000c0000000,0x00000000cda1d730,0x00000000d1480000)
 Metaspace       used 6397K, capacity 7192K, committed 7424K, reserved 1056768K
  class space    used 610K, capacity 656K, committed 768K, reserved 1048576K
Event: 27,751 GC heap after
Heap after GC invocations=16 (full 2):
 PSYoungGen      total 232960K, used 79285K [0x00000000eab00000, 0x0000000100000000, 0x0000000100000000)
  eden space 116736K, 0% used [0x00000000eab00000,0x00000000eab00000,0x00000000f1d00000)
  from space 116224K, 68% used [0x00000000f8e80000,0x00000000fdbed488,0x0000000100000000)
  to   space 116224K, 0% used [0x00000000f1d00000,0x00000000f1d00000,0x00000000f8e80000)
 ParOldGen       total 297472K, used 297138K [0x00000000c0000000, 0x00000000d2280000, 0x00000000eab00000)
  object space 297472K, 99% used [0x00000000c0000000,0x00000000d222c940,0x00000000d2280000)
 Metaspace       used 6397K, capacity 7192K, committed 7424K, reserved 1056768K
  class space    used 610K, capacity 656K, committed 768K, reserved 1048576K
}
Event: 27,751 GC heap before
{Heap before GC invocations=17 (full 3):
 PSYoungGen      total 232960K, used 79285K [0x00000000eab00000, 0x0000000100000000, 0x0000000100000000)
  eden space 116736K, 0% used [0x00000000eab00000,0x00000000eab00000,0x00000000f1d00000)
  from space 116224K, 68% used [0x00000000f8e80000,0x00000000fdbed488,0x0000000100000000)
  to   space 116224K, 0% used [0x00000000f1d00000,0x00000000f1d00000,0x00000000f8e80000)
 ParOldGen       total 297472K, used 297138K [0x00000000c0000000, 0x00000000d2280000, 0x00000000eab00000)
  object space 297472K, 99% used [0x00000000c0000000,0x00000000d222c940,0x00000000d2280000)
 Metaspace       used 6397K, capacity 7192K, committed 7424K, reserved 1056768K
  class space    used 610K, capacity 656K, committed 768K, reserved 1048576K

Deoptimization events (10 events):
Event: 2,977 Thread 0x00007f6dc0143800 Uncommon trap: reason=class_check action=maybe_recompile pc=0x00007f6db0ec314c method=java.util.HashMap.putVal(ILjava/lang/Object;Ljava/lang/Object;ZZ)Ljava/lang/Object; @ 203
Event: 3,209 Thread 0x00007f6dc0143800 Uncommon trap: reason=unstable_if action=reinterpret pc=0x00007f6db0ee237c method=com.android.dx.ssa.SsaMethod.updateOneDefinition(Lcom/android/dx/ssa/SsaInsn;Lcom/android/dx/rop/code/RegisterSpec;)V @ 4
Event: 4,450 Thread 0x00007f6dc0145000 Uncommon trap: reason=unstable_if action=reinterpret pc=0x00007f6db10d291c method=java.util.HashMap.putVal(ILjava/lang/Object;Ljava/lang/Object;ZZ)Ljava/lang/Object; @ 94
Event: 4,462 Thread 0x00007f6dc0145000 Uncommon trap: reason=unstable_if action=reinterpret pc=0x00007f6db0e64c74 method=java.util.HashMap.putVal(ILjava/lang/Object;Ljava/lang/Object;ZZ)Ljava/lang/Object; @ 162
Event: 4,519 Thread 0x00007f6dc0140000 Uncommon trap: reason=unstable_if action=reinterpret pc=0x00007f6db0fb7aec method=java.util.HashMap.getNode(ILjava/lang/Object;)Ljava/util/HashMap$Node; @ 84
Event: 5,480 Thread 0x00007f6dc0140000 Uncommon trap: reason=unstable_if action=reinterpret pc=0x00007f6db1126bb8 method=java.util.HashMap.putVal(ILjava/lang/Object;Ljava/lang/Object;ZZ)Ljava/lang/Object; @ 109
Event: 17,014 Thread 0x00007f6dc014b800 Uncommon trap: reason=unstable_if action=reinterpret pc=0x00007f6db0ea0c2c method=com.android.dx.ssa.SetFactory.makeLivenessSet(I)Lcom/android/dx/util/IntSet; @ 4
Event: 17,014 Thread 0x00007f6dc014b800 Uncommon trap: reason=unstable_if action=reinterpret pc=0x00007f6db0e78058 method=com.android.dx.ssa.SetFactory.makeLivenessSet(I)Lcom/android/dx/util/IntSet; @ 4
Event: 23,253 Thread 0x00007f6dc000a000 Uncommon trap: reason=unstable_if action=reinterpret pc=0x00007f6db10b2a10 method=com.android.dx.ssa.SCCP.simulateStmt(Lcom/android/dx/ssa/SsaInsn;)V @ 59
Event: 25,825 Thread 0x00007f6dc000a000 Uncommon trap: reason=unstable_if action=reinterpret pc=0x00007f6db137ae20 method=com.android.dx.cf.code.Merger.mergeStack(Lcom/android/dx/cf/code/ExecutionStack;Lcom/android/dx/cf/code/ExecutionStack;)Lcom/android/dx/cf/code/ExecutionStack; @ 2

Internal exceptions (5 events):
Event: 0,156 Thread 0x00007f6dc000a000 Exception <a 'java/lang/NoSuchMethodError': Method sun.misc.Unsafe.defineClass(Ljava/lang/String;[BII)Ljava/lang/Class; name or signature does not match> (0x00000000eab07c78) thrown at [/HUDSON3/workspace/8-2-build-linux-amd64/jdk8u102/7268/hotspot/src/sh
Event: 0,156 Thread 0x00007f6dc000a000 Exception <a 'java/lang/NoSuchMethodError': Method sun.misc.Unsafe.prefetchRead(Ljava/lang/Object;J)V name or signature does not match> (0x00000000eab07f60) thrown at [/HUDSON3/workspace/8-2-build-linux-amd64/jdk8u102/7268/hotspot/src/share/vm/prims/jni.c
Event: 4,502 Thread 0x00007f6dc0145000 Exception <a 'java/lang/ArrayIndexOutOfBoundsException': 18> (0x00000000ecad6440) thrown at [/HUDSON3/workspace/8-2-build-linux-amd64/jdk8u102/7268/hotspot/src/share/vm/interpreter/interpreterRuntime.cpp, line 366]
Event: 4,502 Thread 0x00007f6dc0145000 Exception <a 'java/lang/ArrayIndexOutOfBoundsException': 145> (0x00000000ecad7fc0) thrown at [/HUDSON3/workspace/8-2-build-linux-amd64/jdk8u102/7268/hotspot/src/share/vm/interpreter/interpreterRuntime.cpp, line 366]
Event: 4,503 Thread 0x00007f6dc0145000 Exception <a 'java/lang/ArrayIndexOutOfBoundsException': 40> (0x00000000ecad92a8) thrown at [/HUDSON3/workspace/8-2-build-linux-amd64/jdk8u102/7268/hotspot/src/share/vm/interpreter/interpreterRuntime.cpp, line 366]

Events (10 events):
Event: 25,168 Executing VM operation: ParallelGCFailedAllocation
Event: 25,570 Executing VM operation: ParallelGCFailedAllocation done
Event: 25,825 Thread 0x00007f6dc000a000 Uncommon trap: trap_request=0xffffff65 fr.pc=0x00007f6db137ae20
Event: 25,825 Thread 0x00007f6dc000a000 DEOPT PACKING pc=0x00007f6db137ae20 sp=0x00007f6dc6d2a8b0
Event: 25,825 Thread 0x00007f6dc000a000 DEOPT UNPACKING pc=0x00007f6db0bde229 sp=0x00007f6dc6d2a6f8 mode 2
Event: 26,055 Thread 0x00007f6dc000a000 DEOPT PACKING pc=0x00007f6db126cb38 sp=0x00007f6dc6d2a510
Event: 26,055 Thread 0x00007f6dc000a000 DEOPT UNPACKING pc=0x00007f6db0c20633 sp=0x00007f6dc6d2a2c8 mode 0
Event: 26,116 Executing VM operation: ParallelGCFailedAllocation
Event: 26,525 Executing VM operation: ParallelGCFailedAllocation done
Event: 27,365 Executing VM operation: ParallelGCFailedAllocation


Dynamic libraries:
00400000-00401000 r-xp 00000000 08:04 2360749                            /opt/jdk/jdk1.8.0_102/bin/java
00600000-00601000 rw-p 00000000 08:04 2360749                            /opt/jdk/jdk1.8.0_102/bin/java
01370000-01391000 rw-p 00000000 00:00 0                                  [heap]
c0000000-d2280000 rw-p 00000000 00:00 0 
d7b80000-eab00000 ---p 00000000 00:00 0 
eab00000-100000000 rw-p 00000000 00:00 0 
100000000-1000c0000 rw-p 00000000 00:00 0 
1000c0000-140000000 ---p 00000000 00:00 0 
7f6d5c000000-7f6d5c036000 rw-p 00000000 00:00 0 
7f6d5c036000-7f6d60000000 ---p 00000000 00:00 0 
7f6d64000000-7f6d64046000 rw-p 00000000 00:00 0 
7f6d64046000-7f6d68000000 ---p 00000000 00:00 0 
7f6d68000000-7f6d68024000 rw-p 00000000 00:00 0 
7f6d68024000-7f6d6c000000 ---p 00000000 00:00 0 
7f6d6c000000-7f6d6c036000 rw-p 00000000 00:00 0 
7f6d6c036000-7f6d70000000 ---p 00000000 00:00 0 
7f6d70000000-7f6d70021000 rw-p 00000000 00:00 0 
7f6d70021000-7f6d74000000 ---p 00000000 00:00 0 
7f6d74000000-7f6d74021000 rw-p 00000000 00:00 0 
7f6d74021000-7f6d78000000 ---p 00000000 00:00 0 
7f6d78000000-7f6d78021000 rw-p 00000000 00:00 0 
7f6d78021000-7f6d7c000000 ---p 00000000 00:00 0 
7f6d7c000000-7f6d7d9c7000 rw-p 00000000 00:00 0 
7f6d7d9c7000-7f6d80000000 ---p 00000000 00:00 0 
7f6d80000000-7f6d8099e000 rw-p 00000000 00:00 0 
7f6d8099e000-7f6d84000000 ---p 00000000 00:00 0 
7f6d84000000-7f6d84021000 rw-p 00000000 00:00 0 
7f6d84021000-7f6d88000000 ---p 00000000 00:00 0 
7f6d88000000-7f6d895d4000 rw-p 00000000 00:00 0 
7f6d895d4000-7f6d8c000000 ---p 00000000 00:00 0 
7f6d8c000000-7f6d8c021000 rw-p 00000000 00:00 0 
7f6d8c021000-7f6d90000000 ---p 00000000 00:00 0 
7f6d90000000-7f6d90021000 rw-p 00000000 00:00 0 
7f6d90021000-7f6d94000000 ---p 00000000 00:00 0 
7f6d94000000-7f6d94021000 rw-p 00000000 00:00 0 
7f6d94021000-7f6d98000000 ---p 00000000 00:00 0 
7f6d98000000-7f6d98291000 rw-p 00000000 00:00 0 
7f6d98291000-7f6d9c000000 ---p 00000000 00:00 0 
7f6d9c000000-7f6d9c021000 rw-p 00000000 00:00 0 
7f6d9c021000-7f6da0000000 ---p 00000000 00:00 0 
7f6da35f6000-7f6da35f9000 ---p 00000000 00:00 0 
7f6da35f9000-7f6da36f7000 rw-p 00000000 00:00 0                          [stack:25960]
7f6da36f7000-7f6da36fa000 ---p 00000000 00:00 0 
7f6da36fa000-7f6da37f8000 rw-p 00000000 00:00 0                          [stack:25959]
7f6da37f8000-7f6da37fb000 ---p 00000000 00:00 0 
7f6da37fb000-7f6da38f9000 rw-p 00000000 00:00 0                          [stack:25958]
7f6da38f9000-7f6da38fc000 ---p 00000000 00:00 0 
7f6da38fc000-7f6da39fa000 rw-p 00000000 00:00 0                          [stack:25957]
7f6da39fa000-7f6da39fd000 ---p 00000000 00:00 0 
7f6da39fd000-7f6da3afb000 rw-p 00000000 00:00 0                          [stack:25956]
7f6da3afb000-7f6da3afc000 ---p 00000000 00:00 0 
7f6da3afc000-7f6da3bfc000 rw-p 00000000 00:00 0                          [stack:25935]
7f6da3bfc000-7f6da3bff000 ---p 00000000 00:00 0 
7f6da3bff000-7f6da3cfd000 rw-p 00000000 00:00 0                          [stack:25934]
7f6da3cfd000-7f6da3d00000 ---p 00000000 00:00 0 
7f6da3d00000-7f6da3dfe000 rw-p 00000000 00:00 0                          [stack:25933]
7f6da3dfe000-7f6da3e01000 ---p 00000000 00:00 0 
7f6da3e01000-7f6da3eff000 rw-p 00000000 00:00 0                          [stack:25932]
7f6da3eff000-7f6da3f02000 ---p 00000000 00:00 0 
7f6da3f02000-7f6da4000000 rw-p 00000000 00:00 0                          [stack:25931]
7f6da4000000-7f6da4021000 rw-p 00000000 00:00 0 
7f6da4021000-7f6da8000000 ---p 00000000 00:00 0 
7f6da80b5000-7f6da80da000 r--p 00000000 08:04 1713356                    /usr/share/locale/es/LC_MESSAGES/libc.mo
7f6da80da000-7f6da80dd000 ---p 00000000 00:00 0 
7f6da80dd000-7f6da81db000 rw-p 00000000 00:00 0                          [stack:25930]
7f6da81db000-7f6da8364000 r--p 00000000 08:04 924362                     /usr/lib/locale/locale-archive
7f6da8364000-7f6da8367000 ---p 00000000 00:00 0 
7f6da8367000-7f6da8465000 rw-p 00000000 00:00 0                          [stack:25924]
7f6da8465000-7f6da8468000 ---p 00000000 00:00 0 
7f6da8468000-7f6da8566000 rw-p 00000000 00:00 0                          [stack:25923]
7f6da8566000-7f6da8567000 ---p 00000000 00:00 0 
7f6da8567000-7f6da9628000 rw-p 00000000 00:00 0                          [stack:25919]
7f6da9628000-7f6da9800000 r--s 03d29000 08:04 2360825                    /opt/jdk/jdk1.8.0_102/jre/lib/rt.jar
7f6da9800000-7f6da9e80000 rw-p 00000000 00:00 0 
7f6da9e80000-7f6daa000000 ---p 00000000 00:00 0 
7f6daa000000-7f6dac000000 rw-p 00000000 00:00 0 
7f6dac000000-7f6dac021000 rw-p 00000000 00:00 0 
7f6dac021000-7f6db0000000 ---p 00000000 00:00 0 
7f6db0003000-7f6db0014000 r--s 000bc000 08:04 135237                     /home/alexis/LevantaPedidos/app/build/intermediates/exploded-aar/com.google.android.gms/play-services-ads/9.4.0/jars/classes.jar
7f6db0014000-7f6db0214000 rw-p 00000000 00:00 0 
7f6db0214000-7f6db0215000 ---p 00000000 00:00 0 
7f6db0215000-7f6db0315000 rw-p 00000000 00:00 0                          [stack:25913]
7f6db0315000-7f6db0316000 ---p 00000000 00:00 0 
7f6db0316000-7f6db0416000 rw-p 00000000 00:00 0                          [stack:25912]
7f6db0416000-7f6db0417000 ---p 00000000 00:00 0 
7f6db0417000-7f6db0517000 rw-p 00000000 00:00 0                          [stack:25911]
7f6db0517000-7f6db0518000 ---p 00000000 00:00 0 
7f6db0518000-7f6db06aa000 rw-p 00000000 00:00 0                          [stack:25910]
7f6db06aa000-7f6db076d000 ---p 00000000 00:00 0 
7f6db076d000-7f6db0818000 rw-p 00000000 00:00 0 
7f6db0818000-7f6db0839000 rw-p 00000000 00:00 0 
7f6db0839000-7f6db0bd9000 ---p 00000000 00:00 0 
7f6db0bd9000-7f6db13c9000 rwxp 00000000 00:00 0 
7f6db13c9000-7f6dbfbd9000 ---p 00000000 00:00 0 
7f6dbfbd9000-7f6dbfbf3000 r-xp 00000000 08:04 2360856                    /opt/jdk/jdk1.8.0_102/jre/lib/amd64/libzip.so
7f6dbfbf3000-7f6dbfdf3000 ---p 0001a000 08:04 2360856                    /opt/jdk/jdk1.8.0_102/jre/lib/amd64/libzip.so
7f6dbfdf3000-7f6dbfdf4000 rw-p 0001a000 08:04 2360856                    /opt/jdk/jdk1.8.0_102/jre/lib/amd64/libzip.so
7f6dbfdf4000-7f6dbfdff000 r-xp 00000000 08:04 794090                     /lib/x86_64-linux-gnu/libnss_files-2.19.so
7f6dbfdff000-7f6dbfffe000 ---p 0000b000 08:04 794090                     /lib/x86_64-linux-gnu/libnss_files-2.19.so
7f6dbfffe000-7f6dbffff000 r--p 0000a000 08:04 794090                     /lib/x86_64-linux-gnu/libnss_files-2.19.so
7f6dbffff000-7f6dc0000000 rw-p 0000b000 08:04 794090                     /lib/x86_64-linux-gnu/libnss_files-2.19.so
7f6dc0000000-7f6dc0399000 rw-p 00000000 00:00 0 
7f6dc0399000-7f6dc4000000 ---p 00000000 00:00 0 
7f6dc400d000-7f6dc401b000 r--s 000e0000 08:04 528314                     /home/alexis/Android/Sdk/build-tools/24.0.1/lib/dx.jar
7f6dc401b000-7f6dc4123000 rw-p 00000000 00:00 0 
7f6dc4123000-7f6dc41e7000 ---p 00000000 00:00 0 
7f6dc41e7000-7f6dc41f1000 r-xp 00000000 08:04 795042                     /lib/x86_64-linux-gnu/libnss_nis-2.19.so
7f6dc41f1000-7f6dc43f0000 ---p 0000a000 08:04 795042                     /lib/x86_64-linux-gnu/libnss_nis-2.19.so
7f6dc43f0000-7f6dc43f1000 r--p 00009000 08:04 795042                     /lib/x86_64-linux-gnu/libnss_nis-2.19.so
7f6dc43f1000-7f6dc43f2000 rw-p 0000a000 08:04 795042                     /lib/x86_64-linux-gnu/libnss_nis-2.19.so
7f6dc43f2000-7f6dc4407000 r-xp 00000000 08:04 794087                     /lib/x86_64-linux-gnu/libnsl-2.19.so
7f6dc4407000-7f6dc4606000 ---p 00015000 08:04 794087                     /lib/x86_64-linux-gnu/libnsl-2.19.so
7f6dc4606000-7f6dc4607000 r--p 00014000 08:04 794087                     /lib/x86_64-linux-gnu/libnsl-2.19.so
7f6dc4607000-7f6dc4608000 rw-p 00015000 08:04 794087                     /lib/x86_64-linux-gnu/libnsl-2.19.so
7f6dc4608000-7f6dc460a000 rw-p 00000000 00:00 0 
7f6dc460a000-7f6dc4611000 r-xp 00000000 08:04 794088                     /lib/x86_64-linux-gnu/libnss_compat-2.19.so
7f6dc4611000-7f6dc4810000 ---p 00007000 08:04 794088                     /lib/x86_64-linux-gnu/libnss_compat-2.19.so
7f6dc4810000-7f6dc4811000 r--p 00006000 08:04 794088                     /lib/x86_64-linux-gnu/libnss_compat-2.19.so
7f6dc4811000-7f6dc4812000 rw-p 00007000 08:04 794088                     /lib/x86_64-linux-gnu/libnss_compat-2.19.so
7f6dc4812000-7f6dc483c000 r-xp 00000000 08:04 2360883                    /opt/jdk/jdk1.8.0_102/jre/lib/amd64/libjava.so
7f6dc483c000-7f6dc4a3c000 ---p 0002a000 08:04 2360883                    /opt/jdk/jdk1.8.0_102/jre/lib/amd64/libjava.so
7f6dc4a3c000-7f6dc4a3e000 rw-p 0002a000 08:04 2360883                    /opt/jdk/jdk1.8.0_102/jre/lib/amd64/libjava.so
7f6dc4a3e000-7f6dc4a4b000 r-xp 00000000 08:04 2360834                    /opt/jdk/jdk1.8.0_102/jre/lib/amd64/libverify.so
7f6dc4a4b000-7f6dc4c4b000 ---p 0000d000 08:04 2360834                    /opt/jdk/jdk1.8.0_102/jre/lib/amd64/libverify.so
7f6dc4c4b000-7f6dc4c4d000 rw-p 0000d000 08:04 2360834                    /opt/jdk/jdk1.8.0_102/jre/lib/amd64/libverify.so
7f6dc4c4d000-7f6dc4c54000 r-xp 00000000 08:04 795046                     /lib/x86_64-linux-gnu/librt-2.19.so
7f6dc4c54000-7f6dc4e53000 ---p 00007000 08:04 795046                     /lib/x86_64-linux-gnu/librt-2.19.so
7f6dc4e53000-7f6dc4e54000 r--p 00006000 08:04 795046                     /lib/x86_64-linux-gnu/librt-2.19.so
7f6dc4e54000-7f6dc4e55000 rw-p 00007000 08:04 795046                     /lib/x86_64-linux-gnu/librt-2.19.so
7f6dc4e55000-7f6dc4f55000 r-xp 00000000 08:04 794085                     /lib/x86_64-linux-gnu/libm-2.19.so
7f6dc4f55000-7f6dc5154000 ---p 00100000 08:04 794085                     /lib/x86_64-linux-gnu/libm-2.19.so
7f6dc5154000-7f6dc5155000 r--p 000ff000 08:04 794085                     /lib/x86_64-linux-gnu/libm-2.19.so
7f6dc5155000-7f6dc5156000 rw-p 00100000 08:04 794085                     /lib/x86_64-linux-gnu/libm-2.19.so
7f6dc5156000-7f6dc5e22000 r-xp 00000000 08:04 2360887                    /opt/jdk/jdk1.8.0_102/jre/lib/amd64/server/libjvm.so
7f6dc5e22000-7f6dc6022000 ---p 00ccc000 08:04 2360887                    /opt/jdk/jdk1.8.0_102/jre/lib/amd64/server/libjvm.so
7f6dc6022000-7f6dc60fb000 rw-p 00ccc000 08:04 2360887                    /opt/jdk/jdk1.8.0_102/jre/lib/amd64/server/libjvm.so
7f6dc60fb000-7f6dc6146000 rw-p 00000000 00:00 0 
7f6dc6146000-7f6dc62e7000 r-xp 00000000 08:04 793880                     /lib/x86_64-linux-gnu/libc-2.19.so
7f6dc62e7000-7f6dc64e7000 ---p 001a1000 08:04 793880                     /lib/x86_64-linux-gnu/libc-2.19.so
7f6dc64e7000-7f6dc64eb000 r--p 001a1000 08:04 793880                     /lib/x86_64-linux-gnu/libc-2.19.so
7f6dc64eb000-7f6dc64ed000 rw-p 001a5000 08:04 793880                     /lib/x86_64-linux-gnu/libc-2.19.so
7f6dc64ed000-7f6dc64f1000 rw-p 00000000 00:00 0 
7f6dc64f1000-7f6dc64f4000 r-xp 00000000 08:04 794084                     /lib/x86_64-linux-gnu/libdl-2.19.so
7f6dc64f4000-7f6dc66f3000 ---p 00003000 08:04 794084                     /lib/x86_64-linux-gnu/libdl-2.19.so
7f6dc66f3000-7f6dc66f4000 r--p 00002000 08:04 794084                     /lib/x86_64-linux-gnu/libdl-2.19.so
7f6dc66f4000-7f6dc66f5000 rw-p 00003000 08:04 794084                     /lib/x86_64-linux-gnu/libdl-2.19.so
7f6dc66f5000-7f6dc670a000 r-xp 00000000 08:04 2359968                    /opt/jdk/jdk1.8.0_102/lib/amd64/jli/libjli.so
7f6dc670a000-7f6dc690a000 ---p 00015000 08:04 2359968                    /opt/jdk/jdk1.8.0_102/lib/amd64/jli/libjli.so
7f6dc690a000-7f6dc690b000 rw-p 00015000 08:04 2359968                    /opt/jdk/jdk1.8.0_102/lib/amd64/jli/libjli.so
7f6dc690b000-7f6dc6923000 r-xp 00000000 08:04 793541                     /lib/x86_64-linux-gnu/libpthread-2.19.so
7f6dc6923000-7f6dc6b22000 ---p 00018000 08:04 793541                     /lib/x86_64-linux-gnu/libpthread-2.19.so
7f6dc6b22000-7f6dc6b23000 r--p 00017000 08:04 793541                     /lib/x86_64-linux-gnu/libpthread-2.19.so
7f6dc6b23000-7f6dc6b24000 rw-p 00018000 08:04 793541                     /lib/x86_64-linux-gnu/libpthread-2.19.so
7f6dc6b24000-7f6dc6b28000 rw-p 00000000 00:00 0 
7f6dc6b28000-7f6dc6b48000 r-xp 00000000 08:04 793563                     /lib/x86_64-linux-gnu/ld-2.19.so
7f6dc6b53000-7f6dc6c2c000 rw-p 00000000 00:00 0 
7f6dc6c2c000-7f6dc6c2f000 ---p 00000000 00:00 0 
7f6dc6c2f000-7f6dc6d31000 rw-p 00000000 00:00 0                          [stack:25907]
7f6dc6d34000-7f6dc6d35000 rw-p 00000000 00:00 0 
7f6dc6d35000-7f6dc6d3c000 r--s 00000000 08:04 1060537                    /usr/lib/x86_64-linux-gnu/gconv/gconv-modules.cache
7f6dc6d3c000-7f6dc6d44000 rw-s 00000000 08:04 2375044                    /tmp/hsperfdata_alexis/25905
7f6dc6d44000-7f6dc6d45000 rw-p 00000000 00:00 0 
7f6dc6d45000-7f6dc6d46000 ---p 00000000 00:00 0 
7f6dc6d46000-7f6dc6d48000 rw-p 00000000 00:00 0 
7f6dc6d48000-7f6dc6d49000 r--p 00020000 08:04 793563                     /lib/x86_64-linux-gnu/ld-2.19.so
7f6dc6d49000-7f6dc6d4a000 rw-p 00021000 08:04 793563                     /lib/x86_64-linux-gnu/ld-2.19.so
7f6dc6d4a000-7f6dc6d4b000 rw-p 00000000 00:00 0 
7ffce3531000-7ffce3552000 rw-p 00000000 00:00 0                          [stack]
7ffce356e000-7ffce3570000 r-xp 00000000 00:00 0                          [vdso]
7ffce3570000-7ffce3572000 r--p 00000000 00:00 0                          [vvar]
ffffffffff600000-ffffffffff601000 r-xp 00000000 00:00 0                  [vsyscall]

VM Arguments:
jvm_args: -Djava.awt.headless=true -Xmx1024M -Dfile.encoding=UTF-8 -Duser.country=AR -Duser.language=es -Duser.variant 
java_command: com.android.dx.command.Main --dex --force-jumbo --num-threads=4 --multi-dex --output /home/alexis/LevantaPedidos/app/build/intermediates/transforms/dex/debug/folders/1000/10/com.google.android.gms-play-services-ads-9.4.0_cecedb73c8c87e6ea8ab6894eb5d76d9c5289a6a /home/alexis/LevantaPedidos/app/build/intermediates/exploded-aar/com.google.android.gms/play-services-ads/9.4.0/jars/classes.jar
java_class_path (initial): /home/alexis/Android/Sdk/build-tools/24.0.1/lib/dx.jar
Launcher Type: SUN_STANDARD

Environment Variables:
PATH=/home/alexis/bin:/usr/sbin:/sbin:/usr/local/bin:/usr/bin:/bin:/usr/local/games:/usr/games
LD_LIBRARY_PATH=/opt/android-studio/bin/.:
SHELL=/bin/bash
DISPLAY=:0

Signal Handlers:
SIGSEGV: [libjvm.so+0xac5b30], sa_mask[0]=11111111011111111101111111111110, sa_flags=SA_RESTART|SA_SIGINFO
SIGBUS: [libjvm.so+0xac5b30], sa_mask[0]=11111111011111111101111111111110, sa_flags=SA_RESTART|SA_SIGINFO
SIGFPE: [libjvm.so+0x91f470], sa_mask[0]=11111111011111111101111111111110, sa_flags=SA_RESTART|SA_SIGINFO
SIGPIPE: [libjvm.so+0x91f470], sa_mask[0]=11111111011111111101111111111110, sa_flags=SA_RESTART|SA_SIGINFO
SIGXFSZ: [libjvm.so+0x91f470], sa_mask[0]=11111111011111111101111111111110, sa_flags=SA_RESTART|SA_SIGINFO
SIGILL: [libjvm.so+0x91f470], sa_mask[0]=11111111011111111101111111111110, sa_flags=SA_RESTART|SA_SIGINFO
SIGUSR1: SIG_DFL, sa_mask[0]=00000000000000000000000000000000, sa_flags=none
SIGUSR2: [libjvm.so+0x920aa0], sa_mask[0]=00100000000000000000000000000000, sa_flags=SA_RESTART|SA_SIGINFO
SIGHUP: [libjvm.so+0x921ea0], sa_mask[0]=11111111011111111101111111111110, sa_flags=SA_RESTART|SA_SIGINFO
SIGINT: [libjvm.so+0x921ea0], sa_mask[0]=11111111011111111101111111111110, sa_flags=SA_RESTART|SA_SIGINFO
SIGTERM: [libjvm.so+0x921ea0], sa_mask[0]=11111111011111111101111111111110, sa_flags=SA_RESTART|SA_SIGINFO
SIGQUIT: [libjvm.so+0x921ea0], sa_mask[0]=11111111011111111101111111111110, sa_flags=SA_RESTART|SA_SIGINFO


---------------  S Y S T E M  ---------------

OS:DISTRIB_ID="BunsenLabs"
DISTRIB_DESCRIPTION="BunsenLabs GNU/Linux 8.5 (Hydrogen)"
DISTRIB_RELEASE="8.5"
DISTRIB_CODENAME="bunsen-hydrogen"

uname:Linux 3.16.0-4-amd64 #1 SMP Debian 3.16.7-ckt25-2+deb8u3 (2016-07-02) x86_64
libc:glibc 2.19 NPTL 2.19 
rlimit: STACK 8192k, CORE 0k, NPROC 31341, NOFILE 65536, AS infinity
load average:10,96 3,75 2,00

/proc/meminfo:
MemTotal:        8045472 kB
MemFree:          106432 kB
MemAvailable:      76496 kB
Buffers:            1768 kB
Cached:          1208012 kB
SwapCached:            0 kB
Active:          6629528 kB
Inactive:        1122848 kB
Active(anon):    6590236 kB
Inactive(anon):  1096228 kB
Active(file):      39292 kB
Inactive(file):    26620 kB
Unevictable:          32 kB
Mlocked:              32 kB
SwapTotal:             0 kB
SwapFree:              0 kB
Dirty:                 8 kB
Writeback:             0 kB
AnonPages:       6542864 kB
Mapped:           515500 kB
Shmem:           1143964 kB
Slab:              87256 kB
SReclaimable:      43156 kB
SUnreclaim:        44100 kB
KernelStack:       10912 kB
PageTables:        44612 kB
NFS_Unstable:          0 kB
Bounce:                0 kB
WritebackTmp:          0 kB
CommitLimit:     4022736 kB
Committed_AS:   11930864 kB
VmallocTotal:   34359738367 kB
VmallocUsed:      552420 kB
VmallocChunk:   34359164344 kB
HardwareCorrupted:     0 kB
AnonHugePages:         0 kB
HugePages_Total:       0
HugePages_Free:        0
HugePages_Rsvd:        0
HugePages_Surp:        0
Hugepagesize:       2048 kB
DirectMap4k:       53504 kB
DirectMap2M:     8183808 kB


CPU:total 4 (2 cores per cpu, 2 threads per core) family 6 model 42 stepping 7, cmov, cx8, fxsr, mmx, sse, sse2, sse3, ssse3, sse4.1, sse4.2, popcnt, avx, aes, clmul, ht, tsc, tscinvbit

/proc/cpuinfo:
processor	: 0
vendor_id	: GenuineIntel
cpu family	: 6
model		: 42
model name	: Intel(R) Core(TM) i5-2410M CPU @ 2.30GHz
stepping	: 7
microcode	: 0x29
cpu MHz		: 2699.984
cache size	: 3072 KB
physical id	: 0
siblings	: 4
core id		: 0
cpu cores	: 2
apicid		: 0
initial apicid	: 0
fpu		: yes
fpu_exception	: yes
cpuid level	: 13
wp		: yes
flags		: fpu vme de pse tsc msr pae mce cx8 apic sep mtrr pge mca cmov pat pse36 clflush dts acpi mmx fxsr sse sse2 ss ht tm pbe syscall nx rdtscp lm constant_tsc arch_perfmon pebs bts rep_good nopl xtopology nonstop_tsc aperfmperf eagerfpu pni pclmulqdq dtes64 monitor ds_cpl vmx est tm2 ssse3 cx16 xtpr pdcm pcid sse4_1 sse4_2 x2apic popcnt tsc_deadline_timer aes xsave avx lahf_lm ida arat epb xsaveopt pln pts dtherm tpr_shadow vnmi flexpriority ept vpid
bogomips	: 4589.58
clflush size	: 64
cache_alignment	: 64
address sizes	: 36 bits physical, 48 bits virtual
power management:

processor	: 1
vendor_id	: GenuineIntel
cpu family	: 6
model		: 42
model name	: Intel(R) Core(TM) i5-2410M CPU @ 2.30GHz
stepping	: 7
microcode	: 0x29
cpu MHz		: 2699.984
cache size	: 3072 KB
physical id	: 0
siblings	: 4
core id		: 0
cpu cores	: 2
apicid		: 1
initial apicid	: 1
fpu		: yes
fpu_exception	: yes
cpuid level	: 13
wp		: yes
flags		: fpu vme de pse tsc msr pae mce cx8 apic sep mtrr pge mca cmov pat pse36 clflush dts acpi mmx fxsr sse sse2 ss ht tm pbe syscall nx rdtscp lm constant_tsc arch_perfmon pebs bts rep_good nopl xtopology nonstop_tsc aperfmperf eagerfpu pni pclmulqdq dtes64 monitor ds_cpl vmx est tm2 ssse3 cx16 xtpr pdcm pcid sse4_1 sse4_2 x2apic popcnt tsc_deadline_timer aes xsave avx lahf_lm ida arat epb xsaveopt pln pts dtherm tpr_shadow vnmi flexpriority ept vpid
bogomips	: 4589.58
clflush size	: 64
cache_alignment	: 64
address sizes	: 36 bits physical, 48 bits virtual
power management:

processor	: 2
vendor_id	: GenuineIntel
cpu family	: 6
model		: 42
model name	: Intel(R) Core(TM) i5-2410M CPU @ 2.30GHz
stepping	: 7
microcode	: 0x29
cpu MHz		: 2699.984
cache size	: 3072 KB
physical id	: 0
siblings	: 4
core id		: 1
cpu cores	: 2
apicid		: 2
initial apicid	: 2
fpu		: yes
fpu_exception	: yes
cpuid level	: 13
wp		: yes
flags		: fpu vme de pse tsc msr pae mce cx8 apic sep mtrr pge mca cmov pat pse36 clflush dts acpi mmx fxsr sse sse2 ss ht tm pbe syscall nx rdtscp lm constant_tsc arch_perfmon pebs bts rep_good nopl xtopology nonstop_tsc aperfmperf eagerfpu pni pclmulqdq dtes64 monitor ds_cpl vmx est tm2 ssse3 cx16 xtpr pdcm pcid sse4_1 sse4_2 x2apic popcnt tsc_deadline_timer aes xsave avx lahf_lm ida arat epb xsaveopt pln pts dtherm tpr_shadow vnmi flexpriority ept vpid
bogomips	: 4589.58
clflush size	: 64
cache_alignment	: 64
address sizes	: 36 bits physical, 48 bits virtual
power management:

processor	: 3
vendor_id	: GenuineIntel
cpu family	: 6
model		: 42
model name	: Intel(R) Core(TM) i5-2410M CPU @ 2.30GHz
stepping	: 7
microcode	: 0x29
cpu MHz		: 2699.984
cache size	: 3072 KB
physical id	: 0
siblings	: 4
core id		: 1
cpu cores	: 2
apicid		: 3
initial apicid	: 3
fpu		: yes
fpu_exception	: yes
cpuid level	: 13
wp		: yes
flags		: fpu vme de pse tsc msr pae mce cx8 apic sep mtrr pge mca cmov pat pse36 clflush dts acpi mmx fxsr sse sse2 ss ht tm pbe syscall nx rdtscp lm constant_tsc arch_perfmon pebs bts rep_good nopl xtopology nonstop_tsc aperfmperf eagerfpu pni pclmulqdq dtes64 monitor ds_cpl vmx est tm2 ssse3 cx16 xtpr pdcm pcid sse4_1 sse4_2 x2apic popcnt tsc_deadline_timer aes xsave avx lahf_lm ida arat epb xsaveopt pln pts dtherm tpr_shadow vnmi flexpriority ept vpid
bogomips	: 4589.58
clflush size	: 64
cache_alignment	: 64
address sizes	: 36 bits physical, 48 bits virtual
power management:



Memory: 4k page, physical 8045472k(106948k free), swap 0k(0k free)

vm_info: Java HotSpot(TM) 64-Bit Server VM (25.102-b14) for linux-amd64 JRE (1.8.0_102-b14), built on Jun 22 2016 18:43:17 by "java_re" with gcc 4.3.0 20080428 (Red Hat 4.3.0-8)

time: Thu Mar 23 23:12:32 2017
elapsed time: 30 seconds (0d 0h 0m 30s)

